02/06/25 22:01:55: Running xcd server. This server was built by gradle.
02/06/25 22:01:55: Server was asked to start on port: '51864'
02/06/25 22:01:55: Server is using token UUID: '96e40c19-e4cd-11ef-9fe5-287fcf8423a7'
02/06/25 22:01:55: SESSION_MGR: creating session with session uuid: '6d04a3e9-ade5-4ab9-8d63-1f78fcd2ec76' and name 'default'
02/06/25 22:01:55: Attempting to start server on port '51864'
02/06/25 22:01:55: Running Dispatch Server
02/06/25 22:01:55: Version 2.2.0
02/06/25 22:01:55: Dispatch Server: Accepted socket connection from client
02/06/25 22:01:55: Starting Socket connection
02/06/25 22:01:55: EXCHANGE_TOKEN received, server token: 96e40c19-e4cd-11ef-9fe5-287fcf8423a7, passed token: 96e40c19-e4cd-11ef-9fe5-287fcf8423a7
02/06/25 22:01:55: SESSION_MGR: creating session with session uuid: 'f2e0f946-42e4-408c-ab2c-ec7591011516' and name 'Code Analyzer'
02/06/25 22:01:55: KERNEL_SVC: creating session with uuid: 'f2e0f946-42e4-408c-ab2c-ec7591011516' and name 'Code Analyzer'
02/06/25 22:01:55: GUIDANCE_SMGR: creating guidance session with uuid: 'f2e0f946-42e4-408c-ab2c-ec7591011516' and name 'Code Analyzer'
02/06/25 22:01:55: SESSION_MGR: closing session for UUID 'f2e0f946-42e4-408c-ab2c-ec7591011516' with name ''
02/06/25 22:01:55: KERNEL_SVC: closing session for UUID 'f2e0f946-42e4-408c-ab2c-ec7591011516' with name ''
02/06/25 22:01:55: GUIDANCE_SMGR: closing session for UUID 'f2e0f946-42e4-408c-ab2c-ec7591011516' with name ''
02/06/25 22:01:55: STOP_SERVER received, server token: 96e40c19-e4cd-11ef-9fe5-287fcf8423a7, passed token: 96e40c19-e4cd-11ef-9fe5-287fcf8423a7
02/06/25 22:01:55: Socket received request to stop server.
02/06/25 22:01:55: Dispatch Server: do_await_stop
02/06/25 22:01:55: SERVER: destructor for server bound to port 51864
02/06/25 22:01:55: Server exiting with status 0.
02/06/25 22:01:55: Closing log file.
02/06/25 22:02:52: Running xcd server. This server was built by gradle.
02/06/25 22:02:52: Server was asked to start on port: '62353'
02/06/25 22:02:52: Server is using token UUID: 'b9566339-e4cd-11ef-87cd-287fcf8423a7'
02/06/25 22:02:52: SESSION_MGR: creating session with session uuid: '6d04a3e9-ade5-4ab9-8d63-1f78fcd2ec76' and name 'default'
02/06/25 22:02:52: Attempting to start server on port '62353'
02/06/25 22:02:52: Running Dispatch Server
02/06/25 22:02:52: Version 2.2.0
02/06/25 22:02:53: Dispatch Server: Accepted socket connection from client
02/06/25 22:02:53: Starting Socket connection
02/06/25 22:02:53: EXCHANGE_TOKEN received, server token: b9566339-e4cd-11ef-87cd-287fcf8423a7, passed token: b9566339-e4cd-11ef-87cd-287fcf8423a7
02/06/25 22:02:53: SESSION_MGR: creating session with session uuid: '4b96090a-d333-4f0c-92b2-ef26efbedea5' and name 'Code Analyzer'
02/06/25 22:02:53: KERNEL_SVC: creating session with uuid: '4b96090a-d333-4f0c-92b2-ef26efbedea5' and name 'Code Analyzer'
02/06/25 22:02:53: GUIDANCE_SMGR: creating guidance session with uuid: '4b96090a-d333-4f0c-92b2-ef26efbedea5' and name 'Code Analyzer'
02/06/25 22:03:41: Running xcd server. This server was built by gradle.
02/06/25 22:03:41: Server was asked to start on port: '62363'
02/06/25 22:03:41: Server is using token UUID: 'd668b2e7-e4cd-11ef-9c0a-287fcf8423a7'
02/06/25 22:03:41: SESSION_MGR: creating session with session uuid: '6d04a3e9-ade5-4ab9-8d63-1f78fcd2ec76' and name 'default'
02/06/25 22:03:41: Attempting to start server on port '62363'
02/06/25 22:03:41: Running Dispatch Server
02/06/25 22:03:41: Version 2.2.0
02/06/25 22:03:41: Dispatch Server: Accepted socket connection from client
02/06/25 22:03:41: Starting Socket connection
02/06/25 22:03:41: EXCHANGE_TOKEN received, server token: d668b2e7-e4cd-11ef-9c0a-287fcf8423a7, passed token: d668b2e7-e4cd-11ef-9c0a-287fcf8423a7
02/06/25 22:03:41: SESSION_MGR: creating session with session uuid: '6db4b9b9-85a1-4a8b-ac3a-85484c01bbf5' and name 'Code Analyzer'
02/06/25 22:03:41: KERNEL_SVC: creating session with uuid: '6db4b9b9-85a1-4a8b-ac3a-85484c01bbf5' and name 'Code Analyzer'
02/06/25 22:03:41: GUIDANCE_SMGR: creating guidance session with uuid: '6db4b9b9-85a1-4a8b-ac3a-85484c01bbf5' and name 'Code Analyzer'
02/06/25 22:04:36: SESSION_MGR: closing session for UUID '6db4b9b9-85a1-4a8b-ac3a-85484c01bbf5' with name ''
02/06/25 22:04:36: KERNEL_SVC: closing session for UUID '6db4b9b9-85a1-4a8b-ac3a-85484c01bbf5' with name ''
02/06/25 22:04:36: GUIDANCE_SMGR: closing session for UUID '6db4b9b9-85a1-4a8b-ac3a-85484c01bbf5' with name ''
02/06/25 22:04:36: STOP_SERVER received, server token: d668b2e7-e4cd-11ef-9c0a-287fcf8423a7, passed token: d668b2e7-e4cd-11ef-9c0a-287fcf8423a7
02/06/25 22:04:36: Socket received request to stop server.
02/06/25 22:04:36: Dispatch Server: do_await_stop
02/06/25 22:04:36: SERVER: destructor for server bound to port 62363
02/06/25 22:04:36: Server exiting with status 0.
02/06/25 22:04:36: Closing log file.
02/06/25 22:04:59: Running xcd server. This server was built by gradle.
02/06/25 22:04:59: Server was asked to start on port: '62381'
02/06/25 22:04:59: Server is using token UUID: '04f63a69-e4ce-11ef-a923-287fcf8423a7'
02/06/25 22:04:59: SESSION_MGR: creating session with session uuid: '6d04a3e9-ade5-4ab9-8d63-1f78fcd2ec76' and name 'default'
02/06/25 22:04:59: Attempting to start server on port '62381'
02/06/25 22:04:59: Running Dispatch Server
02/06/25 22:04:59: Version 2.2.0
02/06/25 22:04:59: Dispatch Server: Accepted socket connection from client
02/06/25 22:04:59: Starting Socket connection
02/06/25 22:04:59: EXCHANGE_TOKEN received, server token: 04f63a69-e4ce-11ef-a923-287fcf8423a7, passed token: 04f63a69-e4ce-11ef-a923-287fcf8423a7
02/06/25 22:04:59: SESSION_MGR: creating session with session uuid: 'beafce13-5952-4712-9ea3-06065ad82b7c' and name 'Code Analyzer'
02/06/25 22:04:59: KERNEL_SVC: creating session with uuid: 'beafce13-5952-4712-9ea3-06065ad82b7c' and name 'Code Analyzer'
02/06/25 22:04:59: GUIDANCE_SMGR: creating guidance session with uuid: 'beafce13-5952-4712-9ea3-06065ad82b7c' and name 'Code Analyzer'
02/06/25 22:05:09: SESSION_MGR: closing session for UUID 'beafce13-5952-4712-9ea3-06065ad82b7c' with name ''
02/06/25 22:05:09: KERNEL_SVC: closing session for UUID 'beafce13-5952-4712-9ea3-06065ad82b7c' with name ''
02/06/25 22:05:09: GUIDANCE_SMGR: closing session for UUID 'beafce13-5952-4712-9ea3-06065ad82b7c' with name ''
02/06/25 22:05:09: STOP_SERVER received, server token: 04f63a69-e4ce-11ef-a923-287fcf8423a7, passed token: 04f63a69-e4ce-11ef-a923-287fcf8423a7
02/06/25 22:05:09: Socket received request to stop server.
02/06/25 22:05:09: Dispatch Server: do_await_stop
02/06/25 22:05:09: SERVER: destructor for server bound to port 62381
02/06/25 22:05:09: Server exiting with status 0.
02/06/25 22:05:09: Closing log file.
02/06/25 22:13:03: Running xcd server. This server was built by gradle.
02/06/25 22:13:03: Server was asked to start on port: '52234'
02/06/25 22:13:03: Server is using token UUID: '253984ba-e4cf-11ef-bf3f-287fcf8423a7'
02/06/25 22:13:03: SESSION_MGR: creating session with session uuid: '6d04a3e9-ade5-4ab9-8d63-1f78fcd2ec76' and name 'default'
02/06/25 22:13:03: Attempting to start server on port '52234'
02/06/25 22:13:03: Running Dispatch Server
02/06/25 22:13:03: Version 2.2.0
02/06/25 22:13:03: Dispatch Server: Accepted socket connection from client
02/06/25 22:13:03: Starting Socket connection
02/06/25 22:13:03: EXCHANGE_TOKEN received, server token: 253984ba-e4cf-11ef-bf3f-287fcf8423a7, passed token: 253984ba-e4cf-11ef-bf3f-287fcf8423a7
02/06/25 22:13:03: SESSION_MGR: creating session with session uuid: 'a410896c-8e81-4260-a46b-33a889fa061f' and name 'Code Analyzer'
02/06/25 22:13:03: KERNEL_SVC: creating session with uuid: 'a410896c-8e81-4260-a46b-33a889fa061f' and name 'Code Analyzer'
02/06/25 22:13:03: GUIDANCE_SMGR: creating guidance session with uuid: 'a410896c-8e81-4260-a46b-33a889fa061f' and name 'Code Analyzer'
02/06/25 22:13:33: SESSION_MGR: closing session for UUID 'a410896c-8e81-4260-a46b-33a889fa061f' with name ''
02/06/25 22:13:33: KERNEL_SVC: closing session for UUID 'a410896c-8e81-4260-a46b-33a889fa061f' with name ''
02/06/25 22:13:33: GUIDANCE_SMGR: closing session for UUID 'a410896c-8e81-4260-a46b-33a889fa061f' with name ''
02/06/25 22:13:33: STOP_SERVER received, server token: 253984ba-e4cf-11ef-bf3f-287fcf8423a7, passed token: 253984ba-e4cf-11ef-bf3f-287fcf8423a7
02/06/25 22:13:33: Socket received request to stop server.
02/06/25 22:13:33: Dispatch Server: do_await_stop
02/06/25 22:13:33: SERVER: destructor for server bound to port 52234
02/06/25 22:13:33: Server exiting with status 0.
02/06/25 22:13:33: Closing log file.
02/06/25 22:32:34: Running xcd server. This server was built by gradle.
02/06/25 22:32:34: Server was asked to start on port: '52339'
02/06/25 22:32:34: Server is using token UUID: 'df418124-e4d1-11ef-874a-287fcf8423a7'
02/06/25 22:32:34: SESSION_MGR: creating session with session uuid: '6d04a3e9-ade5-4ab9-8d63-1f78fcd2ec76' and name 'default'
02/06/25 22:32:34: Attempting to start server on port '52339'
02/06/25 22:32:34: Running Dispatch Server
02/06/25 22:32:34: Version 2.2.0
02/06/25 22:32:34: Dispatch Server: Accepted socket connection from client
02/06/25 22:32:34: Starting Socket connection
02/06/25 22:32:34: EXCHANGE_TOKEN received, server token: df418124-e4d1-11ef-874a-287fcf8423a7, passed token: df418124-e4d1-11ef-874a-287fcf8423a7
02/06/25 22:32:34: SESSION_MGR: creating session with session uuid: 'f4d9c23e-a7a3-461a-8700-6d0f537fabc3' and name 'Code Analyzer'
02/06/25 22:32:34: KERNEL_SVC: creating session with uuid: 'f4d9c23e-a7a3-461a-8700-6d0f537fabc3' and name 'Code Analyzer'
02/06/25 22:32:34: GUIDANCE_SMGR: creating guidance session with uuid: 'f4d9c23e-a7a3-461a-8700-6d0f537fabc3' and name 'Code Analyzer'
02/06/25 22:33:24: SESSION_MGR: closing session for UUID 'f4d9c23e-a7a3-461a-8700-6d0f537fabc3' with name ''
02/06/25 22:33:24: KERNEL_SVC: closing session for UUID 'f4d9c23e-a7a3-461a-8700-6d0f537fabc3' with name ''
02/06/25 22:33:24: GUIDANCE_SMGR: closing session for UUID 'f4d9c23e-a7a3-461a-8700-6d0f537fabc3' with name ''
02/06/25 22:33:24: STOP_SERVER received, server token: df418124-e4d1-11ef-874a-287fcf8423a7, passed token: df418124-e4d1-11ef-874a-287fcf8423a7
02/06/25 22:33:24: Socket received request to stop server.
02/06/25 22:33:24: Dispatch Server: do_await_stop
02/06/25 22:33:24: SERVER: destructor for server bound to port 52339
02/06/25 22:33:24: Server exiting with status 0.
02/06/25 22:33:24: Closing log file.
02/06/25 22:40:40: Running xcd server. This server was built by gradle.
02/06/25 22:40:40: Server was asked to start on port: '52488'
02/06/25 22:40:40: Server is using token UUID: '00541e56-e4d3-11ef-bc1a-287fcf8423a7'
02/06/25 22:40:40: SESSION_MGR: creating session with session uuid: '6d04a3e9-ade5-4ab9-8d63-1f78fcd2ec76' and name 'default'
02/06/25 22:40:40: Attempting to start server on port '52488'
02/06/25 22:40:40: Running Dispatch Server
02/06/25 22:40:40: Version 2.2.0
02/06/25 22:40:40: Dispatch Server: Accepted socket connection from client
02/06/25 22:40:40: Starting Socket connection
02/06/25 22:40:40: EXCHANGE_TOKEN received, server token: 00541e56-e4d3-11ef-bc1a-287fcf8423a7, passed token: 00541e56-e4d3-11ef-bc1a-287fcf8423a7
02/06/25 22:40:40: SESSION_MGR: creating session with session uuid: '3694c284-1d68-46ba-baa1-926a59fbba29' and name 'Code Analyzer'
02/06/25 22:40:40: KERNEL_SVC: creating session with uuid: '3694c284-1d68-46ba-baa1-926a59fbba29' and name 'Code Analyzer'
02/06/25 22:40:40: GUIDANCE_SMGR: creating guidance session with uuid: '3694c284-1d68-46ba-baa1-926a59fbba29' and name 'Code Analyzer'
02/06/25 22:41:12: SESSION_MGR: closing session for UUID '3694c284-1d68-46ba-baa1-926a59fbba29' with name ''
02/06/25 22:41:12: KERNEL_SVC: closing session for UUID '3694c284-1d68-46ba-baa1-926a59fbba29' with name ''
02/06/25 22:41:12: GUIDANCE_SMGR: closing session for UUID '3694c284-1d68-46ba-baa1-926a59fbba29' with name ''
02/06/25 22:41:12: STOP_SERVER received, server token: 00541e56-e4d3-11ef-bc1a-287fcf8423a7, passed token: 00541e56-e4d3-11ef-bc1a-287fcf8423a7
02/06/25 22:41:12: Socket received request to stop server.
02/06/25 22:41:12: Dispatch Server: do_await_stop
02/06/25 22:41:12: SERVER: destructor for server bound to port 52488
02/06/25 22:41:12: Server exiting with status 0.
02/06/25 22:41:12: Closing log file.
02/06/25 22:46:23: Running xcd server. This server was built by gradle.
02/06/25 22:46:23: Server was asked to start on port: '52550'
02/06/25 22:46:23: Server is using token UUID: 'cd71ff71-e4d3-11ef-b4dc-287fcf8423a7'
02/06/25 22:46:23: SESSION_MGR: creating session with session uuid: '6d04a3e9-ade5-4ab9-8d63-1f78fcd2ec76' and name 'default'
02/06/25 22:46:23: Attempting to start server on port '52550'
02/06/25 22:46:23: Running Dispatch Server
02/06/25 22:46:23: Version 2.2.0
02/06/25 22:46:23: Dispatch Server: Accepted socket connection from client
02/06/25 22:46:23: Starting Socket connection
02/06/25 22:46:23: EXCHANGE_TOKEN received, server token: cd71ff71-e4d3-11ef-b4dc-287fcf8423a7, passed token: cd71ff71-e4d3-11ef-b4dc-287fcf8423a7
02/06/25 22:46:23: SESSION_MGR: creating session with session uuid: '4ea3fe88-5bdd-424b-9b4a-b28dd6b435fe' and name 'Code Analyzer'
02/06/25 22:46:23: KERNEL_SVC: creating session with uuid: '4ea3fe88-5bdd-424b-9b4a-b28dd6b435fe' and name 'Code Analyzer'
02/06/25 22:46:23: GUIDANCE_SMGR: creating guidance session with uuid: '4ea3fe88-5bdd-424b-9b4a-b28dd6b435fe' and name 'Code Analyzer'
02/06/25 22:46:51: SESSION_MGR: closing session for UUID '4ea3fe88-5bdd-424b-9b4a-b28dd6b435fe' with name ''
02/06/25 22:46:51: KERNEL_SVC: closing session for UUID '4ea3fe88-5bdd-424b-9b4a-b28dd6b435fe' with name ''
02/06/25 22:46:51: GUIDANCE_SMGR: closing session for UUID '4ea3fe88-5bdd-424b-9b4a-b28dd6b435fe' with name ''
02/06/25 22:46:51: STOP_SERVER received, server token: cd71ff71-e4d3-11ef-b4dc-287fcf8423a7, passed token: cd71ff71-e4d3-11ef-b4dc-287fcf8423a7
02/06/25 22:46:51: Socket received request to stop server.
02/06/25 22:46:51: Dispatch Server: do_await_stop
02/06/25 22:46:51: SERVER: destructor for server bound to port 52550
02/06/25 22:46:51: Server exiting with status 0.
02/06/25 22:46:51: Closing log file.
02/06/25 22:48:47: Running xcd server. This server was built by gradle.
02/06/25 22:48:47: Server was asked to start on port: '52568'
02/06/25 22:48:47: Server is using token UUID: '2348de4c-e4d4-11ef-bebe-287fcf8423a7'
02/06/25 22:48:47: SESSION_MGR: creating session with session uuid: '6d04a3e9-ade5-4ab9-8d63-1f78fcd2ec76' and name 'default'
02/06/25 22:48:47: Attempting to start server on port '52568'
02/06/25 22:48:47: Running Dispatch Server
02/06/25 22:48:47: Version 2.2.0
02/06/25 22:48:47: Dispatch Server: Accepted socket connection from client
02/06/25 22:48:47: Starting Socket connection
02/06/25 22:48:47: EXCHANGE_TOKEN received, server token: 2348de4c-e4d4-11ef-bebe-287fcf8423a7, passed token: 2348de4c-e4d4-11ef-bebe-287fcf8423a7
02/06/25 22:48:47: SESSION_MGR: creating session with session uuid: 'c9dfec35-c413-4104-96e0-dfba2c3da6a9' and name 'Code Analyzer'
02/06/25 22:48:47: KERNEL_SVC: creating session with uuid: 'c9dfec35-c413-4104-96e0-dfba2c3da6a9' and name 'Code Analyzer'
02/06/25 22:48:47: GUIDANCE_SMGR: creating guidance session with uuid: 'c9dfec35-c413-4104-96e0-dfba2c3da6a9' and name 'Code Analyzer'
02/06/25 22:49:14: SESSION_MGR: closing session for UUID 'c9dfec35-c413-4104-96e0-dfba2c3da6a9' with name ''
02/06/25 22:49:14: KERNEL_SVC: closing session for UUID 'c9dfec35-c413-4104-96e0-dfba2c3da6a9' with name ''
02/06/25 22:49:14: GUIDANCE_SMGR: closing session for UUID 'c9dfec35-c413-4104-96e0-dfba2c3da6a9' with name ''
02/06/25 22:49:14: STOP_SERVER received, server token: 2348de4c-e4d4-11ef-bebe-287fcf8423a7, passed token: 2348de4c-e4d4-11ef-bebe-287fcf8423a7
02/06/25 22:49:14: Socket received request to stop server.
02/06/25 22:49:14: Dispatch Server: do_await_stop
02/06/25 22:49:14: SERVER: destructor for server bound to port 52568
02/06/25 22:49:14: Server exiting with status 0.
02/06/25 22:49:14: Closing log file.
02/06/25 22:51:45: Running xcd server. This server was built by gradle.
02/06/25 22:51:45: Server was asked to start on port: '52601'
02/06/25 22:51:45: Server is using token UUID: '8d891589-e4d4-11ef-ac28-287fcf8423a7'
02/06/25 22:51:45: SESSION_MGR: creating session with session uuid: '6d04a3e9-ade5-4ab9-8d63-1f78fcd2ec76' and name 'default'
02/06/25 22:51:45: Attempting to start server on port '52601'
02/06/25 22:51:45: Running Dispatch Server
02/06/25 22:51:45: Version 2.2.0
02/06/25 22:51:46: Dispatch Server: Accepted socket connection from client
02/06/25 22:51:46: Starting Socket connection
02/06/25 22:51:46: EXCHANGE_TOKEN received, server token: 8d891589-e4d4-11ef-ac28-287fcf8423a7, passed token: 8d891589-e4d4-11ef-ac28-287fcf8423a7
02/06/25 22:51:46: SESSION_MGR: creating session with session uuid: '2647b86a-aee5-42c8-a003-c442f9bbb88d' and name 'Code Analyzer'
02/06/25 22:51:46: KERNEL_SVC: creating session with uuid: '2647b86a-aee5-42c8-a003-c442f9bbb88d' and name 'Code Analyzer'
02/06/25 22:51:46: GUIDANCE_SMGR: creating guidance session with uuid: '2647b86a-aee5-42c8-a003-c442f9bbb88d' and name 'Code Analyzer'
02/06/25 22:52:13: SESSION_MGR: closing session for UUID '2647b86a-aee5-42c8-a003-c442f9bbb88d' with name ''
02/06/25 22:52:13: KERNEL_SVC: closing session for UUID '2647b86a-aee5-42c8-a003-c442f9bbb88d' with name ''
02/06/25 22:52:13: GUIDANCE_SMGR: closing session for UUID '2647b86a-aee5-42c8-a003-c442f9bbb88d' with name ''
02/06/25 22:52:13: STOP_SERVER received, server token: 8d891589-e4d4-11ef-ac28-287fcf8423a7, passed token: 8d891589-e4d4-11ef-ac28-287fcf8423a7
02/06/25 22:52:13: Socket received request to stop server.
02/06/25 22:52:13: Dispatch Server: do_await_stop
02/06/25 22:52:13: SERVER: destructor for server bound to port 52601
02/06/25 22:52:13: Server exiting with status 0.
02/06/25 22:52:13: Closing log file.
02/06/25 22:54:19: Running xcd server. This server was built by gradle.
02/06/25 22:54:19: Server was asked to start on port: '52621'
02/06/25 22:54:19: Server is using token UUID: 'e9082333-e4d4-11ef-a5ad-287fcf8423a7'
02/06/25 22:54:19: SESSION_MGR: creating session with session uuid: '6d04a3e9-ade5-4ab9-8d63-1f78fcd2ec76' and name 'default'
02/06/25 22:54:19: Attempting to start server on port '52621'
02/06/25 22:54:19: Running Dispatch Server
02/06/25 22:54:19: Version 2.2.0
02/06/25 22:54:19: Dispatch Server: Accepted socket connection from client
02/06/25 22:54:19: Starting Socket connection
02/06/25 22:54:19: EXCHANGE_TOKEN received, server token: e9082333-e4d4-11ef-a5ad-287fcf8423a7, passed token: e9082333-e4d4-11ef-a5ad-287fcf8423a7
02/06/25 22:54:19: SESSION_MGR: creating session with session uuid: 'c1dbdb30-3cb5-4683-abcd-c8f40b16d0a4' and name 'Code Analyzer'
02/06/25 22:54:19: KERNEL_SVC: creating session with uuid: 'c1dbdb30-3cb5-4683-abcd-c8f40b16d0a4' and name 'Code Analyzer'
02/06/25 22:54:19: GUIDANCE_SMGR: creating guidance session with uuid: 'c1dbdb30-3cb5-4683-abcd-c8f40b16d0a4' and name 'Code Analyzer'
02/06/25 22:54:46: SESSION_MGR: closing session for UUID 'c1dbdb30-3cb5-4683-abcd-c8f40b16d0a4' with name ''
02/06/25 22:54:46: KERNEL_SVC: closing session for UUID 'c1dbdb30-3cb5-4683-abcd-c8f40b16d0a4' with name ''
02/06/25 22:54:46: GUIDANCE_SMGR: closing session for UUID 'c1dbdb30-3cb5-4683-abcd-c8f40b16d0a4' with name ''
02/06/25 22:54:46: STOP_SERVER received, server token: e9082333-e4d4-11ef-a5ad-287fcf8423a7, passed token: e9082333-e4d4-11ef-a5ad-287fcf8423a7
02/06/25 22:54:46: Socket received request to stop server.
02/06/25 22:54:46: Dispatch Server: do_await_stop
02/06/25 22:54:46: SERVER: destructor for server bound to port 52621
02/06/25 22:54:46: Server exiting with status 0.
02/06/25 22:54:46: Closing log file.
02/06/25 22:57:54: Running xcd server. This server was built by gradle.
02/06/25 22:57:54: Server was asked to start on port: '52654'
02/06/25 22:57:54: Server is using token UUID: '695b9b8e-e4d5-11ef-94d2-287fcf8423a7'
02/06/25 22:57:54: SESSION_MGR: creating session with session uuid: '6d04a3e9-ade5-4ab9-8d63-1f78fcd2ec76' and name 'default'
02/06/25 22:57:54: Attempting to start server on port '52654'
02/06/25 22:57:54: Running Dispatch Server
02/06/25 22:57:54: Version 2.2.0
02/06/25 22:57:54: Dispatch Server: Accepted socket connection from client
02/06/25 22:57:54: Starting Socket connection
02/06/25 22:57:54: EXCHANGE_TOKEN received, server token: 695b9b8e-e4d5-11ef-94d2-287fcf8423a7, passed token: 695b9b8e-e4d5-11ef-94d2-287fcf8423a7
02/06/25 22:57:54: SESSION_MGR: creating session with session uuid: '792a0535-7157-41be-81c9-bbb669609a58' and name 'Code Analyzer'
02/06/25 22:57:54: KERNEL_SVC: creating session with uuid: '792a0535-7157-41be-81c9-bbb669609a58' and name 'Code Analyzer'
02/06/25 22:57:54: GUIDANCE_SMGR: creating guidance session with uuid: '792a0535-7157-41be-81c9-bbb669609a58' and name 'Code Analyzer'
02/06/25 22:58:21: SESSION_MGR: closing session for UUID '792a0535-7157-41be-81c9-bbb669609a58' with name ''
02/06/25 22:58:21: KERNEL_SVC: closing session for UUID '792a0535-7157-41be-81c9-bbb669609a58' with name ''
02/06/25 22:58:21: GUIDANCE_SMGR: closing session for UUID '792a0535-7157-41be-81c9-bbb669609a58' with name ''
02/06/25 22:58:21: STOP_SERVER received, server token: 695b9b8e-e4d5-11ef-94d2-287fcf8423a7, passed token: 695b9b8e-e4d5-11ef-94d2-287fcf8423a7
02/06/25 22:58:21: Socket received request to stop server.
02/06/25 22:58:21: Dispatch Server: do_await_stop
02/06/25 22:58:21: SERVER: destructor for server bound to port 52654
02/06/25 22:58:21: Server exiting with status 0.
02/06/25 22:58:21: Closing log file.
02/06/25 22:59:29: Running xcd server. This server was built by gradle.
02/06/25 22:59:29: Server was asked to start on port: '52667'
02/06/25 22:59:29: Server is using token UUID: 'a1ef7148-e4d5-11ef-8093-287fcf8423a7'
02/06/25 22:59:29: SESSION_MGR: creating session with session uuid: '6d04a3e9-ade5-4ab9-8d63-1f78fcd2ec76' and name 'default'
02/06/25 22:59:29: Attempting to start server on port '52667'
02/06/25 22:59:29: Running Dispatch Server
02/06/25 22:59:29: Version 2.2.0
02/06/25 22:59:29: Dispatch Server: Accepted socket connection from client
02/06/25 22:59:29: Starting Socket connection
02/06/25 22:59:29: EXCHANGE_TOKEN received, server token: a1ef7148-e4d5-11ef-8093-287fcf8423a7, passed token: a1ef7148-e4d5-11ef-8093-287fcf8423a7
02/06/25 22:59:29: SESSION_MGR: creating session with session uuid: '901b120a-ab8e-4361-a002-6b33908beda6' and name 'Code Analyzer'
02/06/25 22:59:29: KERNEL_SVC: creating session with uuid: '901b120a-ab8e-4361-a002-6b33908beda6' and name 'Code Analyzer'
02/06/25 22:59:29: GUIDANCE_SMGR: creating guidance session with uuid: '901b120a-ab8e-4361-a002-6b33908beda6' and name 'Code Analyzer'
02/06/25 23:00:12: Running xcd server. This server was built by gradle.
02/06/25 23:00:12: Server was asked to start on port: '52682'
02/06/25 23:00:12: Server is using token UUID: 'bb8ee14d-e4d5-11ef-aa59-287fcf8423a7'
02/06/25 23:00:12: SESSION_MGR: creating session with session uuid: '6d04a3e9-ade5-4ab9-8d63-1f78fcd2ec76' and name 'default'
02/06/25 23:00:12: Attempting to start server on port '52682'
02/06/25 23:00:12: Running Dispatch Server
02/06/25 23:00:12: Version 2.2.0
02/06/25 23:00:12: Dispatch Server: Accepted socket connection from client
02/06/25 23:00:12: Starting Socket connection
02/06/25 23:00:12: EXCHANGE_TOKEN received, server token: bb8ee14d-e4d5-11ef-aa59-287fcf8423a7, passed token: bb8ee14d-e4d5-11ef-aa59-287fcf8423a7
02/06/25 23:00:12: SESSION_MGR: creating session with session uuid: 'ffa4d371-80f7-4ae6-8640-72914f21c474' and name 'Code Analyzer'
02/06/25 23:00:12: KERNEL_SVC: creating session with uuid: 'ffa4d371-80f7-4ae6-8640-72914f21c474' and name 'Code Analyzer'
02/06/25 23:00:12: GUIDANCE_SMGR: creating guidance session with uuid: 'ffa4d371-80f7-4ae6-8640-72914f21c474' and name 'Code Analyzer'
02/06/25 23:00:48: SESSION_MGR: closing session for UUID 'ffa4d371-80f7-4ae6-8640-72914f21c474' with name ''
02/06/25 23:00:48: KERNEL_SVC: closing session for UUID 'ffa4d371-80f7-4ae6-8640-72914f21c474' with name ''
02/06/25 23:00:48: GUIDANCE_SMGR: closing session for UUID 'ffa4d371-80f7-4ae6-8640-72914f21c474' with name ''
02/06/25 23:00:48: STOP_SERVER received, server token: bb8ee14d-e4d5-11ef-aa59-287fcf8423a7, passed token: bb8ee14d-e4d5-11ef-aa59-287fcf8423a7
02/06/25 23:00:48: Socket received request to stop server.
02/06/25 23:00:48: Dispatch Server: do_await_stop
02/06/25 23:00:48: SERVER: destructor for server bound to port 52682
02/06/25 23:00:48: Server exiting with status 0.
02/06/25 23:00:48: Closing log file.
02/06/25 23:01:59: Running xcd server. This server was built by gradle.
02/06/25 23:01:59: Server was asked to start on port: '52697'
02/06/25 23:01:59: Server is using token UUID: 'fb2ec48b-e4d5-11ef-ba4c-287fcf8423a7'
02/06/25 23:01:59: SESSION_MGR: creating session with session uuid: '6d04a3e9-ade5-4ab9-8d63-1f78fcd2ec76' and name 'default'
02/06/25 23:01:59: Attempting to start server on port '52697'
02/06/25 23:01:59: Running Dispatch Server
02/06/25 23:01:59: Version 2.2.0
02/06/25 23:01:59: Dispatch Server: Accepted socket connection from client
02/06/25 23:01:59: Starting Socket connection
02/06/25 23:01:59: EXCHANGE_TOKEN received, server token: fb2ec48b-e4d5-11ef-ba4c-287fcf8423a7, passed token: fb2ec48b-e4d5-11ef-ba4c-287fcf8423a7
02/06/25 23:01:59: SESSION_MGR: creating session with session uuid: '1b87b7de-82f6-42dc-9234-5d1909e9675f' and name 'Code Analyzer'
02/06/25 23:01:59: KERNEL_SVC: creating session with uuid: '1b87b7de-82f6-42dc-9234-5d1909e9675f' and name 'Code Analyzer'
02/06/25 23:01:59: GUIDANCE_SMGR: creating guidance session with uuid: '1b87b7de-82f6-42dc-9234-5d1909e9675f' and name 'Code Analyzer'
02/06/25 23:02:39: SESSION_MGR: closing session for UUID '1b87b7de-82f6-42dc-9234-5d1909e9675f' with name ''
02/06/25 23:02:39: KERNEL_SVC: closing session for UUID '1b87b7de-82f6-42dc-9234-5d1909e9675f' with name ''
02/06/25 23:02:39: GUIDANCE_SMGR: closing session for UUID '1b87b7de-82f6-42dc-9234-5d1909e9675f' with name ''
02/06/25 23:02:39: STOP_SERVER received, server token: fb2ec48b-e4d5-11ef-ba4c-287fcf8423a7, passed token: fb2ec48b-e4d5-11ef-ba4c-287fcf8423a7
02/06/25 23:02:39: Socket received request to stop server.
02/06/25 23:02:39: Dispatch Server: do_await_stop
02/06/25 23:02:39: SERVER: destructor for server bound to port 52697
02/06/25 23:02:39: Server exiting with status 0.
02/06/25 23:02:39: Closing log file.
02/06/25 23:02:52: Dispatch Server timeout; shutting down.
02/06/25 23:02:52: Dispatch Server: do_await_stop
02/06/25 23:02:52: SERVER: destructor for server bound to port 62353
02/06/25 23:02:52: Server exiting with status 0.
02/06/25 23:02:52: Closing log file.
02/09/25 15:57:43: Running xcd server. This server was built by gradle.
02/09/25 15:57:43: Server was asked to start on port: '55112'
02/09/25 15:57:43: Server is using token UUID: '343eecdc-e6f6-11ef-82f6-287fcf8423a7'
02/09/25 15:57:43: SESSION_MGR: creating session with session uuid: '6d04a3e9-ade5-4ab9-8d63-1f78fcd2ec76' and name 'default'
02/09/25 15:57:43: Attempting to start server on port '55112'
02/09/25 15:57:43: Running Dispatch Server
02/09/25 15:57:43: Version 2.2.0
02/09/25 15:57:43: Dispatch Server: Accepted socket connection from client
02/09/25 15:57:43: Starting Socket connection
02/09/25 15:57:43: EXCHANGE_TOKEN received, server token: 343eecdc-e6f6-11ef-82f6-287fcf8423a7, passed token: 343eecdc-e6f6-11ef-82f6-287fcf8423a7
02/09/25 15:57:43: SESSION_MGR: creating session with session uuid: 'f33c3731-4fad-4299-b845-ebcfb6bf28f5' and name 'Code Analyzer'
02/09/25 15:57:43: KERNEL_SVC: creating session with uuid: 'f33c3731-4fad-4299-b845-ebcfb6bf28f5' and name 'Code Analyzer'
02/09/25 15:57:43: GUIDANCE_SMGR: creating guidance session with uuid: 'f33c3731-4fad-4299-b845-ebcfb6bf28f5' and name 'Code Analyzer'
02/09/25 15:59:07: SESSION_MGR: closing session for UUID 'f33c3731-4fad-4299-b845-ebcfb6bf28f5' with name ''
02/09/25 15:59:07: KERNEL_SVC: closing session for UUID 'f33c3731-4fad-4299-b845-ebcfb6bf28f5' with name ''
02/09/25 15:59:07: GUIDANCE_SMGR: closing session for UUID 'f33c3731-4fad-4299-b845-ebcfb6bf28f5' with name ''
02/09/25 15:59:07: STOP_SERVER received, server token: 343eecdc-e6f6-11ef-82f6-287fcf8423a7, passed token: 343eecdc-e6f6-11ef-82f6-287fcf8423a7
02/09/25 15:59:07: Socket received request to stop server.
02/09/25 15:59:07: Dispatch Server: do_await_stop
02/09/25 15:59:07: SERVER: destructor for server bound to port 55112
02/09/25 15:59:07: Server exiting with status 0.
02/09/25 15:59:07: Closing log file.
02/09/25 16:19:52: Running xcd server. This server was built by gradle.
02/09/25 16:19:52: Server was asked to start on port: '55234'
02/09/25 16:19:52: Server is using token UUID: '4cff772e-e6f9-11ef-8cb4-287fcf8423a7'
02/09/25 16:19:52: SESSION_MGR: creating session with session uuid: '6d04a3e9-ade5-4ab9-8d63-1f78fcd2ec76' and name 'default'
02/09/25 16:19:52: Attempting to start server on port '55234'
02/09/25 16:19:52: Running Dispatch Server
02/09/25 16:19:52: Version 2.2.0
02/09/25 16:19:52: Dispatch Server: Accepted socket connection from client
02/09/25 16:19:52: Starting Socket connection
02/09/25 16:19:52: EXCHANGE_TOKEN received, server token: 4cff772e-e6f9-11ef-8cb4-287fcf8423a7, passed token: 4cff772e-e6f9-11ef-8cb4-287fcf8423a7
02/09/25 16:19:52: SESSION_MGR: creating session with session uuid: '241d1380-fae4-49d7-89cf-641d52666da7' and name 'Code Analyzer'
02/09/25 16:19:52: KERNEL_SVC: creating session with uuid: '241d1380-fae4-49d7-89cf-641d52666da7' and name 'Code Analyzer'
02/09/25 16:19:52: GUIDANCE_SMGR: creating guidance session with uuid: '241d1380-fae4-49d7-89cf-641d52666da7' and name 'Code Analyzer'
02/09/25 16:20:30: SESSION_MGR: closing session for UUID '241d1380-fae4-49d7-89cf-641d52666da7' with name ''
02/09/25 16:20:30: KERNEL_SVC: closing session for UUID '241d1380-fae4-49d7-89cf-641d52666da7' with name ''
02/09/25 16:20:30: GUIDANCE_SMGR: closing session for UUID '241d1380-fae4-49d7-89cf-641d52666da7' with name ''
02/09/25 16:20:30: STOP_SERVER received, server token: 4cff772e-e6f9-11ef-8cb4-287fcf8423a7, passed token: 4cff772e-e6f9-11ef-8cb4-287fcf8423a7
02/09/25 16:20:30: Socket received request to stop server.
02/09/25 16:20:30: Dispatch Server: do_await_stop
02/09/25 16:20:30: SERVER: destructor for server bound to port 55234
02/09/25 16:20:30: Server exiting with status 0.
02/09/25 16:20:30: Closing log file.
02/09/25 16:21:09: Running xcd server. This server was built by gradle.
02/09/25 16:21:09: Server was asked to start on port: '55246'
02/09/25 16:21:09: Server is using token UUID: '7b2efd95-e6f9-11ef-ae3d-287fcf8423a7'
02/09/25 16:21:09: SESSION_MGR: creating session with session uuid: '6d04a3e9-ade5-4ab9-8d63-1f78fcd2ec76' and name 'default'
02/09/25 16:21:09: Attempting to start server on port '55246'
02/09/25 16:21:09: Running Dispatch Server
02/09/25 16:21:09: Version 2.2.0
02/09/25 16:21:10: Dispatch Server: Accepted socket connection from client
02/09/25 16:21:10: Starting Socket connection
02/09/25 16:21:10: EXCHANGE_TOKEN received, server token: 7b2efd95-e6f9-11ef-ae3d-287fcf8423a7, passed token: 7b2efd95-e6f9-11ef-ae3d-287fcf8423a7
02/09/25 16:21:10: SESSION_MGR: creating session with session uuid: '6eb5dbb6-2a95-47db-9a4b-b1a67af8cc7f' and name 'Code Analyzer'
02/09/25 16:21:10: KERNEL_SVC: creating session with uuid: '6eb5dbb6-2a95-47db-9a4b-b1a67af8cc7f' and name 'Code Analyzer'
02/09/25 16:21:10: GUIDANCE_SMGR: creating guidance session with uuid: '6eb5dbb6-2a95-47db-9a4b-b1a67af8cc7f' and name 'Code Analyzer'
02/09/25 16:21:51: SESSION_MGR: closing session for UUID '6eb5dbb6-2a95-47db-9a4b-b1a67af8cc7f' with name ''
02/09/25 16:21:51: KERNEL_SVC: closing session for UUID '6eb5dbb6-2a95-47db-9a4b-b1a67af8cc7f' with name ''
02/09/25 16:21:51: GUIDANCE_SMGR: closing session for UUID '6eb5dbb6-2a95-47db-9a4b-b1a67af8cc7f' with name ''
02/09/25 16:21:51: STOP_SERVER received, server token: 7b2efd95-e6f9-11ef-ae3d-287fcf8423a7, passed token: 7b2efd95-e6f9-11ef-ae3d-287fcf8423a7
02/09/25 16:21:51: Socket received request to stop server.
02/09/25 16:21:51: Dispatch Server: do_await_stop
02/09/25 16:21:51: SERVER: destructor for server bound to port 55246
02/09/25 16:21:51: Server exiting with status 0.
02/09/25 16:21:51: Closing log file.
02/09/25 16:23:06: Running xcd server. This server was built by gradle.
02/09/25 16:23:06: Server was asked to start on port: '55272'
02/09/25 16:23:06: Server is using token UUID: 'c0957660-e6f9-11ef-84b4-287fcf8423a7'
02/09/25 16:23:06: SESSION_MGR: creating session with session uuid: '6d04a3e9-ade5-4ab9-8d63-1f78fcd2ec76' and name 'default'
02/09/25 16:23:06: Attempting to start server on port '55272'
02/09/25 16:23:06: Running Dispatch Server
02/09/25 16:23:06: Version 2.2.0
02/09/25 16:23:06: Dispatch Server: Accepted socket connection from client
02/09/25 16:23:06: Starting Socket connection
02/09/25 16:23:06: EXCHANGE_TOKEN received, server token: c0957660-e6f9-11ef-84b4-287fcf8423a7, passed token: c0957660-e6f9-11ef-84b4-287fcf8423a7
02/09/25 16:23:06: SESSION_MGR: creating session with session uuid: 'd36b5090-9ae3-4aec-8827-f5a548e4e6f6' and name 'Code Analyzer'
02/09/25 16:23:06: KERNEL_SVC: creating session with uuid: 'd36b5090-9ae3-4aec-8827-f5a548e4e6f6' and name 'Code Analyzer'
02/09/25 16:23:06: GUIDANCE_SMGR: creating guidance session with uuid: 'd36b5090-9ae3-4aec-8827-f5a548e4e6f6' and name 'Code Analyzer'
02/09/25 16:23:45: SESSION_MGR: closing session for UUID 'd36b5090-9ae3-4aec-8827-f5a548e4e6f6' with name ''
02/09/25 16:23:45: KERNEL_SVC: closing session for UUID 'd36b5090-9ae3-4aec-8827-f5a548e4e6f6' with name ''
02/09/25 16:23:45: GUIDANCE_SMGR: closing session for UUID 'd36b5090-9ae3-4aec-8827-f5a548e4e6f6' with name ''
02/09/25 16:23:45: STOP_SERVER received, server token: c0957660-e6f9-11ef-84b4-287fcf8423a7, passed token: c0957660-e6f9-11ef-84b4-287fcf8423a7
02/09/25 16:23:45: Socket received request to stop server.
02/09/25 16:23:45: Dispatch Server: do_await_stop
02/09/25 16:23:45: SERVER: destructor for server bound to port 55272
02/09/25 16:23:45: Server exiting with status 0.
02/09/25 16:23:45: Closing log file.
02/09/25 16:26:21: Running xcd server. This server was built by gradle.
02/09/25 16:26:21: Server was asked to start on port: '55311'
02/09/25 16:26:21: Server is using token UUID: '346c5b36-e6fa-11ef-b6d2-287fcf8423a7'
02/09/25 16:26:21: SESSION_MGR: creating session with session uuid: '6d04a3e9-ade5-4ab9-8d63-1f78fcd2ec76' and name 'default'
02/09/25 16:26:21: Attempting to start server on port '55311'
02/09/25 16:26:21: Running Dispatch Server
02/09/25 16:26:21: Version 2.2.0
02/09/25 16:26:21: Dispatch Server: Accepted socket connection from client
02/09/25 16:26:21: Starting Socket connection
02/09/25 16:26:21: EXCHANGE_TOKEN received, server token: 346c5b36-e6fa-11ef-b6d2-287fcf8423a7, passed token: 346c5b36-e6fa-11ef-b6d2-287fcf8423a7
02/09/25 16:26:21: SESSION_MGR: creating session with session uuid: 'dca1d783-2cb7-47be-85b9-0fefd76cc5bf' and name 'Code Analyzer'
02/09/25 16:26:21: KERNEL_SVC: creating session with uuid: 'dca1d783-2cb7-47be-85b9-0fefd76cc5bf' and name 'Code Analyzer'
02/09/25 16:26:21: GUIDANCE_SMGR: creating guidance session with uuid: 'dca1d783-2cb7-47be-85b9-0fefd76cc5bf' and name 'Code Analyzer'
02/09/25 16:27:04: SESSION_MGR: closing session for UUID 'dca1d783-2cb7-47be-85b9-0fefd76cc5bf' with name ''
02/09/25 16:27:04: KERNEL_SVC: closing session for UUID 'dca1d783-2cb7-47be-85b9-0fefd76cc5bf' with name ''
02/09/25 16:27:04: GUIDANCE_SMGR: closing session for UUID 'dca1d783-2cb7-47be-85b9-0fefd76cc5bf' with name ''
02/09/25 16:27:04: STOP_SERVER received, server token: 346c5b36-e6fa-11ef-b6d2-287fcf8423a7, passed token: 346c5b36-e6fa-11ef-b6d2-287fcf8423a7
02/09/25 16:27:04: Socket received request to stop server.
02/09/25 16:27:04: Dispatch Server: do_await_stop
02/09/25 16:27:04: SERVER: destructor for server bound to port 55311
02/09/25 16:27:04: Server exiting with status 0.
02/09/25 16:27:04: Closing log file.
02/09/25 16:28:38: Running xcd server. This server was built by gradle.
02/09/25 16:28:38: Server was asked to start on port: '55344'
02/09/25 16:28:38: Server is using token UUID: '86667ebe-e6fa-11ef-84c4-287fcf8423a7'
02/09/25 16:28:38: SESSION_MGR: creating session with session uuid: '6d04a3e9-ade5-4ab9-8d63-1f78fcd2ec76' and name 'default'
02/09/25 16:28:38: Attempting to start server on port '55344'
02/09/25 16:28:38: Running Dispatch Server
02/09/25 16:28:38: Version 2.2.0
02/09/25 16:28:38: Dispatch Server: Accepted socket connection from client
02/09/25 16:28:38: Starting Socket connection
02/09/25 16:28:38: EXCHANGE_TOKEN received, server token: 86667ebe-e6fa-11ef-84c4-287fcf8423a7, passed token: 86667ebe-e6fa-11ef-84c4-287fcf8423a7
02/09/25 16:28:38: SESSION_MGR: creating session with session uuid: 'e4ae379e-82df-486d-ba54-e536ec7bc98b' and name 'Code Analyzer'
02/09/25 16:28:38: KERNEL_SVC: creating session with uuid: 'e4ae379e-82df-486d-ba54-e536ec7bc98b' and name 'Code Analyzer'
02/09/25 16:28:38: GUIDANCE_SMGR: creating guidance session with uuid: 'e4ae379e-82df-486d-ba54-e536ec7bc98b' and name 'Code Analyzer'
02/09/25 16:29:23: SESSION_MGR: closing session for UUID 'e4ae379e-82df-486d-ba54-e536ec7bc98b' with name ''
02/09/25 16:29:23: KERNEL_SVC: closing session for UUID 'e4ae379e-82df-486d-ba54-e536ec7bc98b' with name ''
02/09/25 16:29:23: GUIDANCE_SMGR: closing session for UUID 'e4ae379e-82df-486d-ba54-e536ec7bc98b' with name ''
02/09/25 16:29:23: STOP_SERVER received, server token: 86667ebe-e6fa-11ef-84c4-287fcf8423a7, passed token: 86667ebe-e6fa-11ef-84c4-287fcf8423a7
02/09/25 16:29:23: Socket received request to stop server.
02/09/25 16:29:23: Dispatch Server: do_await_stop
02/09/25 16:29:23: SERVER: destructor for server bound to port 55344
02/09/25 16:29:23: Server exiting with status 0.
02/09/25 16:29:23: Closing log file.
02/09/25 16:33:47: Running xcd server. This server was built by gradle.
02/09/25 16:33:47: Server was asked to start on port: '63852'
02/09/25 16:33:47: Server is using token UUID: '3e9c0c19-e6fb-11ef-99eb-287fcf8423a7'
02/09/25 16:33:47: SESSION_MGR: creating session with session uuid: '6d04a3e9-ade5-4ab9-8d63-1f78fcd2ec76' and name 'default'
02/09/25 16:33:47: Attempting to start server on port '63852'
02/09/25 16:33:47: Running Dispatch Server
02/09/25 16:33:47: Version 2.2.0
02/09/25 16:33:47: Dispatch Server: Accepted socket connection from client
02/09/25 16:33:47: Starting Socket connection
02/09/25 16:33:47: EXCHANGE_TOKEN received, server token: 3e9c0c19-e6fb-11ef-99eb-287fcf8423a7, passed token: 3e9c0c19-e6fb-11ef-99eb-287fcf8423a7
02/09/25 16:33:47: SESSION_MGR: creating session with session uuid: '73b76d8b-06c3-464e-b31c-1a1dc7c250c3' and name 'Code Analyzer'
02/09/25 16:33:47: KERNEL_SVC: creating session with uuid: '73b76d8b-06c3-464e-b31c-1a1dc7c250c3' and name 'Code Analyzer'
02/09/25 16:33:47: GUIDANCE_SMGR: creating guidance session with uuid: '73b76d8b-06c3-464e-b31c-1a1dc7c250c3' and name 'Code Analyzer'
02/09/25 16:34:28: SESSION_MGR: closing session for UUID '73b76d8b-06c3-464e-b31c-1a1dc7c250c3' with name ''
02/09/25 16:34:28: KERNEL_SVC: closing session for UUID '73b76d8b-06c3-464e-b31c-1a1dc7c250c3' with name ''
02/09/25 16:34:28: GUIDANCE_SMGR: closing session for UUID '73b76d8b-06c3-464e-b31c-1a1dc7c250c3' with name ''
02/09/25 16:34:28: STOP_SERVER received, server token: 3e9c0c19-e6fb-11ef-99eb-287fcf8423a7, passed token: 3e9c0c19-e6fb-11ef-99eb-287fcf8423a7
02/09/25 16:34:28: Socket received request to stop server.
02/09/25 16:34:28: Dispatch Server: do_await_stop
02/09/25 16:34:28: SERVER: destructor for server bound to port 63852
02/09/25 16:34:28: Server exiting with status 0.
02/09/25 16:34:28: Closing log file.
02/09/25 16:35:32: Running xcd server. This server was built by gradle.
02/09/25 16:35:32: Server was asked to start on port: '64835'
02/09/25 16:35:32: Server is using token UUID: '7ceb0090-e6fb-11ef-b9c6-287fcf8423a7'
02/09/25 16:35:32: SESSION_MGR: creating session with session uuid: '6d04a3e9-ade5-4ab9-8d63-1f78fcd2ec76' and name 'default'
02/09/25 16:35:32: Attempting to start server on port '64835'
02/09/25 16:35:32: Running Dispatch Server
02/09/25 16:35:32: Version 2.2.0
02/09/25 16:35:32: Dispatch Server: Accepted socket connection from client
02/09/25 16:35:32: Starting Socket connection
02/09/25 16:35:32: EXCHANGE_TOKEN received, server token: 7ceb0090-e6fb-11ef-b9c6-287fcf8423a7, passed token: 7ceb0090-e6fb-11ef-b9c6-287fcf8423a7
02/09/25 16:35:32: SESSION_MGR: creating session with session uuid: '200f7543-16bb-4095-91d3-0b92bb3d33d6' and name 'Code Analyzer'
02/09/25 16:35:32: KERNEL_SVC: creating session with uuid: '200f7543-16bb-4095-91d3-0b92bb3d33d6' and name 'Code Analyzer'
02/09/25 16:35:32: GUIDANCE_SMGR: creating guidance session with uuid: '200f7543-16bb-4095-91d3-0b92bb3d33d6' and name 'Code Analyzer'
02/09/25 16:36:12: SESSION_MGR: closing session for UUID '200f7543-16bb-4095-91d3-0b92bb3d33d6' with name ''
02/09/25 16:36:12: KERNEL_SVC: closing session for UUID '200f7543-16bb-4095-91d3-0b92bb3d33d6' with name ''
02/09/25 16:36:12: GUIDANCE_SMGR: closing session for UUID '200f7543-16bb-4095-91d3-0b92bb3d33d6' with name ''
02/09/25 16:36:12: STOP_SERVER received, server token: 7ceb0090-e6fb-11ef-b9c6-287fcf8423a7, passed token: 7ceb0090-e6fb-11ef-b9c6-287fcf8423a7
02/09/25 16:36:12: Socket received request to stop server.
02/09/25 16:36:12: Dispatch Server: do_await_stop
02/09/25 16:36:12: SERVER: destructor for server bound to port 64835
02/09/25 16:36:12: Server exiting with status 0.
02/09/25 16:36:12: Closing log file.
