  **** HLS Build v2024.2 5238294
INFO: [HLS 200-2005] Using work_dir C:/Users/Burak/Desktop/TAU/HLS/PositFFT/PositFFT/PositFFT 
INFO: [HLS 200-1505] Using default flow_target 'vivado'
Resolution: For help on HLS 200-1505 see docs.xilinx.com/access/sources/dita/topic?Doc_Version=2024.2%20English&url=ug1448-hls-guidance&resourceid=200-1505.html
INFO: [HLS 200-1465] Applying ini 'syn.file=C:\Users\Burak\Desktop\TAU\HLS\PositFFT\PositFFT\posit.hpp' from C:/Users/Burak/Desktop/TAU/HLS/PositFFT/PositFFT/hls_config.cfg(7)
INFO: [HLS 200-10] Adding design file 'C:/Users/Burak/Desktop/TAU/HLS/PositFFT/PositFFT/posit.hpp' to the project
INFO: [HLS 200-1465] Applying ini 'syn.file=C:\Users\Burak\Desktop\TAU\HLS\PositFFT\PositFFT\posit_lib.cpp' from C:/Users/Burak/Desktop/TAU/HLS/PositFFT/PositFFT/hls_config.cfg(8)
INFO: [HLS 200-10] Adding design file 'C:/Users/Burak/Desktop/TAU/HLS/PositFFT/PositFFT/posit_lib.cpp' to the project
INFO: [HLS 200-1465] Applying ini 'tb.file=C:\Users\Burak\Desktop\TAU\HLS\PositFFT\PositFFT\posit_mul_test.cpp' from C:/Users/Burak/Desktop/TAU/HLS/PositFFT/PositFFT/hls_config.cfg(11)
INFO: [HLS 200-10] Adding test bench file 'C:/Users/Burak/Desktop/TAU/HLS/PositFFT/PositFFT/posit_mul_test.cpp' to the project
INFO: [HLS 200-1465] Applying ini 'syn.top=positMul' from C:/Users/Burak/Desktop/TAU/HLS/PositFFT/PositFFT/hls_config.cfg(10)
INFO: [HLS 200-1465] Applying ini 'flow_target=vivado' from C:/Users/Burak/Desktop/TAU/HLS/PositFFT/PositFFT/hls_config.cfg(4)
INFO: [HLS 200-1505] Using flow_target 'vivado'
Resolution: For help on HLS 200-1505 see docs.xilinx.com/access/sources/dita/topic?Doc_Version=2024.2%20English&url=ug1448-hls-guidance&resourceid=200-1505.html
INFO: [HLS 200-1465] Applying ini 'part=xazu3teg-sfvc784-1Q-q' from C:/Users/Burak/Desktop/TAU/HLS/PositFFT/PositFFT/hls_config.cfg(1)
INFO: [HLS 200-1611] Setting target device to 'xazu3teg-sfvc784-1Q-q'
INFO: [HLS 200-1465] Applying ini 'csim.code_analyzer=0' from C:/Users/Burak/Desktop/TAU/HLS/PositFFT/PositFFT/hls_config.cfg(9)
INFO: [HLS 200-1465] Applying ini 'package.output.format=ip_catalog' from C:/Users/Burak/Desktop/TAU/HLS/PositFFT/PositFFT/hls_config.cfg(5)
INFO: [HLS 200-111] Finished File checks and directory preparation: CPU user time: 1 seconds. CPU system time: 0 seconds. Elapsed time: 3.196 seconds; current allocated memory: 162.617 MB.
INFO: [HLS 200-10] Analyzing design file 'posit_lib.cpp' ... 
WARNING: [HLS 207-5168] shifting a negative signed value is undefined (posit_lib.cpp:916:34)
INFO: [HLS 200-111] Finished Source Code Analysis and Preprocessing: CPU user time: 1 seconds. CPU system time: 0 seconds. Elapsed time: 30.499 seconds; current allocated memory: 169.570 MB.
INFO: [HLS 200-777] Using interface defaults for 'Vivado' flow target.
INFO: [HLS 200-1995] There were 2,417 instructions in the design after the 'Compile/Link' phase of compilation. See the Design Size Report for more details: C:/Users/Burak/Desktop/TAU/HLS/PositFFT/PositFFT/PositFFT/hls/syn/report/csynth_design_size.rpt
INFO: [HLS 200-1995] There were 141 instructions in the design after the 'Unroll/Inline (step 1)' phase of compilation. See the Design Size Report for more details: C:/Users/Burak/Desktop/TAU/HLS/PositFFT/PositFFT/PositFFT/hls/syn/report/csynth_design_size.rpt
INFO: [HLS 200-1995] There were 115 instructions in the design after the 'Unroll/Inline (step 2)' phase of compilation. See the Design Size Report for more details: C:/Users/Burak/Desktop/TAU/HLS/PositFFT/PositFFT/PositFFT/hls/syn/report/csynth_design_size.rpt
INFO: [HLS 200-1995] There were 113 instructions in the design after the 'Unroll/Inline (step 3)' phase of compilation. See the Design Size Report for more details: C:/Users/Burak/Desktop/TAU/HLS/PositFFT/PositFFT/PositFFT/hls/syn/report/csynth_design_size.rpt
INFO: [HLS 200-1995] There were 100 instructions in the design after the 'Unroll/Inline (step 4)' phase of compilation. See the Design Size Report for more details: C:/Users/Burak/Desktop/TAU/HLS/PositFFT/PositFFT/PositFFT/hls/syn/report/csynth_design_size.rpt
INFO: [HLS 200-1995] There were 100 instructions in the design after the 'Array/Struct (step 1)' phase of compilation. See the Design Size Report for more details: C:/Users/Burak/Desktop/TAU/HLS/PositFFT/PositFFT/PositFFT/hls/syn/report/csynth_design_size.rpt
INFO: [HLS 200-1995] There were 100 instructions in the design after the 'Array/Struct (step 2)' phase of compilation. See the Design Size Report for more details: C:/Users/Burak/Desktop/TAU/HLS/PositFFT/PositFFT/PositFFT/hls/syn/report/csynth_design_size.rpt
INFO: [HLS 200-1995] There were 100 instructions in the design after the 'Array/Struct (step 3)' phase of compilation. See the Design Size Report for more details: C:/Users/Burak/Desktop/TAU/HLS/PositFFT/PositFFT/PositFFT/hls/syn/report/csynth_design_size.rpt
INFO: [HLS 200-1995] There were 100 instructions in the design after the 'Array/Struct (step 4)' phase of compilation. See the Design Size Report for more details: C:/Users/Burak/Desktop/TAU/HLS/PositFFT/PositFFT/PositFFT/hls/syn/report/csynth_design_size.rpt
INFO: [HLS 200-1995] There were 100 instructions in the design after the 'Array/Struct (step 5)' phase of compilation. See the Design Size Report for more details: C:/Users/Burak/Desktop/TAU/HLS/PositFFT/PositFFT/PositFFT/hls/syn/report/csynth_design_size.rpt
INFO: [HLS 200-1995] There were 100 instructions in the design after the 'Performance (step 1)' phase of compilation. See the Design Size Report for more details: C:/Users/Burak/Desktop/TAU/HLS/PositFFT/PositFFT/PositFFT/hls/syn/report/csynth_design_size.rpt
INFO: [HLS 200-1995] There were 100 instructions in the design after the 'Performance (step 2)' phase of compilation. See the Design Size Report for more details: C:/Users/Burak/Desktop/TAU/HLS/PositFFT/PositFFT/PositFFT/hls/syn/report/csynth_design_size.rpt
INFO: [HLS 200-1995] There were 100 instructions in the design after the 'Performance (step 3)' phase of compilation. See the Design Size Report for more details: C:/Users/Burak/Desktop/TAU/HLS/PositFFT/PositFFT/PositFFT/hls/syn/report/csynth_design_size.rpt
INFO: [HLS 200-1995] There were 100 instructions in the design after the 'Performance (step 4)' phase of compilation. See the Design Size Report for more details: C:/Users/Burak/Desktop/TAU/HLS/PositFFT/PositFFT/PositFFT/hls/syn/report/csynth_design_size.rpt
INFO: [HLS 200-1995] There were 105 instructions in the design after the 'HW Transforms (step 1)' phase of compilation. See the Design Size Report for more details: C:/Users/Burak/Desktop/TAU/HLS/PositFFT/PositFFT/PositFFT/hls/syn/report/csynth_design_size.rpt
INFO: [HLS 200-1995] There were 117 instructions in the design after the 'HW Transforms (step 2)' phase of compilation. See the Design Size Report for more details: C:/Users/Burak/Desktop/TAU/HLS/PositFFT/PositFFT/PositFFT/hls/syn/report/csynth_design_size.rpt
INFO: [HLS 214-178] Inlining function 'POSIT::POSIT()' into 'positMul(POSIT, POSIT)' (posit_lib.cpp:913:0)
INFO: [HLS 200-111] Finished Compiling Optimization and Transform: CPU user time: 0 seconds. CPU system time: 0 seconds. Elapsed time: 10.073 seconds; current allocated memory: 170.598 MB.
INFO: [HLS 200-111] Finished Checking Pragmas: CPU user time: 0 seconds. CPU system time: 0 seconds. Elapsed time: 0.007 seconds; current allocated memory: 170.598 MB.
INFO: [HLS 200-10] Starting code transformations ...
INFO: [HLS 200-111] Finished Standard Transforms: CPU user time: 0 seconds. CPU system time: 0 seconds. Elapsed time: 0.052 seconds; current allocated memory: 175.645 MB.
INFO: [HLS 200-10] Checking synthesizability ...
INFO: [HLS 200-111] Finished Checking Synthesizability: CPU user time: 0 seconds. CPU system time: 0 seconds. Elapsed time: 0.049 seconds; current allocated memory: 178.660 MB.
INFO: [XFORM 203-401] Performing if-conversion on hyperblock to (posit_lib.cpp:1028:1) in function 'positMul'... converting 12 basic blocks.
INFO: [HLS 200-111] Finished Loop, function and other optimizations: CPU user time: 0 seconds. CPU system time: 0 seconds. Elapsed time: 0.097 seconds; current allocated memory: 200.512 MB.
INFO: [HLS 200-111] Finished Architecture Synthesis: CPU user time: 0 seconds. CPU system time: 0 seconds. Elapsed time: 0.075 seconds; current allocated memory: 200.539 MB.
INFO: [HLS 200-10] Starting hardware synthesis ...
INFO: [HLS 200-10] Synthesizing 'positMul' ...
INFO: [SYN 201-201] Setting up clock 'default' with a period of 10ns.
INFO: [HLS 200-10] ----------------------------------------------------------------
INFO: [HLS 200-42] -- Implementing module 'positMul' 
INFO: [HLS 200-10] ----------------------------------------------------------------
INFO: [SCHED 204-11] Starting scheduling ...
INFO: [SCHED 204-11] Finished scheduling.
INFO: [HLS 200-111] Finished Scheduling: CPU user time: 0 seconds. CPU system time: 0 seconds. Elapsed time: 0.225 seconds; current allocated memory: 200.539 MB.
INFO: [BIND 205-100] Starting micro-architecture generation ...
INFO: [BIND 205-101] Performing variable lifetime analysis.
INFO: [BIND 205-101] Exploring resource sharing.
INFO: [BIND 205-101] Binding ...
INFO: [BIND 205-100] Finished micro-architecture generation.
INFO: [HLS 200-111] Finished Binding: CPU user time: 0 seconds. CPU system time: 0 seconds. Elapsed time: 0.088 seconds; current allocated memory: 200.539 MB.
INFO: [HLS 200-10] ----------------------------------------------------------------
INFO: [HLS 200-10] -- Generating RTL for module 'positMul' 
INFO: [HLS 200-10] ----------------------------------------------------------------
INFO: [RTGEN 206-500] Setting interface mode on port 'positMul/x' to 'ap_none'.
INFO: [RTGEN 206-500] Setting interface mode on port 'positMul/y' to 'ap_none'.
INFO: [RTGEN 206-500] Setting interface mode on function 'positMul' to 'ap_ctrl_hs'.
INFO: [RTGEN 206-100] Generating core module 'mul_24ns_24ns_48_1_1': 1 instance(s).
INFO: [RTGEN 206-100] Generating core module 'sparsemux_7_2_2_1_1': 1 instance(s).
INFO: [RTGEN 206-100] Generating core module 'sparsemux_7_2_6_1_1': 1 instance(s).
INFO: [RTGEN 206-100] Finished creating RTL model for 'positMul'.
INFO: [HLS 200-111] Finished Creating RTL model: CPU user time: 0 seconds. CPU system time: 0 seconds. Elapsed time: 0.178 seconds; current allocated memory: 201.418 MB.
INFO: [HLS 200-111] Finished Generating all RTL models: CPU user time: 0 seconds. CPU system time: 1 seconds. Elapsed time: 0.555 seconds; current allocated memory: 205.781 MB.
INFO: [HLS 200-111] Finished Updating report files: CPU user time: 0 seconds. CPU system time: 0 seconds. Elapsed time: 1.1 seconds; current allocated memory: 208.312 MB.
INFO: [VHDL 208-304] Generating VHDL RTL for positMul.
INFO: [VLOG 209-307] Generating Verilog RTL for positMul.
INFO: [HLS 200-789] **** Estimated Fmax: 196.59 MHz
INFO: [HLS 200-112] Total CPU user time: 2 seconds. Total CPU system time: 1 seconds. Total elapsed time: 46.299 seconds; peak allocated memory: 208.508 MB.
INFO: [v++ 60-791] Total elapsed time: 0h 0m 52s
