  **** HLS Build v2024.2 5238294
INFO: [HLS 200-2005] Using work_dir C:/Users/Burak/Desktop/TAU/HLS/PositFFT/PositFFT/PositFFT 
INFO: [HLS 200-1505] Using default flow_target 'vivado'
Resolution: For help on HLS 200-1505 see docs.xilinx.com/access/sources/dita/topic?Doc_Version=2024.2%20English&url=ug1448-hls-guidance&resourceid=200-1505.html
INFO: [HLS 200-1465] Applying ini 'syn.file=C:\Users\Burak\Desktop\TAU\HLS\PositFFT\PositFFT\posit.hpp' from C:/Users/Burak/Desktop/TAU/HLS/PositFFT/PositFFT/hls_config.cfg(7)
INFO: [HLS 200-10] Adding design file 'C:/Users/Burak/Desktop/TAU/HLS/PositFFT/PositFFT/posit.hpp' to the project
INFO: [HLS 200-1465] Applying ini 'syn.file=C:\Users\Burak\Desktop\TAU\HLS\PositFFT\PositFFT\posit_lib.cpp' from C:/Users/Burak/Desktop/TAU/HLS/PositFFT/PositFFT/hls_config.cfg(8)
INFO: [HLS 200-10] Adding design file 'C:/Users/Burak/Desktop/TAU/HLS/PositFFT/PositFFT/posit_lib.cpp' to the project
INFO: [HLS 200-1465] Applying ini 'tb.file=posit_fft_test.cpp' from C:/Users/Burak/Desktop/TAU/HLS/PositFFT/PositFFT/hls_config.cfg(11)
INFO: [HLS 200-10] Adding test bench file 'C:/Users/Burak/Desktop/TAU/HLS/PositFFT/PositFFT/posit_fft_test.cpp' to the project
INFO: [HLS 200-1465] Applying ini 'syn.top=positDiv' from C:/Users/Burak/Desktop/TAU/HLS/PositFFT/PositFFT/hls_config.cfg(10)
INFO: [HLS 200-1465] Applying ini 'flow_target=vivado' from C:/Users/Burak/Desktop/TAU/HLS/PositFFT/PositFFT/hls_config.cfg(4)
INFO: [HLS 200-1505] Using flow_target 'vivado'
Resolution: For help on HLS 200-1505 see docs.xilinx.com/access/sources/dita/topic?Doc_Version=2024.2%20English&url=ug1448-hls-guidance&resourceid=200-1505.html
INFO: [HLS 200-1465] Applying ini 'part=xazu3teg-sfvc784-1Q-q' from C:/Users/Burak/Desktop/TAU/HLS/PositFFT/PositFFT/hls_config.cfg(1)
INFO: [HLS 200-1611] Setting target device to 'xazu3teg-sfvc784-1Q-q'
INFO: [HLS 200-1465] Applying ini 'csim.code_analyzer=0' from C:/Users/Burak/Desktop/TAU/HLS/PositFFT/PositFFT/hls_config.cfg(9)
INFO: [HLS 200-1465] Applying ini 'package.output.format=ip_catalog' from C:/Users/Burak/Desktop/TAU/HLS/PositFFT/PositFFT/hls_config.cfg(5)
INFO: [SIM 211-2] *************** CSIM start ***************
INFO: [SIM 211-4] CSIM will launch CLANG as the compiler.
INFO: [HLS 200-2036] Building debug C Simulation binaries
   Compiling ../../../../posit_lib.cpp in debug mode
   Generating csim.exe
In file included from ../../../../posit_lib.cpp:1:
In file included from ../../../../posit.hpp:1:
In file included from C:/Xilinx/Vitis/2024.2/include/ap_int.h:10:
In file included from C:/Xilinx/Vitis/2024.2/include/etc/ap_common.h:658:
In file included from C:/Xilinx/Vitis/2024.2/include/etc/ap_private.h:68:
In file included from C:/Xilinx/Vitis/2024.2/include/hls_half.h:26:
In file included from C:/Xilinx/Vitis/2024.2/include/etc/hls_half_fpo.h:19:
In file included from C:/Xilinx/Vitis/2024.2/include/hls_fpo.h:140:
In file included from C:/Xilinx/Vitis/2024.2/include/floating_point_v7_1_bitacc_cmodel.h:150:
C:/Xilinx/Vitis/2024.2/include/gmp.h:58:9: warning: '__GMP_LIBGMP_DLL' macro redefined [-Wmacro-redefined]
#define __GMP_LIBGMP_DLL  0
        ^
C:/Xilinx/Vitis/2024.2/include/floating_point_v7_1_bitacc_cmodel.h:142:9: note: previous definition is here
#define __GMP_LIBGMP_DLL 1
        ^
../../../../posit_lib.cpp:933:33: warning: shifting a negative signed value is undefined [-Wshift-negative-value]
        sf_t sf_x,sf_y,sf_r,max =((2-N)<<ES);
                                  ~~~~~^
2 warnings generated.
Before Load
After Load
Calculating results...
0
sampleCount: 32768
1
sampleCount: 32768
2
sampleCount: 32768
3
sampleCount: 32768
4
sampleCount: 32768
5
sampleCount: 32768
6
sampleCount: 32768
7
sampleCount: 32768
8
sampleCount: 32768
9
sampleCount: 32768
10
sampleCount: 32768
11
sampleCount: 32768
12
sampleCount: 32768
13
sampleCount: 32768
14
sampleCount: 32768
15
sampleCount: 32768
16
sampleCount: 32768
17
sampleCount: 32768
18
sampleCount: 32768
19
sampleCount: 32768
20
sampleCount: 32768
21
sampleCount: 32768
22
sampleCount: 32768
23
sampleCount: 32768
24
sampleCount: 32768
25
sampleCount: 32768
26
sampleCount: 32768
27
sampleCount: 32768
28
sampleCount: 32768
29
sampleCount: 32768
30
sampleCount: 32768
31
sampleCount: 32768
32
sampleCount: 32768
33
sampleCount: 32768
34
sampleCount: 32768
35
sampleCount: 32768
36
sampleCount: 32768
37
sampleCount: 32768
38
sampleCount: 32768
39
sampleCount: 32768
40
sampleCount: 32768
41
sampleCount: 32768
42
sampleCount: 32768
43
sampleCount: 32768
44
sampleCount: 32768
45
sampleCount: 32768
46
sampleCount: 32768
47
sampleCount: 32768
48
sampleCount: 32768
49
sampleCount: 32768
50
sampleCount: 32768
51
sampleCount: 32768
52
sampleCount: 32768
53
sampleCount: 32768
54
sampleCount: 32768
55
sampleCount: 32768
56
sampleCount: 32768
57
sampleCount: 32768
58
sampleCount: 32768
59
sampleCount: 32768
60
sampleCount: 32768
61
sampleCount: 32768
62
sampleCount: 32768
63
sampleCount: 32768
64
sampleCount: 32768
65
sampleCount: 32768
66
sampleCount: 32768
67
sampleCount: 32768
68
sampleCount: 32768
69
sampleCount: 32768
70
sampleCount: 32768
71
sampleCount: 32768
72
sampleCount: 32768
73
sampleCount: 32768
74
sampleCount: 32768
75
sampleCount: 32768
76
sampleCount: 32768
77
sampleCount: 32768
78
sampleCount: 32768
79
sampleCount: 32768
80
sampleCount: 32768
81
sampleCount: 32768
82
sampleCount: 32768
83
sampleCount: 32768
84
sampleCount: 32768
85
sampleCount: 32768
86
sampleCount: 32768
87
sampleCount: 32768
88
sampleCount: 32768
89
sampleCount: 32768
90
sampleCount: 32768
91
sampleCount: 32768
92
sampleCount: 32768
93
sampleCount: 32768
94
sampleCount: 32768
95
sampleCount: 32768
96
sampleCount: 32768
97
sampleCount: 32768
98
sampleCount: 32768
99
sampleCount: 32768
100
sampleCount: 32768
101
sampleCount: 32768
102
sampleCount: 32768
103
sampleCount: 32768
104
sampleCount: 32768
105
sampleCount: 32768
106
sampleCount: 32768
107
sampleCount: 32768
108
sampleCount: 32768
109
sampleCount: 32768
110
sampleCount: 32768
111
sampleCount: 32768
112
sampleCount: 32768
113
sampleCount: 32768
114
sampleCount: 32768
115
sampleCount: 32768
116
sampleCount: 32768
117
sampleCount: 32768
118
sampleCount: 32768
119
sampleCount: 32768
120
sampleCount: 32768
121
sampleCount: 32768
122
sampleCount: 32768
123
sampleCount: 32768
124
sampleCount: 32768
125
sampleCount: 32768
126
sampleCount: 32768
127
sampleCount: 32768
128
sampleCount: 32768
129
sampleCount: 32768
130
sampleCount: 32768
131
sampleCount: 32768
132
sampleCount: 32768
133
sampleCount: 32768
134
sampleCount: 32768
135
sampleCount: 32768
136
sampleCount: 32768
137
sampleCount: 32768
138
sampleCount: 32768
139
sampleCount: 32768
140
sampleCount: 32768
141
sampleCount: 32768
142
sampleCount: 32768
143
sampleCount: 32768
144
sampleCount: 32768
145
sampleCount: 32768
146
sampleCount: 32768
147
sampleCount: 32768
148
sampleCount: 32768
149
sampleCount: 32768
150
sampleCount: 32768
151
sampleCount: 32768
152
sampleCount: 32768
153
sampleCount: 32768
154
sampleCount: 32768
155
sampleCount: 32768
156
sampleCount: 32768
157
sampleCount: 32768
158
sampleCount: 32768
159
sampleCount: 32768
160
sampleCount: 32768
161
sampleCount: 32768
162
sampleCount: 32768
163
sampleCount: 32768
164
sampleCount: 32768
165
sampleCount: 32768
166
sampleCount: 32768
167
sampleCount: 32768
168
sampleCount: 32768
169
sampleCount: 32768
170
sampleCount: 32768
171
sampleCount: 32768
172
sampleCount: 32768
173
sampleCount: 32768
174
sampleCount: 32768
175
sampleCount: 32768
176
sampleCount: 32768
177
sampleCount: 32768
178
sampleCount: 32768
179
sampleCount: 32768
180
sampleCount: 32768
181
sampleCount: 32768
182
sampleCount: 32768
183
sampleCount: 32768
184
sampleCount: 32768
185
sampleCount: 32768
186
sampleCount: 32768
187
sampleCount: 32768
188
sampleCount: 32768
189
sampleCount: 32768
190
sampleCount: 32768
191
sampleCount: 32768
192
sampleCount: 32768
193
sampleCount: 32768
194
sampleCount: 32768
195
sampleCount: 32768
196
sampleCount: 32768
197
sampleCount: 32768
198
sampleCount: 32768
199
sampleCount: 32768
200
sampleCount: 32768
201
sampleCount: 32768
202
sampleCount: 32768
203
sampleCount: 32768
204
sampleCount: 32768
205
sampleCount: 32768
206
sampleCount: 32768
207
sampleCount: 32768
