  **** HLS Build v2024.2 5238294
INFO: [HLS 200-2005] Using work_dir C:/Users/Burak/Desktop/TAU/HLS/PositFFT/PositFFT/PositFFT 
INFO: [HLS 200-1505] Using default flow_target 'vivado'
Resolution: For help on HLS 200-1505 see docs.xilinx.com/access/sources/dita/topic?Doc_Version=2024.2%20English&url=ug1448-hls-guidance&resourceid=200-1505.html
INFO: [HLS 200-1465] Applying ini 'syn.file=C:\Users\Burak\Desktop\TAU\HLS\PositFFT\PositFFT\posit.hpp' from C:/Users/Burak/Desktop/TAU/HLS/PositFFT/PositFFT/hls_config.cfg(7)
INFO: [HLS 200-10] Adding design file 'C:/Users/Burak/Desktop/TAU/HLS/PositFFT/PositFFT/posit.hpp' to the project
INFO: [HLS 200-1465] Applying ini 'syn.file=C:\Users\Burak\Desktop\TAU\HLS\PositFFT\PositFFT\posit_lib.cpp' from C:/Users/Burak/Desktop/TAU/HLS/PositFFT/PositFFT/hls_config.cfg(8)
INFO: [HLS 200-10] Adding design file 'C:/Users/Burak/Desktop/TAU/HLS/PositFFT/PositFFT/posit_lib.cpp' to the project
INFO: [HLS 200-1465] Applying ini 'tb.file=posit_fft_test.cpp' from C:/Users/Burak/Desktop/TAU/HLS/PositFFT/PositFFT/hls_config.cfg(11)
INFO: [HLS 200-10] Adding test bench file 'C:/Users/Burak/Desktop/TAU/HLS/PositFFT/PositFFT/posit_fft_test.cpp' to the project
INFO: [HLS 200-1465] Applying ini 'syn.top=positDiv' from C:/Users/Burak/Desktop/TAU/HLS/PositFFT/PositFFT/hls_config.cfg(10)
INFO: [HLS 200-1465] Applying ini 'flow_target=vivado' from C:/Users/Burak/Desktop/TAU/HLS/PositFFT/PositFFT/hls_config.cfg(4)
INFO: [HLS 200-1505] Using flow_target 'vivado'
Resolution: For help on HLS 200-1505 see docs.xilinx.com/access/sources/dita/topic?Doc_Version=2024.2%20English&url=ug1448-hls-guidance&resourceid=200-1505.html
INFO: [HLS 200-1465] Applying ini 'part=xazu3teg-sfvc784-1Q-q' from C:/Users/Burak/Desktop/TAU/HLS/PositFFT/PositFFT/hls_config.cfg(1)
INFO: [HLS 200-1611] Setting target device to 'xazu3teg-sfvc784-1Q-q'
INFO: [HLS 200-1465] Applying ini 'csim.code_analyzer=0' from C:/Users/Burak/Desktop/TAU/HLS/PositFFT/PositFFT/hls_config.cfg(9)
INFO: [HLS 200-1465] Applying ini 'package.output.format=ip_catalog' from C:/Users/Burak/Desktop/TAU/HLS/PositFFT/PositFFT/hls_config.cfg(5)
INFO: [SIM 211-2] *************** CSIM start ***************
INFO: [SIM 211-4] CSIM will launch CLANG as the compiler.
INFO: [HLS 200-2036] Building debug C Simulation binaries
   Compiling ../../../../posit_lib.cpp in debug mode
   Generating csim.exe
In file included from ../../../../posit_lib.cpp:1:
In file included from ../../../../posit.hpp:1:
In file included from C:/Xilinx/Vitis/2024.2/include/ap_int.h:10:
In file included from C:/Xilinx/Vitis/2024.2/include/etc/ap_common.h:658:
In file included from C:/Xilinx/Vitis/2024.2/include/etc/ap_private.h:68:
In file included from C:/Xilinx/Vitis/2024.2/include/hls_half.h:26:
In file included from C:/Xilinx/Vitis/2024.2/include/etc/hls_half_fpo.h:19:
In file included from C:/Xilinx/Vitis/2024.2/include/hls_fpo.h:140:
In file included from C:/Xilinx/Vitis/2024.2/include/floating_point_v7_1_bitacc_cmodel.h:150:
C:/Xilinx/Vitis/2024.2/include/gmp.h:58:9: warning: '__GMP_LIBGMP_DLL' macro redefined [-Wmacro-redefined]
#define __GMP_LIBGMP_DLL  0
        ^
C:/Xilinx/Vitis/2024.2/include/floating_point_v7_1_bitacc_cmodel.h:142:9: note: previous definition is here
#define __GMP_LIBGMP_DLL 1
        ^
../../../../posit_lib.cpp:933:33: warning: shifting a negative signed value is undefined [-Wshift-negative-value]
        sf_t sf_x,sf_y,sf_r,max =((2-N)<<ES);
                                  ~~~~~^
2 warnings generated.
6.28
Before Load
After Load
Calculating results...
sampleCount: 10
0
dAngle: -0
D: 1-0
dAngle: -0
D: 1-0
dAngle: -0
D: 1-0
dAngle: -0
D: 1-0
dAngle: -0
D: 1-0
dAngle: -0
D: 1-0
dAngle: -0
D: 1-0
dAngle: -0
D: 1-0
dAngle: -0
D: 1-0
dAngle: -0
D: 1-0
dAngle: -0
D: 1-0
dAngle: -0.628
D: 0.807609--0.587527
dAngle: -1.256
D: 0.285167--0.950838
dAngle: -1.884
D: -0.285167--0.950838
dAngle: -2.512
D: -0.807609--0.587527
dAngle: -3.14
D: -1-0
dAngle: -3.768
D: -0.807609-0.587527
dAngle: -4.396
D: -0.285167-0.950838
dAngle: -5.024
D: 0.285167-0.950838
dAngle: -5.652
D: 0.807609-0.587527
dAngle: -0
D: 1-0
dAngle: -1.256
D: 0.285167--0.950838
dAngle: -2.512
D: -0.807609--0.587527
dAngle: -3.768
D: -0.807609-0.587527
dAngle: -5.024
D: 0.285167-0.950838
dAngle: -6.28
D: 1-0
dAngle: -7.536
D: 0.285167--0.950838
dAngle: -8.792
D: -0.807609--0.587527
dAngle: -10.048
D: -0.807609-0.587527
dAngle: -11.304
D: 0.285167-0.950838
dAngle: -0
D: 1-0
dAngle: -1.884
D: -0.285167--0.950838
dAngle: -3.768
D: -0.807609-0.587527
dAngle: -5.652
D: 0.807609-0.587527
dAngle: -7.536
D: 0.285167--0.950838
dAngle: -9.42
D: -1--4.44089e-16
dAngle: -11.304
D: 0.285167-0.950838
dAngle: -13.188
D: 0.807609--0.587527
dAngle: -15.072
D: -0.807609--0.587527
dAngle: -16.956
D: -0.285167-0.950838
dAngle: -0
D: 1-0
dAngle: -2.512
D: -0.807609--0.587527
dAngle: -5.024
D: 0.285167-0.950838
dAngle: -7.536
D: 0.285167--0.950838
dAngle: -10.048
D: -0.807609-0.587527
dAngle: -12.56
D: 1-0
dAngle: -15.072
D: -0.807609--0.587527
dAngle: -17.584
D: 0.285167-0.950838
dAngle: -20.096
D: 0.285167--0.950838
dAngle: -22.608
D: -0.807609-0.587527
dAngle: -0
D: 1-0
dAngle: -3.14
D: -1-0
dAngle: -6.28
D: 1-0
dAngle: -9.42
D: -1--4.44089e-16
dAngle: -12.56
D: 1-0
dAngle: -15.7
D: -1--1.33227e-15
dAngle: -18.84
D: 1-8.88178e-16
dAngle: -21.98
D: -1--4.44089e-16
dAngle: -25.12
D: 1-0
dAngle: -28.26
D: -1-4.44089e-16
dAngle: -0
D: 1-0
dAngle: -3.768
D: -0.807609-0.587527
dAngle: -7.536
D: 0.285167--0.950838
dAngle: -11.304
D: 0.285167-0.950838
dAngle: -15.072
D: -0.807609--0.587527
dAngle: -18.84
D: 1-8.88178e-16
dAngle: -22.608
D: -0.807609-0.587527
dAngle: -26.376
D: 0.285167--0.950838
dAngle: -30.144
D: 0.285167-0.950838
dAngle: -33.912
D: -0.807609--0.587527
dAngle: -0
D: 1-0
dAngle: -4.396
D: -0.285167-0.950838
dAngle: -8.792
D: -0.807609--0.587527
dAngle: -13.188
D: 0.807609--0.587527
dAngle: -17.584
D: 0.285167-0.950838
dAngle: -21.98
D: -1--4.44089e-16
dAngle: -26.376
D: 0.285167--0.950838
dAngle: -30.772
D: 0.807609-0.587527
dAngle: -35.168
D: -0.807609-0.587527
dAngle: -39.564
D: -0.285167--0.950838
dAngle: -0
D: 1-0
dAngle: -5.024
D: 0.285167-0.950838
dAngle: -10.048
D: -0.807609-0.587527
dAngle: -15.072
D: -0.807609--0.587527
dAngle: -20.096
D: 0.285167--0.950838
dAngle: -25.12
D: 1-0
dAngle: -30.144
D: 0.285167-0.950838
dAngle: -35.168
D: -0.807609-0.587527
dAngle: -40.192
D: -0.807609--0.587527
dAngle: -45.216
D: 0.285167--0.950838
dAngle: -0
D: 1-0
dAngle: -5.652
D: 0.807609-0.587527
dAngle: -11.304
D: 0.285167-0.950838
dAngle: -16.956
D: -0.285167-0.950838
dAngle: -22.608
D: -0.807609-0.587527
dAngle: -28.26
D: -1-4.44089e-16
dAngle: -33.912
D: -0.807609--0.587527
dAngle: -39.564
D: -0.285167--0.950838
dAngle: -45.216
D: 0.285167--0.950838
dAngle: -50.868
D: 0.807609--0.587527
Calculating posit results...
sampleCount: 10
0
n,k: 0-0pAngle: 0
P: 1-0
n,k: 1-0pAngle: 0
P: 1-0
n,k: 2-0pAngle: 0
P: 1-0
n,k: 3-0pAngle: 0
P: 1-0
n,k: 4-0pAngle: 0
P: 1-0
n,k: 5-0pAngle: 0
P: 1-0
n,k: 6-0pAngle: 0
P: 1-0
n,k: 7-0pAngle: 0
P: 1-0
n,k: 8-0pAngle: 0
P: 1-0
n,k: 9-0pAngle: 0
P: 1-0
n,k: 0-1pAngle: 0
P: 1-0
n,k: 1-1pAngle: -0.628
P: 0.807609--0.587526
n,k: 2-1pAngle: -1.256
P: 0.285167--0.950662
n,k: 3-1pAngle: -1.884
P: -0.285167--0.950662
n,k: 4-1pAngle: -2.512
P: -0.807609--0.587526
n,k: 5-1pAngle: -3.14
P: -1-3.10441e-09
n,k: 6-1pAngle: -3.768
P: -0.807609-0.587526
n,k: 7-1pAngle: -4.396
P: -0.285167-0.950662
n,k: 8-1pAngle: -5.024
P: 0.285167-0.950662
n,k: 9-1pAngle: -5.652
P: 0.807609-0.587526
n,k: 0-2pAngle: 0
P: 1-0
n,k: 1-2pAngle: -1.256
P: 0.285167--0.950662
n,k: 2-2pAngle: -2.512
P: -0.807609--0.587526
n,k: 3-2pAngle: -3.768
P: -0.807609-0.587526
n,k: 4-2pAngle: -5.024
P: 0.285167-0.950662
n,k: 5-2pAngle: -6.28
P: 1-4.34617e-09
n,k: 6-2pAngle: -7.536
P: 0.285167--0.950662
n,k: 7-2pAngle: -8.792
P: -0.807609--0.587526
n,k: 8-2pAngle: -10.048
P: -0.807609-0.587526
n,k: 9-2pAngle: -11.304
P: 0.285167-0.950662
n,k: 0-3pAngle: 0
P: 1-0
n,k: 1-3pAngle: -1.884
P: -0.285167--0.950662
n,k: 2-3pAngle: -3.768
P: -0.807609-0.587526
n,k: 3-3pAngle: -5.652
P: 0.807609-0.587526
n,k: 4-3pAngle: -7.536
P: 0.285167--0.950662
n,k: 5-3pAngle: -9.42
P: -1--1.17968e-08
n,k: 6-3pAngle: -11.304
P: 0.285167-0.950662
n,k: 7-3pAngle: -13.188
P: 0.807609--0.587526
n,k: 8-3pAngle: -15.072
P: -0.807609--0.587526
n,k: 9-3pAngle: -16.956
P: -0.285168-0.950662
n,k: 0-4pAngle: 0
P: 1-0
n,k: 1-4pAngle: -2.512
P: -0.807609--0.587526
n,k: 2-4pAngle: -5.024
P: 0.285167-0.950662
n,k: 3-4pAngle: -7.536
P: 0.285167--0.950662
n,k: 4-4pAngle: -10.048
P: -0.807609-0.587526
n,k: 5-4pAngle: -12.56
P: 1-9.93411e-09
n,k: 6-4pAngle: -15.072
P: -0.807609--0.587526
n,k: 7-4pAngle: -17.584
P: 0.285167-0.950662
n,k: 8-4pAngle: -20.096
P: 0.285168--0.950662
n,k: 9-4pAngle: -22.608
P: -0.807609-0.587526
n,k: 0-5pAngle: 0
P: 1-0
n,k: 1-5pAngle: -3.14
P: -1-3.10441e-09
n,k: 2-5pAngle: -6.28
P: 1-4.34617e-09
n,k: 3-5pAngle: -9.42
P: -1--1.17968e-08
n,k: 4-5pAngle: -12.56
P: 1-9.93411e-09
n,k: 5-5pAngle: -15.7
P: -1--9.93411e-09
n,k: 6-5pAngle: -18.84
P: 1-2.48353e-08
n,k: 7-5pAngle: -21.98
P: -1--8.07146e-09
n,k: 8-5pAngle: -25.12
P: 1-2.29726e-08
n,k: 9-5pAngle: -28.26
P: -1--8.07146e-09
n,k: 0-6pAngle: 0
P: 1-0
n,k: 1-6pAngle: -3.768
P: -0.807609-0.587526
n,k: 2-6pAngle: -7.536
P: 0.285167--0.950662
n,k: 3-6pAngle: -11.304
P: 0.285167-0.950662
n,k: 4-6pAngle: -15.072
P: -0.807609--0.587526
n,k: 5-6pAngle: -18.84
P: 1-2.48353e-08
n,k: 6-6pAngle: -22.608
P: -0.807609-0.587526
n,k: 7-6pAngle: -26.376
P: 0.285168--0.950662
n,k: 8-6pAngle: -30.144
P: 0.285167-0.950662
n,k: 9-6pAngle: -33.912
P: -0.807609--0.587526
n,k: 0-7pAngle: 0
P: 1-0
n,k: 1-7pAngle: -4.396
P: -0.285167-0.950662
n,k: 2-7pAngle: -8.792
P: -0.807609--0.587526
n,k: 3-7pAngle: -13.188
P: 0.807609--0.587526
n,k: 4-7pAngle: -17.584
P: 0.285167-0.950662
n,k: 5-7pAngle: -21.98
P: -1--8.07146e-09
n,k: 6-7pAngle: -26.376
P: 0.285168--0.950662
n,k: 7-7pAngle: -30.772
P: 0.807609-0.587526
n,k: 8-7pAngle: -35.168
P: -0.807609-0.587526
n,k: 9-7pAngle: -39.564
P: -0.285167--0.950662
n,k: 0-8pAngle: 0
P: 1-0
n,k: 1-8pAngle: -5.024
P: 0.285167-0.950662
n,k: 2-8pAngle: -10.048
P: -0.807609-0.587526
n,k: 3-8pAngle: -15.072
P: -0.807609--0.587526
n,k: 4-8pAngle: -20.096
P: 0.285168--0.950662
n,k: 5-8pAngle: -25.12
P: 1-2.29726e-08
n,k: 6-8pAngle: -30.144
P: 0.285167-0.950662
n,k: 7-8pAngle: -35.168
P: -0.807609-0.587526
n,k: 8-8pAngle: -40.192
P: -0.807609--0.587526
n,k: 9-8pAngle: -45.216
P: 0.285168--0.950662
n,k: 0-9pAngle: 0
P: 1-0
n,k: 1-9pAngle: -5.652
P: 0.807609-0.587526
n,k: 2-9pAngle: -11.304
P: 0.285167-0.950662
n,k: 3-9pAngle: -16.956
P: -0.285168-0.950662
n,k: 4-9pAngle: -22.608
P: -0.807609-0.587526
n,k: 5-9pAngle: -28.26
P: -1--8.07146e-09
n,k: 6-9pAngle: -33.912
P: -0.807609--0.587526
n,k: 7-9pAngle: -39.564
P: -0.285167--0.950662
n,k: 8-9pAngle: -45.216
P: 0.285168--0.950662
n,k: 9-9pAngle: -50.868
P: 0.807609--0.587526
Writing results in files...
Saved 2000 values to c:/Users/Burak/Desktop/TAU/HLS/PositFFT/PositFFT/posit_fft_real.txt
Saved 2000 values to c:/Users/Burak/Desktop/TAU/HLS/PositFFT/PositFFT/posit_fft_imag.txt
Saved 2000 values to c:/Users/Burak/Desktop/TAU/HLS/PositFFT/PositFFT/fft_real.txt
Saved 2000 values to c:/Users/Burak/Desktop/TAU/HLS/PositFFT/PositFFT/fft_imag.txt
INFO: [SIM 211-1] CSim done with 0 errors.
INFO: [SIM 211-3] *************** CSIM finish ***************
INFO: [HLS 200-112] Total CPU user time: 2 seconds. Total CPU system time: 1 seconds. Total elapsed time: 22.246 seconds; peak allocated memory: 162.992 MB.
INFO: [vitis-run 60-791] Total elapsed time: 0h 0m 30s
