  **** HLS Build v2024.2 5238294
INFO: [HLS 200-2005] Using work_dir C:/Users/Burak/Desktop/TAU/HLS/PositFFT/PositFFT/PositFFT 
INFO: [HLS 200-1505] Using default flow_target 'vivado'
Resolution: For help on HLS 200-1505 see docs.xilinx.com/access/sources/dita/topic?Doc_Version=2024.2%20English&url=ug1448-hls-guidance&resourceid=200-1505.html
INFO: [HLS 200-1465] Applying ini 'syn.file=C:\Users\Burak\Desktop\TAU\HLS\PositFFT\PositFFT\posit.hpp' from C:/Users/Burak/Desktop/TAU/HLS/PositFFT/PositFFT/hls_config.cfg(7)
INFO: [HLS 200-10] Adding design file 'C:/Users/Burak/Desktop/TAU/HLS/PositFFT/PositFFT/posit.hpp' to the project
INFO: [HLS 200-1465] Applying ini 'syn.file=C:\Users\Burak\Desktop\TAU\HLS\PositFFT\PositFFT\posit_lib.cpp' from C:/Users/Burak/Desktop/TAU/HLS/PositFFT/PositFFT/hls_config.cfg(8)
INFO: [HLS 200-10] Adding design file 'C:/Users/Burak/Desktop/TAU/HLS/PositFFT/PositFFT/posit_lib.cpp' to the project
INFO: [HLS 200-1465] Applying ini 'tb.file=posit_fft_test.cpp' from C:/Users/Burak/Desktop/TAU/HLS/PositFFT/PositFFT/hls_config.cfg(12)
INFO: [HLS 200-10] Adding test bench file 'C:/Users/Burak/Desktop/TAU/HLS/PositFFT/PositFFT/posit_fft_test.cpp' to the project
INFO: [HLS 200-1465] Applying ini 'syn.top=dIFFT' from C:/Users/Burak/Desktop/TAU/HLS/PositFFT/PositFFT/hls_config.cfg(10)
INFO: [HLS 200-1465] Applying ini 'flow_target=vivado' from C:/Users/Burak/Desktop/TAU/HLS/PositFFT/PositFFT/hls_config.cfg(4)
INFO: [HLS 200-1505] Using flow_target 'vivado'
Resolution: For help on HLS 200-1505 see docs.xilinx.com/access/sources/dita/topic?Doc_Version=2024.2%20English&url=ug1448-hls-guidance&resourceid=200-1505.html
INFO: [HLS 200-1465] Applying ini 'part=xazu7ev-fbvb900-1-i' from C:/Users/Burak/Desktop/TAU/HLS/PositFFT/PositFFT/hls_config.cfg(1)
INFO: [HLS 200-1611] Setting target device to 'xazu7ev-fbvb900-1-i'
INFO: [HLS 200-1465] Applying ini 'clock=10ns' from C:/Users/Burak/Desktop/TAU/HLS/PositFFT/PositFFT/hls_config.cfg(11)
INFO: [SYN 201-201] Setting up clock 'default' with a period of 10ns.
INFO: [HLS 200-1465] Applying ini 'csim.code_analyzer=0' from C:/Users/Burak/Desktop/TAU/HLS/PositFFT/PositFFT/hls_config.cfg(9)
INFO: [HLS 200-1465] Applying ini 'package.output.format=ip_catalog' from C:/Users/Burak/Desktop/TAU/HLS/PositFFT/PositFFT/hls_config.cfg(5)
INFO: [SIM 211-2] *************** CSIM start ***************
INFO: [SIM 211-4] CSIM will launch CLANG as the compiler.
INFO: [HLS 200-2036] Building debug C Simulation binaries
   Compiling ../../../../posit_fft_test.cpp in debug mode
   Generating csim.exe
In file included from ../../../../posit_fft_test.cpp:1:
In file included from ../../../../posit.hpp:1:
In file included from C:/Xilinx/Vitis/2024.2/include/ap_int.h:10:
In file included from C:/Xilinx/Vitis/2024.2/include/etc/ap_common.h:658:
In file included from C:/Xilinx/Vitis/2024.2/include/etc/ap_private.h:68:
In file included from C:/Xilinx/Vitis/2024.2/include/hls_half.h:26:
In file included from C:/Xilinx/Vitis/2024.2/include/etc/hls_half_fpo.h:19:
In file included from C:/Xilinx/Vitis/2024.2/include/hls_fpo.h:140:
In file included from C:/Xilinx/Vitis/2024.2/include/floating_point_v7_1_bitacc_cmodel.h:150:
C:/Xilinx/Vitis/2024.2/include/gmp.h:58:9: warning: '__GMP_LIBGMP_DLL' macro redefined [-Wmacro-redefined]
#define __GMP_LIBGMP_DLL  0
        ^
C:/Xilinx/Vitis/2024.2/include/floating_point_v7_1_bitacc_cmodel.h:142:9: note: previous definition is here
#define __GMP_LIBGMP_DLL 1
        ^
1 warning generated.
double PI: 2
ONE: 1
POSIT_PI_OVER2: 1
PI: 2
2PI: 4
POSIT_M_PI_OVER2: -1
POSIT_M_PI: -2
POSIT_M_2PI: -4
----------------SNR RESULTS K Factor-------------------------
SNR k factor Calculation: inf dB
----------------SNR RESULTS MOD-------------------------
SNR Before Calculation: 182.76919747 dB
SNR Mod Calculation: 147.273341772 dB
Before Load
Loaded 64 values into arrays
Saved 64 values to c:/Users/Burak/Desktop/TAU/HLS/PositFFT/PositFFT/TERMS_4_N_32_ES_0_SIZE_64_APP/in_double.txt
Saved 64 values to c:/Users/Burak/Desktop/TAU/HLS/PositFFT/PositFFT/TERMS_4_N_32_ES_0_SIZE_64_APP/in_float.txt
Saved 64 values to c:/Users/Burak/Desktop/TAU/HLS/PositFFT/PositFFT/TERMS_4_N_32_ES_0_SIZE_64_APP/in_posit.txt
----------------SNR RESULTS INPUT-------------------------
SNR (Posit Reconstruction): 174.854780247 dB
SNR (Float Conversion): 153.033390045 dB
After Load
Loaded 64 values into arrays
Saved 64 values to c:/Users/Burak/Desktop/TAU/HLS/PositFFT/PositFFT/TERMS_4_N_32_ES_0_SIZE_64_APP/inSinCos_double.txt
Saved 64 values to c:/Users/Burak/Desktop/TAU/HLS/PositFFT/PositFFT/TERMS_4_N_32_ES_0_SIZE_64_APP/inSinCos_float.txt
Saved 64 values to c:/Users/Burak/Desktop/TAU/HLS/PositFFT/PositFFT/TERMS_4_N_32_ES_0_SIZE_64_APP/inSinCos_posit.txt
----------SIN--------------
Saved 64 values to c:/Users/Burak/Desktop/TAU/HLS/PositFFT/PositFFT/TERMS_4_N_32_ES_0_SIZE_64_APP/sin_double.txt
Saved 64 values to c:/Users/Burak/Desktop/TAU/HLS/PositFFT/PositFFT/TERMS_4_N_32_ES_0_SIZE_64_APP/sin_posit.txt
Saved 64 values to c:/Users/Burak/Desktop/TAU/HLS/PositFFT/PositFFT/TERMS_4_N_32_ES_0_SIZE_64_APP/sin_float.txt
----------------SNR RESULTS SIN-------------------------
SNR (Posit Reconstruction): 164.255076541 dB
SNR (Float Conversion): 135.066728592 dB
----------COS--------------
Saved 64 values to c:/Users/Burak/Desktop/TAU/HLS/PositFFT/PositFFT/TERMS_4_N_32_ES_0_SIZE_64_APP/cos_double.txt
Saved 64 values to c:/Users/Burak/Desktop/TAU/HLS/PositFFT/PositFFT/TERMS_4_N_32_ES_0_SIZE_64_APP/cos_posit.txt
Saved 64 values to c:/Users/Burak/Desktop/TAU/HLS/PositFFT/PositFFT/TERMS_4_N_32_ES_0_SIZE_64_APP/cos_float.txt
----------------SNR RESULTS COS-------------------------
SNR (Posit Reconstruction): 173.109912445 dB
SNR (Float Conversion): 143.528232574 dB
----------FFT--------------
Calculating double results...
0
Calculating float results...
0
Calculating posit results...
Writing results in files...
Saved 64 values to c:/Users/Burak/Desktop/TAU/HLS/PositFFT/PositFFT/TERMS_4_N_32_ES_0_SIZE_64_APP/signal.txt
Saved 64 values to c:/Users/Burak/Desktop/TAU/HLS/PositFFT/PositFFT/TERMS_4_N_32_ES_0_SIZE_64_APP/posit_fft_real.txt
Saved 64 values to c:/Users/Burak/Desktop/TAU/HLS/PositFFT/PositFFT/TERMS_4_N_32_ES_0_SIZE_64_APP/posit_fft_imag.txt
Saved 64 values to c:/Users/Burak/Desktop/TAU/HLS/PositFFT/PositFFT/TERMS_4_N_32_ES_0_SIZE_64_APP/double_fft_real.txt
Saved 64 values to c:/Users/Burak/Desktop/TAU/HLS/PositFFT/PositFFT/TERMS_4_N_32_ES_0_SIZE_64_APP/double_fft_imag.txt
Saved 64 values to c:/Users/Burak/Desktop/TAU/HLS/PositFFT/PositFFT/TERMS_4_N_32_ES_0_SIZE_64_APP/float_fft_real.txt
Saved 64 values to c:/Users/Burak/Desktop/TAU/HLS/PositFFT/PositFFT/TERMS_4_N_32_ES_0_SIZE_64_APP/float_fft_imag.txt
----------------SNR RESULTS FFT-------------------------
SNR (Posit Reconstruction): 14.702046628 dB
SNR (Float Conversion): 136.545228958 dB
-0 0
-0.0625 -0.0625
-0.125 -0.125
-0.1875 -0.1875
-0.25 -0.25
-0.3125 -0.3125
-0.375 -0.375
-0.4375 -0.4375
-0.5 -0.5
-0.5625 -0.5625
-0.625 -0.625
-0.6875 -0.6875
-0.75 -0.75
-0.8125 -0.8125
-0.875 -0.875
-0.9375 -0.9375
-1 -1
-1.0625 -1.0625
-1.125 -1.125
-1.1875 -1.1875
-1.25 -1.25
-1.3125 -1.3125
-1.375 -1.375
-1.4375 -1.4375
-1.5 -1.5
-1.5625 -1.5625
-1.625 -1.625
-1.6875 -1.6875
-1.75 -1.75
-1.8125 -1.8125
-1.875 -1.875
-1.9375 -1.9375
-2 -2
-2.0625 -2.0625
-2.125 -2.125
-2.1875 -2.1875
-2.25 -2.25
-2.3125 -2.3125
-2.375 -2.375
-2.4375 -2.4375
-2.5 -2.5
-2.5625 -2.5625
-2.625 -2.625
-2.6875 -2.6875
-2.75 -2.75
-2.8125 -2.8125
-2.875 -2.875
-2.9375 -2.9375
-3 -3
-3.0625 -3.0625
-3.125 -3.125
-3.1875 -3.1875
-3.25 -3.25
-3.3125 -3.3125
-3.375 -3.375
-3.4375 -3.4375
-3.5 -3.5
-3.5625 -3.5625
-3.625 -3.625
-3.6875 -3.6875
-3.75 -3.75
-3.8125 -3.8125
-3.875 -3.875
-3.9375 -3.9375
0 0
0 0
0 0
0 0
0 0
0 0
0 0
0 0
0 0
0 0
0 0
0 0
0 0
0 0
0 0
0 0
0 0
0 0
0 0
0 0
0 0
0 0
0 0
0 0
0 0
0 0
0 0
0 0
0 0
0 0
0 0
0 0
0 0
0 0
0 0
0 0
0 0
0 0
0 0
0 0
0 0
0 0
0 0
0 0
0 0
0 0
0 0
0 0
0 0
0 0
0 0
0 0
0 0
0 0
0 0
0 0
0 0
0 0
0 0
0 0
0 0
0 0
0 0
0 0
0 0
0 0
0 0
0 0
0 0
0 0
0 0
0 0
0 0
0 0
0 0
0 0
0 0
0 0
0 0
0 0
0 0
0 0
0 0
0 0
0 0
0 0
0 0
0 0
0 0
0 0
0 0
0 0
0 0
0 0
0 0
0 0
0 0
0 0
0 0
0 0
0 0
0 0
0 0
0 0
0 0
0 0
0 0
0 0
0 0
0 0
0 0
0 0
0 0
0 0
0 0
0 0
0 0
0 0
0 0
0 0
0 0
0 0
0 0
0 0
0 0
0 0
0 0
0 0
0 0
0 0
0 0
0 0
0 0
0 0
0 0
0 0
----------------SNR RESULTS Delta Theta-------------------------
SNR Before Calculation: inf dB
----------------SNR RESULTS MOD-------------------------
SNR Before Calculation: 182.76919747 dB
SNR Mod Calculation: 147.273341772 dB
Computing double IFFT...
Writing IFFT results to file...
Saved 64 values to c:/Users/Burak/Desktop/TAU/HLS/PositFFT/PositFFT/TERMS_4_N_32_ES_0_SIZE_64_APP/double_ifft_output.txt
Computing float IFFT...
Saved 64 values to c:/Users/Burak/Desktop/TAU/HLS/PositFFT/PositFFT/TERMS_4_N_32_ES_0_SIZE_64_APP/float_ifft_output.txt
Computing posit IFFT...
Saved 64 values to c:/Users/Burak/Desktop/TAU/HLS/PositFFT/PositFFT/TERMS_4_N_32_ES_0_SIZE_64_APP/posit_ifft_output.txt
----------------SNR RESULTS IFFT-------------------------
SNR (Posit Reconstruction): 17.5461117775 dB
SNR (Float Conversion): 135.511417389 dB
----------------SNR RESULTS IFFT WRT ORIG-----------------
SNR (Posit Reconstruction): 5.55834803448 dB
SNR (Float Conversion): 5.07209599018 dB
SNR (Double Conversion): 5.07209595544 dB
Processing complete.
INFO: [SIM 211-1] CSim done with 0 errors.
INFO: [SIM 211-3] *************** CSIM finish ***************
INFO: [HLS 200-112] Total CPU user time: 1 seconds. Total CPU system time: 0 seconds. Total elapsed time: 14.355 seconds; peak allocated memory: 162.867 MB.
INFO: [vitis-run 60-791] Total elapsed time: 0h 0m 19s
