  **** HLS Build v2024.2 5238294
INFO: [HLS 200-2005] Using work_dir C:/Users/Burak/Desktop/TAU/HLS/PositFFT/PositFFT/PositFFT 
INFO: [HLS 200-1505] Using default flow_target 'vivado'
Resolution: For help on HLS 200-1505 see docs.xilinx.com/access/sources/dita/topic?Doc_Version=2024.2%20English&url=ug1448-hls-guidance&resourceid=200-1505.html
INFO: [HLS 200-1465] Applying ini 'syn.file=C:\Users\Burak\Desktop\TAU\HLS\PositFFT\PositFFT\posit.hpp' from C:/Users/Burak/Desktop/TAU/HLS/PositFFT/PositFFT/hls_config.cfg(7)
INFO: [HLS 200-10] Adding design file 'C:/Users/Burak/Desktop/TAU/HLS/PositFFT/PositFFT/posit.hpp' to the project
INFO: [HLS 200-1465] Applying ini 'syn.file=C:\Users\Burak\Desktop\TAU\HLS\PositFFT\PositFFT\posit_lib.cpp' from C:/Users/Burak/Desktop/TAU/HLS/PositFFT/PositFFT/hls_config.cfg(8)
INFO: [HLS 200-10] Adding design file 'C:/Users/Burak/Desktop/TAU/HLS/PositFFT/PositFFT/posit_lib.cpp' to the project
INFO: [HLS 200-1465] Applying ini 'tb.file=posit_fft_test.cpp' from C:/Users/Burak/Desktop/TAU/HLS/PositFFT/PositFFT/hls_config.cfg(11)
INFO: [HLS 200-10] Adding test bench file 'C:/Users/Burak/Desktop/TAU/HLS/PositFFT/PositFFT/posit_fft_test.cpp' to the project
INFO: [HLS 200-1465] Applying ini 'syn.top=pFFT' from C:/Users/Burak/Desktop/TAU/HLS/PositFFT/PositFFT/hls_config.cfg(10)
INFO: [HLS 200-1465] Applying ini 'flow_target=vivado' from C:/Users/Burak/Desktop/TAU/HLS/PositFFT/PositFFT/hls_config.cfg(4)
INFO: [HLS 200-1505] Using flow_target 'vivado'
Resolution: For help on HLS 200-1505 see docs.xilinx.com/access/sources/dita/topic?Doc_Version=2024.2%20English&url=ug1448-hls-guidance&resourceid=200-1505.html
INFO: [HLS 200-1465] Applying ini 'part=xazu3teg-sfvc784-1Q-q' from C:/Users/Burak/Desktop/TAU/HLS/PositFFT/PositFFT/hls_config.cfg(1)
INFO: [HLS 200-1611] Setting target device to 'xazu3teg-sfvc784-1Q-q'
INFO: [HLS 200-1465] Applying ini 'csim.code_analyzer=0' from C:/Users/Burak/Desktop/TAU/HLS/PositFFT/PositFFT/hls_config.cfg(9)
INFO: [HLS 200-1465] Applying ini 'package.output.format=ip_catalog' from C:/Users/Burak/Desktop/TAU/HLS/PositFFT/PositFFT/hls_config.cfg(5)
INFO: [HLS 200-111] Finished File checks and directory preparation: CPU user time: 1 seconds. CPU system time: 1 seconds. Elapsed time: 3.22 seconds; current allocated memory: 162.051 MB.
INFO: [HLS 200-10] Analyzing design file 'posit_lib.cpp' ... 
WARNING: [HLS 207-5168] shifting a negative signed value is undefined (posit_lib.cpp:675:34)
WARNING: [HLS 207-5589] '#pragma HLS unroll' can only be applied inside loop body (posit_lib.cpp:1244:9)
WARNING: [HLS 207-5292] unused parameter 'size' (./posit.hpp:130:23)
WARNING: [HLS 207-5292] unused parameter 'size' (./posit.hpp:142:23)
WARNING: [HLS 207-5292] unused parameter 'size' (./posit.hpp:154:23)
INFO: [HLS 200-111] Finished Source Code Analysis and Preprocessing: CPU user time: 1 seconds. CPU system time: 0 seconds. Elapsed time: 30.735 seconds; current allocated memory: 169.430 MB.
INFO: [HLS 200-777] Using interface defaults for 'Vivado' flow target.
WARNING: [HLS 200-1995] There were 368,922 instructions in the design after the 'Compile/Link' phase of compilation. See the Design Size Report for more details: C:/Users/Burak/Desktop/TAU/HLS/PositFFT/PositFFT/PositFFT/hls/syn/report/csynth_design_size.rpt
WARNING: [HLS 200-1995] There were 828,285 instructions in the design after the 'Unroll/Inline (step 1)' phase of compilation. See the Design Size Report for more details: C:/Users/Burak/Desktop/TAU/HLS/PositFFT/PositFFT/PositFFT/hls/syn/report/csynth_design_size.rpt
WARNING: [HLS 200-1995] There were 529,116 instructions in the design after the 'Unroll/Inline (step 2)' phase of compilation. See the Design Size Report for more details: C:/Users/Burak/Desktop/TAU/HLS/PositFFT/PositFFT/PositFFT/hls/syn/report/csynth_design_size.rpt
WARNING: [HLS 200-1995] There were 526,232 instructions in the design after the 'Unroll/Inline (step 3)' phase of compilation. See the Design Size Report for more details: C:/Users/Burak/Desktop/TAU/HLS/PositFFT/PositFFT/PositFFT/hls/syn/report/csynth_design_size.rpt
WARNING: [HLS 200-1995] There were 495,311 instructions in the design after the 'Unroll/Inline (step 4)' phase of compilation. See the Design Size Report for more details: C:/Users/Burak/Desktop/TAU/HLS/PositFFT/PositFFT/PositFFT/hls/syn/report/csynth_design_size.rpt
WARNING: [HLS 200-1995] There were 481,538 instructions in the design after the 'Array/Struct (step 1)' phase of compilation. See the Design Size Report for more details: C:/Users/Burak/Desktop/TAU/HLS/PositFFT/PositFFT/PositFFT/hls/syn/report/csynth_design_size.rpt
WARNING: [HLS 200-1995] There were 481,538 instructions in the design after the 'Array/Struct (step 2)' phase of compilation. See the Design Size Report for more details: C:/Users/Burak/Desktop/TAU/HLS/PositFFT/PositFFT/PositFFT/hls/syn/report/csynth_design_size.rpt
WARNING: [HLS 200-1995] There were 481,874 instructions in the design after the 'Array/Struct (step 3)' phase of compilation. See the Design Size Report for more details: C:/Users/Burak/Desktop/TAU/HLS/PositFFT/PositFFT/PositFFT/hls/syn/report/csynth_design_size.rpt
WARNING: [HLS 200-1995] There were 481,745 instructions in the design after the 'Array/Struct (step 4)' phase of compilation. See the Design Size Report for more details: C:/Users/Burak/Desktop/TAU/HLS/PositFFT/PositFFT/PositFFT/hls/syn/report/csynth_design_size.rpt
WARNING: [HLS 200-1995] There were 481,747 instructions in the design after the 'Array/Struct (step 5)' phase of compilation. See the Design Size Report for more details: C:/Users/Burak/Desktop/TAU/HLS/PositFFT/PositFFT/PositFFT/hls/syn/report/csynth_design_size.rpt
WARNING: [HLS 200-1995] There were 478,695 instructions in the design after the 'Performance' phase of compilation. See the Design Size Report for more details: C:/Users/Burak/Desktop/TAU/HLS/PositFFT/PositFFT/PositFFT/hls/syn/report/csynth_design_size.rpt
WARNING: [HLS 200-1995] There were 478,694 instructions in the design after the 'Performance (step 2)' phase of compilation. See the Design Size Report for more details: C:/Users/Burak/Desktop/TAU/HLS/PositFFT/PositFFT/PositFFT/hls/syn/report/csynth_design_size.rpt
WARNING: [HLS 200-1995] There were 478,694 instructions in the design after the 'Performance (step 3)' phase of compilation. See the Design Size Report for more details: C:/Users/Burak/Desktop/TAU/HLS/PositFFT/PositFFT/PositFFT/hls/syn/report/csynth_design_size.rpt
WARNING: [HLS 200-1995] There were 478,694 instructions in the design after the 'Performance (step 4)' phase of compilation. See the Design Size Report for more details: C:/Users/Burak/Desktop/TAU/HLS/PositFFT/PositFFT/PositFFT/hls/syn/report/csynth_design_size.rpt
INFO: [HLS 214-291] Loop 'VITIS_LOOP_1246_1' is marked as complete unroll implied by the pipeline pragma (posit_lib.cpp:1246:21)
INFO: [HLS 214-291] Loop 'VITIS_LOOP_48_1' is marked as complete unroll implied by the pipeline pragma (posit_lib.cpp:48:22)
INFO: [HLS 214-291] Loop 'anonymous' is marked as complete unroll implied by the pipeline pragma (C:\scratch\2024.2\hls_product\495\2024.2\src\shared\hls\clib/hlsmath/include/FloatingPoint\hls_fmod_rem_quo.h:308:2)
INFO: [HLS 214-291] Loop 'anonymous' is marked as complete unroll implied by the pipeline pragma (C:\scratch\2024.2\hls_product\495\2024.2\src\shared\hls\clib/hlsmath/include/FloatingPoint\hls_log_.h:330:2)
INFO: [HLS 214-186] Unrolling loop 'VITIS_LOOP_1246_1' (posit_lib.cpp:1246:21) in function 'pAccumulateFC' completely with a factor of 10 (posit_lib.cpp:1238:0)
INFO: [HLS 214-186] Unrolling loop 'VITIS_LOOP_48_1' (posit_lib.cpp:48:22) in function 'LOD_ADD' completely with a factor of 27 (posit_lib.cpp:45:0)
INFO: [HLS 214-186] Unrolling loop 'anonymous' (C:\scratch\2024.2\hls_product\495\2024.2\src\shared\hls\clib/hlsmath/include/FloatingPoint\hls_fmod_rem_quo.h:308:2) in function 'fmdrmd::generic_fmod<double>' completely with a factor of 2098 (C:\scratch\2024.2\hls_product\495\2024.2\src\shared\hls\clib/hlsmath/include/FloatingPoint\hls_fmod_rem_quo.h:226:0)
INFO: [HLS 214-186] Unrolling loop 'anonymous' (C:\scratch\2024.2\hls_product\495\2024.2\src\shared\hls\clib/hlsmath/include/FloatingPoint\hls_log_.h:330:2) in function 'log_reduce::log_generic<double>' completely with a factor of 99 (C:\scratch\2024.2\hls_product\495\2024.2\src\shared\hls\clib/hlsmath/include/FloatingPoint\hls_log_.h:183:0)
INFO: [HLS 214-178] Inlining function 'fp_struct<double>::fp_struct(double)' into 'int generic_isnan<double>(double)' (C:\scratch\2024.2\hls_product\495\2024.2\src\shared\hls\clib/hlsmath/include/FloatingPoint/hls_isnan.h:16:0)
INFO: [HLS 214-178] Inlining function 'fp_struct<double>::fp_struct(double)' into 'int generic_isinf<double>(double)' (C:\scratch\2024.2\hls_product\495\2024.2\src\shared\hls\clib/hlsmath/include/FloatingPoint\hls_isinf.h:16:0)
INFO: [HLS 214-178] Inlining function 'fp_struct<double>::data() const (.183.216.225.250.260)' into 'fp_struct<double>::to_double() const (.213.222.247.257)' (C:\scratch\2024.2\hls_product\495\2024.2\src\shared\hls\clib/src/hls\utils/x_hls_utils.h:494:0)
INFO: [HLS 214-178] Inlining function 'fp_struct<double>::to_double() const (.213.222.247.257)' into 'fp_struct<double>::to_ieee() const' (C:\scratch\2024.2\hls_product\495\2024.2\src\shared\hls\clib/src/hls\utils/x_hls_utils.h:509:0)
INFO: [HLS 214-178] Inlining function 'void log_reduce::range_reduce<ap_fixed<102, 12, (ap_q_mode)5, (ap_o_mode)3, 0>, 4, 4, 57, 59>(ap_ufixed<57, -(4), (ap_q_mode)5, (ap_o_mode)3, 0>, ap_fixed<102, 12, (ap_q_mode)5, (ap_o_mode)3, 0>&, ap_ufixed<59, -(((4) + (4)) - (1)), (ap_q_mode)5, (ap_o_mode)3, 0>&)' into 'ap_ufixed<53, -37, (ap_q_mode)5, (ap_o_mode)3, 0> log_reduce::log_traits<double>::range_reduction<57>(ap_ufixed<57, -4, (ap_q_mode)5, (ap_o_mode)3, 0>, ap_fixed<102, 12, (ap_q_mode)5, (ap_o_mode)3, 0>&)' (C:\scratch\2024.2\hls_product\495\2024.2\src\shared\hls\clib/hlsmath/include/FloatingPoint\hls_log_.h:153:0)
INFO: [HLS 214-178] Inlining function 'void log_reduce::range_reduce<ap_fixed<102, 12, (ap_q_mode)5, (ap_o_mode)3, 0>, 7, 6, 59, 69>(ap_ufixed<59, -(7), (ap_q_mode)5, (ap_o_mode)3, 0>, ap_fixed<102, 12, (ap_q_mode)5, (ap_o_mode)3, 0>&, ap_ufixed<69, -(((7) + (6)) - (1)), (ap_q_mode)5, (ap_o_mode)3, 0>&)' into 'ap_ufixed<53, -37, (ap_q_mode)5, (ap_o_mode)3, 0> log_reduce::log_traits<double>::range_reduction<57>(ap_ufixed<57, -4, (ap_q_mode)5, (ap_o_mode)3, 0>, ap_fixed<102, 12, (ap_q_mode)5, (ap_o_mode)3, 0>&)' (C:\scratch\2024.2\hls_product\495\2024.2\src\shared\hls\clib/hlsmath/include/FloatingPoint\hls_log_.h:153:0)
INFO: [HLS 214-178] Inlining function 'void log_reduce::range_reduce<ap_fixed<102, 12, (ap_q_mode)5, (ap_o_mode)3, 0>, 12, 6, 69, 73>(ap_ufixed<69, -(12), (ap_q_mode)5, (ap_o_mode)3, 0>, ap_fixed<102, 12, (ap_q_mode)5, (ap_o_mode)3, 0>&, ap_ufixed<73, -(((12) + (6)) - (1)), (ap_q_mode)5, (ap_o_mode)3, 0>&)' into 'ap_ufixed<53, -37, (ap_q_mode)5, (ap_o_mode)3, 0> log_reduce::log_traits<double>::range_reduction<57>(ap_ufixed<57, -4, (ap_q_mode)5, (ap_o_mode)3, 0>, ap_fixed<102, 12, (ap_q_mode)5, (ap_o_mode)3, 0>&)' (C:\scratch\2024.2\hls_product\495\2024.2\src\shared\hls\clib/hlsmath/include/FloatingPoint\hls_log_.h:153:0)
INFO: [HLS 214-178] Inlining function 'void log_reduce::range_reduce<ap_fixed<102, 12, (ap_q_mode)5, (ap_o_mode)3, 0>, 17, 6, 73, 68>(ap_ufixed<73, -(17), (ap_q_mode)5, (ap_o_mode)3, 0>, ap_fixed<102, 12, (ap_q_mode)5, (ap_o_mode)3, 0>&, ap_ufixed<68, -(((17) + (6)) - (1)), (ap_q_mode)5, (ap_o_mode)3, 0>&)' into 'ap_ufixed<53, -37, (ap_q_mode)5, (ap_o_mode)3, 0> log_reduce::log_traits<double>::range_reduction<57>(ap_ufixed<57, -4, (ap_q_mode)5, (ap_o_mode)3, 0>, ap_fixed<102, 12, (ap_q_mode)5, (ap_o_mode)3, 0>&)' (C:\scratch\2024.2\hls_product\495\2024.2\src\shared\hls\clib/hlsmath/include/FloatingPoint\hls_log_.h:153:0)
INFO: [HLS 214-178] Inlining function 'void log_reduce::range_reduce<ap_fixed<102, 12, (ap_q_mode)5, (ap_o_mode)3, 0>, 22, 6, 68, 63>(ap_ufixed<68, -(22), (ap_q_mode)5, (ap_o_mode)3, 0>, ap_fixed<102, 12, (ap_q_mode)5, (ap_o_mode)3, 0>&, ap_ufixed<63, -(((22) + (6)) - (1)), (ap_q_mode)5, (ap_o_mode)3, 0>&)' into 'ap_ufixed<53, -37, (ap_q_mode)5, (ap_o_mode)3, 0> log_reduce::log_traits<double>::range_reduction<57>(ap_ufixed<57, -4, (ap_q_mode)5, (ap_o_mode)3, 0>, ap_fixed<102, 12, (ap_q_mode)5, (ap_o_mode)3, 0>&)' (C:\scratch\2024.2\hls_product\495\2024.2\src\shared\hls\clib/hlsmath/include/FloatingPoint\hls_log_.h:153:0)
INFO: [HLS 214-178] Inlining function 'void log_reduce::range_reduce<ap_fixed<102, 12, (ap_q_mode)5, (ap_o_mode)3, 0>, 27, 6, 63, 58>(ap_ufixed<63, -(27), (ap_q_mode)5, (ap_o_mode)3, 0>, ap_fixed<102, 12, (ap_q_mode)5, (ap_o_mode)3, 0>&, ap_ufixed<58, -(((27) + (6)) - (1)), (ap_q_mode)5, (ap_o_mode)3, 0>&)' into 'ap_ufixed<53, -37, (ap_q_mode)5, (ap_o_mode)3, 0> log_reduce::log_traits<double>::range_reduction<57>(ap_ufixed<57, -4, (ap_q_mode)5, (ap_o_mode)3, 0>, ap_fixed<102, 12, (ap_q_mode)5, (ap_o_mode)3, 0>&)' (C:\scratch\2024.2\hls_product\495\2024.2\src\shared\hls\clib/hlsmath/include/FloatingPoint\hls_log_.h:153:0)
INFO: [HLS 214-178] Inlining function 'void log_reduce::range_reduce<ap_fixed<102, 12, (ap_q_mode)5, (ap_o_mode)3, 0>, 32, 6, 58, 53>(ap_ufixed<58, -(32), (ap_q_mode)5, (ap_o_mode)3, 0>, ap_fixed<102, 12, (ap_q_mode)5, (ap_o_mode)3, 0>&, ap_ufixed<53, -(((32) + (6)) - (1)), (ap_q_mode)5, (ap_o_mode)3, 0>&)' into 'ap_ufixed<53, -37, (ap_q_mode)5, (ap_o_mode)3, 0> log_reduce::log_traits<double>::range_reduction<57>(ap_ufixed<57, -4, (ap_q_mode)5, (ap_o_mode)3, 0>, ap_fixed<102, 12, (ap_q_mode)5, (ap_o_mode)3, 0>&)' (C:\scratch\2024.2\hls_product\495\2024.2\src\shared\hls\clib/hlsmath/include/FloatingPoint\hls_log_.h:153:0)
INFO: [HLS 214-178] Inlining function 'fp_struct<double>::fp_struct(double)' into 'double log_reduce::log_generic<double>(double)' (C:\scratch\2024.2\hls_product\495\2024.2\src\shared\hls\clib/hlsmath/include/FloatingPoint\hls_log_.h:183:0)
INFO: [HLS 214-178] Inlining function 'fp_struct<double>::expv() const' into 'double log_reduce::log_generic<double>(double)' (C:\scratch\2024.2\hls_product\495\2024.2\src\shared\hls\clib/hlsmath/include/FloatingPoint\hls_log_.h:183:0)
INFO: [HLS 214-178] Inlining function 'int generic_isnan<double>(double)' into 'double log_reduce::log_generic<double>(double)' (C:\scratch\2024.2\hls_product\495\2024.2\src\shared\hls\clib/hlsmath/include/FloatingPoint\hls_log_.h:183:0)
INFO: [HLS 214-178] Inlining function 'int generic_isinf<double>(double)' into 'double log_reduce::log_generic<double>(double)' (C:\scratch\2024.2\hls_product\495\2024.2\src\shared\hls\clib/hlsmath/include/FloatingPoint\hls_log_.h:183:0)
INFO: [HLS 214-178] Inlining function 'fp_struct<double>::to_ieee() const' into 'double log_reduce::log_generic<double>(double)' (C:\scratch\2024.2\hls_product\495\2024.2\src\shared\hls\clib/hlsmath/include/FloatingPoint\hls_log_.h:183:0)
INFO: [HLS 214-178] Inlining function 'log_reduce::log2(double)' into 'log2' (C:\scratch\2024.2\hls_product\495\2024.2\src\shared\hls\clib\hlsmath\src\c\logdouble.cpp:7:0)
INFO: [HLS 214-178] Inlining function 'fp_struct<double>::fp_struct(double)' into 'double generic_copysign<double>(double, double)' (C:\scratch\2024.2\hls_product\495\2024.2\src\shared\hls\clib/hlsmath/include/FloatingPoint/hls_copysign.h:10:0)
INFO: [HLS 214-178] Inlining function 'fp_struct<double>::to_ieee() const' into 'double generic_copysign<double>(double, double)' (C:\scratch\2024.2\hls_product\495\2024.2\src\shared\hls\clib/hlsmath/include/FloatingPoint/hls_copysign.h:10:0)
INFO: [HLS 214-178] Inlining function 'fp_struct<double>::fp_struct(double)' into 'double generic_floor<double>(double)' (C:\scratch\2024.2\hls_product\495\2024.2\src\shared\hls\clib/hlsmath/include/FloatingPoint\hls_floor.h:14:0)
INFO: [HLS 214-178] Inlining function 'fp_struct<double>::__signbit() const' into 'double generic_floor<double>(double)' (C:\scratch\2024.2\hls_product\495\2024.2\src\shared\hls\clib/hlsmath/include/FloatingPoint\hls_floor.h:14:0)
INFO: [HLS 214-178] Inlining function 'double generic_copysign<double>(double, double)' into 'double generic_floor<double>(double)' (C:\scratch\2024.2\hls_product\495\2024.2\src\shared\hls\clib/hlsmath/include/FloatingPoint\hls_floor.h:14:0)
INFO: [HLS 214-178] Inlining function 'fp_struct<double>::data() const (.183.216.225.250.260)' into 'double generic_floor<double>(double)' (C:\scratch\2024.2\hls_product\495\2024.2\src\shared\hls\clib/hlsmath/include/FloatingPoint\hls_floor.h:14:0)
INFO: [HLS 214-178] Inlining function 'fp_struct<double>::fp_struct(ap_uint<64>)' into 'double generic_floor<double>(double)' (C:\scratch\2024.2\hls_product\495\2024.2\src\shared\hls\clib/hlsmath/include/FloatingPoint\hls_floor.h:14:0)
INFO: [HLS 214-178] Inlining function 'fp_struct<double>::to_ieee() const' into 'double generic_floor<double>(double)' (C:\scratch\2024.2\hls_product\495\2024.2\src\shared\hls\clib/hlsmath/include/FloatingPoint\hls_floor.h:14:0)
INFO: [HLS 214-178] Inlining function 'fp_struct<double>::fp_struct(double)' into 'int generic_cast_IEEE754<int, (ap_q_mode)6, double>(double, bool, hls::enable_if<std::numeric_limits<int>::is_signed, bool>::type)' (C:\scratch\2024.2\hls_product\495\2024.2\src\shared\hls\clib/hlsmath/include/FloatingPoint\hls_case_IEEE754.h:12:0)
INFO: [HLS 214-178] Inlining function 'fp_struct<double>::mantissa() const' into 'int generic_cast_IEEE754<int, (ap_q_mode)6, double>(double, bool, hls::enable_if<std::numeric_limits<int>::is_signed, bool>::type)' (C:\scratch\2024.2\hls_product\495\2024.2\src\shared\hls\clib/hlsmath/include/FloatingPoint\hls_case_IEEE754.h:12:0)
INFO: [HLS 214-178] Inlining function 'fp_struct<double>::expv() const' into 'int generic_cast_IEEE754<int, (ap_q_mode)6, double>(double, bool, hls::enable_if<std::numeric_limits<int>::is_signed, bool>::type)' (C:\scratch\2024.2\hls_product\495\2024.2\src\shared\hls\clib/hlsmath/include/FloatingPoint\hls_case_IEEE754.h:12:0)
INFO: [HLS 214-178] Inlining function 'fp_struct<double>::__signbit() const' into 'int generic_cast_IEEE754<int, (ap_q_mode)6, double>(double, bool, hls::enable_if<std::numeric_limits<int>::is_signed, bool>::type)' (C:\scratch\2024.2\hls_product\495\2024.2\src\shared\hls\clib/hlsmath/include/FloatingPoint\hls_case_IEEE754.h:12:0)
INFO: [HLS 214-178] Inlining function 'int generic_cast_IEEE754<int, (ap_q_mode)6, double>(double, bool, hls::enable_if<std::numeric_limits<int>::is_signed, bool>::type)' into 'int generic_cast_IEEE754<int, double>(double, bool)' (C:\scratch\2024.2\hls_product\495\2024.2\src\shared\hls\clib/hlsmath/include/FloatingPoint\hls_case_IEEE754.h:116:0)
INFO: [HLS 214-178] Inlining function 'int generic_cast_IEEE754<int, double>(double, bool)' into '__hls_fptosi_double_i32' (C:\scratch\2024.2\hls_product\495\2024.2\src\shared\hls\clib\hlsmath\src\lib_floatconversion.cpp:55:0)
INFO: [HLS 214-178] Inlining function 'void pow_reduce::log_range_reduce<ap_fixed<121, 12, (ap_q_mode)5, (ap_o_mode)3, 0>, 4, 4, 71, 73>(ap_ufixed<71, -(4), (ap_q_mode)5, (ap_o_mode)3, 0>, ap_fixed<121, 12, (ap_q_mode)5, (ap_o_mode)3, 0>&, ap_ufixed<73, -(((4) + (4)) - (1)), (ap_q_mode)5, (ap_o_mode)3, 0>&)' into 'ap_ufixed<72, -37, (ap_q_mode)5, (ap_o_mode)3, 0> pow_reduce::pow_traits<double>::log_range_reduction<71>(ap_ufixed<71, -4, (ap_q_mode)5, (ap_o_mode)3, 0>, ap_fixed<121, 12, (ap_q_mode)5, (ap_o_mode)3, 0>&)' (C:\scratch\2024.2\hls_product\495\2024.2\src\shared\hls\clib/hlsmath/include/FloatingPoint\hls_pow.h:186:0)
INFO: [HLS 214-178] Inlining function 'void pow_reduce::log_range_reduce<ap_fixed<121, 12, (ap_q_mode)5, (ap_o_mode)3, 0>, 7, 6, 73, 83>(ap_ufixed<73, -(7), (ap_q_mode)5, (ap_o_mode)3, 0>, ap_fixed<121, 12, (ap_q_mode)5, (ap_o_mode)3, 0>&, ap_ufixed<83, -(((7) + (6)) - (1)), (ap_q_mode)5, (ap_o_mode)3, 0>&)' into 'ap_ufixed<72, -37, (ap_q_mode)5, (ap_o_mode)3, 0> pow_reduce::pow_traits<double>::log_range_reduction<71>(ap_ufixed<71, -4, (ap_q_mode)5, (ap_o_mode)3, 0>, ap_fixed<121, 12, (ap_q_mode)5, (ap_o_mode)3, 0>&)' (C:\scratch\2024.2\hls_product\495\2024.2\src\shared\hls\clib/hlsmath/include/FloatingPoint\hls_pow.h:186:0)
INFO: [HLS 214-178] Inlining function 'void pow_reduce::log_range_reduce<ap_fixed<121, 12, (ap_q_mode)5, (ap_o_mode)3, 0>, 12, 6, 83, 92>(ap_ufixed<83, -(12), (ap_q_mode)5, (ap_o_mode)3, 0>, ap_fixed<121, 12, (ap_q_mode)5, (ap_o_mode)3, 0>&, ap_ufixed<92, -(((12) + (6)) - (1)), (ap_q_mode)5, (ap_o_mode)3, 0>&)' into 'ap_ufixed<72, -37, (ap_q_mode)5, (ap_o_mode)3, 0> pow_reduce::pow_traits<double>::log_range_reduction<71>(ap_ufixed<71, -4, (ap_q_mode)5, (ap_o_mode)3, 0>, ap_fixed<121, 12, (ap_q_mode)5, (ap_o_mode)3, 0>&)' (C:\scratch\2024.2\hls_product\495\2024.2\src\shared\hls\clib/hlsmath/include/FloatingPoint\hls_pow.h:186:0)
INFO: [HLS 214-178] Inlining function 'void pow_reduce::log_range_reduce<ap_fixed<121, 12, (ap_q_mode)5, (ap_o_mode)3, 0>, 17, 6, 92, 87>(ap_ufixed<92, -(17), (ap_q_mode)5, (ap_o_mode)3, 0>, ap_fixed<121, 12, (ap_q_mode)5, (ap_o_mode)3, 0>&, ap_ufixed<87, -(((17) + (6)) - (1)), (ap_q_mode)5, (ap_o_mode)3, 0>&)' into 'ap_ufixed<72, -37, (ap_q_mode)5, (ap_o_mode)3, 0> pow_reduce::pow_traits<double>::log_range_reduction<71>(ap_ufixed<71, -4, (ap_q_mode)5, (ap_o_mode)3, 0>, ap_fixed<121, 12, (ap_q_mode)5, (ap_o_mode)3, 0>&)' (C:\scratch\2024.2\hls_product\495\2024.2\src\shared\hls\clib/hlsmath/include/FloatingPoint\hls_pow.h:186:0)
INFO: [HLS 214-178] Inlining function 'void pow_reduce::log_range_reduce<ap_fixed<121, 12, (ap_q_mode)5, (ap_o_mode)3, 0>, 22, 6, 87, 82>(ap_ufixed<87, -(22), (ap_q_mode)5, (ap_o_mode)3, 0>, ap_fixed<121, 12, (ap_q_mode)5, (ap_o_mode)3, 0>&, ap_ufixed<82, -(((22) + (6)) - (1)), (ap_q_mode)5, (ap_o_mode)3, 0>&)' into 'ap_ufixed<72, -37, (ap_q_mode)5, (ap_o_mode)3, 0> pow_reduce::pow_traits<double>::log_range_reduction<71>(ap_ufixed<71, -4, (ap_q_mode)5, (ap_o_mode)3, 0>, ap_fixed<121, 12, (ap_q_mode)5, (ap_o_mode)3, 0>&)' (C:\scratch\2024.2\hls_product\495\2024.2\src\shared\hls\clib/hlsmath/include/FloatingPoint\hls_pow.h:186:0)
INFO: [HLS 214-178] Inlining function 'void pow_reduce::log_range_reduce<ap_fixed<121, 12, (ap_q_mode)5, (ap_o_mode)3, 0>, 27, 6, 82, 77>(ap_ufixed<82, -(27), (ap_q_mode)5, (ap_o_mode)3, 0>, ap_fixed<121, 12, (ap_q_mode)5, (ap_o_mode)3, 0>&, ap_ufixed<77, -(((27) + (6)) - (1)), (ap_q_mode)5, (ap_o_mode)3, 0>&)' into 'ap_ufixed<72, -37, (ap_q_mode)5, (ap_o_mode)3, 0> pow_reduce::pow_traits<double>::log_range_reduction<71>(ap_ufixed<71, -4, (ap_q_mode)5, (ap_o_mode)3, 0>, ap_fixed<121, 12, (ap_q_mode)5, (ap_o_mode)3, 0>&)' (C:\scratch\2024.2\hls_product\495\2024.2\src\shared\hls\clib/hlsmath/include/FloatingPoint\hls_pow.h:186:0)
INFO: [HLS 214-178] Inlining function 'void pow_reduce::log_range_reduce<ap_fixed<121, 12, (ap_q_mode)5, (ap_o_mode)3, 0>, 32, 6, 77, 72>(ap_ufixed<77, -(32), (ap_q_mode)5, (ap_o_mode)3, 0>, ap_fixed<121, 12, (ap_q_mode)5, (ap_o_mode)3, 0>&, ap_ufixed<72, -(((32) + (6)) - (1)), (ap_q_mode)5, (ap_o_mode)3, 0>&)' into 'ap_ufixed<72, -37, (ap_q_mode)5, (ap_o_mode)3, 0> pow_reduce::pow_traits<double>::log_range_reduction<71>(ap_ufixed<71, -4, (ap_q_mode)5, (ap_o_mode)3, 0>, ap_fixed<121, 12, (ap_q_mode)5, (ap_o_mode)3, 0>&)' (C:\scratch\2024.2\hls_product\495\2024.2\src\shared\hls\clib/hlsmath/include/FloatingPoint\hls_pow.h:186:0)
INFO: [HLS 214-178] Inlining function 'fp_struct<double>::fp_struct(double)' into 'double pow_reduce::pow_generic<double>(double, double)' (C:\scratch\2024.2\hls_product\495\2024.2\src\shared\hls\clib/hlsmath/include/FloatingPoint\hls_pow.h:292:0)
INFO: [HLS 214-178] Inlining function 'fp_struct<double>::expv() const' into 'double pow_reduce::pow_generic<double>(double, double)' (C:\scratch\2024.2\hls_product\495\2024.2\src\shared\hls\clib/hlsmath/include/FloatingPoint\hls_pow.h:292:0)
INFO: [HLS 214-178] Inlining function 'int generic_isinf<double>(double)' into 'double pow_reduce::pow_generic<double>(double, double)' (C:\scratch\2024.2\hls_product\495\2024.2\src\shared\hls\clib/hlsmath/include/FloatingPoint\hls_pow.h:292:0)
INFO: [HLS 214-178] Inlining function 'int generic_isnan<double>(double)' into 'double pow_reduce::pow_generic<double>(double, double)' (C:\scratch\2024.2\hls_product\495\2024.2\src\shared\hls\clib/hlsmath/include/FloatingPoint\hls_pow.h:292:0)
INFO: [HLS 214-178] Inlining function 'pow_reduce::pow_traits<double>::exp_Z1P_m_1(ap_ufixed<51, -8, (ap_q_mode)5, (ap_o_mode)3, 0>)' into 'double pow_reduce::pow_generic<double>(double, double)' (C:\scratch\2024.2\hls_product\495\2024.2\src\shared\hls\clib/hlsmath/include/FloatingPoint\hls_pow.h:292:0)
INFO: [HLS 214-178] Inlining function 'fp_struct<double>::fp_struct(double)' into 'long long generic_cast_IEEE754<long long, (ap_q_mode)6, double>(double, bool, hls::enable_if<std::numeric_limits<long long>::is_signed, bool>::type)' (C:\scratch\2024.2\hls_product\495\2024.2\src\shared\hls\clib/hlsmath/include/FloatingPoint\hls_case_IEEE754.h:12:0)
INFO: [HLS 214-178] Inlining function 'fp_struct<double>::mantissa() const' into 'long long generic_cast_IEEE754<long long, (ap_q_mode)6, double>(double, bool, hls::enable_if<std::numeric_limits<long long>::is_signed, bool>::type)' (C:\scratch\2024.2\hls_product\495\2024.2\src\shared\hls\clib/hlsmath/include/FloatingPoint\hls_case_IEEE754.h:12:0)
INFO: [HLS 214-178] Inlining function 'fp_struct<double>::expv() const' into 'long long generic_cast_IEEE754<long long, (ap_q_mode)6, double>(double, bool, hls::enable_if<std::numeric_limits<long long>::is_signed, bool>::type)' (C:\scratch\2024.2\hls_product\495\2024.2\src\shared\hls\clib/hlsmath/include/FloatingPoint\hls_case_IEEE754.h:12:0)
INFO: [HLS 214-178] Inlining function 'fp_struct<double>::__signbit() const' into 'long long generic_cast_IEEE754<long long, (ap_q_mode)6, double>(double, bool, hls::enable_if<std::numeric_limits<long long>::is_signed, bool>::type)' (C:\scratch\2024.2\hls_product\495\2024.2\src\shared\hls\clib/hlsmath/include/FloatingPoint\hls_case_IEEE754.h:12:0)
INFO: [HLS 214-178] Inlining function 'long long generic_cast_IEEE754<long long, (ap_q_mode)6, double>(double, bool, hls::enable_if<std::numeric_limits<long long>::is_signed, bool>::type)' into 'long long generic_cast_IEEE754<long long, double>(double, bool)' (C:\scratch\2024.2\hls_product\495\2024.2\src\shared\hls\clib/hlsmath/include/FloatingPoint\hls_case_IEEE754.h:116:0)
INFO: [HLS 214-178] Inlining function 'long long generic_cast_IEEE754<long long, double>(double, bool)' into '__hls_fptosi_double_i64' (C:\scratch\2024.2\hls_product\495\2024.2\src\shared\hls\clib\hlsmath\src\lib_floatconversion.cpp:56:0)
INFO: [HLS 214-178] Inlining function 'POSIT::POSIT() (.453.459.465.471)' into 'double2posit(double)' (posit_lib.cpp:287:0)
INFO: [HLS 214-178] Inlining function 'log2' into 'double2posit(double)' (posit_lib.cpp:287:0)
INFO: [HLS 214-178] Inlining function 'floor' into 'double2posit(double)' (posit_lib.cpp:287:0)
INFO: [HLS 214-178] Inlining function '__hls_fptosi_double_i32' into 'double2posit(double)' (posit_lib.cpp:287:0)
INFO: [HLS 214-178] Inlining function 'hls::pow(double, double)' into 'double2posit(double)' (posit_lib.cpp:287:0)
INFO: [HLS 214-178] Inlining function '__hls_fptosi_double_i64' into 'double2posit(double)' (posit_lib.cpp:287:0)
INFO: [HLS 214-178] Inlining function 'hls::pow(double, double)' into 'posit2double(POSIT)' (posit_lib.cpp:393:0)
INFO: [HLS 214-178] Inlining function 'fp_struct<double>::fp_struct(double)' into 'double fmdrmd::generic_fmod<double>(double, double)' (C:\scratch\2024.2\hls_product\495\2024.2\src\shared\hls\clib/hlsmath/include/FloatingPoint\hls_fmod_rem_quo.h:226:0)
INFO: [HLS 214-178] Inlining function 'fp_struct<double>::to_ieee() const' into 'double fmdrmd::generic_fmod<double>(double, double)' (C:\scratch\2024.2\hls_product\495\2024.2\src\shared\hls\clib/hlsmath/include/FloatingPoint\hls_fmod_rem_quo.h:226:0)
INFO: [HLS 214-178] Inlining function 'double generic_copysign<double>(double, double)' into 'double generic_fabs<double>(double)' (C:\scratch\2024.2\hls_product\495\2024.2\src\shared\hls\clib/hlsmath/include/FloatingPoint/hls_fabs.h:12:0)
INFO: [HLS 214-178] Inlining function 'double generic_fabs<double>(double)' into 'fabs' (C:\scratch\2024.2\hls_product\495\2024.2\src\shared\hls\clib\hlsmath\src\c\fabsdouble.cpp:7:0)
INFO: [HLS 214-178] Inlining function 'fabs' into 'std::abs(double)' (C:/Xilinx/Vitis/2024.2/tps/mingw/8.3.0/win64.o/nt\lib\gcc\x86_64-w64-mingw32\8.3.0\include\c++\bits/std_abs.h:71:0)
INFO: [HLS 214-178] Inlining function 'std::abs(double)' into 'safeZero(double)' (posit_lib.cpp:933:0)
INFO: [HLS 214-178] Inlining function 'posit2double(POSIT)' into 'pReduceAngle(POSIT, bool&)' (posit_lib.cpp:936:0)
INFO: [HLS 214-178] Inlining function 'fmod' into 'pReduceAngle(POSIT, bool&)' (posit_lib.cpp:936:0)
INFO: [HLS 214-178] Inlining function 'safeZero(double)' into 'pReduceAngle(POSIT, bool&)' (posit_lib.cpp:936:0)
INFO: [HLS 214-178] Inlining function 'POSIT::POSIT() (.453.459.465.471)' into 'positMul(POSIT, POSIT)' (posit_lib.cpp:672:0)
INFO: [HLS 214-178] Inlining function 'POSIT::POSIT() (.453.459.465.471)' into 'positDiv2p(POSIT, int)' (posit_lib.cpp:566:0)
INFO: [HLS 214-178] Inlining function 'POSIT::POSIT() (.453.459.465.471)' into 'positAdd(POSIT, POSIT)' (posit_lib.cpp:464:0)
INFO: [HLS 214-178] Inlining function 'POSIT::POSIT() (.453.459.465.471)' into 'positSub(POSIT, POSIT) (.478)' (posit_lib.cpp:789:0)
INFO: [HLS 214-178] Inlining function 'POSIT::POSIT() (.453.459.465.471)' into 'posit_negate(POSIT)' (posit_lib.cpp:198:0)
INFO: [HLS 214-178] Inlining function 'POSIT::POSIT() (.453.459.465.471)' into 'positCos(POSIT)' (posit_lib.cpp:962:0)
INFO: [HLS 214-178] Inlining function 'pReduceAngle(POSIT, bool&)' into 'positCos(POSIT)' (posit_lib.cpp:962:0)
INFO: [HLS 214-178] Inlining function 'positMul(POSIT, POSIT)' into 'positCos(POSIT)' (posit_lib.cpp:962:0)
INFO: [HLS 214-178] Inlining function 'positDiv2p(POSIT, int)' into 'positCos(POSIT)' (posit_lib.cpp:962:0)
INFO: [HLS 214-178] Inlining function 'positSub(POSIT, POSIT) (.478)' into 'positCos(POSIT)' (posit_lib.cpp:962:0)
INFO: [HLS 214-178] Inlining function 'posit_negate(POSIT)' into 'positCos(POSIT)' (posit_lib.cpp:962:0)
INFO: [HLS 214-178] Inlining function 'posit2double(POSIT)' into 'pNAngle(POSIT)' (posit_lib.cpp:1110:0)
INFO: [HLS 214-178] Inlining function 'fmod' into 'pNAngle(POSIT)' (posit_lib.cpp:1110:0)
INFO: [HLS 214-178] Inlining function 'safeZero(double)' into 'pNAngle(POSIT)' (posit_lib.cpp:1110:0)
INFO: [HLS 214-178] Inlining function 'POSIT::POSIT() (.453.459.465.471)' into 'positDiv(POSIT, POSIT)' (posit_lib.cpp:583:0)
INFO: [HLS 214-178] Inlining function 'POSIT::POSIT() (.453.459.465.471)' into 'positSin(POSIT)' (posit_lib.cpp:1131:0)
INFO: [HLS 214-178] Inlining function 'pNAngle(POSIT)' into 'positSin(POSIT)' (posit_lib.cpp:1131:0)
INFO: [HLS 214-178] Inlining function 'positMul(POSIT, POSIT)' into 'positSin(POSIT)' (posit_lib.cpp:1131:0)
INFO: [HLS 214-178] Inlining function 'positDiv(POSIT, POSIT)' into 'positSin(POSIT)' (posit_lib.cpp:1131:0)
INFO: [HLS 214-178] Inlining function 'positSub(POSIT, POSIT) (.478)' into 'positSin(POSIT)' (posit_lib.cpp:1131:0)
INFO: [HLS 214-178] Inlining function 'POSIT::POSIT() (.453.459.465.471)' into 'pAccumulateFC(int, int, POSIT const*, POSIT&, POSIT&)' (posit_lib.cpp:1238:0)
INFO: [HLS 214-241] Aggregating scalar variable 'result' with compact=bit mode in 720-bits (posit_lib.cpp:1261:0)
INFO: [HLS 214-241] Aggregating scalar variable 'signal' with compact=bit mode in 36-bits (posit_lib.cpp:1261:0)
WARNING: [HLS 214-450] Ignore address on register port 'signal' (posit_lib.cpp:1255:46)
INFO: [HLS 214-376] automatically set the pipeline for Loop< VITIS_LOOP_1264_1> at posit_lib.cpp:1264:24 
ERROR: [HLS 214-323] Address computation on scalar port 'signal_r' is not supported (posit_lib.cpp:1238:0)
ERROR: [HLS 200-1715] Encountered problem during source synthesis
ERROR: Pre-synthesis failed.
INFO: [HLS 200-112] Total CPU user time: 4 seconds. Total CPU system time: 1 seconds. Total elapsed time: 70.703 seconds; peak allocated memory: 177.957 MB.
