  **** HLS Build v2024.2 5238294
INFO: [HLS 200-2005] Using work_dir C:/Users/Burak/Desktop/TAU/HLS/PositFFT/PositFFT/PositFFT 
INFO: [HLS 200-1505] Using default flow_target 'vivado'
Resolution: For help on HLS 200-1505 see docs.xilinx.com/access/sources/dita/topic?Doc_Version=2024.2%20English&url=ug1448-hls-guidance&resourceid=200-1505.html
INFO: [HLS 200-1465] Applying ini 'syn.file=C:\Users\Burak\Desktop\TAU\HLS\PositFFT\PositFFT\posit.hpp' from C:/Users/Burak/Desktop/TAU/HLS/PositFFT/PositFFT/hls_config.cfg(7)
INFO: [HLS 200-10] Adding design file 'C:/Users/Burak/Desktop/TAU/HLS/PositFFT/PositFFT/posit.hpp' to the project
INFO: [HLS 200-1465] Applying ini 'syn.file=C:\Users\Burak\Desktop\TAU\HLS\PositFFT\PositFFT\posit_lib.cpp' from C:/Users/Burak/Desktop/TAU/HLS/PositFFT/PositFFT/hls_config.cfg(8)
INFO: [HLS 200-10] Adding design file 'C:/Users/Burak/Desktop/TAU/HLS/PositFFT/PositFFT/posit_lib.cpp' to the project
INFO: [HLS 200-1465] Applying ini 'tb.file=C:\Users\Burak\Desktop\TAU\HLS\PositFFT\PositFFT\posit_decode_test.cpp' from C:/Users/Burak/Desktop/TAU/HLS/PositFFT/PositFFT/hls_config.cfg(11)
INFO: [HLS 200-10] Adding test bench file 'C:/Users/Burak/Desktop/TAU/HLS/PositFFT/PositFFT/posit_decode_test.cpp' to the project
INFO: [HLS 200-1465] Applying ini 'syn.top=decode' from C:/Users/Burak/Desktop/TAU/HLS/PositFFT/PositFFT/hls_config.cfg(10)
INFO: [HLS 200-1465] Applying ini 'flow_target=vivado' from C:/Users/Burak/Desktop/TAU/HLS/PositFFT/PositFFT/hls_config.cfg(4)
INFO: [HLS 200-1505] Using flow_target 'vivado'
Resolution: For help on HLS 200-1505 see docs.xilinx.com/access/sources/dita/topic?Doc_Version=2024.2%20English&url=ug1448-hls-guidance&resourceid=200-1505.html
INFO: [HLS 200-1465] Applying ini 'part=xazu3teg-sfvc784-1Q-q' from C:/Users/Burak/Desktop/TAU/HLS/PositFFT/PositFFT/hls_config.cfg(1)
INFO: [HLS 200-1611] Setting target device to 'xazu3teg-sfvc784-1Q-q'
INFO: [HLS 200-1465] Applying ini 'csim.code_analyzer=0' from C:/Users/Burak/Desktop/TAU/HLS/PositFFT/PositFFT/hls_config.cfg(9)
INFO: [HLS 200-1465] Applying ini 'package.output.format=ip_catalog' from C:/Users/Burak/Desktop/TAU/HLS/PositFFT/PositFFT/hls_config.cfg(5)
INFO: [HLS 200-111] Finished File checks and directory preparation: CPU user time: 1 seconds. CPU system time: 0 seconds. Elapsed time: 3.562 seconds; current allocated memory: 161.891 MB.
INFO: [HLS 200-10] Analyzing design file 'posit_lib.cpp' ... 
INFO: [HLS 200-111] Finished Source Code Analysis and Preprocessing: CPU user time: 1 seconds. CPU system time: 0 seconds. Elapsed time: 38.605 seconds; current allocated memory: 168.992 MB.
INFO: [HLS 200-777] Using interface defaults for 'Vivado' flow target.
INFO: [HLS 200-1995] There were 2,270 instructions in the design after the 'Compile/Link' phase of compilation. See the Design Size Report for more details: C:/Users/Burak/Desktop/TAU/HLS/PositFFT/PositFFT/PositFFT/hls/syn/report/csynth_design_size.rpt
INFO: [HLS 200-1995] There were 149 instructions in the design after the 'Unroll/Inline (step 1)' phase of compilation. See the Design Size Report for more details: C:/Users/Burak/Desktop/TAU/HLS/PositFFT/PositFFT/PositFFT/hls/syn/report/csynth_design_size.rpt
INFO: [HLS 200-1995] There were 103 instructions in the design after the 'Unroll/Inline (step 2)' phase of compilation. See the Design Size Report for more details: C:/Users/Burak/Desktop/TAU/HLS/PositFFT/PositFFT/PositFFT/hls/syn/report/csynth_design_size.rpt
INFO: [HLS 200-1995] There were 97 instructions in the design after the 'Unroll/Inline (step 3)' phase of compilation. See the Design Size Report for more details: C:/Users/Burak/Desktop/TAU/HLS/PositFFT/PositFFT/PositFFT/hls/syn/report/csynth_design_size.rpt
INFO: [HLS 200-1995] There were 71 instructions in the design after the 'Unroll/Inline (step 4)' phase of compilation. See the Design Size Report for more details: C:/Users/Burak/Desktop/TAU/HLS/PositFFT/PositFFT/PositFFT/hls/syn/report/csynth_design_size.rpt
INFO: [HLS 200-1995] There were 71 instructions in the design after the 'Array/Struct (step 1)' phase of compilation. See the Design Size Report for more details: C:/Users/Burak/Desktop/TAU/HLS/PositFFT/PositFFT/PositFFT/hls/syn/report/csynth_design_size.rpt
INFO: [HLS 200-1995] There were 71 instructions in the design after the 'Array/Struct (step 2)' phase of compilation. See the Design Size Report for more details: C:/Users/Burak/Desktop/TAU/HLS/PositFFT/PositFFT/PositFFT/hls/syn/report/csynth_design_size.rpt
INFO: [HLS 200-1995] There were 71 instructions in the design after the 'Array/Struct (step 3)' phase of compilation. See the Design Size Report for more details: C:/Users/Burak/Desktop/TAU/HLS/PositFFT/PositFFT/PositFFT/hls/syn/report/csynth_design_size.rpt
INFO: [HLS 200-1995] There were 71 instructions in the design after the 'Array/Struct (step 4)' phase of compilation. See the Design Size Report for more details: C:/Users/Burak/Desktop/TAU/HLS/PositFFT/PositFFT/PositFFT/hls/syn/report/csynth_design_size.rpt
INFO: [HLS 200-1995] There were 72 instructions in the design after the 'Array/Struct (step 5)' phase of compilation. See the Design Size Report for more details: C:/Users/Burak/Desktop/TAU/HLS/PositFFT/PositFFT/PositFFT/hls/syn/report/csynth_design_size.rpt
INFO: [HLS 200-1995] There were 72 instructions in the design after the 'Performance (step 1)' phase of compilation. See the Design Size Report for more details: C:/Users/Burak/Desktop/TAU/HLS/PositFFT/PositFFT/PositFFT/hls/syn/report/csynth_design_size.rpt
INFO: [HLS 200-1995] There were 71 instructions in the design after the 'Performance (step 2)' phase of compilation. See the Design Size Report for more details: C:/Users/Burak/Desktop/TAU/HLS/PositFFT/PositFFT/PositFFT/hls/syn/report/csynth_design_size.rpt
INFO: [HLS 200-1995] There were 71 instructions in the design after the 'Performance (step 3)' phase of compilation. See the Design Size Report for more details: C:/Users/Burak/Desktop/TAU/HLS/PositFFT/PositFFT/PositFFT/hls/syn/report/csynth_design_size.rpt
INFO: [HLS 200-1995] There were 71 instructions in the design after the 'Performance (step 4)' phase of compilation. See the Design Size Report for more details: C:/Users/Burak/Desktop/TAU/HLS/PositFFT/PositFFT/PositFFT/hls/syn/report/csynth_design_size.rpt
INFO: [HLS 200-1995] There were 73 instructions in the design after the 'HW Transforms (step 1)' phase of compilation. See the Design Size Report for more details: C:/Users/Burak/Desktop/TAU/HLS/PositFFT/PositFFT/PositFFT/hls/syn/report/csynth_design_size.rpt
INFO: [HLS 200-1995] There were 91 instructions in the design after the 'HW Transforms (step 2)' phase of compilation. See the Design Size Report for more details: C:/Users/Burak/Desktop/TAU/HLS/PositFFT/PositFFT/PositFFT/hls/syn/report/csynth_design_size.rpt
INFO: [HLS 214-178] Inlining function 'POSIT::POSIT()' into 'decode(ap_uint<16>)' (posit_lib.cpp:22:0)
INFO: [HLS 214-178] Inlining function 'LOD(ap_uint<15>)' into 'decode(ap_uint<16>)' (posit_lib.cpp:22:0)
INFO: [HLS 214-376] automatically set the pipeline for Loop< LOD_LOOP> at posit_lib.cpp:11:11 
INFO: [HLS 200-111] Finished Compiling Optimization and Transform: CPU user time: 0 seconds. CPU system time: 1 seconds. Elapsed time: 12.42 seconds; current allocated memory: 170.000 MB.
INFO: [HLS 200-111] Finished Checking Pragmas: CPU user time: 0 seconds. CPU system time: 0 seconds. Elapsed time: 0.008 seconds; current allocated memory: 170.000 MB.
INFO: [HLS 200-10] Starting code transformations ...
INFO: [HLS 200-111] Finished Standard Transforms: CPU user time: 0 seconds. CPU system time: 0 seconds. Elapsed time: 0.173 seconds; current allocated memory: 175.270 MB.
INFO: [HLS 200-10] Checking synthesizability ...
WARNING: [SYNCHK 200-23] posit_lib.cpp:12: variable-indexed range selection may cause suboptimal QoR.
INFO: [SYNCHK 200-10] 0 error(s), 1 warning(s).
INFO: [HLS 200-111] Finished Checking Synthesizability: CPU user time: 0 seconds. CPU system time: 0 seconds. Elapsed time: 0.084 seconds; current allocated memory: 177.973 MB.
INFO: [XFORM 203-401] Performing if-conversion on hyperblock from (posit_lib.cpp:18:9) to (posit_lib.cpp:53:12) in function 'decode'... converting 4 basic blocks.
INFO: [HLS 200-111] Finished Loop, function and other optimizations: CPU user time: 0 seconds. CPU system time: 0 seconds. Elapsed time: 0.116 seconds; current allocated memory: 199.281 MB.
INFO: [HLS 200-111] Finished Architecture Synthesis: CPU user time: 0 seconds. CPU system time: 0 seconds. Elapsed time: 0.103 seconds; current allocated memory: 204.148 MB.
INFO: [HLS 200-10] Starting hardware synthesis ...
INFO: [HLS 200-10] Synthesizing 'decode' ...
INFO: [SYN 201-201] Setting up clock 'default' with a period of 10ns.
INFO: [HLS 200-10] ----------------------------------------------------------------
INFO: [HLS 200-42] -- Implementing module 'decode_Pipeline_LOD_LOOP' 
INFO: [HLS 200-10] ----------------------------------------------------------------
INFO: [SCHED 204-11] Starting scheduling ...
INFO: [SCHED 204-61] Pipelining loop 'LOD_LOOP'.
INFO: [HLS 200-1470] Pipelining result : Target II = NA, Final II = 1, Depth = 1, loop 'LOD_LOOP'
INFO: [SCHED 204-11] Finished scheduling.
INFO: [HLS 200-111] Finished Scheduling: CPU user time: 0 seconds. CPU system time: 0 seconds. Elapsed time: 0.463 seconds; current allocated memory: 207.621 MB.
INFO: [BIND 205-100] Starting micro-architecture generation ...
INFO: [BIND 205-101] Performing variable lifetime analysis.
INFO: [BIND 205-101] Exploring resource sharing.
INFO: [BIND 205-101] Binding ...
INFO: [BIND 205-100] Finished micro-architecture generation.
INFO: [HLS 200-111] Finished Binding: CPU user time: 0 seconds. CPU system time: 0 seconds. Elapsed time: 0.101 seconds; current allocated memory: 208.680 MB.
INFO: [HLS 200-10] ----------------------------------------------------------------
INFO: [HLS 200-42] -- Implementing module 'decode' 
INFO: [HLS 200-10] ----------------------------------------------------------------
INFO: [SCHED 204-11] Starting scheduling ...
INFO: [SCHED 204-11] Finished scheduling.
INFO: [HLS 200-111] Finished Scheduling: CPU user time: 0 seconds. CPU system time: 0 seconds. Elapsed time: 0.181 seconds; current allocated memory: 208.844 MB.
INFO: [BIND 205-100] Starting micro-architecture generation ...
INFO: [BIND 205-101] Performing variable lifetime analysis.
INFO: [BIND 205-101] Exploring resource sharing.
INFO: [BIND 205-101] Binding ...
INFO: [BIND 205-100] Finished micro-architecture generation.
INFO: [HLS 200-111] Finished Binding: CPU user time: 0 seconds. CPU system time: 0 seconds. Elapsed time: 0.137 seconds; current allocated memory: 208.898 MB.
INFO: [HLS 200-10] ----------------------------------------------------------------
INFO: [HLS 200-10] -- Generating RTL for module 'decode_Pipeline_LOD_LOOP' 
INFO: [HLS 200-10] ----------------------------------------------------------------
INFO: [RTGEN 206-100] Generating core module 'bitselect_1ns_15ns_32ns_1_1_1': 1 instance(s).
INFO: [RTGEN 206-100] Finished creating RTL model for 'decode_Pipeline_LOD_LOOP'.
INFO: [HLS 200-111] Finished Creating RTL model: CPU user time: 0 seconds. CPU system time: 0 seconds. Elapsed time: 0.456 seconds; current allocated memory: 210.598 MB.
INFO: [HLS 200-10] ----------------------------------------------------------------
INFO: [HLS 200-10] -- Generating RTL for module 'decode' 
INFO: [HLS 200-10] ----------------------------------------------------------------
INFO: [RTGEN 206-500] Setting interface mode on port 'decode/posit' to 'ap_none'.
INFO: [RTGEN 206-500] Setting interface mode on function 'decode' to 'ap_ctrl_hs'.
INFO: [RTGEN 206-100] Generating core module 'partselect_3ns_16ns_32s_3_1_1': 1 instance(s).
INFO: [RTGEN 206-100] Finished creating RTL model for 'decode'.
INFO: [HLS 200-111] Finished Creating RTL model: CPU user time: 0 seconds. CPU system time: 0 seconds. Elapsed time: 0.25 seconds; current allocated memory: 211.516 MB.
INFO: [HLS 200-111] Finished Generating all RTL models: CPU user time: 0 seconds. CPU system time: 0 seconds. Elapsed time: 0.665 seconds; current allocated memory: 215.223 MB.
INFO: [HLS 200-111] Finished Updating report files: CPU user time: 0 seconds. CPU system time: 0 seconds. Elapsed time: 1.234 seconds; current allocated memory: 217.922 MB.
INFO: [VHDL 208-304] Generating VHDL RTL for decode.
INFO: [VLOG 209-307] Generating Verilog RTL for decode.
INFO: [HLS 200-790] **** Loop Constraint Status: All loop constraints were satisfied.
INFO: [HLS 200-789] **** Estimated Fmax: 169.71 MHz
INFO: [HLS 200-112] Total CPU user time: 2 seconds. Total CPU system time: 1 seconds. Total elapsed time: 58.745 seconds; peak allocated memory: 218.039 MB.
INFO: [v++ 60-791] Total elapsed time: 0h 1m 4s
