  **** HLS Build v2024.2 5238294
INFO: [HLS 200-2005] Using work_dir C:/Users/Burak/Desktop/TAU/HLS/PositFFT/PositFFT/PositFFT 
INFO: [HLS 200-1505] Using default flow_target 'vivado'
Resolution: For help on HLS 200-1505 see docs.xilinx.com/access/sources/dita/topic?Doc_Version=2024.2%20English&url=ug1448-hls-guidance&resourceid=200-1505.html
INFO: [HLS 200-1465] Applying ini 'syn.file=C:\Users\Burak\Desktop\TAU\HLS\PositFFT\PositFFT\posit.hpp' from C:/Users/Burak/Desktop/TAU/HLS/PositFFT/PositFFT/hls_config.cfg(7)
INFO: [HLS 200-10] Adding design file 'C:/Users/Burak/Desktop/TAU/HLS/PositFFT/PositFFT/posit.hpp' to the project
INFO: [HLS 200-1465] Applying ini 'syn.file=C:\Users\Burak\Desktop\TAU\HLS\PositFFT\PositFFT\posit_lib.cpp' from C:/Users/Burak/Desktop/TAU/HLS/PositFFT/PositFFT/hls_config.cfg(8)
INFO: [HLS 200-10] Adding design file 'C:/Users/Burak/Desktop/TAU/HLS/PositFFT/PositFFT/posit_lib.cpp' to the project
INFO: [HLS 200-1465] Applying ini 'tb.file=posit_fft_test.cpp' from C:/Users/Burak/Desktop/TAU/HLS/PositFFT/PositFFT/hls_config.cfg(12)
INFO: [HLS 200-10] Adding test bench file 'C:/Users/Burak/Desktop/TAU/HLS/PositFFT/PositFFT/posit_fft_test.cpp' to the project
INFO: [HLS 200-1465] Applying ini 'syn.top=dIFFT' from C:/Users/Burak/Desktop/TAU/HLS/PositFFT/PositFFT/hls_config.cfg(10)
INFO: [HLS 200-1465] Applying ini 'flow_target=vivado' from C:/Users/Burak/Desktop/TAU/HLS/PositFFT/PositFFT/hls_config.cfg(4)
INFO: [HLS 200-1505] Using flow_target 'vivado'
Resolution: For help on HLS 200-1505 see docs.xilinx.com/access/sources/dita/topic?Doc_Version=2024.2%20English&url=ug1448-hls-guidance&resourceid=200-1505.html
INFO: [HLS 200-1465] Applying ini 'part=xazu7ev-fbvb900-1-i' from C:/Users/Burak/Desktop/TAU/HLS/PositFFT/PositFFT/hls_config.cfg(1)
INFO: [HLS 200-1611] Setting target device to 'xazu7ev-fbvb900-1-i'
INFO: [HLS 200-1465] Applying ini 'clock=10ns' from C:/Users/Burak/Desktop/TAU/HLS/PositFFT/PositFFT/hls_config.cfg(11)
INFO: [SYN 201-201] Setting up clock 'default' with a period of 10ns.
INFO: [HLS 200-1465] Applying ini 'csim.code_analyzer=0' from C:/Users/Burak/Desktop/TAU/HLS/PositFFT/PositFFT/hls_config.cfg(9)
INFO: [HLS 200-1465] Applying ini 'package.output.format=ip_catalog' from C:/Users/Burak/Desktop/TAU/HLS/PositFFT/PositFFT/hls_config.cfg(5)
INFO: [SIM 211-2] *************** CSIM start ***************
INFO: [SIM 211-4] CSIM will launch CLANG as the compiler.
INFO: [HLS 200-2036] Building debug C Simulation binaries
   Compiling ../../../../posit_fft_test.cpp in debug mode
   Generating csim.exe
In file included from ../../../../posit_fft_test.cpp:1:
In file included from ../../../../posit.hpp:1:
In file included from C:/Xilinx/Vitis/2024.2/include/ap_int.h:10:
In file included from C:/Xilinx/Vitis/2024.2/include/etc/ap_common.h:658:
In file included from C:/Xilinx/Vitis/2024.2/include/etc/ap_private.h:68:
In file included from C:/Xilinx/Vitis/2024.2/include/hls_half.h:26:
In file included from C:/Xilinx/Vitis/2024.2/include/etc/hls_half_fpo.h:19:
In file included from C:/Xilinx/Vitis/2024.2/include/hls_fpo.h:140:
In file included from C:/Xilinx/Vitis/2024.2/include/floating_point_v7_1_bitacc_cmodel.h:150:
C:/Xilinx/Vitis/2024.2/include/gmp.h:58:9: warning: '__GMP_LIBGMP_DLL' macro redefined [-Wmacro-redefined]
#define __GMP_LIBGMP_DLL  0
        ^
C:/Xilinx/Vitis/2024.2/include/floating_point_v7_1_bitacc_cmodel.h:142:9: note: previous definition is here
#define __GMP_LIBGMP_DLL 1
        ^
1 warning generated.
double PI: 2
ONE: 1
POSIT_PI_OVER2: 1
PI: 2
2PI: 4
POSIT_M_PI_OVER2: -1
POSIT_M_PI: -2
POSIT_M_2PI: -4
----------------SNR RESULTS K Factor-------------------------
SNR k factor Calculation: inf dB
----------------SNR RESULTS MOD-------------------------
SNR Before Calculation: 182.320744472 dB
SNR Mod Calculation: 147.020174351 dB
Before Load
Loaded 64 values into arrays
Saved 64 values to c:/Users/Burak/Desktop/TAU/HLS/PositFFT/PositFFT/TERMS_4_N_32_ES_0_SIZE_64_APP/in_double.txt
Saved 64 values to c:/Users/Burak/Desktop/TAU/HLS/PositFFT/PositFFT/TERMS_4_N_32_ES_0_SIZE_64_APP/in_float.txt
Saved 64 values to c:/Users/Burak/Desktop/TAU/HLS/PositFFT/PositFFT/TERMS_4_N_32_ES_0_SIZE_64_APP/in_posit.txt
----------------SNR RESULTS INPUT-------------------------
SNR (Posit Reconstruction): 174.854780247 dB
SNR (Float Conversion): 153.033390045 dB
After Load
Loaded 64 values into arrays
Saved 64 values to c:/Users/Burak/Desktop/TAU/HLS/PositFFT/PositFFT/TERMS_4_N_32_ES_0_SIZE_64_APP/inSinCos_double.txt
Saved 64 values to c:/Users/Burak/Desktop/TAU/HLS/PositFFT/PositFFT/TERMS_4_N_32_ES_0_SIZE_64_APP/inSinCos_float.txt
Saved 64 values to c:/Users/Burak/Desktop/TAU/HLS/PositFFT/PositFFT/TERMS_4_N_32_ES_0_SIZE_64_APP/inSinCos_posit.txt
----------SIN--------------
Saved 64 values to c:/Users/Burak/Desktop/TAU/HLS/PositFFT/PositFFT/TERMS_4_N_32_ES_0_SIZE_64_APP/sin_double.txt
Saved 64 values to c:/Users/Burak/Desktop/TAU/HLS/PositFFT/PositFFT/TERMS_4_N_32_ES_0_SIZE_64_APP/sin_posit.txt
Saved 64 values to c:/Users/Burak/Desktop/TAU/HLS/PositFFT/PositFFT/TERMS_4_N_32_ES_0_SIZE_64_APP/sin_float.txt
----------------SNR RESULTS SIN-------------------------
SNR (Posit Reconstruction): 164.255076541 dB
SNR (Float Conversion): 135.066728592 dB
----------COS--------------
Saved 64 values to c:/Users/Burak/Desktop/TAU/HLS/PositFFT/PositFFT/TERMS_4_N_32_ES_0_SIZE_64_APP/cos_double.txt
Saved 64 values to c:/Users/Burak/Desktop/TAU/HLS/PositFFT/PositFFT/TERMS_4_N_32_ES_0_SIZE_64_APP/cos_posit.txt
Saved 64 values to c:/Users/Burak/Desktop/TAU/HLS/PositFFT/PositFFT/TERMS_4_N_32_ES_0_SIZE_64_APP/cos_float.txt
----------------SNR RESULTS COS-------------------------
SNR (Posit Reconstruction): 173.109912445 dB
SNR (Float Conversion): 143.528232574 dB
----------FFT--------------
Calculating double results...
0
Counter after k=0: 64
Counter after k=1: 128
Counter after k=2: 192
Counter after k=3: 256
Counter after k=4: 320
Counter after k=5: 384
Counter after k=6: 448
Counter after k=7: 512
Counter after k=8: 576
Counter after k=9: 640
Counter after k=10: 704
Counter after k=11: 768
Counter after k=12: 832
Counter after k=13: 896
Counter after k=14: 960
Counter after k=15: 1024
Counter after k=16: 1088
Counter after k=17: 1152
Counter after k=18: 1216
Counter after k=19: 1280
Counter after k=20: 1344
Counter after k=21: 1408
Counter after k=22: 1472
Counter after k=23: 1536
Counter after k=24: 1600
Counter after k=25: 1664
Counter after k=26: 1728
Counter after k=27: 1792
Counter after k=28: 1856
Counter after k=29: 1920
Counter after k=30: 1984
Counter after k=31: 2048
Counter after k=32: 2112
Counter after k=33: 2176
Counter after k=34: 2240
Counter after k=35: 2304
Counter after k=36: 2368
Counter after k=37: 2432
Counter after k=38: 2496
Counter after k=39: 2560
Counter after k=40: 2624
Counter after k=41: 2688
Counter after k=42: 2752
Counter after k=43: 2816
Counter after k=44: 2880
Counter after k=45: 2944
Counter after k=46: 3008
Counter after k=47: 3072
Counter after k=48: 3136
Counter after k=49: 3200
Counter after k=50: 3264
Counter after k=51: 3328
Counter after k=52: 3392
Counter after k=53: 3456
Counter after k=54: 3520
Counter after k=55: 3584
Counter after k=56: 3648
Counter after k=57: 3712
Counter after k=58: 3776
Counter after k=59: 3840
Counter after k=60: 3904
Counter after k=61: 3968
Counter after k=62: 4032
Counter after k=63: 4096
Calculating float results...
0
Calculating posit results...
Writing results in files...
Saved 64 values to c:/Users/Burak/Desktop/TAU/HLS/PositFFT/PositFFT/TERMS_4_N_32_ES_0_SIZE_64_APP/signal.txt
Saved 64 values to c:/Users/Burak/Desktop/TAU/HLS/PositFFT/PositFFT/TERMS_4_N_32_ES_0_SIZE_64_APP/posit_fft_real.txt
Saved 64 values to c:/Users/Burak/Desktop/TAU/HLS/PositFFT/PositFFT/TERMS_4_N_32_ES_0_SIZE_64_APP/posit_fft_imag.txt
Saved 64 values to c:/Users/Burak/Desktop/TAU/HLS/PositFFT/PositFFT/TERMS_4_N_32_ES_0_SIZE_64_APP/double_fft_real.txt
Saved 64 values to c:/Users/Burak/Desktop/TAU/HLS/PositFFT/PositFFT/TERMS_4_N_32_ES_0_SIZE_64_APP/double_fft_imag.txt
Saved 64 values to c:/Users/Burak/Desktop/TAU/HLS/PositFFT/PositFFT/TERMS_4_N_32_ES_0_SIZE_64_APP/float_fft_real.txt
Saved 64 values to c:/Users/Burak/Desktop/TAU/HLS/PositFFT/PositFFT/TERMS_4_N_32_ES_0_SIZE_64_APP/float_fft_imag.txt
----------------SNR RESULTS FFT-------------------------
SNR (Posit Reconstruction): 14.702046628 dB
SNR (Float Conversion): 136.545228958 dB
-127.875 -127.875
-131.75 -131.75
-135.625 -135.625
-139.5 -139.5
-143.375 -143.375
-147.25 -147.25
-151.125 -151.125
-155 -155
-158.875 -158.875
-162.75 -162.75
-166.625 -166.625
-170.5 -170.5
-174.375 -174.375
-178.25 -178.25
-182.125 -182.125
-186 -186
-189.875 -189.875
-193.75 -193.75
-197.625 -197.625
-201.5 -201.5
-205.375 -205.375
-209.25 -209.25
-213.125 -213.125
-217 -217
-220.875 -220.875
-224.75 -224.75
-228.625 -228.625
-232.5 -232.5
-236.375 -236.375
-240.25 -240.25
-244.125 -244.125
-248 -248
-3.9375 -3.9375
-7.875 -7.875
-11.8125 -11.8125
-15.75 -15.75
-19.6875 -19.6875
-23.625 -23.625
-27.5625 -27.5625
-31.5 -31.5
-35.4375 -35.4375
-39.375 -39.375
-43.3125 -43.3125
-47.25 -47.25
-51.1875 -51.1875
-55.125 -55.125
-59.0625 -59.0625
-63 -63
-66.9375 -66.9375
-70.875 -70.875
-74.8125 -74.8125
-78.75 -78.75
-82.6875 -82.6875
-86.625 -86.625
-90.5625 -90.5625
-94.5 -94.5
-98.4375 -98.4375
-102.375 -102.375
-106.3125 -106.3125
-110.25 -110.25
-114.1875 -114.1875
-118.125 -118.125
-122.0625 -122.0625
-126 -126
-129.9375 -129.9375
-133.875 -133.875
-137.8125 -137.8125
-141.75 -141.75
-145.6875 -145.6875
-149.625 -149.625
-153.5625 -153.5625
-157.5 -157.5
-161.4375 -161.4375
-165.375 -165.375
-169.3125 -169.3125
-173.25 -173.25
-177.1875 -177.1875
-181.125 -181.125
-185.0625 -185.0625
-189 -189
-192.9375 -192.9375
-196.875 -196.875
-200.8125 -200.8125
-204.75 -204.75
-208.6875 -208.6875
-212.625 -212.625
-216.5625 -216.5625
-220.5 -220.5
-224.4375 -224.4375
-228.375 -228.375
-232.3125 -232.3125
-236.25 -236.25
-240.1875 -240.1875
-244.125 -244.125
-248.0625 -248.0625
-252 -252
----------------SNR RESULTS Angle-------------------------
SNR Before Calculation: 56.6828484526 dB
----------------SNR RESULTS MOD-------------------------
SNR Before Calculation: 182.320744472 dB
SNR Mod Calculation: 147.020174351 dB
Computing double IFFT...
Writing IFFT results to file...
Saved 64 values to c:/Users/Burak/Desktop/TAU/HLS/PositFFT/PositFFT/TERMS_4_N_32_ES_0_SIZE_64_APP/double_ifft_output.txt
Computing float IFFT...
Saved 64 values to c:/Users/Burak/Desktop/TAU/HLS/PositFFT/PositFFT/TERMS_4_N_32_ES_0_SIZE_64_APP/float_ifft_output.txt
Computing posit IFFT...
Saved 64 values to c:/Users/Burak/Desktop/TAU/HLS/PositFFT/PositFFT/TERMS_4_N_32_ES_0_SIZE_64_APP/posit_ifft_output.txt
----------------SNR RESULTS IFFT-------------------------
SNR (Posit Reconstruction): 17.5461117775 dB
SNR (Float Conversion): 135.511417389 dB
----------------SNR RESULTS IFFT WRT ORIG-----------------
SNR (Posit Reconstruction): 5.55834803448 dB
SNR (Float Conversion): 5.07209599018 dB
SNR (Double Conversion): 5.07209595544 dB
Processing complete.
INFO: [SIM 211-1] CSim done with 0 errors.
INFO: [SIM 211-3] *************** CSIM finish ***************
INFO: [HLS 200-112] Total CPU user time: 1 seconds. Total CPU system time: 1 seconds. Total elapsed time: 15.074 seconds; peak allocated memory: 162.562 MB.
INFO: [vitis-run 60-791] Total elapsed time: 0h 0m 22s
