  **** HLS Build v2024.2 5238294
INFO: [HLS 200-2005] Using work_dir C:/Users/Burak/Desktop/TAU/HLS/PositFFT/PositFFT/PositFFT 
INFO: [HLS 200-1505] Using default flow_target 'vivado'
Resolution: For help on HLS 200-1505 see docs.xilinx.com/access/sources/dita/topic?Doc_Version=2024.2%20English&url=ug1448-hls-guidance&resourceid=200-1505.html
INFO: [HLS 200-1465] Applying ini 'syn.file=C:\Users\Burak\Desktop\TAU\HLS\PositFFT\PositFFT\posit.hpp' from C:/Users/Burak/Desktop/TAU/HLS/PositFFT/PositFFT/hls_config.cfg(7)
INFO: [HLS 200-10] Adding design file 'C:/Users/Burak/Desktop/TAU/HLS/PositFFT/PositFFT/posit.hpp' to the project
INFO: [HLS 200-1465] Applying ini 'syn.file=C:\Users\Burak\Desktop\TAU\HLS\PositFFT\PositFFT\posit_lib.cpp' from C:/Users/Burak/Desktop/TAU/HLS/PositFFT/PositFFT/hls_config.cfg(8)
INFO: [HLS 200-10] Adding design file 'C:/Users/Burak/Desktop/TAU/HLS/PositFFT/PositFFT/posit_lib.cpp' to the project
INFO: [HLS 200-1465] Applying ini 'tb.file=posit_fft_test.cpp' from C:/Users/Burak/Desktop/TAU/HLS/PositFFT/PositFFT/hls_config.cfg(12)
INFO: [HLS 200-10] Adding test bench file 'C:/Users/Burak/Desktop/TAU/HLS/PositFFT/PositFFT/posit_fft_test.cpp' to the project
INFO: [HLS 200-1465] Applying ini 'syn.top=pFFT' from C:/Users/Burak/Desktop/TAU/HLS/PositFFT/PositFFT/hls_config.cfg(10)
INFO: [HLS 200-1465] Applying ini 'flow_target=vivado' from C:/Users/Burak/Desktop/TAU/HLS/PositFFT/PositFFT/hls_config.cfg(4)
INFO: [HLS 200-1505] Using flow_target 'vivado'
Resolution: For help on HLS 200-1505 see docs.xilinx.com/access/sources/dita/topic?Doc_Version=2024.2%20English&url=ug1448-hls-guidance&resourceid=200-1505.html
INFO: [HLS 200-1465] Applying ini 'part=xazu7ev-fbvb900-1-i' from C:/Users/Burak/Desktop/TAU/HLS/PositFFT/PositFFT/hls_config.cfg(1)
INFO: [HLS 200-1611] Setting target device to 'xazu7ev-fbvb900-1-i'
INFO: [HLS 200-1465] Applying ini 'clock=10ns' from C:/Users/Burak/Desktop/TAU/HLS/PositFFT/PositFFT/hls_config.cfg(11)
INFO: [SYN 201-201] Setting up clock 'default' with a period of 10ns.
INFO: [HLS 200-1465] Applying ini 'csim.code_analyzer=0' from C:/Users/Burak/Desktop/TAU/HLS/PositFFT/PositFFT/hls_config.cfg(9)
INFO: [HLS 200-1465] Applying ini 'package.output.format=ip_catalog' from C:/Users/Burak/Desktop/TAU/HLS/PositFFT/PositFFT/hls_config.cfg(5)
INFO: [SIM 211-2] *************** CSIM start ***************
INFO: [SIM 211-4] CSIM will launch CLANG as the compiler.
INFO: [HLS 200-2036] Building debug C Simulation binaries
   Compiling ../../../../posit_fft_test.cpp in debug mode
   Generating csim.exe
In file included from ../../../../posit_fft_test.cpp:1:
In file included from ../../../../posit.hpp:1:
In file included from C:/Xilinx/Vitis/2024.2/include/ap_int.h:10:
In file included from C:/Xilinx/Vitis/2024.2/include/etc/ap_common.h:658:
In file included from C:/Xilinx/Vitis/2024.2/include/etc/ap_private.h:68:
In file included from C:/Xilinx/Vitis/2024.2/include/hls_half.h:26:
In file included from C:/Xilinx/Vitis/2024.2/include/etc/hls_half_fpo.h:19:
In file included from C:/Xilinx/Vitis/2024.2/include/hls_fpo.h:140:
In file included from C:/Xilinx/Vitis/2024.2/include/floating_point_v7_1_bitacc_cmodel.h:150:
C:/Xilinx/Vitis/2024.2/include/gmp.h:58:9: warning: '__GMP_LIBGMP_DLL' macro redefined [-Wmacro-redefined]
#define __GMP_LIBGMP_DLL  0
        ^
C:/Xilinx/Vitis/2024.2/include/floating_point_v7_1_bitacc_cmodel.h:142:9: note: previous definition is here
#define __GMP_LIBGMP_DLL 1
        ^
1 warning generated.
0
k: 1
0.015625
k: 2
0.03125
k: 3
0.046875
k: 4
0.0625
k: 5
0.078125
k: 6
0.09375
k: 7
0.109375
k: 8
0.125
k: 9
0.140625
k: 10
0.15625
k: 11
0.171875
k: 12
0.1875
k: 13
0.203125
k: 14
0.21875
k: 15
0.234375
k: 16
0.25
k: 17
0.265625
k: 18
0.28125
k: 19
0.296875
k: 20
0.3125
k: 21
0.328125
k: 22
0.34375
k: 23
0.359375
k: 24
0.375
k: 25
0.390625
k: 26
0.40625
k: 27
0.421875
k: 28
0.4375
k: 29
0.453125
k: 30
0.46875
k: 31
0.484375
k: 32
0.5
k: 33
0.515625
k: 34
0.53125
k: 35
0.546875
k: 36
0.5625
k: 37
0.578125
k: 38
0.59375
k: 39
0.609375
k: 40
0.625
k: 41
0.640625
k: 42
0.65625
k: 43
0.671875
k: 44
0.6875
k: 45
0.703125
k: 46
0.71875
k: 47
0.734375
k: 48
0.75
k: 49
0.765625
k: 50
0.78125
k: 51
0.796875
k: 52
0.8125
k: 53
0.828125
k: 54
0.84375
k: 55
0.859375
k: 56
0.875
k: 57
0.890625
k: 58
0.90625
k: 59
0.921875
k: 60
0.9375
k: 61
0.953125
k: 62
0.96875
k: 63
0.984375
INFO: [SIM 211-1] CSim done with 0 errors.
INFO: [SIM 211-3] *************** CSIM finish ***************
INFO: [HLS 200-112] Total CPU user time: 0 seconds. Total CPU system time: 0 seconds. Total elapsed time: 13.482 seconds; peak allocated memory: 162.695 MB.
INFO: [vitis-run 60-791] Total elapsed time: 0h 0m 19s
