  **** HLS Build v2024.2 5238294
INFO: [HLS 200-2005] Using work_dir C:/Users/Burak/Desktop/TAU/HLS/PositFFT/PositFFT/PositFFT 
INFO: [HLS 200-1505] Using default flow_target 'vivado'
Resolution: For help on HLS 200-1505 see docs.xilinx.com/access/sources/dita/topic?Doc_Version=2024.2%20English&url=ug1448-hls-guidance&resourceid=200-1505.html
INFO: [HLS 200-1465] Applying ini 'syn.file=C:\Users\Burak\Desktop\TAU\HLS\PositFFT\PositFFT\posit.hpp' from C:/Users/Burak/Desktop/TAU/HLS/PositFFT/PositFFT/hls_config.cfg(7)
INFO: [HLS 200-10] Adding design file 'C:/Users/Burak/Desktop/TAU/HLS/PositFFT/PositFFT/posit.hpp' to the project
INFO: [HLS 200-1465] Applying ini 'syn.file=C:\Users\Burak\Desktop\TAU\HLS\PositFFT\PositFFT\posit_lib.cpp' from C:/Users/Burak/Desktop/TAU/HLS/PositFFT/PositFFT/hls_config.cfg(8)
INFO: [HLS 200-10] Adding design file 'C:/Users/Burak/Desktop/TAU/HLS/PositFFT/PositFFT/posit_lib.cpp' to the project
INFO: [HLS 200-1465] Applying ini 'tb.file=posit_fft_test.cpp' from C:/Users/Burak/Desktop/TAU/HLS/PositFFT/PositFFT/hls_config.cfg(11)
INFO: [HLS 200-10] Adding test bench file 'C:/Users/Burak/Desktop/TAU/HLS/PositFFT/PositFFT/posit_fft_test.cpp' to the project
INFO: [HLS 200-1465] Applying ini 'syn.top=pFFT' from C:/Users/Burak/Desktop/TAU/HLS/PositFFT/PositFFT/hls_config.cfg(10)
INFO: [HLS 200-1465] Applying ini 'flow_target=vivado' from C:/Users/Burak/Desktop/TAU/HLS/PositFFT/PositFFT/hls_config.cfg(4)
INFO: [HLS 200-1505] Using flow_target 'vivado'
Resolution: For help on HLS 200-1505 see docs.xilinx.com/access/sources/dita/topic?Doc_Version=2024.2%20English&url=ug1448-hls-guidance&resourceid=200-1505.html
INFO: [HLS 200-1465] Applying ini 'part=xazu3teg-sfvc784-1Q-q' from C:/Users/Burak/Desktop/TAU/HLS/PositFFT/PositFFT/hls_config.cfg(1)
INFO: [HLS 200-1611] Setting target device to 'xazu3teg-sfvc784-1Q-q'
INFO: [HLS 200-1465] Applying ini 'clock=100ns' from C:/Users/Burak/Desktop/TAU/HLS/PositFFT/PositFFT/hls_config.cfg(12)
INFO: [SYN 201-201] Setting up clock 'default' with a period of 100ns.
INFO: [HLS 200-1465] Applying ini 'csim.code_analyzer=0' from C:/Users/Burak/Desktop/TAU/HLS/PositFFT/PositFFT/hls_config.cfg(9)
INFO: [HLS 200-1465] Applying ini 'package.output.format=ip_catalog' from C:/Users/Burak/Desktop/TAU/HLS/PositFFT/PositFFT/hls_config.cfg(5)
INFO: [HLS 200-111] Finished File checks and directory preparation: CPU user time: 1 seconds. CPU system time: 1 seconds. Elapsed time: 3.09 seconds; current allocated memory: 162.152 MB.
INFO: [HLS 200-10] Analyzing design file 'posit_lib.cpp' ... 
WARNING: [HLS 207-5168] shifting a negative signed value is undefined (posit_lib.cpp:675:34)
WARNING: [HLS 207-5589] '#pragma HLS unroll' can only be applied inside loop body (posit_lib.cpp:1244:9)
WARNING: [HLS 207-5292] unused parameter 'size' (./posit.hpp:130:23)
WARNING: [HLS 207-5292] unused parameter 'size' (./posit.hpp:142:23)
WARNING: [HLS 207-5292] unused parameter 'size' (./posit.hpp:154:23)
INFO: [HLS 200-111] Finished Source Code Analysis and Preprocessing: CPU user time: 1 seconds. CPU system time: 0 seconds. Elapsed time: 30.762 seconds; current allocated memory: 169.160 MB.
INFO: [HLS 200-777] Using interface defaults for 'Vivado' flow target.
WARNING: [HLS 200-1995] There were 368,923 instructions in the design after the 'Compile/Link' phase of compilation. See the Design Size Report for more details: C:/Users/Burak/Desktop/TAU/HLS/PositFFT/PositFFT/PositFFT/hls/syn/report/csynth_design_size.rpt
INFO: [HLS 200-1995] There were 27,056 instructions in the design after the 'Unroll/Inline (step 1)' phase of compilation. See the Design Size Report for more details: C:/Users/Burak/Desktop/TAU/HLS/PositFFT/PositFFT/PositFFT/hls/syn/report/csynth_design_size.rpt
INFO: [HLS 200-1995] There were 11,856 instructions in the design after the 'Unroll/Inline (step 2)' phase of compilation. See the Design Size Report for more details: C:/Users/Burak/Desktop/TAU/HLS/PositFFT/PositFFT/PositFFT/hls/syn/report/csynth_design_size.rpt
INFO: [HLS 200-1995] There were 11,532 instructions in the design after the 'Unroll/Inline (step 3)' phase of compilation. See the Design Size Report for more details: C:/Users/Burak/Desktop/TAU/HLS/PositFFT/PositFFT/PositFFT/hls/syn/report/csynth_design_size.rpt
INFO: [HLS 200-1995] There were 7,772 instructions in the design after the 'Unroll/Inline (step 4)' phase of compilation. See the Design Size Report for more details: C:/Users/Burak/Desktop/TAU/HLS/PositFFT/PositFFT/PositFFT/hls/syn/report/csynth_design_size.rpt
INFO: [HLS 200-1995] There were 6,207 instructions in the design after the 'Array/Struct (step 1)' phase of compilation. See the Design Size Report for more details: C:/Users/Burak/Desktop/TAU/HLS/PositFFT/PositFFT/PositFFT/hls/syn/report/csynth_design_size.rpt
INFO: [HLS 200-1995] There were 6,207 instructions in the design after the 'Array/Struct (step 2)' phase of compilation. See the Design Size Report for more details: C:/Users/Burak/Desktop/TAU/HLS/PositFFT/PositFFT/PositFFT/hls/syn/report/csynth_design_size.rpt
INFO: [HLS 200-1995] There were 6,408 instructions in the design after the 'Array/Struct (step 3)' phase of compilation. See the Design Size Report for more details: C:/Users/Burak/Desktop/TAU/HLS/PositFFT/PositFFT/PositFFT/hls/syn/report/csynth_design_size.rpt
INFO: [HLS 200-1995] There were 6,316 instructions in the design after the 'Array/Struct (step 4)' phase of compilation. See the Design Size Report for more details: C:/Users/Burak/Desktop/TAU/HLS/PositFFT/PositFFT/PositFFT/hls/syn/report/csynth_design_size.rpt
INFO: [HLS 200-1995] There were 6,337 instructions in the design after the 'Array/Struct (step 5)' phase of compilation. See the Design Size Report for more details: C:/Users/Burak/Desktop/TAU/HLS/PositFFT/PositFFT/PositFFT/hls/syn/report/csynth_design_size.rpt
INFO: [HLS 200-1995] There were 5,967 instructions in the design after the 'Performance (step 1)' phase of compilation. See the Design Size Report for more details: C:/Users/Burak/Desktop/TAU/HLS/PositFFT/PositFFT/PositFFT/hls/syn/report/csynth_design_size.rpt
INFO: [HLS 200-1995] There were 5,947 instructions in the design after the 'Performance (step 2)' phase of compilation. See the Design Size Report for more details: C:/Users/Burak/Desktop/TAU/HLS/PositFFT/PositFFT/PositFFT/hls/syn/report/csynth_design_size.rpt
INFO: [HLS 200-1995] There were 5,947 instructions in the design after the 'Performance (step 3)' phase of compilation. See the Design Size Report for more details: C:/Users/Burak/Desktop/TAU/HLS/PositFFT/PositFFT/PositFFT/hls/syn/report/csynth_design_size.rpt
INFO: [HLS 200-1995] There were 5,947 instructions in the design after the 'Performance (step 4)' phase of compilation. See the Design Size Report for more details: C:/Users/Burak/Desktop/TAU/HLS/PositFFT/PositFFT/PositFFT/hls/syn/report/csynth_design_size.rpt
INFO: [HLS 200-1995] There were 5,950 instructions in the design after the 'HW Transforms (step 1)' phase of compilation. See the Design Size Report for more details: C:/Users/Burak/Desktop/TAU/HLS/PositFFT/PositFFT/PositFFT/hls/syn/report/csynth_design_size.rpt
INFO: [HLS 200-1995] There were 5,755 instructions in the design after the 'HW Transforms (step 2)' phase of compilation. See the Design Size Report for more details: C:/Users/Burak/Desktop/TAU/HLS/PositFFT/PositFFT/PositFFT/hls/syn/report/csynth_design_size.rpt
INFO: [HLS 214-291] Loop 'anonymous' is marked as complete unroll implied by the pipeline pragma (C:\scratch\2024.2\hls_product\495\2024.2\src\shared\hls\clib/hlsmath/include/FloatingPoint\hls_log_.h:330:2)
INFO: [HLS 214-186] Unrolling loop 'anonymous' (C:\scratch\2024.2\hls_product\495\2024.2\src\shared\hls\clib/hlsmath/include/FloatingPoint\hls_log_.h:330:2) in function 'log_reduce::log_generic<double>' completely with a factor of 99 (C:\scratch\2024.2\hls_product\495\2024.2\src\shared\hls\clib/hlsmath/include/FloatingPoint\hls_log_.h:183:0)
INFO: [HLS 214-178] Inlining function 'fp_struct<double>::fp_struct(double)' into 'int generic_isnan<double>(double)' (C:\scratch\2024.2\hls_product\495\2024.2\src\shared\hls\clib/hlsmath/include/FloatingPoint/hls_isnan.h:16:0)
INFO: [HLS 214-178] Inlining function 'fp_struct<double>::fp_struct(double)' into 'int generic_isinf<double>(double)' (C:\scratch\2024.2\hls_product\495\2024.2\src\shared\hls\clib/hlsmath/include/FloatingPoint\hls_isinf.h:16:0)
INFO: [HLS 214-178] Inlining function 'fp_struct<double>::data() const (.183.216.225.250.260)' into 'fp_struct<double>::to_double() const (.213.222.247.257)' (C:\scratch\2024.2\hls_product\495\2024.2\src\shared\hls\clib/src/hls\utils/x_hls_utils.h:494:0)
INFO: [HLS 214-178] Inlining function 'fp_struct<double>::to_double() const (.213.222.247.257)' into 'fp_struct<double>::to_ieee() const' (C:\scratch\2024.2\hls_product\495\2024.2\src\shared\hls\clib/src/hls\utils/x_hls_utils.h:509:0)
INFO: [HLS 214-178] Inlining function 'void log_reduce::range_reduce<ap_fixed<102, 12, (ap_q_mode)5, (ap_o_mode)3, 0>, 4, 4, 57, 59>(ap_ufixed<57, -(4), (ap_q_mode)5, (ap_o_mode)3, 0>, ap_fixed<102, 12, (ap_q_mode)5, (ap_o_mode)3, 0>&, ap_ufixed<59, -(((4) + (4)) - (1)), (ap_q_mode)5, (ap_o_mode)3, 0>&)' into 'ap_ufixed<53, -37, (ap_q_mode)5, (ap_o_mode)3, 0> log_reduce::log_traits<double>::range_reduction<57>(ap_ufixed<57, -4, (ap_q_mode)5, (ap_o_mode)3, 0>, ap_fixed<102, 12, (ap_q_mode)5, (ap_o_mode)3, 0>&)' (C:\scratch\2024.2\hls_product\495\2024.2\src\shared\hls\clib/hlsmath/include/FloatingPoint\hls_log_.h:153:0)
INFO: [HLS 214-178] Inlining function 'void log_reduce::range_reduce<ap_fixed<102, 12, (ap_q_mode)5, (ap_o_mode)3, 0>, 7, 6, 59, 69>(ap_ufixed<59, -(7), (ap_q_mode)5, (ap_o_mode)3, 0>, ap_fixed<102, 12, (ap_q_mode)5, (ap_o_mode)3, 0>&, ap_ufixed<69, -(((7) + (6)) - (1)), (ap_q_mode)5, (ap_o_mode)3, 0>&)' into 'ap_ufixed<53, -37, (ap_q_mode)5, (ap_o_mode)3, 0> log_reduce::log_traits<double>::range_reduction<57>(ap_ufixed<57, -4, (ap_q_mode)5, (ap_o_mode)3, 0>, ap_fixed<102, 12, (ap_q_mode)5, (ap_o_mode)3, 0>&)' (C:\scratch\2024.2\hls_product\495\2024.2\src\shared\hls\clib/hlsmath/include/FloatingPoint\hls_log_.h:153:0)
INFO: [HLS 214-178] Inlining function 'void log_reduce::range_reduce<ap_fixed<102, 12, (ap_q_mode)5, (ap_o_mode)3, 0>, 12, 6, 69, 73>(ap_ufixed<69, -(12), (ap_q_mode)5, (ap_o_mode)3, 0>, ap_fixed<102, 12, (ap_q_mode)5, (ap_o_mode)3, 0>&, ap_ufixed<73, -(((12) + (6)) - (1)), (ap_q_mode)5, (ap_o_mode)3, 0>&)' into 'ap_ufixed<53, -37, (ap_q_mode)5, (ap_o_mode)3, 0> log_reduce::log_traits<double>::range_reduction<57>(ap_ufixed<57, -4, (ap_q_mode)5, (ap_o_mode)3, 0>, ap_fixed<102, 12, (ap_q_mode)5, (ap_o_mode)3, 0>&)' (C:\scratch\2024.2\hls_product\495\2024.2\src\shared\hls\clib/hlsmath/include/FloatingPoint\hls_log_.h:153:0)
INFO: [HLS 214-178] Inlining function 'void log_reduce::range_reduce<ap_fixed<102, 12, (ap_q_mode)5, (ap_o_mode)3, 0>, 17, 6, 73, 68>(ap_ufixed<73, -(17), (ap_q_mode)5, (ap_o_mode)3, 0>, ap_fixed<102, 12, (ap_q_mode)5, (ap_o_mode)3, 0>&, ap_ufixed<68, -(((17) + (6)) - (1)), (ap_q_mode)5, (ap_o_mode)3, 0>&)' into 'ap_ufixed<53, -37, (ap_q_mode)5, (ap_o_mode)3, 0> log_reduce::log_traits<double>::range_reduction<57>(ap_ufixed<57, -4, (ap_q_mode)5, (ap_o_mode)3, 0>, ap_fixed<102, 12, (ap_q_mode)5, (ap_o_mode)3, 0>&)' (C:\scratch\2024.2\hls_product\495\2024.2\src\shared\hls\clib/hlsmath/include/FloatingPoint\hls_log_.h:153:0)
INFO: [HLS 214-178] Inlining function 'void log_reduce::range_reduce<ap_fixed<102, 12, (ap_q_mode)5, (ap_o_mode)3, 0>, 22, 6, 68, 63>(ap_ufixed<68, -(22), (ap_q_mode)5, (ap_o_mode)3, 0>, ap_fixed<102, 12, (ap_q_mode)5, (ap_o_mode)3, 0>&, ap_ufixed<63, -(((22) + (6)) - (1)), (ap_q_mode)5, (ap_o_mode)3, 0>&)' into 'ap_ufixed<53, -37, (ap_q_mode)5, (ap_o_mode)3, 0> log_reduce::log_traits<double>::range_reduction<57>(ap_ufixed<57, -4, (ap_q_mode)5, (ap_o_mode)3, 0>, ap_fixed<102, 12, (ap_q_mode)5, (ap_o_mode)3, 0>&)' (C:\scratch\2024.2\hls_product\495\2024.2\src\shared\hls\clib/hlsmath/include/FloatingPoint\hls_log_.h:153:0)
INFO: [HLS 214-178] Inlining function 'void log_reduce::range_reduce<ap_fixed<102, 12, (ap_q_mode)5, (ap_o_mode)3, 0>, 27, 6, 63, 58>(ap_ufixed<63, -(27), (ap_q_mode)5, (ap_o_mode)3, 0>, ap_fixed<102, 12, (ap_q_mode)5, (ap_o_mode)3, 0>&, ap_ufixed<58, -(((27) + (6)) - (1)), (ap_q_mode)5, (ap_o_mode)3, 0>&)' into 'ap_ufixed<53, -37, (ap_q_mode)5, (ap_o_mode)3, 0> log_reduce::log_traits<double>::range_reduction<57>(ap_ufixed<57, -4, (ap_q_mode)5, (ap_o_mode)3, 0>, ap_fixed<102, 12, (ap_q_mode)5, (ap_o_mode)3, 0>&)' (C:\scratch\2024.2\hls_product\495\2024.2\src\shared\hls\clib/hlsmath/include/FloatingPoint\hls_log_.h:153:0)
INFO: [HLS 214-178] Inlining function 'void log_reduce::range_reduce<ap_fixed<102, 12, (ap_q_mode)5, (ap_o_mode)3, 0>, 32, 6, 58, 53>(ap_ufixed<58, -(32), (ap_q_mode)5, (ap_o_mode)3, 0>, ap_fixed<102, 12, (ap_q_mode)5, (ap_o_mode)3, 0>&, ap_ufixed<53, -(((32) + (6)) - (1)), (ap_q_mode)5, (ap_o_mode)3, 0>&)' into 'ap_ufixed<53, -37, (ap_q_mode)5, (ap_o_mode)3, 0> log_reduce::log_traits<double>::range_reduction<57>(ap_ufixed<57, -4, (ap_q_mode)5, (ap_o_mode)3, 0>, ap_fixed<102, 12, (ap_q_mode)5, (ap_o_mode)3, 0>&)' (C:\scratch\2024.2\hls_product\495\2024.2\src\shared\hls\clib/hlsmath/include/FloatingPoint\hls_log_.h:153:0)
INFO: [HLS 214-178] Inlining function 'fp_struct<double>::fp_struct(double)' into 'double log_reduce::log_generic<double>(double)' (C:\scratch\2024.2\hls_product\495\2024.2\src\shared\hls\clib/hlsmath/include/FloatingPoint\hls_log_.h:183:0)
INFO: [HLS 214-178] Inlining function 'fp_struct<double>::expv() const' into 'double log_reduce::log_generic<double>(double)' (C:\scratch\2024.2\hls_product\495\2024.2\src\shared\hls\clib/hlsmath/include/FloatingPoint\hls_log_.h:183:0)
INFO: [HLS 214-178] Inlining function 'int generic_isnan<double>(double)' into 'double log_reduce::log_generic<double>(double)' (C:\scratch\2024.2\hls_product\495\2024.2\src\shared\hls\clib/hlsmath/include/FloatingPoint\hls_log_.h:183:0)
INFO: [HLS 214-178] Inlining function 'int generic_isinf<double>(double)' into 'double log_reduce::log_generic<double>(double)' (C:\scratch\2024.2\hls_product\495\2024.2\src\shared\hls\clib/hlsmath/include/FloatingPoint\hls_log_.h:183:0)
INFO: [HLS 214-178] Inlining function 'fp_struct<double>::to_ieee() const' into 'double log_reduce::log_generic<double>(double)' (C:\scratch\2024.2\hls_product\495\2024.2\src\shared\hls\clib/hlsmath/include/FloatingPoint\hls_log_.h:183:0)
INFO: [HLS 214-178] Inlining function 'log_reduce::log2(double)' into 'log2' (C:\scratch\2024.2\hls_product\495\2024.2\src\shared\hls\clib\hlsmath\src\c\logdouble.cpp:7:0)
INFO: [HLS 214-178] Inlining function 'fp_struct<double>::fp_struct(double)' into 'double generic_copysign<double>(double, double)' (C:\scratch\2024.2\hls_product\495\2024.2\src\shared\hls\clib/hlsmath/include/FloatingPoint/hls_copysign.h:10:0)
INFO: [HLS 214-178] Inlining function 'fp_struct<double>::to_ieee() const' into 'double generic_copysign<double>(double, double)' (C:\scratch\2024.2\hls_product\495\2024.2\src\shared\hls\clib/hlsmath/include/FloatingPoint/hls_copysign.h:10:0)
INFO: [HLS 214-178] Inlining function 'fp_struct<double>::fp_struct(double)' into 'double generic_floor<double>(double)' (C:\scratch\2024.2\hls_product\495\2024.2\src\shared\hls\clib/hlsmath/include/FloatingPoint\hls_floor.h:14:0)
INFO: [HLS 214-178] Inlining function 'fp_struct<double>::__signbit() const' into 'double generic_floor<double>(double)' (C:\scratch\2024.2\hls_product\495\2024.2\src\shared\hls\clib/hlsmath/include/FloatingPoint\hls_floor.h:14:0)
INFO: [HLS 214-178] Inlining function 'double generic_copysign<double>(double, double)' into 'double generic_floor<double>(double)' (C:\scratch\2024.2\hls_product\495\2024.2\src\shared\hls\clib/hlsmath/include/FloatingPoint\hls_floor.h:14:0)
INFO: [HLS 214-178] Inlining function 'fp_struct<double>::data() const (.183.216.225.250.260)' into 'double generic_floor<double>(double)' (C:\scratch\2024.2\hls_product\495\2024.2\src\shared\hls\clib/hlsmath/include/FloatingPoint\hls_floor.h:14:0)
INFO: [HLS 214-178] Inlining function 'fp_struct<double>::fp_struct(ap_uint<64>)' into 'double generic_floor<double>(double)' (C:\scratch\2024.2\hls_product\495\2024.2\src\shared\hls\clib/hlsmath/include/FloatingPoint\hls_floor.h:14:0)
INFO: [HLS 214-178] Inlining function 'fp_struct<double>::to_ieee() const' into 'double generic_floor<double>(double)' (C:\scratch\2024.2\hls_product\495\2024.2\src\shared\hls\clib/hlsmath/include/FloatingPoint\hls_floor.h:14:0)
INFO: [HLS 214-178] Inlining function 'fp_struct<double>::fp_struct(double)' into 'int generic_cast_IEEE754<int, (ap_q_mode)6, double>(double, bool, hls::enable_if<std::numeric_limits<int>::is_signed, bool>::type)' (C:\scratch\2024.2\hls_product\495\2024.2\src\shared\hls\clib/hlsmath/include/FloatingPoint\hls_case_IEEE754.h:12:0)
INFO: [HLS 214-178] Inlining function 'fp_struct<double>::mantissa() const' into 'int generic_cast_IEEE754<int, (ap_q_mode)6, double>(double, bool, hls::enable_if<std::numeric_limits<int>::is_signed, bool>::type)' (C:\scratch\2024.2\hls_product\495\2024.2\src\shared\hls\clib/hlsmath/include/FloatingPoint\hls_case_IEEE754.h:12:0)
INFO: [HLS 214-178] Inlining function 'fp_struct<double>::expv() const' into 'int generic_cast_IEEE754<int, (ap_q_mode)6, double>(double, bool, hls::enable_if<std::numeric_limits<int>::is_signed, bool>::type)' (C:\scratch\2024.2\hls_product\495\2024.2\src\shared\hls\clib/hlsmath/include/FloatingPoint\hls_case_IEEE754.h:12:0)
INFO: [HLS 214-178] Inlining function 'fp_struct<double>::__signbit() const' into 'int generic_cast_IEEE754<int, (ap_q_mode)6, double>(double, bool, hls::enable_if<std::numeric_limits<int>::is_signed, bool>::type)' (C:\scratch\2024.2\hls_product\495\2024.2\src\shared\hls\clib/hlsmath/include/FloatingPoint\hls_case_IEEE754.h:12:0)
INFO: [HLS 214-178] Inlining function 'int generic_cast_IEEE754<int, (ap_q_mode)6, double>(double, bool, hls::enable_if<std::numeric_limits<int>::is_signed, bool>::type)' into 'int generic_cast_IEEE754<int, double>(double, bool)' (C:\scratch\2024.2\hls_product\495\2024.2\src\shared\hls\clib/hlsmath/include/FloatingPoint\hls_case_IEEE754.h:116:0)
INFO: [HLS 214-178] Inlining function 'int generic_cast_IEEE754<int, double>(double, bool)' into '__hls_fptosi_double_i32' (C:\scratch\2024.2\hls_product\495\2024.2\src\shared\hls\clib\hlsmath\src\lib_floatconversion.cpp:55:0)
INFO: [HLS 214-178] Inlining function 'void pow_reduce::log_range_reduce<ap_fixed<121, 12, (ap_q_mode)5, (ap_o_mode)3, 0>, 4, 4, 71, 73>(ap_ufixed<71, -(4), (ap_q_mode)5, (ap_o_mode)3, 0>, ap_fixed<121, 12, (ap_q_mode)5, (ap_o_mode)3, 0>&, ap_ufixed<73, -(((4) + (4)) - (1)), (ap_q_mode)5, (ap_o_mode)3, 0>&)' into 'ap_ufixed<72, -37, (ap_q_mode)5, (ap_o_mode)3, 0> pow_reduce::pow_traits<double>::log_range_reduction<71>(ap_ufixed<71, -4, (ap_q_mode)5, (ap_o_mode)3, 0>, ap_fixed<121, 12, (ap_q_mode)5, (ap_o_mode)3, 0>&)' (C:\scratch\2024.2\hls_product\495\2024.2\src\shared\hls\clib/hlsmath/include/FloatingPoint\hls_pow.h:186:0)
INFO: [HLS 214-178] Inlining function 'void pow_reduce::log_range_reduce<ap_fixed<121, 12, (ap_q_mode)5, (ap_o_mode)3, 0>, 7, 6, 73, 83>(ap_ufixed<73, -(7), (ap_q_mode)5, (ap_o_mode)3, 0>, ap_fixed<121, 12, (ap_q_mode)5, (ap_o_mode)3, 0>&, ap_ufixed<83, -(((7) + (6)) - (1)), (ap_q_mode)5, (ap_o_mode)3, 0>&)' into 'ap_ufixed<72, -37, (ap_q_mode)5, (ap_o_mode)3, 0> pow_reduce::pow_traits<double>::log_range_reduction<71>(ap_ufixed<71, -4, (ap_q_mode)5, (ap_o_mode)3, 0>, ap_fixed<121, 12, (ap_q_mode)5, (ap_o_mode)3, 0>&)' (C:\scratch\2024.2\hls_product\495\2024.2\src\shared\hls\clib/hlsmath/include/FloatingPoint\hls_pow.h:186:0)
INFO: [HLS 214-178] Inlining function 'void pow_reduce::log_range_reduce<ap_fixed<121, 12, (ap_q_mode)5, (ap_o_mode)3, 0>, 12, 6, 83, 92>(ap_ufixed<83, -(12), (ap_q_mode)5, (ap_o_mode)3, 0>, ap_fixed<121, 12, (ap_q_mode)5, (ap_o_mode)3, 0>&, ap_ufixed<92, -(((12) + (6)) - (1)), (ap_q_mode)5, (ap_o_mode)3, 0>&)' into 'ap_ufixed<72, -37, (ap_q_mode)5, (ap_o_mode)3, 0> pow_reduce::pow_traits<double>::log_range_reduction<71>(ap_ufixed<71, -4, (ap_q_mode)5, (ap_o_mode)3, 0>, ap_fixed<121, 12, (ap_q_mode)5, (ap_o_mode)3, 0>&)' (C:\scratch\2024.2\hls_product\495\2024.2\src\shared\hls\clib/hlsmath/include/FloatingPoint\hls_pow.h:186:0)
INFO: [HLS 214-178] Inlining function 'void pow_reduce::log_range_reduce<ap_fixed<121, 12, (ap_q_mode)5, (ap_o_mode)3, 0>, 17, 6, 92, 87>(ap_ufixed<92, -(17), (ap_q_mode)5, (ap_o_mode)3, 0>, ap_fixed<121, 12, (ap_q_mode)5, (ap_o_mode)3, 0>&, ap_ufixed<87, -(((17) + (6)) - (1)), (ap_q_mode)5, (ap_o_mode)3, 0>&)' into 'ap_ufixed<72, -37, (ap_q_mode)5, (ap_o_mode)3, 0> pow_reduce::pow_traits<double>::log_range_reduction<71>(ap_ufixed<71, -4, (ap_q_mode)5, (ap_o_mode)3, 0>, ap_fixed<121, 12, (ap_q_mode)5, (ap_o_mode)3, 0>&)' (C:\scratch\2024.2\hls_product\495\2024.2\src\shared\hls\clib/hlsmath/include/FloatingPoint\hls_pow.h:186:0)
INFO: [HLS 214-178] Inlining function 'void pow_reduce::log_range_reduce<ap_fixed<121, 12, (ap_q_mode)5, (ap_o_mode)3, 0>, 22, 6, 87, 82>(ap_ufixed<87, -(22), (ap_q_mode)5, (ap_o_mode)3, 0>, ap_fixed<121, 12, (ap_q_mode)5, (ap_o_mode)3, 0>&, ap_ufixed<82, -(((22) + (6)) - (1)), (ap_q_mode)5, (ap_o_mode)3, 0>&)' into 'ap_ufixed<72, -37, (ap_q_mode)5, (ap_o_mode)3, 0> pow_reduce::pow_traits<double>::log_range_reduction<71>(ap_ufixed<71, -4, (ap_q_mode)5, (ap_o_mode)3, 0>, ap_fixed<121, 12, (ap_q_mode)5, (ap_o_mode)3, 0>&)' (C:\scratch\2024.2\hls_product\495\2024.2\src\shared\hls\clib/hlsmath/include/FloatingPoint\hls_pow.h:186:0)
INFO: [HLS 214-178] Inlining function 'void pow_reduce::log_range_reduce<ap_fixed<121, 12, (ap_q_mode)5, (ap_o_mode)3, 0>, 27, 6, 82, 77>(ap_ufixed<82, -(27), (ap_q_mode)5, (ap_o_mode)3, 0>, ap_fixed<121, 12, (ap_q_mode)5, (ap_o_mode)3, 0>&, ap_ufixed<77, -(((27) + (6)) - (1)), (ap_q_mode)5, (ap_o_mode)3, 0>&)' into 'ap_ufixed<72, -37, (ap_q_mode)5, (ap_o_mode)3, 0> pow_reduce::pow_traits<double>::log_range_reduction<71>(ap_ufixed<71, -4, (ap_q_mode)5, (ap_o_mode)3, 0>, ap_fixed<121, 12, (ap_q_mode)5, (ap_o_mode)3, 0>&)' (C:\scratch\2024.2\hls_product\495\2024.2\src\shared\hls\clib/hlsmath/include/FloatingPoint\hls_pow.h:186:0)
INFO: [HLS 214-178] Inlining function 'void pow_reduce::log_range_reduce<ap_fixed<121, 12, (ap_q_mode)5, (ap_o_mode)3, 0>, 32, 6, 77, 72>(ap_ufixed<77, -(32), (ap_q_mode)5, (ap_o_mode)3, 0>, ap_fixed<121, 12, (ap_q_mode)5, (ap_o_mode)3, 0>&, ap_ufixed<72, -(((32) + (6)) - (1)), (ap_q_mode)5, (ap_o_mode)3, 0>&)' into 'ap_ufixed<72, -37, (ap_q_mode)5, (ap_o_mode)3, 0> pow_reduce::pow_traits<double>::log_range_reduction<71>(ap_ufixed<71, -4, (ap_q_mode)5, (ap_o_mode)3, 0>, ap_fixed<121, 12, (ap_q_mode)5, (ap_o_mode)3, 0>&)' (C:\scratch\2024.2\hls_product\495\2024.2\src\shared\hls\clib/hlsmath/include/FloatingPoint\hls_pow.h:186:0)
INFO: [HLS 214-178] Inlining function 'fp_struct<double>::fp_struct(double)' into 'double pow_reduce::pow_generic<double>(double, double)' (C:\scratch\2024.2\hls_product\495\2024.2\src\shared\hls\clib/hlsmath/include/FloatingPoint\hls_pow.h:292:0)
INFO: [HLS 214-178] Inlining function 'fp_struct<double>::expv() const' into 'double pow_reduce::pow_generic<double>(double, double)' (C:\scratch\2024.2\hls_product\495\2024.2\src\shared\hls\clib/hlsmath/include/FloatingPoint\hls_pow.h:292:0)
INFO: [HLS 214-178] Inlining function 'int generic_isinf<double>(double)' into 'double pow_reduce::pow_generic<double>(double, double)' (C:\scratch\2024.2\hls_product\495\2024.2\src\shared\hls\clib/hlsmath/include/FloatingPoint\hls_pow.h:292:0)
INFO: [HLS 214-178] Inlining function 'int generic_isnan<double>(double)' into 'double pow_reduce::pow_generic<double>(double, double)' (C:\scratch\2024.2\hls_product\495\2024.2\src\shared\hls\clib/hlsmath/include/FloatingPoint\hls_pow.h:292:0)
INFO: [HLS 214-178] Inlining function 'pow_reduce::pow_traits<double>::exp_Z1P_m_1(ap_ufixed<51, -8, (ap_q_mode)5, (ap_o_mode)3, 0>)' into 'double pow_reduce::pow_generic<double>(double, double)' (C:\scratch\2024.2\hls_product\495\2024.2\src\shared\hls\clib/hlsmath/include/FloatingPoint\hls_pow.h:292:0)
INFO: [HLS 214-178] Inlining function 'fp_struct<double>::fp_struct(double)' into 'long long generic_cast_IEEE754<long long, (ap_q_mode)6, double>(double, bool, hls::enable_if<std::numeric_limits<long long>::is_signed, bool>::type)' (C:\scratch\2024.2\hls_product\495\2024.2\src\shared\hls\clib/hlsmath/include/FloatingPoint\hls_case_IEEE754.h:12:0)
INFO: [HLS 214-178] Inlining function 'fp_struct<double>::mantissa() const' into 'long long generic_cast_IEEE754<long long, (ap_q_mode)6, double>(double, bool, hls::enable_if<std::numeric_limits<long long>::is_signed, bool>::type)' (C:\scratch\2024.2\hls_product\495\2024.2\src\shared\hls\clib/hlsmath/include/FloatingPoint\hls_case_IEEE754.h:12:0)
INFO: [HLS 214-178] Inlining function 'fp_struct<double>::expv() const' into 'long long generic_cast_IEEE754<long long, (ap_q_mode)6, double>(double, bool, hls::enable_if<std::numeric_limits<long long>::is_signed, bool>::type)' (C:\scratch\2024.2\hls_product\495\2024.2\src\shared\hls\clib/hlsmath/include/FloatingPoint\hls_case_IEEE754.h:12:0)
INFO: [HLS 214-178] Inlining function 'fp_struct<double>::__signbit() const' into 'long long generic_cast_IEEE754<long long, (ap_q_mode)6, double>(double, bool, hls::enable_if<std::numeric_limits<long long>::is_signed, bool>::type)' (C:\scratch\2024.2\hls_product\495\2024.2\src\shared\hls\clib/hlsmath/include/FloatingPoint\hls_case_IEEE754.h:12:0)
INFO: [HLS 214-178] Inlining function 'long long generic_cast_IEEE754<long long, (ap_q_mode)6, double>(double, bool, hls::enable_if<std::numeric_limits<long long>::is_signed, bool>::type)' into 'long long generic_cast_IEEE754<long long, double>(double, bool)' (C:\scratch\2024.2\hls_product\495\2024.2\src\shared\hls\clib/hlsmath/include/FloatingPoint\hls_case_IEEE754.h:116:0)
INFO: [HLS 214-178] Inlining function 'long long generic_cast_IEEE754<long long, double>(double, bool)' into '__hls_fptosi_double_i64' (C:\scratch\2024.2\hls_product\495\2024.2\src\shared\hls\clib\hlsmath\src\lib_floatconversion.cpp:56:0)
INFO: [HLS 214-178] Inlining function 'POSIT::POSIT() (.453.459.465.471)' into 'double2posit(double)' (posit_lib.cpp:287:0)
INFO: [HLS 214-178] Inlining function 'log2' into 'double2posit(double)' (posit_lib.cpp:287:0)
INFO: [HLS 214-178] Inlining function 'floor' into 'double2posit(double)' (posit_lib.cpp:287:0)
INFO: [HLS 214-178] Inlining function '__hls_fptosi_double_i32' into 'double2posit(double)' (posit_lib.cpp:287:0)
INFO: [HLS 214-178] Inlining function 'hls::pow(double, double)' into 'double2posit(double)' (posit_lib.cpp:287:0)
INFO: [HLS 214-178] Inlining function '__hls_fptosi_double_i64' into 'double2posit(double)' (posit_lib.cpp:287:0)
INFO: [HLS 214-178] Inlining function 'hls::pow(double, double)' into 'posit2double(POSIT)' (posit_lib.cpp:393:0)
INFO: [HLS 214-178] Inlining function 'fp_struct<double>::fp_struct(double)' into 'double fmdrmd::generic_fmod<double>(double, double)' (C:\scratch\2024.2\hls_product\495\2024.2\src\shared\hls\clib/hlsmath/include/FloatingPoint\hls_fmod_rem_quo.h:226:0)
INFO: [HLS 214-178] Inlining function 'fp_struct<double>::to_ieee() const' into 'double fmdrmd::generic_fmod<double>(double, double)' (C:\scratch\2024.2\hls_product\495\2024.2\src\shared\hls\clib/hlsmath/include/FloatingPoint\hls_fmod_rem_quo.h:226:0)
INFO: [HLS 214-178] Inlining function 'double generic_copysign<double>(double, double)' into 'double generic_fabs<double>(double)' (C:\scratch\2024.2\hls_product\495\2024.2\src\shared\hls\clib/hlsmath/include/FloatingPoint/hls_fabs.h:12:0)
INFO: [HLS 214-178] Inlining function 'double generic_fabs<double>(double)' into 'fabs' (C:\scratch\2024.2\hls_product\495\2024.2\src\shared\hls\clib\hlsmath\src\c\fabsdouble.cpp:7:0)
INFO: [HLS 214-178] Inlining function 'fabs' into 'std::abs(double)' (C:/Xilinx/Vitis/2024.2/tps/mingw/8.3.0/win64.o/nt\lib\gcc\x86_64-w64-mingw32\8.3.0\include\c++\bits/std_abs.h:71:0)
INFO: [HLS 214-178] Inlining function 'std::abs(double)' into 'safeZero(double)' (posit_lib.cpp:933:0)
INFO: [HLS 214-178] Inlining function 'posit2double(POSIT)' into 'pReduceAngle(POSIT, bool&)' (posit_lib.cpp:936:0)
INFO: [HLS 214-178] Inlining function 'fmod' into 'pReduceAngle(POSIT, bool&)' (posit_lib.cpp:936:0)
INFO: [HLS 214-178] Inlining function 'safeZero(double)' into 'pReduceAngle(POSIT, bool&)' (posit_lib.cpp:936:0)
INFO: [HLS 214-178] Inlining function 'POSIT::POSIT() (.453.459.465.471)' into 'positMul(POSIT, POSIT)' (posit_lib.cpp:672:0)
INFO: [HLS 214-178] Inlining function 'POSIT::POSIT() (.453.459.465.471)' into 'positDiv2p(POSIT, int)' (posit_lib.cpp:566:0)
INFO: [HLS 214-178] Inlining function 'POSIT::POSIT() (.453.459.465.471)' into 'positAdd(POSIT, POSIT)' (posit_lib.cpp:464:0)
INFO: [HLS 214-178] Inlining function 'LOD_ADD(ap_uint<27>)' into 'positAdd(POSIT, POSIT)' (posit_lib.cpp:464:0)
INFO: [HLS 214-178] Inlining function 'POSIT::POSIT() (.453.459.465.471)' into 'positSub(POSIT, POSIT) (.478)' (posit_lib.cpp:789:0)
INFO: [HLS 214-178] Inlining function 'POSIT::POSIT() (.453.459.465.471)' into 'posit_negate(POSIT)' (posit_lib.cpp:198:0)
INFO: [HLS 214-178] Inlining function 'POSIT::POSIT() (.453.459.465.471)' into 'positCos(POSIT)' (posit_lib.cpp:962:0)
INFO: [HLS 214-178] Inlining function 'pReduceAngle(POSIT, bool&)' into 'positCos(POSIT)' (posit_lib.cpp:962:0)
INFO: [HLS 214-178] Inlining function 'positMul(POSIT, POSIT)' into 'positCos(POSIT)' (posit_lib.cpp:962:0)
INFO: [HLS 214-178] Inlining function 'positDiv2p(POSIT, int)' into 'positCos(POSIT)' (posit_lib.cpp:962:0)
INFO: [HLS 214-178] Inlining function 'positSub(POSIT, POSIT) (.478)' into 'positCos(POSIT)' (posit_lib.cpp:962:0)
INFO: [HLS 214-178] Inlining function 'posit_negate(POSIT)' into 'positCos(POSIT)' (posit_lib.cpp:962:0)
INFO: [HLS 214-178] Inlining function 'posit2double(POSIT)' into 'pNAngle(POSIT)' (posit_lib.cpp:1110:0)
INFO: [HLS 214-178] Inlining function 'fmod' into 'pNAngle(POSIT)' (posit_lib.cpp:1110:0)
INFO: [HLS 214-178] Inlining function 'safeZero(double)' into 'pNAngle(POSIT)' (posit_lib.cpp:1110:0)
INFO: [HLS 214-178] Inlining function 'POSIT::POSIT() (.453.459.465.471)' into 'positDiv(POSIT, POSIT)' (posit_lib.cpp:583:0)
INFO: [HLS 214-178] Inlining function 'POSIT::POSIT() (.453.459.465.471)' into 'positSin(POSIT)' (posit_lib.cpp:1131:0)
INFO: [HLS 214-178] Inlining function 'pNAngle(POSIT)' into 'positSin(POSIT)' (posit_lib.cpp:1131:0)
INFO: [HLS 214-178] Inlining function 'positMul(POSIT, POSIT)' into 'positSin(POSIT)' (posit_lib.cpp:1131:0)
INFO: [HLS 214-178] Inlining function 'positDiv(POSIT, POSIT)' into 'positSin(POSIT)' (posit_lib.cpp:1131:0)
INFO: [HLS 214-178] Inlining function 'positSub(POSIT, POSIT) (.478)' into 'positSin(POSIT)' (posit_lib.cpp:1131:0)
INFO: [HLS 214-178] Inlining function 'POSIT::POSIT() (.453.459.465.471)' into 'pAccumulateFC(int, int, POSIT const*, POSIT&, POSIT&)' (posit_lib.cpp:1238:0)
INFO: [HLS 214-178] Inlining function 'pEuler(POSIT, POSIT*, POSIT*)' into 'pAccumulateFC(int, int, POSIT const*, POSIT&, POSIT&)' (posit_lib.cpp:1238:0)
INFO: [HLS 214-178] Inlining function 'positMul(POSIT, POSIT)' into 'pAccumulateFC(int, int, POSIT const*, POSIT&, POSIT&)' (posit_lib.cpp:1238:0)
WARNING: [HLS 214-253] Ignored unsupported array_partition pragma on variable 'signal'. This can happen when applying a pragma on a function argument with mismatched array size w.r.t. its call site, or when providing a dim too deep on an array of insufficient dimension. (posit_lib.cpp:1271:9)
INFO: [HLS 214-241] Aggregating scalar variable 'result' with compact=bit mode in 720-bits (posit_lib.cpp:1261:0)
INFO: [HLS 214-241] Aggregating scalar variable 'signal' with compact=bit mode in 36-bits (posit_lib.cpp:1261:0)
WARNING: [HLS 214-450] Ignore address on register port 'signal' (posit_lib.cpp:1255:46)
INFO: [HLS 214-376] automatically set the pipeline for Loop< unknown> at C:\scratch\2024.2\hls_product\495\2024.2\src\shared\hls\clib/hlsmath/include/FloatingPoint\hls_fmod_rem_quo.h:308:2 
INFO: [HLS 214-376] automatically set the pipeline for Loop< VITIS_LOOP_48_1> at posit_lib.cpp:48:22 
INFO: [HLS 200-111] Finished Compiling Optimization and Transform: CPU user time: 1 seconds. CPU system time: 0 seconds. Elapsed time: 25.04 seconds; current allocated memory: 177.547 MB.
INFO: [HLS 200-111] Finished Checking Pragmas: CPU user time: 0 seconds. CPU system time: 0 seconds. Elapsed time: 0.007 seconds; current allocated memory: 177.547 MB.
INFO: [HLS 200-10] Starting code transformations ...
INFO: [HLS 200-111] Finished Standard Transforms: CPU user time: 0 seconds. CPU system time: 0 seconds. Elapsed time: 0.225 seconds; current allocated memory: 195.328 MB.
INFO: [HLS 200-10] Checking synthesizability ...
INFO: [XFORM 203-602] Inlining function 'log_reduce::log_traits<double>::range_reduction<57>' into 'log_reduce::log_generic<double>' (C:\scratch\2024.2\hls_product\495\2024.2\src\shared\hls\clib/hlsmath/include/FloatingPoint\hls_log_.h:310) automatically.
INFO: [XFORM 203-602] Inlining function 'fp_struct<double>::to_ieee' into 'pow_reduce::pow_generic<double>' (C:\scratch\2024.2\hls_product\495\2024.2\src\shared\hls\clib/hlsmath/include/FloatingPoint\hls_pow.h:383) automatically.
INFO: [XFORM 203-602] Inlining function 'pow_reduce::pow_traits<double>::log_range_reduction<71>' into 'pow_reduce::pow_generic<double>' (C:\scratch\2024.2\hls_product\495\2024.2\src\shared\hls\clib/hlsmath/include/FloatingPoint\hls_pow.h:519) automatically.
WARNING: [SYNCHK 200-23] posit_lib.cpp:49: variable-indexed range selection may cause suboptimal QoR.
INFO: [SYNCHK 200-10] 0 error(s), 1 warning(s).
INFO: [HLS 200-111] Finished Checking Synthesizability: CPU user time: 1 seconds. CPU system time: 0 seconds. Elapsed time: 1.632 seconds; current allocated memory: 212.895 MB.
INFO: [XFORM 203-602] Inlining function 'log_reduce::log_traits<double>::range_reduction<57>' into 'log_reduce::log_generic<double>' (C:\scratch\2024.2\hls_product\495\2024.2\src\shared\hls\clib/hlsmath/include/FloatingPoint\hls_log_.h:310) automatically.
INFO: [XFORM 203-602] Inlining function 'fp_struct<double>::to_ieee' into 'pow_reduce::pow_generic<double>' (C:\scratch\2024.2\hls_product\495\2024.2\src\shared\hls\clib/hlsmath/include/FloatingPoint\hls_pow.h:383) automatically.
INFO: [XFORM 203-401] Performing if-conversion on hyperblock to (C:\scratch\2024.2\hls_product\495\2024.2\src\shared\hls\clib/hlsmath/include/FloatingPoint\hls_pow.h:661:3) in function 'pow_reduce::pow_generic<double>'... converting 13 basic blocks.
INFO: [XFORM 203-401] Performing if-conversion on hyperblock from (posit_lib.cpp:1111:12) in function 'positSin'... converting 19 basic blocks.
INFO: [XFORM 203-401] Performing if-conversion on hyperblock from (posit_lib.cpp:936:24) to (posit_lib.cpp:1003:12) in function 'positCos'... converting 13 basic blocks.
INFO: [XFORM 203-401] Performing if-conversion on hyperblock from (posit_lib.cpp:48:30) to (posit_lib.cpp:48:22) in function 'positAdd'... converting 3 basic blocks.
INFO: [XFORM 203-401] Performing if-conversion on hyperblock from (posit_lib.cpp:464:27) to (posit_lib.cpp:48:22) in function 'positAdd'... converting 9 basic blocks.
INFO: [XFORM 203-401] Performing if-conversion on hyperblock from (posit_lib.cpp:54:17) in function 'positAdd'... converting 8 basic blocks.
INFO: [XFORM 203-401] Performing if-conversion on hyperblock from (posit_lib.cpp:1246:30) to (posit_lib.cpp:1246:21) in function 'pAccumulateFC'... converting 11 basic blocks.
INFO: [XFORM 203-401] Performing if-conversion on hyperblock from (C:\scratch\2024.2\hls_product\495\2024.2\src\shared\hls\clib/hlsmath/include/FloatingPoint\hls_floor.h:13:19) to (C:\scratch\2024.2\hls_product\495\2024.2\src\shared\hls\clib/hlsmath/include/FloatingPoint\hls_floor.h:42:1) in function 'generic_floor<double>'... converting 9 basic blocks.
INFO: [XFORM 203-401] Performing if-conversion on hyperblock from (C:\scratch\2024.2\hls_product\495\2024.2\src\shared\hls\clib/hlsmath/include/FloatingPoint\hls_fmod_rem_quo.h:276:6) to (C:\scratch\2024.2\hls_product\495\2024.2\src\shared\hls\clib/hlsmath/include/FloatingPoint\hls_fmod_rem_quo.h:308:2) in function 'fmdrmd::generic_fmod<double>'... converting 4 basic blocks.
INFO: [XFORM 203-401] Performing if-conversion on hyperblock from (C:\scratch\2024.2\hls_product\495\2024.2\src\shared\hls\clib/hlsmath/include/FloatingPoint\hls_fmod_rem_quo.h:324:17) to (C:\scratch\2024.2\hls_product\495\2024.2\src\shared\hls\clib/hlsmath/include/FloatingPoint\hls_fmod_rem_quo.h:335:2) in function 'fmdrmd::generic_fmod<double>'... converting 4 basic blocks.
INFO: [XFORM 203-401] Performing if-conversion on hyperblock from (posit_lib.cpp:304:12) to (posit_lib.cpp:355:8) in function 'double2posit'... converting 7 basic blocks.
INFO: [XFORM 203-602] Inlining function 'generic_floor<double>' into 'double2posit' (C:\scratch\2024.2\hls_product\495\2024.2\src\shared\hls\clib\hlsmath\src\c\floordouble.cpp:7->posit_lib.cpp:311) automatically.
INFO: [XFORM 203-602] Inlining function 'positCos' into 'pAccumulateFC' (posit_lib.cpp:1170->posit_lib.cpp:1251) automatically.
INFO: [XFORM 203-11] Balancing expressions in function 'log_reduce::log_generic<double>' (C:\scratch\2024.2\hls_product\495\2024.2\src\shared\hls\clib/hlsmath/include/FloatingPoint\hls_log_.h:182)...17 expression(s) balanced.
INFO: [HLS 200-111] Finished Loop, function and other optimizations: CPU user time: 0 seconds. CPU system time: 0 seconds. Elapsed time: 0.965 seconds; current allocated memory: 247.172 MB.
INFO: [HLS 200-111] Finished Architecture Synthesis: CPU user time: 1 seconds. CPU system time: 0 seconds. Elapsed time: 0.682 seconds; current allocated memory: 334.066 MB.
INFO: [HLS 200-10] Starting hardware synthesis ...
INFO: [HLS 200-10] Synthesizing 'pFFT' ...
WARNING: [SYN 201-103] Legalizing function name 'log_generic<double>' to 'log_generic_double_s'.
WARNING: [SYN 201-103] Legalizing function name 'pow_generic<double>' to 'pow_generic_double_s'.
WARNING: [SYN 201-103] Legalizing function name 'generic_fmod<double>_Pipeline_1' to 'generic_fmod_double_Pipeline_1'.
WARNING: [SYN 201-103] Legalizing function name 'generic_fmod<double>' to 'generic_fmod_double_s'.
INFO: [HLS 200-10] ----------------------------------------------------------------
INFO: [HLS 200-42] -- Implementing module 'log_generic_double_s' 
INFO: [HLS 200-10] ----------------------------------------------------------------
INFO: [SCHED 204-11] Starting scheduling ...
INFO: [SCHED 204-61] Pipelining function 'log_generic<double>'.
INFO: [HLS 200-1470] Pipelining result : Target II = NA, Final II = 1, Depth = 3, function 'log_generic<double>'
INFO: [SCHED 204-11] Finished scheduling.
INFO: [HLS 200-111] Finished Scheduling: CPU user time: 0 seconds. CPU system time: 0 seconds. Elapsed time: 1.247 seconds; current allocated memory: 351.008 MB.
INFO: [BIND 205-100] Starting micro-architecture generation ...
INFO: [BIND 205-101] Performing variable lifetime analysis.
INFO: [BIND 205-101] Exploring resource sharing.
INFO: [BIND 205-101] Binding ...
INFO: [BIND 205-100] Finished micro-architecture generation.
INFO: [HLS 200-111] Finished Binding: CPU user time: 1 seconds. CPU system time: 0 seconds. Elapsed time: 0.884 seconds; current allocated memory: 352.102 MB.
INFO: [HLS 200-10] ----------------------------------------------------------------
INFO: [HLS 200-42] -- Implementing module 'pow_generic_double_s' 
INFO: [HLS 200-10] ----------------------------------------------------------------
INFO: [SCHED 204-11] Starting scheduling ...
INFO: [HLS 200-486] Changing DSP latency (root=add_ln563) to 3 in order to utilize available DSP registers.
INFO: [SCHED 204-61] Pipelining function 'pow_generic<double>'.
INFO: [HLS 200-1470] Pipelining result : Target II = NA, Final II = 1, Depth = 5, function 'pow_generic<double>'
INFO: [SCHED 204-11] Finished scheduling.
INFO: [HLS 200-111] Finished Scheduling: CPU user time: 0 seconds. CPU system time: 0 seconds. Elapsed time: 0.387 seconds; current allocated memory: 352.566 MB.
INFO: [BIND 205-100] Starting micro-architecture generation ...
INFO: [BIND 205-101] Performing variable lifetime analysis.
INFO: [BIND 205-101] Exploring resource sharing.
INFO: [BIND 205-101] Binding ...
INFO: [BIND 205-100] Finished micro-architecture generation.
INFO: [HLS 200-111] Finished Binding: CPU user time: 0 seconds. CPU system time: 0 seconds. Elapsed time: 0.118 seconds; current allocated memory: 352.805 MB.
INFO: [HLS 200-10] ----------------------------------------------------------------
INFO: [HLS 200-42] -- Implementing module 'double2posit' 
INFO: [HLS 200-10] ----------------------------------------------------------------
INFO: [SCHED 204-11] Starting scheduling ...
INFO: [SCHED 204-11] Finished scheduling.
INFO: [HLS 200-111] Finished Scheduling: CPU user time: 0 seconds. CPU system time: 0 seconds. Elapsed time: 0.307 seconds; current allocated memory: 353.465 MB.
INFO: [BIND 205-100] Starting micro-architecture generation ...
INFO: [BIND 205-101] Performing variable lifetime analysis.
INFO: [BIND 205-101] Exploring resource sharing.
INFO: [BIND 205-101] Binding ...
INFO: [BIND 205-100] Finished micro-architecture generation.
INFO: [HLS 200-111] Finished Binding: CPU user time: 0 seconds. CPU system time: 0 seconds. Elapsed time: 0.202 seconds; current allocated memory: 353.965 MB.
INFO: [HLS 200-10] ----------------------------------------------------------------
INFO: [HLS 200-42] -- Implementing module 'generic_fmod_double_Pipeline_1' 
INFO: [HLS 200-10] ----------------------------------------------------------------
INFO: [SCHED 204-11] Starting scheduling ...
INFO: [SCHED 204-61] Pipelining loop 'Loop 1'.
INFO: [HLS 200-1470] Pipelining result : Target II = NA, Final II = 1, Depth = 2, loop 'Loop 1'
INFO: [SCHED 204-11] Finished scheduling.
INFO: [HLS 200-111] Finished Scheduling: CPU user time: 1 seconds. CPU system time: 0 seconds. Elapsed time: 0.239 seconds; current allocated memory: 354.062 MB.
INFO: [BIND 205-100] Starting micro-architecture generation ...
INFO: [BIND 205-101] Performing variable lifetime analysis.
INFO: [BIND 205-101] Exploring resource sharing.
INFO: [BIND 205-101] Binding ...
INFO: [BIND 205-100] Finished micro-architecture generation.
INFO: [HLS 200-111] Finished Binding: CPU user time: 0 seconds. CPU system time: 0 seconds. Elapsed time: 0.15 seconds; current allocated memory: 354.137 MB.
INFO: [HLS 200-10] ----------------------------------------------------------------
INFO: [HLS 200-42] -- Implementing module 'generic_fmod_double_s' 
INFO: [HLS 200-10] ----------------------------------------------------------------
INFO: [SCHED 204-11] Starting scheduling ...
INFO: [SCHED 204-11] Finished scheduling.
INFO: [HLS 200-111] Finished Scheduling: CPU user time: 0 seconds. CPU system time: 0 seconds. Elapsed time: 0.157 seconds; current allocated memory: 354.234 MB.
INFO: [BIND 205-100] Starting micro-architecture generation ...
INFO: [BIND 205-101] Performing variable lifetime analysis.
INFO: [BIND 205-101] Exploring resource sharing.
INFO: [BIND 205-101] Binding ...
INFO: [BIND 205-100] Finished micro-architecture generation.
INFO: [HLS 200-111] Finished Binding: CPU user time: 0 seconds. CPU system time: 0 seconds. Elapsed time: 0.187 seconds; current allocated memory: 354.270 MB.
INFO: [HLS 200-10] ----------------------------------------------------------------
INFO: [HLS 200-42] -- Implementing module 'positAdd_Pipeline_VITIS_LOOP_48_1' 
INFO: [HLS 200-10] ----------------------------------------------------------------
INFO: [SCHED 204-11] Starting scheduling ...
INFO: [SCHED 204-61] Pipelining loop 'VITIS_LOOP_48_1'.
INFO: [HLS 200-1470] Pipelining result : Target II = NA, Final II = 1, Depth = 2, loop 'VITIS_LOOP_48_1'
INFO: [SCHED 204-11] Finished scheduling.
INFO: [HLS 200-111] Finished Scheduling: CPU user time: 0 seconds. CPU system time: 0 seconds. Elapsed time: 0.227 seconds; current allocated memory: 354.359 MB.
INFO: [BIND 205-100] Starting micro-architecture generation ...
INFO: [BIND 205-101] Performing variable lifetime analysis.
INFO: [BIND 205-101] Exploring resource sharing.
INFO: [BIND 205-101] Binding ...
INFO: [BIND 205-100] Finished micro-architecture generation.
INFO: [HLS 200-111] Finished Binding: CPU user time: 0 seconds. CPU system time: 0 seconds. Elapsed time: 0.15 seconds; current allocated memory: 354.445 MB.
INFO: [HLS 200-10] ----------------------------------------------------------------
INFO: [HLS 200-42] -- Implementing module 'positAdd' 
INFO: [HLS 200-10] ----------------------------------------------------------------
INFO: [SCHED 204-11] Starting scheduling ...
INFO: [SCHED 204-11] Finished scheduling.
INFO: [HLS 200-111] Finished Scheduling: CPU user time: 0 seconds. CPU system time: 0 seconds. Elapsed time: 0.226 seconds; current allocated memory: 354.445 MB.
INFO: [BIND 205-100] Starting micro-architecture generation ...
INFO: [BIND 205-101] Performing variable lifetime analysis.
INFO: [BIND 205-101] Exploring resource sharing.
INFO: [BIND 205-101] Binding ...
INFO: [BIND 205-100] Finished micro-architecture generation.
INFO: [HLS 200-111] Finished Binding: CPU user time: 0 seconds. CPU system time: 0 seconds. Elapsed time: 0.158 seconds; current allocated memory: 354.457 MB.
INFO: [HLS 200-10] ----------------------------------------------------------------
INFO: [HLS 200-42] -- Implementing module 'positSin' 
INFO: [HLS 200-10] ----------------------------------------------------------------
INFO: [SCHED 204-11] Starting scheduling ...
INFO: [SCHED 204-11] Finished scheduling.
INFO: [HLS 200-111] Finished Scheduling: CPU user time: 0 seconds. CPU system time: 0 seconds. Elapsed time: 0.277 seconds; current allocated memory: 354.668 MB.
INFO: [BIND 205-100] Starting micro-architecture generation ...
INFO: [BIND 205-101] Performing variable lifetime analysis.
INFO: [BIND 205-101] Exploring resource sharing.
INFO: [BIND 205-101] Binding ...
INFO: [BIND 205-100] Finished micro-architecture generation.
INFO: [HLS 200-111] Finished Binding: CPU user time: 0 seconds. CPU system time: 0 seconds. Elapsed time: 0.163 seconds; current allocated memory: 354.672 MB.
INFO: [HLS 200-10] ----------------------------------------------------------------
INFO: [HLS 200-42] -- Implementing module 'pAccumulateFC' 
INFO: [HLS 200-10] ----------------------------------------------------------------
INFO: [SCHED 204-11] Starting scheduling ...
INFO: [SCHED 204-11] Finished scheduling.
INFO: [HLS 200-111] Finished Scheduling: CPU user time: 0 seconds. CPU system time: 0 seconds. Elapsed time: 0.383 seconds; current allocated memory: 355.859 MB.
INFO: [BIND 205-100] Starting micro-architecture generation ...
INFO: [BIND 205-101] Performing variable lifetime analysis.
INFO: [BIND 205-101] Exploring resource sharing.
INFO: [BIND 205-101] Binding ...
INFO: [BIND 205-100] Finished micro-architecture generation.
INFO: [HLS 200-111] Finished Binding: CPU user time: 0 seconds. CPU system time: 0 seconds. Elapsed time: 0.244 seconds; current allocated memory: 356.512 MB.
INFO: [HLS 200-10] ----------------------------------------------------------------
INFO: [HLS 200-42] -- Implementing module 'pFFT' 
INFO: [HLS 200-10] ----------------------------------------------------------------
INFO: [SCHED 204-11] Starting scheduling ...
INFO: [SCHED 204-11] Finished scheduling.
INFO: [HLS 200-111] Finished Scheduling: CPU user time: 1 seconds. CPU system time: 0 seconds. Elapsed time: 0.456 seconds; current allocated memory: 357.484 MB.
INFO: [BIND 205-100] Starting micro-architecture generation ...
INFO: [BIND 205-101] Performing variable lifetime analysis.
INFO: [BIND 205-101] Exploring resource sharing.
INFO: [BIND 205-101] Binding ...
INFO: [BIND 205-100] Finished micro-architecture generation.
INFO: [HLS 200-111] Finished Binding: CPU user time: 0 seconds. CPU system time: 0 seconds. Elapsed time: 0.195 seconds; current allocated memory: 358.145 MB.
INFO: [HLS 200-10] ----------------------------------------------------------------
INFO: [HLS 200-10] -- Generating RTL for module 'log_generic_double_s' 
INFO: [HLS 200-10] ----------------------------------------------------------------
INFO: [SYN 201-210] Renamed object name 'log_generic_double_s_log_lut_table_ap_fixed_102_12_ap_q_mode_5_ap_o_mode_3_0_4_4_16_array_ROM_AUTO_1R' to 'log_generic_double_s_log_lut_table_ap_fixed_102_12_ap_q_mode_5_ap_o_mode_3_0_bkb' due to the length limit 80
INFO: [SYN 201-210] Renamed object name 'log_generic_double_s_log_lut_table_ap_fixed_102_12_ap_q_mode_5_ap_o_mode_3_0_7_6_64_array_ROM_AUTO_1R' to 'log_generic_double_s_log_lut_table_ap_fixed_102_12_ap_q_mode_5_ap_o_mode_3_0_cud' due to the length limit 80
INFO: [HLS 200-1030] Apply Unified Pipeline Control on module 'log_generic_double_s' pipeline 'log_generic<double>' pipeline type 'function pipeline'
INFO: [RTGEN 206-100] Generating core module 'bitselect_1ns_154ns_32ns_1_1_1': 1 instance(s).
INFO: [RTGEN 206-100] Generating core module 'mul_12s_66ns_76_1_1': 1 instance(s).
INFO: [RTGEN 206-100] Generating core module 'mul_28ns_28ns_55_1_1': 1 instance(s).
INFO: [RTGEN 206-100] Generating core module 'mul_54s_6ns_54_1_1': 1 instance(s).
INFO: [RTGEN 206-100] Generating core module 'mul_57ns_4ns_61_1_1': 1 instance(s).
INFO: [RTGEN 206-100] Generating core module 'mul_58ns_6ns_63_1_1': 1 instance(s).
INFO: [RTGEN 206-100] Generating core module 'mul_59ns_6ns_65_1_1': 1 instance(s).
INFO: [RTGEN 206-100] Generating core module 'mul_63ns_6ns_68_1_1': 1 instance(s).
INFO: [RTGEN 206-100] Generating core module 'mul_68ns_6ns_73_1_1': 1 instance(s).
INFO: [RTGEN 206-100] Generating core module 'mul_69ns_6ns_75_1_1': 1 instance(s).
INFO: [RTGEN 206-100] Generating core module 'mul_73ns_6ns_78_1_1': 1 instance(s).
INFO: [RTGEN 206-100] Generating core module 'partselect_52ns_154ns_32ns_52_1_1': 1 instance(s).
INFO: [RTGEN 206-100] Finished creating RTL model for 'log_generic_double_s'.
INFO: [RTMG 210-279] Implementing memory 'pFFT_log_generic_double_s_log_inverse_lut_table_0_5_64_array_ROM_AUTO_1R' using auto ROMs.
INFO: [RTMG 210-279] Implementing memory 'pFFT_log_generic_double_s_log0_lut_table_ap_fixed_double_0_5_64_array_ROM_AUTO_1R' using auto ROMs.
INFO: [RTMG 210-279] Implementing memory 'pFFT_log_generic_double_s_log_lut_table_ap_fixed_102_12_ap_q_mode_5_ap_o_mode_3_0_bkb' using auto ROMs.
INFO: [RTMG 210-279] Implementing memory 'pFFT_log_generic_double_s_log_lut_table_ap_fixed_102_12_ap_q_mode_5_ap_o_mode_3_0_cud' using auto ROMs.
INFO: [RTMG 210-279] Implementing memory 'pFFT_log_generic_double_s_log_lut_table_ap_fixed_12_6_64_array_ROM_AUTO_1R' using auto ROMs.
INFO: [RTMG 210-279] Implementing memory 'pFFT_log_generic_double_s_log_lut_table_ap_fixed_17_6_64_array_ROM_AUTO_1R' using auto ROMs.
INFO: [RTMG 210-279] Implementing memory 'pFFT_log_generic_double_s_log_lut_table_ap_fixed_22_6_64_array_ROM_AUTO_1R' using auto ROMs.
INFO: [RTMG 210-279] Implementing memory 'pFFT_log_generic_double_s_log_lut_table_ap_fixed_27_6_64_array_ROM_AUTO_1R' using auto ROMs.
INFO: [RTMG 210-279] Implementing memory 'pFFT_log_generic_double_s_log_lut_table_ap_fixed_32_6_64_array_ROM_AUTO_1R' using auto ROMs.
INFO: [HLS 200-111] Finished Creating RTL model: CPU user time: 1 seconds. CPU system time: 0 seconds. Elapsed time: 2.47 seconds; current allocated memory: 376.863 MB.
INFO: [HLS 200-10] ----------------------------------------------------------------
INFO: [HLS 200-10] -- Generating RTL for module 'pow_generic_double_s' 
INFO: [HLS 200-10] ----------------------------------------------------------------
INFO: [SYN 201-210] Renamed object name 'pow_generic_double_s_pow_reduce_anonymous_namespace_table_exp_Z1_ap_ufixed_array_ROM_AUTO_1R' to 'pow_generic_double_s_pow_reduce_anonymous_namespace_table_exp_Z1_ap_ufixed_ardEe' due to the length limit 80
INFO: [SYN 201-210] Renamed object name 'pow_generic_double_s_pow_reduce_anonymous_namespace_table_f_Z3_ap_ufixed_array_ROM_AUTO_1R' to 'pow_generic_double_s_pow_reduce_anonymous_namespace_table_f_Z3_ap_ufixed_arraeOg' due to the length limit 80
INFO: [SYN 201-210] Renamed object name 'pow_generic_double_s_pow_reduce_anonymous_namespace_table_f_Z2_ap_ufixed_array_ROM_AUTO_1R' to 'pow_generic_double_s_pow_reduce_anonymous_namespace_table_f_Z2_ap_ufixed_arrafYi' due to the length limit 80
INFO: [RTGEN 206-100] Generating core module 'mac_muladd_16s_15ns_19s_31_4_1': 1 instance(s).
INFO: [RTGEN 206-100] Generating core module 'mul_13s_71s_71_1_1': 1 instance(s).
INFO: [RTGEN 206-100] Generating core module 'mul_43ns_36ns_79_1_1': 1 instance(s).
INFO: [RTGEN 206-100] Generating core module 'mul_49ns_44ns_93_1_1': 1 instance(s).
INFO: [RTGEN 206-100] Generating core module 'mul_50ns_50ns_99_1_1': 1 instance(s).
INFO: [RTGEN 206-100] Generating core module 'mul_54s_67ns_120_1_1': 1 instance(s).
INFO: [RTGEN 206-100] Generating core module 'sparsemux_11_4_64_1_1': 1 instance(s).
INFO: [RTGEN 206-100] Finished creating RTL model for 'pow_generic_double_s'.
INFO: [RTMG 210-279] Implementing memory 'pFFT_pow_generic_double_s_pow_reduce_anonymous_namespace_table_exp_Z1_ap_ufixed_ardEe' using auto ROMs.
INFO: [HLS 200-2168] Implementing memory 'pFFT_pow_generic_double_s_pow_reduce_anonymous_namespace_table_f_Z3_ap_ufixed_arraeOg' using auto ROMs with 2 copies to ensure enough ports to satisfy II or latency constraints.
INFO: [RTMG 210-279] Implementing memory 'pFFT_pow_generic_double_s_pow_reduce_anonymous_namespace_table_f_Z2_ap_ufixed_arrafYi' using auto ROMs.
INFO: [HLS 200-111] Finished Creating RTL model: CPU user time: 0 seconds. CPU system time: 1 seconds. Elapsed time: 2.315 seconds; current allocated memory: 385.559 MB.
INFO: [HLS 200-10] ----------------------------------------------------------------
INFO: [HLS 200-10] -- Generating RTL for module 'double2posit' 
INFO: [HLS 200-10] ----------------------------------------------------------------
INFO: [RTGEN 206-100] Generating core module 'dcmp_64ns_64ns_1_1_no_dsp_1': 2 instance(s).
INFO: [RTGEN 206-100] Generating core module 'dmul_64ns_64ns_64_2_max_dsp_1': 1 instance(s).
INFO: [RTGEN 206-100] Generating core module 'dsub_64ns_64ns_64_2_full_dsp_1': 1 instance(s).
INFO: [RTGEN 206-100] Generating core module 'sitodp_32s_64_1_no_dsp_1': 1 instance(s).
INFO: [RTGEN 206-100] Generating core module 'sparsemux_9_3_64_1_1': 1 instance(s).
INFO: [RTGEN 206-100] Finished creating RTL model for 'double2posit'.
INFO: [RTMG 210-279] Implementing memory 'pFFT_double2posit_mask_table_ROM_AUTO_1R' using auto ROMs.
INFO: [HLS 200-111] Finished Creating RTL model: CPU user time: 0 seconds. CPU system time: 1 seconds. Elapsed time: 1.044 seconds; current allocated memory: 388.750 MB.
INFO: [HLS 200-10] ----------------------------------------------------------------
INFO: [HLS 200-10] -- Generating RTL for module 'generic_fmod_double_Pipeline_1' 
INFO: [HLS 200-10] ----------------------------------------------------------------
INFO: [HLS 200-1030] Apply Unified Pipeline Control on module 'generic_fmod_double_Pipeline_1' pipeline 'Loop 1' pipeline type 'loop pipeline'
INFO: [RTGEN 206-100] Finished creating RTL model for 'generic_fmod_double_Pipeline_1'.
INFO: [HLS 200-111] Finished Creating RTL model: CPU user time: 0 seconds. CPU system time: 0 seconds. Elapsed time: 0.993 seconds; current allocated memory: 392.406 MB.
INFO: [HLS 200-10] ----------------------------------------------------------------
INFO: [HLS 200-10] -- Generating RTL for module 'generic_fmod_double_s' 
INFO: [HLS 200-10] ----------------------------------------------------------------
INFO: [RTGEN 206-100] Generating core module 'ctlz_54_54_1_1': 1 instance(s).
INFO: [RTGEN 206-100] Finished creating RTL model for 'generic_fmod_double_s'.
INFO: [HLS 200-111] Finished Creating RTL model: CPU user time: 0 seconds. CPU system time: 0 seconds. Elapsed time: 0.365 seconds; current allocated memory: 392.668 MB.
INFO: [HLS 200-10] ----------------------------------------------------------------
INFO: [HLS 200-10] -- Generating RTL for module 'positAdd_Pipeline_VITIS_LOOP_48_1' 
INFO: [HLS 200-10] ----------------------------------------------------------------
INFO: [HLS 200-1030] Apply Unified Pipeline Control on module 'positAdd_Pipeline_VITIS_LOOP_48_1' pipeline 'VITIS_LOOP_48_1' pipeline type 'loop pipeline'
INFO: [RTGEN 206-100] Generating core module 'bitselect_1ns_27ns_32ns_1_1_1': 1 instance(s).
INFO: [RTGEN 206-100] Finished creating RTL model for 'positAdd_Pipeline_VITIS_LOOP_48_1'.
INFO: [HLS 200-111] Finished Creating RTL model: CPU user time: 1 seconds. CPU system time: 0 seconds. Elapsed time: 0.476 seconds; current allocated memory: 393.949 MB.
INFO: [HLS 200-10] ----------------------------------------------------------------
INFO: [HLS 200-10] -- Generating RTL for module 'positAdd' 
INFO: [HLS 200-10] ----------------------------------------------------------------
INFO: [RTGEN 206-100] Generating core module 'sparsemux_7_2_1_1_1': 1 instance(s).
INFO: [RTGEN 206-100] Generating core module 'sparsemux_7_3_26_1_1': 1 instance(s).
INFO: [RTGEN 206-100] Generating core module 'sparsemux_7_3_6_1_1': 1 instance(s).
INFO: [RTGEN 206-100] Finished creating RTL model for 'positAdd'.
INFO: [HLS 200-111] Finished Creating RTL model: CPU user time: 0 seconds. CPU system time: 0 seconds. Elapsed time: 0.228 seconds; current allocated memory: 395.023 MB.
INFO: [HLS 200-10] ----------------------------------------------------------------
INFO: [HLS 200-10] -- Generating RTL for module 'positSin' 
INFO: [HLS 200-10] ----------------------------------------------------------------
INFO: [RTGEN 206-100] Generating core module 'dadddsub_64ns_64ns_64_2_full_dsp_1': 2 instance(s).
INFO: [RTGEN 206-100] Generating core module 'dcmp_64ns_64ns_1_1_no_dsp_1': 3 instance(s).
INFO: [RTGEN 206-100] Generating core module 'dmul_64ns_64ns_64_2_max_dsp_1': 2 instance(s).
INFO: [RTGEN 206-100] Generating core module 'mul_26ns_26ns_52_1_1': 2 instance(s).
INFO: [RTGEN 206-100] Generating core module 'mul_51ns_53ns_103_1_1': 1 instance(s).
INFO: [RTGEN 206-100] Generating core module 'sitodp_32s_64_1_no_dsp_1': 1 instance(s).
INFO: [RTGEN 206-100] Generating core module 'uitodp_32ns_64_1_no_dsp_1': 1 instance(s).
INFO: [RTGEN 206-100] Finished creating RTL model for 'positSin'.
INFO: [HLS 200-111] Finished Creating RTL model: CPU user time: 0 seconds. CPU system time: 1 seconds. Elapsed time: 0.593 seconds; current allocated memory: 398.055 MB.
INFO: [HLS 200-10] ----------------------------------------------------------------
INFO: [HLS 200-10] -- Generating RTL for module 'pAccumulateFC' 
INFO: [HLS 200-10] ----------------------------------------------------------------
INFO: [RTGEN 206-100] Generating core module 'dadddsub_64ns_64ns_64_2_full_dsp_1': 2 instance(s).
INFO: [RTGEN 206-100] Generating core module 'dcmp_64ns_64ns_1_1_no_dsp_1': 4 instance(s).
INFO: [RTGEN 206-100] Generating core module 'ddiv_64ns_64ns_64_5_no_dsp_1': 1 instance(s).
INFO: [RTGEN 206-100] Generating core module 'dmul_64ns_64ns_64_2_max_dsp_1': 2 instance(s).
INFO: [RTGEN 206-100] Generating core module 'mul_26ns_26ns_52_1_1': 1 instance(s).
INFO: [RTGEN 206-100] Generating core module 'sitodp_32ns_64_1_no_dsp_1': 1 instance(s).
INFO: [RTGEN 206-100] Generating core module 'sparsemux_7_2_64_1_1': 1 instance(s).
INFO: [RTGEN 206-100] Generating core module 'uitodp_32ns_64_1_no_dsp_1': 1 instance(s).
INFO: [RTGEN 206-100] Finished creating RTL model for 'pAccumulateFC'.
INFO: [HLS 200-111] Finished Creating RTL model: CPU user time: 0 seconds. CPU system time: 0 seconds. Elapsed time: 0.955 seconds; current allocated memory: 402.879 MB.
INFO: [HLS 200-10] ----------------------------------------------------------------
INFO: [HLS 200-10] -- Generating RTL for module 'pFFT' 
INFO: [HLS 200-10] ----------------------------------------------------------------
INFO: [RTGEN 206-500] Setting interface mode on port 'pFFT/signal_r' to 'ap_none'.
INFO: [RTGEN 206-500] Setting interface mode on port 'pFFT/result' to 'ap_ovld'.
INFO: [RTGEN 206-500] Setting interface mode on function 'pFFT' to 'ap_ctrl_hs'.
INFO: [RTGEN 206-100] Finished creating RTL model for 'pFFT'.
INFO: [HLS 200-111] Finished Creating RTL model: CPU user time: 1 seconds. CPU system time: 0 seconds. Elapsed time: 1.392 seconds; current allocated memory: 409.949 MB.
INFO: [HLS 200-111] Finished Generating all RTL models: CPU user time: 0 seconds. CPU system time: 1 seconds. Elapsed time: 2.146 seconds; current allocated memory: 415.492 MB.
INFO: [HLS 200-111] Finished Updating report files: CPU user time: 1 seconds. CPU system time: 0 seconds. Elapsed time: 2.702 seconds; current allocated memory: 424.355 MB.
INFO: [VHDL 208-304] Generating VHDL RTL for pFFT.
INFO: [VLOG 209-307] Generating Verilog RTL for pFFT.
INFO: [HLS 200-790] **** Loop Constraint Status: All loop constraints were satisfied.
INFO: [HLS 200-789] **** Estimated Fmax: 15.35 MHz
INFO: [HLS 200-112] Total CPU user time: 12 seconds. Total CPU system time: 5 seconds. Total elapsed time: 85.308 seconds; peak allocated memory: 425.125 MB.
INFO: [v++ 60-791] Total elapsed time: 0h 1m 30s
