  **** HLS Build v2024.2 5238294
INFO: [HLS 200-2005] Using work_dir C:/Users/Burak/Desktop/TAU/HLS/PositFFT/PositFFT/PositFFT 
INFO: [HLS 200-1505] Using default flow_target 'vivado'
Resolution: For help on HLS 200-1505 see docs.xilinx.com/access/sources/dita/topic?Doc_Version=2024.2%20English&url=ug1448-hls-guidance&resourceid=200-1505.html
INFO: [HLS 200-1465] Applying ini 'syn.file=C:\Users\Burak\Desktop\TAU\HLS\PositFFT\PositFFT\posit.hpp' from C:/Users/Burak/Desktop/TAU/HLS/PositFFT/PositFFT/hls_config.cfg(7)
INFO: [HLS 200-10] Adding design file 'C:/Users/Burak/Desktop/TAU/HLS/PositFFT/PositFFT/posit.hpp' to the project
INFO: [HLS 200-1465] Applying ini 'syn.file=C:\Users\Burak\Desktop\TAU\HLS\PositFFT\PositFFT\posit_lib.cpp' from C:/Users/Burak/Desktop/TAU/HLS/PositFFT/PositFFT/hls_config.cfg(8)
INFO: [HLS 200-10] Adding design file 'C:/Users/Burak/Desktop/TAU/HLS/PositFFT/PositFFT/posit_lib.cpp' to the project
INFO: [HLS 200-1465] Applying ini 'tb.file=posit_fft_test.cpp' from C:/Users/Burak/Desktop/TAU/HLS/PositFFT/PositFFT/hls_config.cfg(12)
INFO: [HLS 200-10] Adding test bench file 'C:/Users/Burak/Desktop/TAU/HLS/PositFFT/PositFFT/posit_fft_test.cpp' to the project
INFO: [HLS 200-1465] Applying ini 'syn.top=dIFFT' from C:/Users/Burak/Desktop/TAU/HLS/PositFFT/PositFFT/hls_config.cfg(10)
INFO: [HLS 200-1465] Applying ini 'flow_target=vivado' from C:/Users/Burak/Desktop/TAU/HLS/PositFFT/PositFFT/hls_config.cfg(4)
INFO: [HLS 200-1505] Using flow_target 'vivado'
Resolution: For help on HLS 200-1505 see docs.xilinx.com/access/sources/dita/topic?Doc_Version=2024.2%20English&url=ug1448-hls-guidance&resourceid=200-1505.html
INFO: [HLS 200-1465] Applying ini 'part=xazu7ev-fbvb900-1-i' from C:/Users/Burak/Desktop/TAU/HLS/PositFFT/PositFFT/hls_config.cfg(1)
INFO: [HLS 200-1611] Setting target device to 'xazu7ev-fbvb900-1-i'
INFO: [HLS 200-1465] Applying ini 'clock=10ns' from C:/Users/Burak/Desktop/TAU/HLS/PositFFT/PositFFT/hls_config.cfg(11)
INFO: [SYN 201-201] Setting up clock 'default' with a period of 10ns.
INFO: [HLS 200-1465] Applying ini 'csim.code_analyzer=0' from C:/Users/Burak/Desktop/TAU/HLS/PositFFT/PositFFT/hls_config.cfg(9)
INFO: [HLS 200-1465] Applying ini 'package.output.format=ip_catalog' from C:/Users/Burak/Desktop/TAU/HLS/PositFFT/PositFFT/hls_config.cfg(5)
INFO: [SIM 211-2] *************** CSIM start ***************
INFO: [SIM 211-4] CSIM will launch CLANG as the compiler.
INFO: [HLS 200-2036] Building debug C Simulation binaries
   Compiling ../../../../posit_fft_test.cpp in debug mode
   Compiling ../../../../posit_lib.cpp in debug mode
   Generating csim.exe
In file included from ../../../../posit_fft_test.cpp:1:
In file included from ../../../../posit.hpp:1:
In file included from C:/Xilinx/Vitis/2024.2/include/ap_int.h:10:
In file included from C:/Xilinx/Vitis/2024.2/include/etc/ap_common.h:658:
In file included from C:/Xilinx/Vitis/2024.2/include/etc/ap_private.h:68:
In file included from C:/Xilinx/Vitis/2024.2/include/hls_half.h:26:
In file included from C:/Xilinx/Vitis/2024.2/include/etc/hls_half_fpo.h:19:
In file included from C:/Xilinx/Vitis/2024.2/include/hls_fpo.h:140:
In file included from C:/Xilinx/Vitis/2024.2/include/floating_point_v7_1_bitacc_cmodel.h:150:
C:/Xilinx/Vitis/2024.2/include/gmp.h:58:9: warning: '__GMP_LIBGMP_DLL' macro redefined [-Wmacro-redefined]
#define __GMP_LIBGMP_DLL  0
        ^
C:/Xilinx/Vitis/2024.2/include/floating_point_v7_1_bitacc_cmodel.h:142:9: note: previous definition is here
#define __GMP_LIBGMP_DLL 1
        ^
1 warning generated.
In file included from ../../../../posit_lib.cpp:1:
In file included from ../../../../posit.hpp:1:
In file included from C:/Xilinx/Vitis/2024.2/include/ap_int.h:10:
In file included from C:/Xilinx/Vitis/2024.2/include/etc/ap_common.h:658:
In file included from C:/Xilinx/Vitis/2024.2/include/etc/ap_private.h:68:
In file included from C:/Xilinx/Vitis/2024.2/include/hls_half.h:26:
In file included from C:/Xilinx/Vitis/2024.2/include/etc/hls_half_fpo.h:19:
In file included from C:/Xilinx/Vitis/2024.2/include/hls_fpo.h:140:
In file included from C:/Xilinx/Vitis/2024.2/include/floating_point_v7_1_bitacc_cmodel.h:150:
C:/Xilinx/Vitis/2024.2/include/gmp.h:58:9: warning: '__GMP_LIBGMP_DLL' macro redefined [-Wmacro-redefined]
#define __GMP_LIBGMP_DLL  0
        ^
C:/Xilinx/Vitis/2024.2/include/floating_point_v7_1_bitacc_cmodel.h:142:9: note: previous definition is here
#define __GMP_LIBGMP_DLL 1
        ^
../../../../posit_lib.cpp:818:33: warning: shifting a negative signed value is undefined [-Wshift-negative-value]
        sf_t sf_x,sf_y,sf_r,max =((2-N)<<ES);
                                  ~~~~~^
2 warnings generated.
double PI: 3.14136
ONE: 1
mONE: -1
POSIT_PI_OVER2: 1.57068
PI: 3.14136
2PI: 6.28271
POSIT_M_PI_OVER2: -1.57068
POSIT_M_PI: -3.14136
POSIT_M_2PI: -6.28271
ZERO+mONE: -1
(ZERO+mONE)+mONE: -2
------------------------
positMod: -1.57068
doubleMod: -1.57068
------------------------
positCos: 0
doubleCos: 0
floatCos: 0
Before Load
Loaded 64 values into arrays
Saved 64 values to c:/Users/Burak/Desktop/TAU/HLS/PositFFT/PositFFT/TERMS_4_N_32_ES_0_SIZE_64_APP/in_double.txt
Saved 64 values to c:/Users/Burak/Desktop/TAU/HLS/PositFFT/PositFFT/TERMS_4_N_32_ES_0_SIZE_64_APP/in_float.txt
Saved 64 values to c:/Users/Burak/Desktop/TAU/HLS/PositFFT/PositFFT/TERMS_4_N_32_ES_0_SIZE_64_APP/in_posit.txt
After Load
Loaded 64 values into arrays
Saved 64 values to c:/Users/Burak/Desktop/TAU/HLS/PositFFT/PositFFT/TERMS_4_N_32_ES_0_SIZE_64_APP/inSinCos_double.txt
Saved 64 values to c:/Users/Burak/Desktop/TAU/HLS/PositFFT/PositFFT/TERMS_4_N_32_ES_0_SIZE_64_APP/inSinCos_float.txt
Saved 64 values to c:/Users/Burak/Desktop/TAU/HLS/PositFFT/PositFFT/TERMS_4_N_32_ES_0_SIZE_64_APP/inSinCos_posit.txt
----------SIN--------------
Saved 64 values to c:/Users/Burak/Desktop/TAU/HLS/PositFFT/PositFFT/TERMS_4_N_32_ES_0_SIZE_64_APP/sin_double.txt
Saved 64 values to c:/Users/Burak/Desktop/TAU/HLS/PositFFT/PositFFT/TERMS_4_N_32_ES_0_SIZE_64_APP/sin_posit.txt
Saved 64 values to c:/Users/Burak/Desktop/TAU/HLS/PositFFT/PositFFT/TERMS_4_N_32_ES_0_SIZE_64_APP/sin_float.txt
----------COS--------------
Saved 64 values to c:/Users/Burak/Desktop/TAU/HLS/PositFFT/PositFFT/TERMS_4_N_32_ES_0_SIZE_64_APP/cos_double.txt
Saved 64 values to c:/Users/Burak/Desktop/TAU/HLS/PositFFT/PositFFT/TERMS_4_N_32_ES_0_SIZE_64_APP/cos_posit.txt
Saved 64 values to c:/Users/Burak/Desktop/TAU/HLS/PositFFT/PositFFT/TERMS_4_N_32_ES_0_SIZE_64_APP/cos_float.txt
----------FFT--------------
Calculating double results...
0
Calculating float results...
0
Calculating posit results...
Writing results in files...
Saved 64 values to c:/Users/Burak/Desktop/TAU/HLS/PositFFT/PositFFT/TERMS_4_N_32_ES_0_SIZE_64_APP/signal.txt
Saved 64 values to c:/Users/Burak/Desktop/TAU/HLS/PositFFT/PositFFT/TERMS_4_N_32_ES_0_SIZE_64_APP/posit_fft_real.txt
Saved 64 values to c:/Users/Burak/Desktop/TAU/HLS/PositFFT/PositFFT/TERMS_4_N_32_ES_0_SIZE_64_APP/posit_fft_imag.txt
Saved 64 values to c:/Users/Burak/Desktop/TAU/HLS/PositFFT/PositFFT/TERMS_4_N_32_ES_0_SIZE_64_APP/double_fft_real.txt
Saved 64 values to c:/Users/Burak/Desktop/TAU/HLS/PositFFT/PositFFT/TERMS_4_N_32_ES_0_SIZE_64_APP/double_fft_imag.txt
Saved 64 values to c:/Users/Burak/Desktop/TAU/HLS/PositFFT/PositFFT/TERMS_4_N_32_ES_0_SIZE_64_APP/float_fft_real.txt
Saved 64 values to c:/Users/Burak/Desktop/TAU/HLS/PositFFT/PositFFT/TERMS_4_N_32_ES_0_SIZE_64_APP/float_fft_imag.txt
Saved 4096 values to c:/Users/Burak/Desktop/TAU/HLS/PositFFT/PositFFT/TERMS_4_N_32_ES_0_SIZE_64_APP/angle.txt
Saved 4096 values to c:/Users/Burak/Desktop/TAU/HLS/PositFFT/PositFFT/TERMS_4_N_32_ES_0_SIZE_64_APP/f_angle.txt
Saved 4096 values to c:/Users/Burak/Desktop/TAU/HLS/PositFFT/PositFFT/TERMS_4_N_32_ES_0_SIZE_64_APP/p_angle.txt
Saved 4096 values to c:/Users/Burak/Desktop/TAU/HLS/PositFFT/PositFFT/TERMS_4_N_32_ES_0_SIZE_64_APP/rp.txt
Saved 4096 values to c:/Users/Burak/Desktop/TAU/HLS/PositFFT/PositFFT/TERMS_4_N_32_ES_0_SIZE_64_APP/f_rp.txt
Saved 4096 values to c:/Users/Burak/Desktop/TAU/HLS/PositFFT/PositFFT/TERMS_4_N_32_ES_0_SIZE_64_APP/p_rp.txt
Computing double IFFT...
Writing IFFT results to file...
Saved 64 values to c:/Users/Burak/Desktop/TAU/HLS/PositFFT/PositFFT/TERMS_4_N_32_ES_0_SIZE_64_APP/double_ifft_output.txt
Computing float IFFT...
Saved 64 values to c:/Users/Burak/Desktop/TAU/HLS/PositFFT/PositFFT/TERMS_4_N_32_ES_0_SIZE_64_APP/float_ifft_output.txt
Computing posit IFFT...
Saved 64 values to c:/Users/Burak/Desktop/TAU/HLS/PositFFT/PositFFT/TERMS_4_N_32_ES_0_SIZE_64_APP/posit_ifft_output.txt
----------------SNR RESULTS K Factor-------------------------
SNR k factor Calculation: inf dB
----------------SNR RESULTS MOD-------------------------
SNR Before Calculation: 183.783 dB
SNR Mod Calculation: 151.991 dB
----------------SNR RESULTS INPUT-------------------------
SNR (Posit Reconstruction): 174.855 dB
SNR (Float Conversion): 153.033 dB
----------------SNR RESULTS SIN-------------------------
SNR (Posit Reconstruction): 168.635 dB
SNR (Float Conversion): 138.653 dB
----------------SNR RESULTS COS-------------------------
SNR (Posit Reconstruction): 169.808 dB
SNR (Float Conversion): 139.773 dB
----------------SNR RESULTS FFT-------------------------
SNR (Posit Reconstruction): 164.616 dB
SNR (Float Conversion): 14.7028 dB
----------------SNR RESULTS IFFT-------------------------
SNR (Posit Reconstruction): 161.626 dB
SNR (Float Conversion): 22.253 dB
----------------SNR RESULTS IFFT WRT ORIG-----------------
SNR (Posit Reconstruction): 4.16066 dB
SNR (Float Conversion): 4.2967 dB
SNR (Double Conversion): 4.16066 dB
----------------SNR RESULTS ANG-------------------------
SNR Before Calculation: inf dB
SNR Before Calculation Float: 126.544 dB
----------------SNR RESULTS RP-------------------------
SNR Before Calculation: 180.026 dB
SNR Before Calculation Float: 16.3855 dB
----------------SNR RESULTS MOD-------------------------
SNR Before Calculation: 183.783 dB
SNR Mod Calculation: 151.991 dB
Processing complete.
INFO: [SIM 211-1] CSim done with 0 errors.
INFO: [SIM 211-3] *************** CSIM finish ***************
INFO: [HLS 200-112] Total CPU user time: 2 seconds. Total CPU system time: 1 seconds. Total elapsed time: 23.605 seconds; peak allocated memory: 162.766 MB.
INFO: [vitis-run 60-791] Total elapsed time: 0h 0m 29s
