  **** HLS Build v2024.2 5238294
INFO: [HLS 200-2005] Using work_dir C:/Users/Burak/Desktop/TAU/HLS/PositFFT/PositFFT/PositFFT 
INFO: [HLS 200-1505] Using default flow_target 'vivado'
Resolution: For help on HLS 200-1505 see docs.xilinx.com/access/sources/dita/topic?Doc_Version=2024.2%20English&url=ug1448-hls-guidance&resourceid=200-1505.html
INFO: [HLS 200-1465] Applying ini 'syn.file=C:\Users\Burak\Desktop\TAU\HLS\PositFFT\PositFFT\posit.hpp' from C:/Users/Burak/Desktop/TAU/HLS/PositFFT/PositFFT/hls_config.cfg(7)
INFO: [HLS 200-10] Adding design file 'C:/Users/Burak/Desktop/TAU/HLS/PositFFT/PositFFT/posit.hpp' to the project
INFO: [HLS 200-1465] Applying ini 'syn.file=C:\Users\Burak\Desktop\TAU\HLS\PositFFT\PositFFT\posit_lib.cpp' from C:/Users/Burak/Desktop/TAU/HLS/PositFFT/PositFFT/hls_config.cfg(8)
INFO: [HLS 200-10] Adding design file 'C:/Users/Burak/Desktop/TAU/HLS/PositFFT/PositFFT/posit_lib.cpp' to the project
INFO: [HLS 200-1465] Applying ini 'tb.file=posit_fft_test.cpp' from C:/Users/Burak/Desktop/TAU/HLS/PositFFT/PositFFT/hls_config.cfg(12)
INFO: [HLS 200-10] Adding test bench file 'C:/Users/Burak/Desktop/TAU/HLS/PositFFT/PositFFT/posit_fft_test.cpp' to the project
INFO: [HLS 200-1465] Applying ini 'syn.top=dIFFT' from C:/Users/Burak/Desktop/TAU/HLS/PositFFT/PositFFT/hls_config.cfg(10)
INFO: [HLS 200-1465] Applying ini 'flow_target=vivado' from C:/Users/Burak/Desktop/TAU/HLS/PositFFT/PositFFT/hls_config.cfg(4)
INFO: [HLS 200-1505] Using flow_target 'vivado'
Resolution: For help on HLS 200-1505 see docs.xilinx.com/access/sources/dita/topic?Doc_Version=2024.2%20English&url=ug1448-hls-guidance&resourceid=200-1505.html
INFO: [HLS 200-1465] Applying ini 'part=xazu7ev-fbvb900-1-i' from C:/Users/Burak/Desktop/TAU/HLS/PositFFT/PositFFT/hls_config.cfg(1)
INFO: [HLS 200-1611] Setting target device to 'xazu7ev-fbvb900-1-i'
INFO: [HLS 200-1465] Applying ini 'clock=10ns' from C:/Users/Burak/Desktop/TAU/HLS/PositFFT/PositFFT/hls_config.cfg(11)
INFO: [SYN 201-201] Setting up clock 'default' with a period of 10ns.
INFO: [HLS 200-1465] Applying ini 'csim.code_analyzer=0' from C:/Users/Burak/Desktop/TAU/HLS/PositFFT/PositFFT/hls_config.cfg(9)
INFO: [HLS 200-1465] Applying ini 'package.output.format=ip_catalog' from C:/Users/Burak/Desktop/TAU/HLS/PositFFT/PositFFT/hls_config.cfg(5)
INFO: [SIM 211-2] *************** CSIM start ***************
INFO: [SIM 211-4] CSIM will launch CLANG as the compiler.
INFO: [HLS 200-2036] Building debug C Simulation binaries
   Compiling ../../../../posit_fft_test.cpp in debug mode
   Compiling ../../../../posit_lib.cpp in debug mode
   Generating csim.exe
In file included from ../../../../posit_fft_test.cpp:1:
In file included from ../../../../posit.hpp:1:
In file included from C:/Xilinx/Vitis/2024.2/include/ap_int.h:10:
In file included from C:/Xilinx/Vitis/2024.2/include/etc/ap_common.h:658:
In file included from C:/Xilinx/Vitis/2024.2/include/etc/ap_private.h:68:
In file included from C:/Xilinx/Vitis/2024.2/include/hls_half.h:26:
In file included from C:/Xilinx/Vitis/2024.2/include/etc/hls_half_fpo.h:19:
In file included from C:/Xilinx/Vitis/2024.2/include/hls_fpo.h:140:
In file included from C:/Xilinx/Vitis/2024.2/include/floating_point_v7_1_bitacc_cmodel.h:150:
C:/Xilinx/Vitis/2024.2/include/gmp.h:58:9: warning: '__GMP_LIBGMP_DLL' macro redefined [-Wmacro-redefined]
#define __GMP_LIBGMP_DLL  0
        ^
C:/Xilinx/Vitis/2024.2/include/floating_point_v7_1_bitacc_cmodel.h:142:9: note: previous definition is here
#define __GMP_LIBGMP_DLL 1
        ^
1 warning generated.
In file included from ../../../../posit_lib.cpp:1:
In file included from ../../../../posit.hpp:1:
In file included from C:/Xilinx/Vitis/2024.2/include/ap_int.h:10:
In file included from C:/Xilinx/Vitis/2024.2/include/etc/ap_common.h:658:
In file included from C:/Xilinx/Vitis/2024.2/include/etc/ap_private.h:68:
In file included from C:/Xilinx/Vitis/2024.2/include/hls_half.h:26:
In file included from C:/Xilinx/Vitis/2024.2/include/etc/hls_half_fpo.h:19:
In file included from C:/Xilinx/Vitis/2024.2/include/hls_fpo.h:140:
In file included from C:/Xilinx/Vitis/2024.2/include/floating_point_v7_1_bitacc_cmodel.h:150:
C:/Xilinx/Vitis/2024.2/include/gmp.h:58:9: warning: '__GMP_LIBGMP_DLL' macro redefined [-Wmacro-redefined]
#define __GMP_LIBGMP_DLL  0
        ^
C:/Xilinx/Vitis/2024.2/include/floating_point_v7_1_bitacc_cmodel.h:142:9: note: previous definition is here
#define __GMP_LIBGMP_DLL 1
        ^
../../../../posit_lib.cpp:773:33: warning: shifting a negative signed value is undefined [-Wshift-negative-value]
        sf_t sf_x,sf_y,sf_r,max =((2-N)<<ES);
                                  ~~~~~^
2 warnings generated.
double PI: 2
ONE: 1
POSIT_PI_OVER2: 1
PI: 2
2PI: 4
POSIT_M_PI_OVER2: -1
POSIT_M_PI: -2
POSIT_M_2PI: -4
----------------SNR RESULTS K Factor-------------------------
SNR k factor Calculation: inf dB
----------------SNR RESULTS MOD-------------------------
SNR Before Calculation: 183.844429118 dB
SNR Mod Calculation: 147.325849351 dB
Before Load
Loaded 64 values into arrays
Saved 64 values to c:/Users/Burak/Desktop/TAU/HLS/PositFFT/PositFFT/TERMS_4_N_32_ES_0_SIZE_64_APP/in_double.txt
Saved 64 values to c:/Users/Burak/Desktop/TAU/HLS/PositFFT/PositFFT/TERMS_4_N_32_ES_0_SIZE_64_APP/in_float.txt
Saved 64 values to c:/Users/Burak/Desktop/TAU/HLS/PositFFT/PositFFT/TERMS_4_N_32_ES_0_SIZE_64_APP/in_posit.txt
----------------SNR RESULTS INPUT-------------------------
SNR (Posit Reconstruction): 174.854780247 dB
SNR (Float Conversion): 153.033390045 dB
After Load
Loaded 64 values into arrays
Saved 64 values to c:/Users/Burak/Desktop/TAU/HLS/PositFFT/PositFFT/TERMS_4_N_32_ES_0_SIZE_64_APP/inSinCos_double.txt
Saved 64 values to c:/Users/Burak/Desktop/TAU/HLS/PositFFT/PositFFT/TERMS_4_N_32_ES_0_SIZE_64_APP/inSinCos_float.txt
Saved 64 values to c:/Users/Burak/Desktop/TAU/HLS/PositFFT/PositFFT/TERMS_4_N_32_ES_0_SIZE_64_APP/inSinCos_posit.txt
----------SIN--------------
Saved 64 values to c:/Users/Burak/Desktop/TAU/HLS/PositFFT/PositFFT/TERMS_4_N_32_ES_0_SIZE_64_APP/sin_double.txt
Saved 64 values to c:/Users/Burak/Desktop/TAU/HLS/PositFFT/PositFFT/TERMS_4_N_32_ES_0_SIZE_64_APP/sin_posit.txt
Saved 64 values to c:/Users/Burak/Desktop/TAU/HLS/PositFFT/PositFFT/TERMS_4_N_32_ES_0_SIZE_64_APP/sin_float.txt
----------------SNR RESULTS SIN-------------------------
SNR (Posit Reconstruction): 164.255076541 dB
SNR (Float Conversion): 135.066728592 dB
----------COS--------------
Saved 64 values to c:/Users/Burak/Desktop/TAU/HLS/PositFFT/PositFFT/TERMS_4_N_32_ES_0_SIZE_64_APP/cos_double.txt
Saved 64 values to c:/Users/Burak/Desktop/TAU/HLS/PositFFT/PositFFT/TERMS_4_N_32_ES_0_SIZE_64_APP/cos_posit.txt
Saved 64 values to c:/Users/Burak/Desktop/TAU/HLS/PositFFT/PositFFT/TERMS_4_N_32_ES_0_SIZE_64_APP/cos_float.txt
----------------SNR RESULTS COS-------------------------
SNR (Posit Reconstruction): 173.109912445 dB
SNR (Float Conversion): 143.528232574 dB
----------FFT--------------
Calculating double results...
0
Counter after k=0: 128
Counter after k=1: 256
Counter after k=2: 384
Counter after k=3: 512
Counter after k=4: 640
Counter after k=5: 768
Counter after k=6: 896
Counter after k=7: 1024
Counter after k=8: 1152
Counter after k=9: 1280
Counter after k=10: 1408
Counter after k=11: 1536
Counter after k=12: 1664
Counter after k=13: 1792
Counter after k=14: 1920
Counter after k=15: 2048
Counter after k=16: 2176
Counter after k=17: 2304
Counter after k=18: 2432
Counter after k=19: 2560
Counter after k=20: 2688
Counter after k=21: 2816
Counter after k=22: 2944
Counter after k=23: 3072
Counter after k=24: 3200
Counter after k=25: 3328
Counter after k=26: 3456
Counter after k=27: 3584
Counter after k=28: 3712
Counter after k=29: 3840
Counter after k=30: 3968
Counter after k=31: 4096
Counter after k=32: 4224
Counter after k=33: 4352
Counter after k=34: 4480
Counter after k=35: 4608
Counter after k=36: 4736
Counter after k=37: 4864
Counter after k=38: 4992
Counter after k=39: 5120
Counter after k=40: 5248
Counter after k=41: 5376
Counter after k=42: 5504
Counter after k=43: 5632
Counter after k=44: 5760
Counter after k=45: 5888
Counter after k=46: 6016
Counter after k=47: 6144
Counter after k=48: 6272
Counter after k=49: 6400
Counter after k=50: 6528
Counter after k=51: 6656
Counter after k=52: 6784
Counter after k=53: 6912
Counter after k=54: 7040
Counter after k=55: 7168
Counter after k=56: 7296
Counter after k=57: 7424
Counter after k=58: 7552
Counter after k=59: 7680
Counter after k=60: 7808
Counter after k=61: 7936
Counter after k=62: 8064
Counter after k=63: 8192
Calculating float results...
0
Calculating posit results...
Writing results in files...
Saved 64 values to c:/Users/Burak/Desktop/TAU/HLS/PositFFT/PositFFT/TERMS_4_N_32_ES_0_SIZE_64_APP/signal.txt
Saved 64 values to c:/Users/Burak/Desktop/TAU/HLS/PositFFT/PositFFT/TERMS_4_N_32_ES_0_SIZE_64_APP/posit_fft_real.txt
Saved 64 values to c:/Users/Burak/Desktop/TAU/HLS/PositFFT/PositFFT/TERMS_4_N_32_ES_0_SIZE_64_APP/posit_fft_imag.txt
Saved 64 values to c:/Users/Burak/Desktop/TAU/HLS/PositFFT/PositFFT/TERMS_4_N_32_ES_0_SIZE_64_APP/double_fft_real.txt
Saved 64 values to c:/Users/Burak/Desktop/TAU/HLS/PositFFT/PositFFT/TERMS_4_N_32_ES_0_SIZE_64_APP/double_fft_imag.txt
Saved 64 values to c:/Users/Burak/Desktop/TAU/HLS/PositFFT/PositFFT/TERMS_4_N_32_ES_0_SIZE_64_APP/float_fft_real.txt
Saved 64 values to c:/Users/Burak/Desktop/TAU/HLS/PositFFT/PositFFT/TERMS_4_N_32_ES_0_SIZE_64_APP/float_fft_imag.txt
----------------SNR RESULTS FFT-------------------------
SNR (Posit Reconstruction): 14.702046628 dB
SNR (Float Conversion): 136.545228958 dB
Saved 4096 values to c:/Users/Burak/Desktop/TAU/HLS/PositFFT/PositFFT/TERMS_4_N_32_ES_0_SIZE_64_APP/angle.txt
Saved 4096 values to c:/Users/Burak/Desktop/TAU/HLS/PositFFT/PositFFT/TERMS_4_N_32_ES_0_SIZE_64_APP/p_angle.txt
----------------SNR RESULTS Angle-------------------------
SNR Before Calculation: 56.6163098187 dB
----------------SNR RESULTS MOD-------------------------
SNR Before Calculation: 183.844429118 dB
SNR Mod Calculation: 147.325849351 dB
Computing double IFFT...
Writing IFFT results to file...
Saved 64 values to c:/Users/Burak/Desktop/TAU/HLS/PositFFT/PositFFT/TERMS_4_N_32_ES_0_SIZE_64_APP/double_ifft_output.txt
Computing float IFFT...
Saved 64 values to c:/Users/Burak/Desktop/TAU/HLS/PositFFT/PositFFT/TERMS_4_N_32_ES_0_SIZE_64_APP/float_ifft_output.txt
Computing posit IFFT...
Saved 64 values to c:/Users/Burak/Desktop/TAU/HLS/PositFFT/PositFFT/TERMS_4_N_32_ES_0_SIZE_64_APP/posit_ifft_output.txt
----------------SNR RESULTS IFFT-------------------------
SNR (Posit Reconstruction): 17.5461117775 dB
SNR (Float Conversion): 135.511417389 dB
----------------SNR RESULTS IFFT WRT ORIG-----------------
SNR (Posit Reconstruction): 5.55834803448 dB
SNR (Float Conversion): 5.07209599018 dB
SNR (Double Conversion): 5.07209595544 dB
Processing complete.
INFO: [SIM 211-1] CSim done with 0 errors.
INFO: [SIM 211-3] *************** CSIM finish ***************
INFO: [HLS 200-112] Total CPU user time: 2 seconds. Total CPU system time: 1 seconds. Total elapsed time: 22.538 seconds; peak allocated memory: 162.594 MB.
INFO: [vitis-run 60-791] Total elapsed time: 0h 0m 28s
