  **** HLS Build v2024.2 5238294
INFO: [HLS 200-2005] Using work_dir C:/Users/Burak/Desktop/TAU/HLS/PositFFT/PositFFT/PositFFT 
INFO: [HLS 200-1505] Using default flow_target 'vivado'
Resolution: For help on HLS 200-1505 see docs.xilinx.com/access/sources/dita/topic?Doc_Version=2024.2%20English&url=ug1448-hls-guidance&resourceid=200-1505.html
INFO: [HLS 200-1465] Applying ini 'syn.file=C:\Users\Burak\Desktop\TAU\HLS\PositFFT\PositFFT\posit.hpp' from C:/Users/Burak/Desktop/TAU/HLS/PositFFT/PositFFT/hls_config.cfg(7)
INFO: [HLS 200-10] Adding design file 'C:/Users/Burak/Desktop/TAU/HLS/PositFFT/PositFFT/posit.hpp' to the project
INFO: [HLS 200-1465] Applying ini 'syn.file=C:\Users\Burak\Desktop\TAU\HLS\PositFFT\PositFFT\posit_lib.cpp' from C:/Users/Burak/Desktop/TAU/HLS/PositFFT/PositFFT/hls_config.cfg(8)
INFO: [HLS 200-10] Adding design file 'C:/Users/Burak/Desktop/TAU/HLS/PositFFT/PositFFT/posit_lib.cpp' to the project
INFO: [HLS 200-1465] Applying ini 'tb.file=posit_add_test.cpp' from C:/Users/Burak/Desktop/TAU/HLS/PositFFT/PositFFT/hls_config.cfg(11)
INFO: [HLS 200-10] Adding test bench file 'C:/Users/Burak/Desktop/TAU/HLS/PositFFT/PositFFT/posit_add_test.cpp' to the project
INFO: [HLS 200-1465] Applying ini 'syn.top=encode' from C:/Users/Burak/Desktop/TAU/HLS/PositFFT/PositFFT/hls_config.cfg(10)
INFO: [HLS 200-1465] Applying ini 'flow_target=vivado' from C:/Users/Burak/Desktop/TAU/HLS/PositFFT/PositFFT/hls_config.cfg(4)
INFO: [HLS 200-1505] Using flow_target 'vivado'
Resolution: For help on HLS 200-1505 see docs.xilinx.com/access/sources/dita/topic?Doc_Version=2024.2%20English&url=ug1448-hls-guidance&resourceid=200-1505.html
INFO: [HLS 200-1465] Applying ini 'part=xazu3teg-sfvc784-1Q-q' from C:/Users/Burak/Desktop/TAU/HLS/PositFFT/PositFFT/hls_config.cfg(1)
INFO: [HLS 200-1611] Setting target device to 'xazu3teg-sfvc784-1Q-q'
INFO: [HLS 200-1465] Applying ini 'csim.code_analyzer=0' from C:/Users/Burak/Desktop/TAU/HLS/PositFFT/PositFFT/hls_config.cfg(9)
INFO: [HLS 200-1465] Applying ini 'package.output.format=ip_catalog' from C:/Users/Burak/Desktop/TAU/HLS/PositFFT/PositFFT/hls_config.cfg(5)
INFO: [SIM 211-2] *************** CSIM start ***************
INFO: [SIM 211-4] CSIM will launch CLANG as the compiler.
INFO: [HLS 200-2036] Building debug C Simulation binaries
   Compiling ../../../../posit_add_test.cpp in debug mode
   Generating csim.exe
In file included from ../../../../posit_add_test.cpp:1:
In file included from ../../../../posit.hpp:1:
In file included from C:/Xilinx/Vitis/2024.2/include/ap_int.h:10:
In file included from C:/Xilinx/Vitis/2024.2/include/etc/ap_common.h:658:
In file included from C:/Xilinx/Vitis/2024.2/include/etc/ap_private.h:68:
In file included from C:/Xilinx/Vitis/2024.2/include/hls_half.h:26:
In file included from C:/Xilinx/Vitis/2024.2/include/etc/hls_half_fpo.h:19:
In file included from C:/Xilinx/Vitis/2024.2/include/hls_fpo.h:140:
In file included from C:/Xilinx/Vitis/2024.2/include/floating_point_v7_1_bitacc_cmodel.h:150:
C:/Xilinx/Vitis/2024.2/include/gmp.h:58:9: warning: '__GMP_LIBGMP_DLL' macro redefined [-Wmacro-redefined]
#define __GMP_LIBGMP_DLL  0
        ^
C:/Xilinx/Vitis/2024.2/include/floating_point_v7_1_bitacc_cmodel.h:142:9: note: previous definition is here
#define __GMP_LIBGMP_DLL 1
        ^
1 warning generated.
Sum written to sumDouble.txt
sf: 0
sf: 0
sf: 0
sf: -2
sf: -3
sf: 0
sf: -3
sf: -1
sf: 0
sf: -1
sf: 0
sf: -1
sf: 0
sf: 0
sf: 0
sf: -2
sf: -2
sf: 0
sf: 0
sf: -4
sf: -2
sf: 0
sf: 0
sf: 0
sf: 0
sf: -2
sf: -2
sf: 0
sf: -3
sf: 0
sf: -1
sf: -3
sf: 0
sf: 0
sf: -2
sf: -2
sf: 0
sf: 0
sf: 0
sf: -1
sf: -2
sf: 0
sf: 0
sf: -2
sf: 0
sf: 0
sf: -2
sf: 0
sf: -2
sf: 0
sf: 0
sf: -3
sf: -2
sf: 0
sf: -1
sf: -1
sf: -2
sf: -4
sf: 0
sf: 0
sf: -1
sf: -3
sf: -2
sf: 0
sf: -2
sf: -1
sf: -1
sf: 0
sf: 0
sf: -2
sf: -2
sf: -1
sf: 0
sf: 0
sf: -1
sf: 0
sf: -2
sf: 0
sf: -1
sf: 0
sf: 0
sf: -3
sf: 0
sf: -1
sf: -1
sf: -1
sf: -2
sf: -1
sf: -3
sf: -2
sf: 0
sf: 0
sf: -1
sf: 0
sf: -1
sf: 0
sf: -1
sf: 0
sf: -3
sf: 0
sf: -1
sf: -1
sf: 0
sf: -2
sf: 0
sf: 0
sf: 0
sf: -1
sf: 0
sf: 0
sf: 0
sf: -3
sf: -1
sf: 0
sf: -5
sf: 0
sf: 0
sf: 0
sf: -2
sf: -1
sf: -6
sf: -1
sf: -2
sf: -2
sf: 0
sf: -1
sf: 0
sf: -1
sf: 0
sf: -2
sf: -1
sf: 0
sf: -3
sf: -3
sf: 0
sf: 0
sf: -4
sf: 0
sf: -2
sf: 0
sf: 0
sf: 0
sf: 0
sf: -1
sf: -3
sf: -1
sf: 0
sf: 0
sf: 0
sf: -2
sf: -1
sf: 0
sf: -1
sf: 0
sf: 0
sf: -2
sf: -3
sf: 0
sf: -3
sf: 0
sf: -1
sf: -1
sf: 0
sf: 0
sf: -4
sf: -4
sf: -1
sf: -2
sf: 0
sf: 0
sf: 0
sf: 0
sf: -6
sf: -1
sf: 0
sf: -1
sf: 0
sf: -1
sf: 0
sf: 0
sf: -2
sf: 0
sf: 0
sf: 0
sf: -2
sf: 0
sf: -2
sf: 0
sf: -1
sf: -2
sf: 0
sf: -5
sf: 0
sf: 0
sf: -2
sf: -3
sf: -3
sf: 0
sf: -2
sf: -1
200681308 479230430
200681308 508050671
288092214 466811340
288092214 501841126
128501736 408866408
408866408 665372648
594665836 657832156
657832156 863101292
793481064 753262195
753262195 463849396
649304021 163581779
649304021 700452691
328964216 59751648
59751648 231590972
357415778 673726338
673726338 894286690
463669218 362633686
463669218 899504598
224089078 224554827
224554827 380479995
837844923 306609981
837844923 843480893
839615592 291006824
839615592 425224552
816050548 621055868
816050548 578963390
4880297 534523658
534523658 541751209
1048284488 750030400
1048284488 391792416
951833364 46784199
46784199 610134410
850933760 920875168
920875168 559684608
1051409879 506587041
1051409879 1043457953
982179157 721454772
982179157 494945114
633591488 855176058
855176058 700700352
651602356 763488576
651602356 780265792
880025066 507444840
880025066 522157876
968407399 93458504
968407399 180946980
74565139 256504328
74565139 262469892
689850736 18079856
689850736 554950768
967492232 625055176
625055176 1235927688
952811684 606301932
606301932 610623570
1009416572 642686690
1009416572 589778801
68800936 853647985
853647985 101509332
475818919 1047142640
475818919 657789048
478738898 427979012
478738898 964849924
631909688 744408035
744408035 383063708
1024582534 540318312
1024582534 337268020
831843743 76516304
831843743 105367016
13645488 56597160
56597160 141040472
901663560 242091488
242091488 585049508
1012891447 916647168
1012891447 491878016
82691006 97040706
97040706 619561918
38841517 503804388
38841517 386119922
504325806 78931367
78931367 520598359
822256816 690613404
690613404 545346136
360065268 534328356
534328356 896936180
331675678 649162354
649162354 868546590
803953576 586760632
586760632 1072389032
293280342 608466344
293280342 371342036
23204029 38288496
23204029 287579704
213700088 842528149
842528149 241067772
182027324 225030616
225030616 718898236
90027492 707996385
707996385 179231474
946470096 394412840
946470096 331424148
399405981 132617530
399405981 334744221
657708896 18278187
18278187 395963312
733154592 32575038
32575038 1001590048
764574773 56175169
764574773 593046081
885260874 363402047
363402047 711065893
419460468 1008230812
419460468 1276666268
137525256 106664248
137525256 240881976
360729008 347360562
347360562 213918936
913946890 1131880
913946890 67674804
409139982 152821333
409139982 689692245
1058796366 1070917800
1070917800 1595667278
292298496 155027824
155027824 426516224
419833656 743602407
743602407 344134556
931619295 470382633
931619295 1007253545
770972236 433639440
770972236 500748304
856945854 777170800
856945854 844279664
681452398 321905654
681452398 858776566
366722459 237452220
366722459 252943838
1014319519 313029763
1014319519 849900675
244072160 92618954
92618954 256253808
737806748 524195597
524195597 503121102
705562118 509129077
509129077 621216515
1021056423 1583552
1021056423 9180384
221408759 1014636164
221408759 775753538
747371468 944717721
944717721 642121190
173878686 463186490
173878686 500028701
752374728 125038644
125038644 510405092
763025697 1019472026
763025697 778171469
225721446 82130508
82130508 381296179
713941283 132325754
713941283 669196666
432964418 334245548
432964418 301340502
668215944 20412375
20412375 401216836
669061119 466062982
669061119 1002933894
36196974 992695595
992695595 286533943
379487720 541212364
379487720 809647820
354221832 799005373
799005373 445546372
498544388 992262556
992262556 766979844
868003180 707048710
707048710 702437046
1038486312 137942688
137942688 1172704040
944764540 82254252
944764540 350689708
959564462 483861552
959564462 1020732464
428096572 276115168
428096572 154834800
837285954 712853946
712853946 687078433
60656925 48731040
60656925 585601952
1029466786 895529704
1029466786 1163965160
906998304 90258496
906998304 112238112
741493808 993155504
741493808 1127373232
602061128 74686273
602061128 611557185
1018407072 647222192
647222192 1152624800
208958110 657364376
208958110 597117644
Sum written to sumFloat.txt
INFO: [SIM 211-1] CSim done with 0 errors.
INFO: [SIM 211-3] *************** CSIM finish ***************
INFO: [HLS 200-112] Total CPU user time: 1 seconds. Total CPU system time: 1 seconds. Total elapsed time: 14.407 seconds; peak allocated memory: 162.961 MB.
INFO: [vitis-run 60-791] Total elapsed time: 0h 0m 20s
