  **** HLS Build v2024.2 5238294
INFO: [HLS 200-2005] Using work_dir C:/Users/Burak/Desktop/TAU/HLS/PositFFT/PositFFT/PositFFT 
INFO: [HLS 200-1505] Using default flow_target 'vivado'
Resolution: For help on HLS 200-1505 see docs.xilinx.com/access/sources/dita/topic?Doc_Version=2024.2%20English&url=ug1448-hls-guidance&resourceid=200-1505.html
INFO: [HLS 200-1465] Applying ini 'syn.file=C:\Users\Burak\Desktop\TAU\HLS\PositFFT\PositFFT\posit.hpp' from C:/Users/Burak/Desktop/TAU/HLS/PositFFT/PositFFT/hls_config.cfg(7)
INFO: [HLS 200-10] Adding design file 'C:/Users/Burak/Desktop/TAU/HLS/PositFFT/PositFFT/posit.hpp' to the project
INFO: [HLS 200-1465] Applying ini 'syn.file=C:\Users\Burak\Desktop\TAU\HLS\PositFFT\PositFFT\posit_lib.cpp' from C:/Users/Burak/Desktop/TAU/HLS/PositFFT/PositFFT/hls_config.cfg(8)
INFO: [HLS 200-10] Adding design file 'C:/Users/Burak/Desktop/TAU/HLS/PositFFT/PositFFT/posit_lib.cpp' to the project
INFO: [HLS 200-1465] Applying ini 'tb.file=posit_fft_test.cpp' from C:/Users/Burak/Desktop/TAU/HLS/PositFFT/PositFFT/hls_config.cfg(11)
INFO: [HLS 200-10] Adding test bench file 'C:/Users/Burak/Desktop/TAU/HLS/PositFFT/PositFFT/posit_fft_test.cpp' to the project
INFO: [HLS 200-1465] Applying ini 'syn.top=positDiv' from C:/Users/Burak/Desktop/TAU/HLS/PositFFT/PositFFT/hls_config.cfg(10)
INFO: [HLS 200-1465] Applying ini 'flow_target=vivado' from C:/Users/Burak/Desktop/TAU/HLS/PositFFT/PositFFT/hls_config.cfg(4)
INFO: [HLS 200-1505] Using flow_target 'vivado'
Resolution: For help on HLS 200-1505 see docs.xilinx.com/access/sources/dita/topic?Doc_Version=2024.2%20English&url=ug1448-hls-guidance&resourceid=200-1505.html
INFO: [HLS 200-1465] Applying ini 'part=xazu3teg-sfvc784-1Q-q' from C:/Users/Burak/Desktop/TAU/HLS/PositFFT/PositFFT/hls_config.cfg(1)
INFO: [HLS 200-1611] Setting target device to 'xazu3teg-sfvc784-1Q-q'
INFO: [HLS 200-1465] Applying ini 'csim.code_analyzer=0' from C:/Users/Burak/Desktop/TAU/HLS/PositFFT/PositFFT/hls_config.cfg(9)
INFO: [HLS 200-1465] Applying ini 'package.output.format=ip_catalog' from C:/Users/Burak/Desktop/TAU/HLS/PositFFT/PositFFT/hls_config.cfg(5)
INFO: [SIM 211-2] *************** CSIM start ***************
INFO: [SIM 211-4] CSIM will launch CLANG as the compiler.
INFO: [HLS 200-2036] Building debug C Simulation binaries
   Compiling ../../../../posit_lib.cpp in debug mode
   Generating csim.exe
In file included from ../../../../posit_lib.cpp:1:
In file included from ../../../../posit.hpp:1:
In file included from C:/Xilinx/Vitis/2024.2/include/ap_int.h:10:
In file included from C:/Xilinx/Vitis/2024.2/include/etc/ap_common.h:658:
In file included from C:/Xilinx/Vitis/2024.2/include/etc/ap_private.h:68:
In file included from C:/Xilinx/Vitis/2024.2/include/hls_half.h:26:
In file included from C:/Xilinx/Vitis/2024.2/include/etc/hls_half_fpo.h:19:
In file included from C:/Xilinx/Vitis/2024.2/include/hls_fpo.h:140:
In file included from C:/Xilinx/Vitis/2024.2/include/floating_point_v7_1_bitacc_cmodel.h:150:
C:/Xilinx/Vitis/2024.2/include/gmp.h:58:9: warning: '__GMP_LIBGMP_DLL' macro redefined [-Wmacro-redefined]
#define __GMP_LIBGMP_DLL  0
        ^
C:/Xilinx/Vitis/2024.2/include/floating_point_v7_1_bitacc_cmodel.h:142:9: note: previous definition is here
#define __GMP_LIBGMP_DLL 1
        ^
../../../../posit_lib.cpp:933:33: warning: shifting a negative signed value is undefined [-Wshift-negative-value]
        sf_t sf_x,sf_y,sf_r,max =((2-N)<<ES);
                                  ~~~~~^
2 warnings generated.
6.28
Before Load
After Load
Calculating results...
sampleCount: 10
0
dAngle: -0
dAngle: -0
dAngle: -0
dAngle: -0
dAngle: -0
dAngle: -0
dAngle: -0
dAngle: -0
dAngle: -0
dAngle: -0
dAngle: -0
dAngle: -0.628
dAngle: -1.256
dAngle: -1.884
dAngle: -2.512
dAngle: -3.14
dAngle: -3.768
dAngle: -4.396
dAngle: -5.024
dAngle: -5.652
dAngle: -0
dAngle: -1.256
dAngle: -2.512
dAngle: -3.768
dAngle: -5.024
dAngle: -6.28
dAngle: -7.536
dAngle: -8.792
dAngle: -10.048
dAngle: -11.304
dAngle: -0
dAngle: -1.884
dAngle: -3.768
dAngle: -5.652
dAngle: -7.536
dAngle: -9.42
dAngle: -11.304
dAngle: -13.188
dAngle: -15.072
dAngle: -16.956
dAngle: -0
dAngle: -2.512
dAngle: -5.024
dAngle: -7.536
dAngle: -10.048
dAngle: -12.56
dAngle: -15.072
dAngle: -17.584
dAngle: -20.096
dAngle: -22.608
dAngle: -0
dAngle: -3.14
dAngle: -6.28
dAngle: -9.42
dAngle: -12.56
dAngle: -15.7
dAngle: -18.84
dAngle: -21.98
dAngle: -25.12
dAngle: -28.26
dAngle: -0
dAngle: -3.768
dAngle: -7.536
dAngle: -11.304
dAngle: -15.072
dAngle: -18.84
dAngle: -22.608
dAngle: -26.376
dAngle: -30.144
dAngle: -33.912
dAngle: -0
dAngle: -4.396
dAngle: -8.792
dAngle: -13.188
dAngle: -17.584
dAngle: -21.98
dAngle: -26.376
dAngle: -30.772
dAngle: -35.168
dAngle: -39.564
dAngle: -0
dAngle: -5.024
dAngle: -10.048
dAngle: -15.072
dAngle: -20.096
dAngle: -25.12
dAngle: -30.144
dAngle: -35.168
dAngle: -40.192
dAngle: -45.216
dAngle: -0
dAngle: -5.652
dAngle: -11.304
dAngle: -16.956
dAngle: -22.608
dAngle: -28.26
dAngle: -33.912
dAngle: -39.564
dAngle: -45.216
dAngle: -50.868
Calculating posit results...
sampleCount: 10
0
pAngle: 0
pAngle: 0
pAngle: 0
pAngle: 0
pAngle: 0
pAngle: 0
pAngle: 0
pAngle: 0
pAngle: 0
pAngle: 0
pAngle: 0
pAngle: -0.628
pAngle: -1.256
pAngle: -1.884
pAngle: -2.512
pAngle: -3.14
pAngle: -3.768
pAngle: -4.396
pAngle: -5.024
pAngle: -5.652
pAngle: 0
pAngle: -1.256
pAngle: -2.512
pAngle: -3.768
pAngle: -5.024
pAngle: -6.28
pAngle: -7.536
pAngle: -8.792
pAngle: -10.048
pAngle: -11.304
pAngle: 0
pAngle: -1.884
pAngle: -3.768
pAngle: -5.652
pAngle: -7.536
pAngle: -9.42
pAngle: -11.304
pAngle: -13.188
pAngle: -15.072
pAngle: -16.956
pAngle: 0
pAngle: -2.512
pAngle: -5.024
pAngle: -7.536
pAngle: -10.048
pAngle: -12.56
pAngle: -15.072
pAngle: -17.584
pAngle: -20.096
pAngle: -22.608
pAngle: 0
pAngle: -3.14
pAngle: -6.28
pAngle: -9.42
pAngle: -12.56
pAngle: -15.7
pAngle: -18.84
pAngle: -21.98
pAngle: -25.12
pAngle: -28.26
pAngle: 0
pAngle: -3.768
pAngle: -7.536
pAngle: -11.304
pAngle: -15.072
pAngle: -18.84
pAngle: -22.608
pAngle: -26.376
pAngle: -30.144
pAngle: -33.912
pAngle: 0
pAngle: -4.396
pAngle: -8.792
pAngle: -13.188
pAngle: -17.584
pAngle: -21.98
pAngle: -26.376
pAngle: -30.772
pAngle: -35.168
pAngle: -39.564
pAngle: 0
pAngle: -5.024
pAngle: -10.048
pAngle: -15.072
pAngle: -20.096
pAngle: -25.12
pAngle: -30.144
pAngle: -35.168
pAngle: -40.192
pAngle: -45.216
pAngle: 0
pAngle: -5.652
pAngle: -11.304
pAngle: -16.956
pAngle: -22.608
pAngle: -28.26
pAngle: -33.912
pAngle: -39.564
pAngle: -45.216
pAngle: -50.868
Writing results in files...
Saved 2000 values to c:/Users/Burak/Desktop/TAU/HLS/PositFFT/PositFFT/posit_fft_real.txt
Saved 2000 values to c:/Users/Burak/Desktop/TAU/HLS/PositFFT/PositFFT/posit_fft_imag.txt
Saved 2000 values to c:/Users/Burak/Desktop/TAU/HLS/PositFFT/PositFFT/fft_real.txt
Saved 2000 values to c:/Users/Burak/Desktop/TAU/HLS/PositFFT/PositFFT/fft_imag.txt
INFO: [SIM 211-1] CSim done with 0 errors.
INFO: [SIM 211-3] *************** CSIM finish ***************
INFO: [HLS 200-112] Total CPU user time: 1 seconds. Total CPU system time: 0 seconds. Total elapsed time: 14.39 seconds; peak allocated memory: 162.793 MB.
INFO: [vitis-run 60-791] Total elapsed time: 0h 0m 19s
