  **** HLS Build v2024.2 5238294
INFO: [HLS 200-2005] Using work_dir C:/Users/Burak/Desktop/TAU/HLS/PositFFT/PositFFT/PositFFT 
INFO: [HLS 200-1505] Using default flow_target 'vivado'
Resolution: For help on HLS 200-1505 see docs.xilinx.com/access/sources/dita/topic?Doc_Version=2024.2%20English&url=ug1448-hls-guidance&resourceid=200-1505.html
INFO: [HLS 200-1465] Applying ini 'syn.file=C:\Users\Burak\Desktop\TAU\HLS\PositFFT\PositFFT\posit.hpp' from C:/Users/Burak/Desktop/TAU/HLS/PositFFT/PositFFT/hls_config.cfg(7)
INFO: [HLS 200-10] Adding design file 'C:/Users/Burak/Desktop/TAU/HLS/PositFFT/PositFFT/posit.hpp' to the project
INFO: [HLS 200-1465] Applying ini 'syn.file=C:\Users\Burak\Desktop\TAU\HLS\PositFFT\PositFFT\posit_lib.cpp' from C:/Users/Burak/Desktop/TAU/HLS/PositFFT/PositFFT/hls_config.cfg(8)
INFO: [HLS 200-10] Adding design file 'C:/Users/Burak/Desktop/TAU/HLS/PositFFT/PositFFT/posit_lib.cpp' to the project
INFO: [HLS 200-1465] Applying ini 'tb.file=C:\Users\Burak\Desktop\TAU\HLS\PositFFT\PositFFT\posit_mul_test.cpp' from C:/Users/Burak/Desktop/TAU/HLS/PositFFT/PositFFT/hls_config.cfg(11)
INFO: [HLS 200-10] Adding test bench file 'C:/Users/Burak/Desktop/TAU/HLS/PositFFT/PositFFT/posit_mul_test.cpp' to the project
INFO: [HLS 200-1465] Applying ini 'syn.top=doubleSub' from C:/Users/Burak/Desktop/TAU/HLS/PositFFT/PositFFT/hls_config.cfg(10)
INFO: [HLS 200-1465] Applying ini 'flow_target=vivado' from C:/Users/Burak/Desktop/TAU/HLS/PositFFT/PositFFT/hls_config.cfg(4)
INFO: [HLS 200-1505] Using flow_target 'vivado'
Resolution: For help on HLS 200-1505 see docs.xilinx.com/access/sources/dita/topic?Doc_Version=2024.2%20English&url=ug1448-hls-guidance&resourceid=200-1505.html
INFO: [HLS 200-1465] Applying ini 'part=xazu3teg-sfvc784-1Q-q' from C:/Users/Burak/Desktop/TAU/HLS/PositFFT/PositFFT/hls_config.cfg(1)
INFO: [HLS 200-1611] Setting target device to 'xazu3teg-sfvc784-1Q-q'
INFO: [HLS 200-1465] Applying ini 'csim.code_analyzer=0' from C:/Users/Burak/Desktop/TAU/HLS/PositFFT/PositFFT/hls_config.cfg(9)
INFO: [HLS 200-1465] Applying ini 'package.output.format=ip_catalog' from C:/Users/Burak/Desktop/TAU/HLS/PositFFT/PositFFT/hls_config.cfg(5)
INFO: [SIM 211-2] *************** CSIM start ***************
INFO: [SIM 211-4] CSIM will launch CLANG as the compiler.
INFO: [HLS 200-2036] Building debug C Simulation binaries
make: 'csim.exe' is up to date.
SNR IN1 (Posit Reconstruction): 84.2573 dB
SNR IN1 (Float Conversion): 152.897 dB
SNR IN2 (Posit Reconstruction): 84.1828 dB
SNR IN2 (Float Conversion): 152.944 dB
Sum written to addDouble.txt
Sum written to addFloat.txt
SNR IN1+IN2 (Posit Reconstruction): 82.3687 dB
SNR IN1+IN2 (Float Conversion): 148.973 dB
Sum written to subDouble.txt
Sum written to subFloat.txt
SNR IN1-IN2 (Posit Reconstruction): 82.3994 dB
SNR IN1-IN2 (Float Conversion): 148.932 dB
Sum written to mulDouble.txt
Sum written to mulFloat.txt
SNR IN1*IN2 (Posit Reconstruction): 76.4491 dB
SNR IN1*IN2 (Float Conversion): 147.733 dB
Sum written to sqrDouble.txt
Sum written to sqrFloat.txt
SNR IN1*IN1 (Posit Reconstruction): 77.8345 dB
SNR IN1*IN1 (Float Conversion): 146.385 dB
Sum written to p4Double.txt
Sum written to p4Float.txt
SNR IN1**4 (Posit Reconstruction): 71.4388 dB
SNR IN1**4 (Float Conversion): 140.827 dB
Sum written to divDouble.txt
Sum written to divFloat.txt
SNR IN1/IN2 (Posit Reconstruction): 4.48219 dB
SNR IN1/IN2 (Float Conversion): 145.158 dB
INFO: [SIM 211-1] CSim done with 0 errors.
INFO: [SIM 211-3] *************** CSIM finish ***************
INFO: [HLS 200-112] Total CPU user time: 1 seconds. Total CPU system time: 1 seconds. Total elapsed time: 6.211 seconds; peak allocated memory: 163.031 MB.
INFO: [vitis-run 60-791] Total elapsed time: 0h 0m 12s
