  **** HLS Build v2024.2 5238294
INFO: [HLS 200-2005] Using work_dir C:/Users/Burak/Desktop/TAU/HLS/PositFFT/PositFFT/PositFFT 
INFO: [HLS 200-1505] Using default flow_target 'vivado'
Resolution: For help on HLS 200-1505 see docs.xilinx.com/access/sources/dita/topic?Doc_Version=2024.2%20English&url=ug1448-hls-guidance&resourceid=200-1505.html
INFO: [HLS 200-1465] Applying ini 'syn.file=C:\Users\Burak\Desktop\TAU\HLS\PositFFT\PositFFT\posit.hpp' from C:/Users/Burak/Desktop/TAU/HLS/PositFFT/PositFFT/hls_config.cfg(7)
INFO: [HLS 200-10] Adding design file 'C:/Users/Burak/Desktop/TAU/HLS/PositFFT/PositFFT/posit.hpp' to the project
INFO: [HLS 200-1465] Applying ini 'syn.file=C:\Users\Burak\Desktop\TAU\HLS\PositFFT\PositFFT\posit_lib.cpp' from C:/Users/Burak/Desktop/TAU/HLS/PositFFT/PositFFT/hls_config.cfg(8)
INFO: [HLS 200-10] Adding design file 'C:/Users/Burak/Desktop/TAU/HLS/PositFFT/PositFFT/posit_lib.cpp' to the project
INFO: [HLS 200-1465] Applying ini 'tb.file=posit_fft_test.cpp' from C:/Users/Burak/Desktop/TAU/HLS/PositFFT/PositFFT/hls_config.cfg(11)
INFO: [HLS 200-10] Adding test bench file 'C:/Users/Burak/Desktop/TAU/HLS/PositFFT/PositFFT/posit_fft_test.cpp' to the project
INFO: [HLS 200-1465] Applying ini 'syn.top=dFFT' from C:/Users/Burak/Desktop/TAU/HLS/PositFFT/PositFFT/hls_config.cfg(10)
INFO: [HLS 200-1465] Applying ini 'flow_target=vivado' from C:/Users/Burak/Desktop/TAU/HLS/PositFFT/PositFFT/hls_config.cfg(4)
INFO: [HLS 200-1505] Using flow_target 'vivado'
Resolution: For help on HLS 200-1505 see docs.xilinx.com/access/sources/dita/topic?Doc_Version=2024.2%20English&url=ug1448-hls-guidance&resourceid=200-1505.html
INFO: [HLS 200-1465] Applying ini 'part=xazu3teg-sfvc784-1Q-q' from C:/Users/Burak/Desktop/TAU/HLS/PositFFT/PositFFT/hls_config.cfg(1)
INFO: [HLS 200-1611] Setting target device to 'xazu3teg-sfvc784-1Q-q'
INFO: [HLS 200-1465] Applying ini 'csim.code_analyzer=0' from C:/Users/Burak/Desktop/TAU/HLS/PositFFT/PositFFT/hls_config.cfg(9)
INFO: [HLS 200-1465] Applying ini 'package.output.format=ip_catalog' from C:/Users/Burak/Desktop/TAU/HLS/PositFFT/PositFFT/hls_config.cfg(5)
INFO: [SIM 211-2] *************** CSIM start ***************
INFO: [SIM 211-4] CSIM will launch CLANG as the compiler.
INFO: [HLS 200-2036] Building debug C Simulation binaries
   Compiling ../../../../posit_fft_test.cpp in debug mode
csim.mk:88: recipe for target 'obj/posit_fft_test.o' failed
In file included from ../../../../posit_fft_test.cpp:1:
In file included from ../../../../posit.hpp:1:
In file included from C:/Xilinx/Vitis/2024.2/include/ap_int.h:10:
In file included from C:/Xilinx/Vitis/2024.2/include/etc/ap_common.h:658:
In file included from C:/Xilinx/Vitis/2024.2/include/etc/ap_private.h:68:
In file included from C:/Xilinx/Vitis/2024.2/include/hls_half.h:26:
In file included from C:/Xilinx/Vitis/2024.2/include/etc/hls_half_fpo.h:19:
In file included from C:/Xilinx/Vitis/2024.2/include/hls_fpo.h:140:
In file included from C:/Xilinx/Vitis/2024.2/include/floating_point_v7_1_bitacc_cmodel.h:150:
C:/Xilinx/Vitis/2024.2/include/gmp.h:58:9: warning: '__GMP_LIBGMP_DLL' macro redefined [-Wmacro-redefined]
#define __GMP_LIBGMP_DLL  0
        ^
C:/Xilinx/Vitis/2024.2/include/floating_point_v7_1_bitacc_cmodel.h:142:9: note: previous definition is here
#define __GMP_LIBGMP_DLL 1
        ^
../../../../posit_fft_test.cpp:140:24: error: type 'hls::stream<float>' does not provide a subscript operator
        ffftResult.real[i] = static_cast<float>(dfftResult.real[i]);
        ~~~~~~~~~~~~~~~^~
../../../../posit_fft_test.cpp:140:64: error: type 'const hls::stream<double>' does not provide a subscript operator
        ffftResult.real[i] = static_cast<float>(dfftResult.real[i]);
                                                ~~~~~~~~~~~~~~~^~
../../../../posit_fft_test.cpp:145:24: error: type 'hls::stream<float>' does not provide a subscript operator
        ffftResult.imag[i] = static_cast<float>(dfftResult.imag[i]);
        ~~~~~~~~~~~~~~~^~
../../../../posit_fft_test.cpp:145:64: error: type 'const hls::stream<double>' does not provide a subscript operator
        ffftResult.imag[i] = static_cast<float>(dfftResult.imag[i]);
                                                ~~~~~~~~~~~~~~~^~
../../../../posit_fft_test.cpp:148:12: error: call to implicitly-deleted copy constructor of 'fFFTResult'
    return ffftResult;
           ^~~~~~~~~~
../../../../posit.hpp:104:24: note: copy constructor of 'fFFTResult' is implicitly deleted because field 'real' has an inaccessible copy constructor
    hls::stream<float> real;  // Stream for real values
                       ^
../../../../posit_fft_test.cpp:155:23: error: no matching function for call to 'convertDoubleArrayToPosit'
    pfftResult.real = convertDoubleArrayToPosit(dfftResult.real);
                      ^~~~~~~~~~~~~~~~~~~~~~~~~
../../../../posit_fft_test.cpp:76:19: note: candidate function not viable: no known conversion from 'const hls::stream<double>' to 'const std::vector<double>' for 1st argument
std::vector<ps_t> convertDoubleArrayToPosit(const std::vector<double>& doubleArray) {
                  ^
../../../../posit_fft_test.cpp:155:21: error: no viable overloaded '='
    pfftResult.real = convertDoubleArrayToPosit(dfftResult.real);
    ~~~~~~~~~~~~~~~ ^ ~~~~~~~~~~~~~~~~~~~~~~~~~~~~~~~~~~~~~~~~~~
C:/Xilinx/Vitis/2024.2/include/hls_stream.h:402:13: note: candidate function not viable: no known conversion from 'std::vector<ps_t>' (aka 'vector<POSIT>') to 'const stream<POSIT>' for 1st argument
    stream& operator = (const stream< __STREAM_T__ >& chn) {
            ^
../../../../posit_fft_test.cpp:158:23: error: no matching function for call to 'convertDoubleArrayToPosit'
    pfftResult.imag = convertDoubleArrayToPosit(dfftResult.imag);
                      ^~~~~~~~~~~~~~~~~~~~~~~~~
../../../../posit_fft_test.cpp:76:19: note: candidate function not viable: no known conversion from 'const hls::stream<double>' to 'const std::vector<double>' for 1st argument
std::vector<ps_t> convertDoubleArrayToPosit(const std::vector<double>& doubleArray) {
                  ^
../../../../posit_fft_test.cpp:158:21: error: no viable overloaded '='
    pfftResult.imag = convertDoubleArrayToPosit(dfftResult.imag);
    ~~~~~~~~~~~~~~~ ^ ~~~~~~~~~~~~~~~~~~~~~~~~~~~~~~~~~~~~~~~~~~
C:/Xilinx/Vitis/2024.2/include/hls_stream.h:402:13: note: candidate function not viable: no known conversion from 'std::vector<ps_t>' (aka 'vector<POSIT>') to 'const stream<POSIT>' for 1st argument
    stream& operator = (const stream< __STREAM_T__ >& chn) {
            ^
../../../../posit_fft_test.cpp:160:12: error: call to implicitly-deleted copy constructor of 'pFFTResult'
    return pfftResult;
           ^~~~~~~~~~
../../../../posit.hpp:82:23: note: copy constructor of 'pFFTResult' is implicitly deleted because field 'real' has an inaccessible copy constructor
    hls::stream<ps_t> real;  // Stream for real values
                      ^
../../../../posit_fft_test.cpp:196:30: error: no matching function for call to 'dFFT'
    dFFTResult d_fftResult = dFFT(signal);
                             ^~~~
../../../../posit.hpp:117:6: note: candidate function not viable: requires 2 arguments, but 1 was provided
void dFFT(const hls::stream<double>& signal, dFFTResult& result) ;
     ^
../../../../posit_fft_test.cpp:196:16: error: no viable conversion from 'void' to 'dFFTResult'
    dFFTResult d_fftResult = dFFT(signal);
               ^             ~~~~~~~~~~~~
../../../../posit.hpp:92:8: note: candidate constructor (the implicit copy constructor) not viable: cannot convert argument of incomplete type 'void' to 'const dFFTResult &' for 1st argument
struct dFFTResult {
       ^
../../../../posit.hpp:97:5: note: candidate constructor not viable: cannot convert argument of incomplete type 'void' to 'size_t' (aka 'unsigned long long') for 1st argument
    dFFTResult(size_t size = IN_SIZE) {
    ^
../../../../posit_fft_test.cpp:199:30: error: no matching function for call to 'fFFT'
    fFFTResult f_fftResult = fFFT(f_signal); 
                             ^~~~
../../../../posit.hpp:116:6: note: candidate function not viable: requires 2 arguments, but 1 was provided
void fFFT(const hls::stream<float>& signal, fFFTResult& result);
     ^
../../../../posit_fft_test.cpp:199:16: error: no viable conversion from 'void' to 'fFFTResult'
    fFFTResult f_fftResult = fFFT(f_signal); 
               ^             ~~~~~~~~~~~~~~
../../../../posit.hpp:103:8: note: candidate constructor (the implicit copy constructor) not viable: cannot convert argument of incomplete type 'void' to 'const fFFTResult &' for 1st argument
struct fFFTResult {
       ^
../../../../posit.hpp:108:5: note: candidate constructor not viable: cannot convert argument of incomplete type 'void' to 'size_t' (aka 'unsigned long long') for 1st argument
    fFFTResult(size_t size = IN_SIZE) {
    ^
../../../../posit_fft_test.cpp:201:29: error: no matching function for call to 'pFFT'
    pFFTResult pfftResult = pFFT(convertDoubleArrayToPosit(signal));
                            ^~~~
../../../../posit.hpp:118:6: note: candidate function not viable: requires 2 arguments, but 1 was provided
void pFFT(const hls::stream<ps_t>& signal, pFFTResult& result);
     ^
../../../../posit_fft_test.cpp:201:16: error: no viable conversion from 'void' to 'pFFTResult'
    pFFTResult pfftResult = pFFT(convertDoubleArrayToPosit(signal));
               ^            ~~~~~~~~~~~~~~~~~~~~~~~~~~~~~~~~~~~~~~~
../../../../posit.hpp:81:8: note: candidate constructor (the implicit copy constructor) not viable: cannot convert argument of incomplete type 'void' to 'const pFFTResult &' for 1st argument
struct pFFTResult {
       ^
../../../../posit.hpp:86:5: note: candidate constructor not viable: cannot convert argument of incomplete type 'void' to 'size_t' (aka 'unsigned long long') for 1st argument
    pFFTResult(size_t size = IN_SIZE) {
    ^
../../../../posit_fft_test.cpp:202:35: error: no matching function for call to 'convertPositArrayToDouble'
    std::vector<double> RC_real = convertPositArrayToDouble(pfftResult.real);
                                  ^~~~~~~~~~~~~~~~~~~~~~~~~
../../../../posit_fft_test.cpp:63:21: note: candidate function not viable: no known conversion from 'hls::stream<ps_t>' (aka 'stream<POSIT>') to 'const std::vector<ps_t>' (aka 'const vector<POSIT>') for 1st argument
std::vector<double> convertPositArrayToDouble(const std::vector<ps_t>& positArray) {
                    ^
../../../../posit_fft_test.cpp:203:35: error: no matching function for call to 'convertPositArrayToDouble'
    std::vector<double> RC_imag = convertPositArrayToDouble(pfftResult.imag);
                                  ^~~~~~~~~~~~~~~~~~~~~~~~~
../../../../posit_fft_test.cpp:63:21: note: candidate function not viable: no known conversion from 'hls::stream<ps_t>' (aka 'stream<POSIT>') to 'const std::vector<ps_t>' (aka 'const vector<POSIT>') for 1st argument
std::vector<double> convertPositArrayToDouble(const std::vector<ps_t>& positArray) {
                    ^
../../../../posit_fft_test.cpp:210:5: error: no matching function for call to 'writeToFile'
    writeToFile(dOutputFileReal, d_fftResult.real);
    ^~~~~~~~~~~
../../../../posit_fft_test.cpp:48:6: note: candidate function not viable: no known conversion from 'hls::stream<double>' to 'const std::vector<double>' for 2nd argument
void writeToFile(const std::string& filename, const std::vector<double>& data) {
     ^
fatal error: too many errors emitted, stopping now [-ferror-limit=]
1 warning and 20 errors generated.
make: *** [obj/posit_fft_test.o] Error 1
ERROR: [SIM 211-100] 'csim_design' failed: compilation error(s).
INFO: [SIM 211-3] *************** CSIM finish ***************
ERROR: 4
INFO: [HLS 200-112] Total CPU user time: 0 seconds. Total CPU system time: 0 seconds. Total elapsed time: 15.913 seconds; peak allocated memory: 162.520 MB.
