  **** HLS Build v2024.2 5238294
INFO: [HLS 200-2005] Using work_dir C:/Users/Burak/Desktop/TAU/HLS/PositFFT/PositFFT/PositFFT 
INFO: [HLS 200-1505] Using default flow_target 'vivado'
Resolution: For help on HLS 200-1505 see docs.xilinx.com/access/sources/dita/topic?Doc_Version=2024.2%20English&url=ug1448-hls-guidance&resourceid=200-1505.html
INFO: [HLS 200-1465] Applying ini 'syn.file=C:\Users\Burak\Desktop\TAU\HLS\PositFFT\PositFFT\posit.hpp' from C:/Users/Burak/Desktop/TAU/HLS/PositFFT/PositFFT/hls_config.cfg(7)
INFO: [HLS 200-10] Adding design file 'C:/Users/Burak/Desktop/TAU/HLS/PositFFT/PositFFT/posit.hpp' to the project
INFO: [HLS 200-1465] Applying ini 'syn.file=C:\Users\Burak\Desktop\TAU\HLS\PositFFT\PositFFT\posit_lib.cpp' from C:/Users/Burak/Desktop/TAU/HLS/PositFFT/PositFFT/hls_config.cfg(8)
INFO: [HLS 200-10] Adding design file 'C:/Users/Burak/Desktop/TAU/HLS/PositFFT/PositFFT/posit_lib.cpp' to the project
INFO: [HLS 200-1465] Applying ini 'tb.file=posit_fft_test.cpp' from C:/Users/Burak/Desktop/TAU/HLS/PositFFT/PositFFT/hls_config.cfg(12)
INFO: [HLS 200-10] Adding test bench file 'C:/Users/Burak/Desktop/TAU/HLS/PositFFT/PositFFT/posit_fft_test.cpp' to the project
INFO: [HLS 200-1465] Applying ini 'syn.top=dIFFT' from C:/Users/Burak/Desktop/TAU/HLS/PositFFT/PositFFT/hls_config.cfg(10)
INFO: [HLS 200-1465] Applying ini 'flow_target=vivado' from C:/Users/Burak/Desktop/TAU/HLS/PositFFT/PositFFT/hls_config.cfg(4)
INFO: [HLS 200-1505] Using flow_target 'vivado'
Resolution: For help on HLS 200-1505 see docs.xilinx.com/access/sources/dita/topic?Doc_Version=2024.2%20English&url=ug1448-hls-guidance&resourceid=200-1505.html
INFO: [HLS 200-1465] Applying ini 'part=xazu7ev-fbvb900-1-i' from C:/Users/Burak/Desktop/TAU/HLS/PositFFT/PositFFT/hls_config.cfg(1)
INFO: [HLS 200-1611] Setting target device to 'xazu7ev-fbvb900-1-i'
INFO: [HLS 200-1465] Applying ini 'clock=10ns' from C:/Users/Burak/Desktop/TAU/HLS/PositFFT/PositFFT/hls_config.cfg(11)
INFO: [SYN 201-201] Setting up clock 'default' with a period of 10ns.
INFO: [HLS 200-1465] Applying ini 'csim.code_analyzer=0' from C:/Users/Burak/Desktop/TAU/HLS/PositFFT/PositFFT/hls_config.cfg(9)
INFO: [HLS 200-1465] Applying ini 'package.output.format=ip_catalog' from C:/Users/Burak/Desktop/TAU/HLS/PositFFT/PositFFT/hls_config.cfg(5)
INFO: [SIM 211-2] *************** CSIM start ***************
INFO: [SIM 211-4] CSIM will launch CLANG as the compiler.
INFO: [HLS 200-2036] Building debug C Simulation binaries
   Compiling ../../../../posit_fft_test.cpp in debug mode
   Compiling ../../../../posit_lib.cpp in debug mode
   Generating csim.exe
In file included from ../../../../posit_fft_test.cpp:1:
In file included from ../../../../posit.hpp:1:
In file included from C:/Xilinx/Vitis/2024.2/include/ap_int.h:10:
In file included from C:/Xilinx/Vitis/2024.2/include/etc/ap_common.h:658:
In file included from C:/Xilinx/Vitis/2024.2/include/etc/ap_private.h:68:
In file included from C:/Xilinx/Vitis/2024.2/include/hls_half.h:26:
In file included from C:/Xilinx/Vitis/2024.2/include/etc/hls_half_fpo.h:19:
In file included from C:/Xilinx/Vitis/2024.2/include/hls_fpo.h:140:
In file included from C:/Xilinx/Vitis/2024.2/include/floating_point_v7_1_bitacc_cmodel.h:150:
C:/Xilinx/Vitis/2024.2/include/gmp.h:58:9: warning: '__GMP_LIBGMP_DLL' macro redefined [-Wmacro-redefined]
#define __GMP_LIBGMP_DLL  0
        ^
C:/Xilinx/Vitis/2024.2/include/floating_point_v7_1_bitacc_cmodel.h:142:9: note: previous definition is here
#define __GMP_LIBGMP_DLL 1
        ^
1 warning generated.
In file included from ../../../../posit_lib.cpp:1:
In file included from ../../../../posit.hpp:1:
In file included from C:/Xilinx/Vitis/2024.2/include/ap_int.h:10:
In file included from C:/Xilinx/Vitis/2024.2/include/etc/ap_common.h:658:
In file included from C:/Xilinx/Vitis/2024.2/include/etc/ap_private.h:68:
In file included from C:/Xilinx/Vitis/2024.2/include/hls_half.h:26:
In file included from C:/Xilinx/Vitis/2024.2/include/etc/hls_half_fpo.h:19:
In file included from C:/Xilinx/Vitis/2024.2/include/hls_fpo.h:140:
In file included from C:/Xilinx/Vitis/2024.2/include/floating_point_v7_1_bitacc_cmodel.h:150:
C:/Xilinx/Vitis/2024.2/include/gmp.h:58:9: warning: '__GMP_LIBGMP_DLL' macro redefined [-Wmacro-redefined]
#define __GMP_LIBGMP_DLL  0
        ^
C:/Xilinx/Vitis/2024.2/include/floating_point_v7_1_bitacc_cmodel.h:142:9: note: previous definition is here
#define __GMP_LIBGMP_DLL 1
        ^
../../../../posit_lib.cpp:751:33: warning: shifting a negative signed value is undefined [-Wshift-negative-value]
        sf_t sf_x,sf_y,sf_r,max =((2-N)<<ES);
                                  ~~~~~^
2 warnings generated.
ONE: 1
POSIT_PI_OVER2: 1.57
PI: 3.14
2PI: 6.28
POSIT_M_PI_OVER2: -1.57
POSIT_M_PI: -3.14
POSIT_M_2PI: -6.28
Before Load
Loaded 256 values into arrays
Error: Could not open file c:/Users/Burak/Desktop/TAU/HLS/PositFFT/PositFFT/TERMS_4_N_24_ES_1_SIZE_256_APP/in_double.txt for writing!
Error: Could not open file c:/Users/Burak/Desktop/TAU/HLS/PositFFT/PositFFT/TERMS_4_N_24_ES_1_SIZE_256_APP/in_float.txt for writing!
Error: Could not open file c:/Users/Burak/Desktop/TAU/HLS/PositFFT/PositFFT/TERMS_4_N_24_ES_1_SIZE_256_APP/in_posit.txt for writing!
----------------SNR RESULTS INPUT-------------------------
SNR (Posit Reconstruction): 120.676 dB
SNR (Float Conversion): 152.384 dB
After Load
Loaded 256 values into arrays
Error: Could not open file c:/Users/Burak/Desktop/TAU/HLS/PositFFT/PositFFT/TERMS_4_N_24_ES_1_SIZE_256_APP/inSinCos_double.txt for writing!
Error: Could not open file c:/Users/Burak/Desktop/TAU/HLS/PositFFT/PositFFT/TERMS_4_N_24_ES_1_SIZE_256_APP/inSinCos_float.txt for writing!
Error: Could not open file c:/Users/Burak/Desktop/TAU/HLS/PositFFT/PositFFT/TERMS_4_N_24_ES_1_SIZE_256_APP/inSinCos_posit.txt for writing!
----------SIN--------------
Error: Could not open file c:/Users/Burak/Desktop/TAU/HLS/PositFFT/PositFFT/TERMS_4_N_24_ES_1_SIZE_256_APP/sin_double.txt for writing!
Error: Could not open file c:/Users/Burak/Desktop/TAU/HLS/PositFFT/PositFFT/TERMS_4_N_24_ES_1_SIZE_256_APP/sin_posit.txt for writing!
Error: Could not open file c:/Users/Burak/Desktop/TAU/HLS/PositFFT/PositFFT/TERMS_4_N_24_ES_1_SIZE_256_APP/sin_float.txt for writing!
----------------SNR RESULTS SIN-------------------------
SNR (Posit Reconstruction): 117.818 dB
SNR (Float Conversion): 139.818 dB
----------COS--------------
Error: Could not open file c:/Users/Burak/Desktop/TAU/HLS/PositFFT/PositFFT/TERMS_4_N_24_ES_1_SIZE_256_APP/cos_double.txt for writing!
Error: Could not open file c:/Users/Burak/Desktop/TAU/HLS/PositFFT/PositFFT/TERMS_4_N_24_ES_1_SIZE_256_APP/cos_posit.txt for writing!
Error: Could not open file c:/Users/Burak/Desktop/TAU/HLS/PositFFT/PositFFT/TERMS_4_N_24_ES_1_SIZE_256_APP/cos_float.txt for writing!
----------------SNR RESULTS COS-------------------------
SNR (Posit Reconstruction): 117.603 dB
SNR (Float Conversion): 138.577 dB
----------FFT--------------
Calculating double results...
Processing bin: 0
Processing bin: 200
Calculating float results...
0
200
Calculating posit results...
Writing results in files...
Error: Could not open file c:/Users/Burak/Desktop/TAU/HLS/PositFFT/PositFFT/TERMS_4_N_24_ES_1_SIZE_256_APP/signal.txt for writing!
Error: Could not open file c:/Users/Burak/Desktop/TAU/HLS/PositFFT/PositFFT/TERMS_4_N_24_ES_1_SIZE_256_APP/posit_fft_real.txt for writing!
Error: Could not open file c:/Users/Burak/Desktop/TAU/HLS/PositFFT/PositFFT/TERMS_4_N_24_ES_1_SIZE_256_APP/posit_fft_imag.txt for writing!
Error: Could not open file c:/Users/Burak/Desktop/TAU/HLS/PositFFT/PositFFT/TERMS_4_N_24_ES_1_SIZE_256_APP/double_fft_real.txt for writing!
Error: Could not open file c:/Users/Burak/Desktop/TAU/HLS/PositFFT/PositFFT/TERMS_4_N_24_ES_1_SIZE_256_APP/double_fft_imag.txt for writing!
Error: Could not open file c:/Users/Burak/Desktop/TAU/HLS/PositFFT/PositFFT/TERMS_4_N_24_ES_1_SIZE_256_APP/float_fft_real.txt for writing!
Error: Could not open file c:/Users/Burak/Desktop/TAU/HLS/PositFFT/PositFFT/TERMS_4_N_24_ES_1_SIZE_256_APP/float_fft_imag.txt for writing!
----------------SNR RESULTS FFT-------------------------
SNR (Posit Reconstruction): 30.0232 dB
SNR (Float Conversion): 32.6902 dB
Computing double IFFT...
Writing IFFT results to file...
Error: Could not open file c:/Users/Burak/Desktop/TAU/HLS/PositFFT/PositFFT/TERMS_4_N_24_ES_1_SIZE_256_APP/double_ifft_output.txt for writing!
Computing float IFFT...
Error: Could not open file c:/Users/Burak/Desktop/TAU/HLS/PositFFT/PositFFT/TERMS_4_N_24_ES_1_SIZE_256_APP/float_ifft_output.txt for writing!
Computing posit IFFT...
Error: Could not open file c:/Users/Burak/Desktop/TAU/HLS/PositFFT/PositFFT/TERMS_4_N_24_ES_1_SIZE_256_APP/posit_ifft_output.txt for writing!
----------------SNR RESULTS IFFT-------------------------
SNR (Posit Reconstruction): 35.3497 dB
SNR (Float Conversion): 41.5547 dB
----------------SNR RESULTS IFFT WRT ORIG-----------------
SNR (Posit Reconstruction): 17.5314 dB
SNR (Float Conversion): 17.6364 dB
SNR (Double Conversion): 17.6103 dB
Processing complete.
INFO: [SIM 211-1] CSim done with 0 errors.
INFO: [SIM 211-3] *************** CSIM finish ***************
INFO: [HLS 200-112] Total CPU user time: 1 seconds. Total CPU system time: 0 seconds. Total elapsed time: 39.35 seconds; peak allocated memory: 162.391 MB.
INFO: [vitis-run 60-791] Total elapsed time: 0h 0m 45s
