  **** HLS Build v2024.2 5238294
INFO: [HLS 200-2005] Using work_dir C:/Users/Burak/Desktop/TAU/HLS/PositFFT/PositFFT/PositFFT 
INFO: [HLS 200-1505] Using default flow_target 'vivado'
Resolution: For help on HLS 200-1505 see docs.xilinx.com/access/sources/dita/topic?Doc_Version=2024.2%20English&url=ug1448-hls-guidance&resourceid=200-1505.html
INFO: [HLS 200-1465] Applying ini 'syn.file=C:\Users\Burak\Desktop\TAU\HLS\PositFFT\PositFFT\posit.hpp' from C:/Users/Burak/Desktop/TAU/HLS/PositFFT/PositFFT/hls_config.cfg(7)
INFO: [HLS 200-10] Adding design file 'C:/Users/Burak/Desktop/TAU/HLS/PositFFT/PositFFT/posit.hpp' to the project
INFO: [HLS 200-1465] Applying ini 'syn.file=C:\Users\Burak\Desktop\TAU\HLS\PositFFT\PositFFT\posit_lib.cpp' from C:/Users/Burak/Desktop/TAU/HLS/PositFFT/PositFFT/hls_config.cfg(8)
INFO: [HLS 200-10] Adding design file 'C:/Users/Burak/Desktop/TAU/HLS/PositFFT/PositFFT/posit_lib.cpp' to the project
INFO: [HLS 200-1465] Applying ini 'tb.file=posit_fft_test.cpp' from C:/Users/Burak/Desktop/TAU/HLS/PositFFT/PositFFT/hls_config.cfg(12)
INFO: [HLS 200-10] Adding test bench file 'C:/Users/Burak/Desktop/TAU/HLS/PositFFT/PositFFT/posit_fft_test.cpp' to the project
INFO: [HLS 200-1465] Applying ini 'syn.top=pFFT' from C:/Users/Burak/Desktop/TAU/HLS/PositFFT/PositFFT/hls_config.cfg(10)
INFO: [HLS 200-1465] Applying ini 'flow_target=vivado' from C:/Users/Burak/Desktop/TAU/HLS/PositFFT/PositFFT/hls_config.cfg(4)
INFO: [HLS 200-1505] Using flow_target 'vivado'
Resolution: For help on HLS 200-1505 see docs.xilinx.com/access/sources/dita/topic?Doc_Version=2024.2%20English&url=ug1448-hls-guidance&resourceid=200-1505.html
INFO: [HLS 200-1465] Applying ini 'part=xazu7ev-fbvb900-1-i' from C:/Users/Burak/Desktop/TAU/HLS/PositFFT/PositFFT/hls_config.cfg(1)
INFO: [HLS 200-1611] Setting target device to 'xazu7ev-fbvb900-1-i'
INFO: [HLS 200-1465] Applying ini 'clock=10ns' from C:/Users/Burak/Desktop/TAU/HLS/PositFFT/PositFFT/hls_config.cfg(11)
INFO: [SYN 201-201] Setting up clock 'default' with a period of 10ns.
INFO: [HLS 200-1465] Applying ini 'csim.code_analyzer=0' from C:/Users/Burak/Desktop/TAU/HLS/PositFFT/PositFFT/hls_config.cfg(9)
INFO: [HLS 200-1465] Applying ini 'package.output.format=ip_catalog' from C:/Users/Burak/Desktop/TAU/HLS/PositFFT/PositFFT/hls_config.cfg(5)
INFO: [SIM 211-2] *************** CSIM start ***************
INFO: [SIM 211-4] CSIM will launch CLANG as the compiler.
INFO: [HLS 200-2036] Building debug C Simulation binaries
   Compiling ../../../../posit_fft_test.cpp in debug mode
   Compiling ../../../../posit_lib.cpp in debug mode
   Generating csim.exe
In file included from ../../../../posit_fft_test.cpp:1:
In file included from ../../../../posit.hpp:1:
In file included from C:/Xilinx/Vitis/2024.2/include/ap_int.h:10:
In file included from C:/Xilinx/Vitis/2024.2/include/etc/ap_common.h:658:
In file included from C:/Xilinx/Vitis/2024.2/include/etc/ap_private.h:68:
In file included from C:/Xilinx/Vitis/2024.2/include/hls_half.h:26:
In file included from C:/Xilinx/Vitis/2024.2/include/etc/hls_half_fpo.h:19:
In file included from C:/Xilinx/Vitis/2024.2/include/hls_fpo.h:140:
In file included from C:/Xilinx/Vitis/2024.2/include/floating_point_v7_1_bitacc_cmodel.h:150:
C:/Xilinx/Vitis/2024.2/include/gmp.h:58:9: warning: '__GMP_LIBGMP_DLL' macro redefined [-Wmacro-redefined]
#define __GMP_LIBGMP_DLL  0
        ^
C:/Xilinx/Vitis/2024.2/include/floating_point_v7_1_bitacc_cmodel.h:142:9: note: previous definition is here
#define __GMP_LIBGMP_DLL 1
        ^
1 warning generated.
In file included from ../../../../posit_lib.cpp:1:
In file included from ../../../../posit.hpp:1:
In file included from C:/Xilinx/Vitis/2024.2/include/ap_int.h:10:
In file included from C:/Xilinx/Vitis/2024.2/include/etc/ap_common.h:658:
In file included from C:/Xilinx/Vitis/2024.2/include/etc/ap_private.h:68:
In file included from C:/Xilinx/Vitis/2024.2/include/hls_half.h:26:
In file included from C:/Xilinx/Vitis/2024.2/include/etc/hls_half_fpo.h:19:
In file included from C:/Xilinx/Vitis/2024.2/include/hls_fpo.h:140:
In file included from C:/Xilinx/Vitis/2024.2/include/floating_point_v7_1_bitacc_cmodel.h:150:
C:/Xilinx/Vitis/2024.2/include/gmp.h:58:9: warning: '__GMP_LIBGMP_DLL' macro redefined [-Wmacro-redefined]
#define __GMP_LIBGMP_DLL  0
        ^
C:/Xilinx/Vitis/2024.2/include/floating_point_v7_1_bitacc_cmodel.h:142:9: note: previous definition is here
#define __GMP_LIBGMP_DLL 1
        ^
../../../../posit_lib.cpp:745:33: warning: shifting a negative signed value is undefined [-Wshift-negative-value]
        sf_t sf_x,sf_y,sf_r,max =((2-N)<<ES);
                                  ~~~~~^
2 warnings generated.
0
k: 1
0.0078125
k: 2
0.015625
k: 3
0.0234375
k: 4
0.03125
k: 5
0.0390625
k: 6
0.046875
k: 7
0.0546875
k: 8
0.0625
k: 9
0.0703125
k: 10
0.078125
k: 11
0.0859375
k: 12
0.09375
k: 13
0.101562
k: 14
0.109375
k: 15
0.117188
k: 16
0.125
k: 17
0.132812
k: 18
0.140625
k: 19
0.148438
k: 20
0.15625
k: 21
0.164062
k: 22
0.171875
k: 23
0.179688
k: 24
0.1875
k: 25
0.195312
k: 26
0.203125
k: 27
0.210938
k: 28
0.21875
k: 29
0.226562
k: 30
0.234375
k: 31
0.242188
k: 32
0.25
k: 33
0.257812
k: 34
0.265625
k: 35
0.273438
k: 36
0.28125
k: 37
0.289062
k: 38
0.296875
k: 39
0.304688
k: 40
0.3125
k: 41
0.320312
k: 42
0.328125
k: 43
0.335938
k: 44
0.34375
k: 45
0.351562
k: 46
0.359375
k: 47
0.367188
k: 48
0.375
k: 49
0.382812
k: 50
0.390625
k: 51
0.398438
k: 52
0.40625
k: 53
0.414062
k: 54
0.421875
k: 55
0.429688
k: 56
0.4375
k: 57
0.445312
k: 58
0.453125
k: 59
0.460938
k: 60
0.46875
k: 61
0.476562
k: 62
0.484375
k: 63
0.492188
k: 64
0.5
k: 65
0.507812
k: 66
0.515625
k: 67
0.523438
k: 68
0.53125
k: 69
0.539062
k: 70
0.546875
k: 71
0.554688
k: 72
0.5625
k: 73
0.570312
k: 74
0.578125
k: 75
0.585938
k: 76
0.59375
k: 77
0.601562
k: 78
0.609375
k: 79
0.617188
k: 80
0.625
k: 81
0.632812
k: 82
0.640625
k: 83
0.648438
k: 84
0.65625
k: 85
0.664062
k: 86
0.671875
k: 87
0.679688
k: 88
0.6875
k: 89
0.695312
k: 90
0.703125
k: 91
0.710938
k: 92
0.71875
k: 93
0.726562
k: 94
0.734375
k: 95
0.742188
k: 96
0.75
k: 97
0.757812
k: 98
0.765625
k: 99
0.773438
k: 100
0.78125
k: 101
0.789062
k: 102
0.796875
k: 103
0.804688
k: 104
0.8125
k: 105
0.820312
k: 106
0.828125
k: 107
0.835938
k: 108
0.84375
k: 109
0.851562
k: 110
0.859375
k: 111
0.867188
k: 112
0.875
k: 113
0.882812
k: 114
0.890625
k: 115
0.898438
k: 116
0.90625
k: 117
0.914062
k: 118
0.921875
k: 119
0.929688
k: 120
0.9375
k: 121
0.945312
k: 122
0.953125
k: 123
0.960938
k: 124
0.96875
k: 125
0.976562
k: 126
0.984375
k: 127
0.992188
INFO: [SIM 211-1] CSim done with 0 errors.
INFO: [SIM 211-3] *************** CSIM finish ***************
INFO: [HLS 200-112] Total CPU user time: 1 seconds. Total CPU system time: 1 seconds. Total elapsed time: 24.386 seconds; peak allocated memory: 162.969 MB.
INFO: [vitis-run 60-791] Total elapsed time: 0h 0m 30s
