  **** HLS Build v2024.2 5238294
INFO: [HLS 200-2005] Using work_dir C:/Users/Burak/Desktop/TAU/HLS/PositFFT/PositFFT/PositFFT 
INFO: [HLS 200-1505] Using default flow_target 'vivado'
Resolution: For help on HLS 200-1505 see docs.xilinx.com/access/sources/dita/topic?Doc_Version=2024.2%20English&url=ug1448-hls-guidance&resourceid=200-1505.html
INFO: [HLS 200-1465] Applying ini 'syn.file=C:\Users\Burak\Desktop\TAU\HLS\PositFFT\PositFFT\posit.hpp' from C:/Users/Burak/Desktop/TAU/HLS/PositFFT/PositFFT/hls_config.cfg(7)
INFO: [HLS 200-10] Adding design file 'C:/Users/Burak/Desktop/TAU/HLS/PositFFT/PositFFT/posit.hpp' to the project
INFO: [HLS 200-1465] Applying ini 'syn.file=C:\Users\Burak\Desktop\TAU\HLS\PositFFT\PositFFT\posit_lib.cpp' from C:/Users/Burak/Desktop/TAU/HLS/PositFFT/PositFFT/hls_config.cfg(8)
INFO: [HLS 200-10] Adding design file 'C:/Users/Burak/Desktop/TAU/HLS/PositFFT/PositFFT/posit_lib.cpp' to the project
INFO: [HLS 200-1465] Applying ini 'tb.file=posit_fft_test.cpp' from C:/Users/Burak/Desktop/TAU/HLS/PositFFT/PositFFT/hls_config.cfg(12)
INFO: [HLS 200-10] Adding test bench file 'C:/Users/Burak/Desktop/TAU/HLS/PositFFT/PositFFT/posit_fft_test.cpp' to the project
INFO: [HLS 200-1465] Applying ini 'syn.top=pFFT' from C:/Users/Burak/Desktop/TAU/HLS/PositFFT/PositFFT/hls_config.cfg(10)
INFO: [HLS 200-1465] Applying ini 'flow_target=vivado' from C:/Users/Burak/Desktop/TAU/HLS/PositFFT/PositFFT/hls_config.cfg(4)
INFO: [HLS 200-1505] Using flow_target 'vivado'
Resolution: For help on HLS 200-1505 see docs.xilinx.com/access/sources/dita/topic?Doc_Version=2024.2%20English&url=ug1448-hls-guidance&resourceid=200-1505.html
INFO: [HLS 200-1465] Applying ini 'part=xazu3teg-sfvc784-1Q-q' from C:/Users/Burak/Desktop/TAU/HLS/PositFFT/PositFFT/hls_config.cfg(1)
INFO: [HLS 200-1611] Setting target device to 'xazu3teg-sfvc784-1Q-q'
INFO: [HLS 200-1465] Applying ini 'clock=10ns' from C:/Users/Burak/Desktop/TAU/HLS/PositFFT/PositFFT/hls_config.cfg(11)
INFO: [SYN 201-201] Setting up clock 'default' with a period of 10ns.
INFO: [HLS 200-1465] Applying ini 'csim.code_analyzer=0' from C:/Users/Burak/Desktop/TAU/HLS/PositFFT/PositFFT/hls_config.cfg(9)
INFO: [HLS 200-1465] Applying ini 'package.output.format=ip_catalog' from C:/Users/Burak/Desktop/TAU/HLS/PositFFT/PositFFT/hls_config.cfg(5)
INFO: [SIM 211-2] *************** CSIM start ***************
INFO: [SIM 211-4] CSIM will launch CLANG as the compiler.
INFO: [HLS 200-2036] Building debug C Simulation binaries
make: 'csim.exe' is up to date.
ONE: 1
Before Load
Loaded 128 values into arrays
Saved 128 values to c:/Users/Burak/Desktop/TAU/HLS/PositFFT/PositFFT/TERMS_4_N_32_ES_2_SIZE_128_APP/in_double.txt
Saved 128 values to c:/Users/Burak/Desktop/TAU/HLS/PositFFT/PositFFT/TERMS_4_N_32_ES_2_SIZE_128_APP/in_float.txt
Saved 128 values to c:/Users/Burak/Desktop/TAU/HLS/PositFFT/PositFFT/TERMS_4_N_32_ES_2_SIZE_128_APP/in_posit.txt
----------------SNR RESULTS INPUT-------------------------
SNR (Posit Reconstruction): 162.3 dB
SNR (Float Conversion): 152.912 dB
After Load
Loaded 128 values into arrays
----------SIN--------------
Saved 128 values to c:/Users/Burak/Desktop/TAU/HLS/PositFFT/PositFFT/TERMS_4_N_32_ES_2_SIZE_128_APP/sin_double.txt
Saved 128 values to c:/Users/Burak/Desktop/TAU/HLS/PositFFT/PositFFT/TERMS_4_N_32_ES_2_SIZE_128_APP/sin_posit.txt
Saved 128 values to c:/Users/Burak/Desktop/TAU/HLS/PositFFT/PositFFT/TERMS_4_N_32_ES_2_SIZE_128_APP/sin_float.txt
----------------SNR RESULTS SIN-------------------------
SNR (Posit Reconstruction): 164.125 dB
SNR (Float Conversion): 146.05 dB
----------COS--------------
Saved 128 values to c:/Users/Burak/Desktop/TAU/HLS/PositFFT/PositFFT/TERMS_4_N_32_ES_2_SIZE_128_APP/cos_double.txt
Saved 128 values to c:/Users/Burak/Desktop/TAU/HLS/PositFFT/PositFFT/TERMS_4_N_32_ES_2_SIZE_128_APP/cos_posit.txt
Saved 128 values to c:/Users/Burak/Desktop/TAU/HLS/PositFFT/PositFFT/TERMS_4_N_32_ES_2_SIZE_128_APP/cos_float.txt
----------------SNR RESULTS COS-------------------------
SNR (Posit Reconstruction): 164.125 dB
SNR (Float Conversion): 146.05 dB
----------FFT--------------
Calculating double results...
Processing bin: 0
Calculating float results...
0
Calculating posit results...
0
Writing results in files...
Saved 128 values to c:/Users/Burak/Desktop/TAU/HLS/PositFFT/PositFFT/TERMS_4_N_32_ES_2_SIZE_128_APP/signal.txt
Saved 128 values to c:/Users/Burak/Desktop/TAU/HLS/PositFFT/PositFFT/TERMS_4_N_32_ES_2_SIZE_128_APP/posit_fft_real.txt
Saved 128 values to c:/Users/Burak/Desktop/TAU/HLS/PositFFT/PositFFT/TERMS_4_N_32_ES_2_SIZE_128_APP/posit_fft_imag.txt
Saved 128 values to c:/Users/Burak/Desktop/TAU/HLS/PositFFT/PositFFT/TERMS_4_N_32_ES_2_SIZE_128_APP/double_fft_real.txt
Saved 128 values to c:/Users/Burak/Desktop/TAU/HLS/PositFFT/PositFFT/TERMS_4_N_32_ES_2_SIZE_128_APP/double_fft_imag.txt
Saved 128 values to c:/Users/Burak/Desktop/TAU/HLS/PositFFT/PositFFT/TERMS_4_N_32_ES_2_SIZE_128_APP/float_fft_real.txt
Saved 128 values to c:/Users/Burak/Desktop/TAU/HLS/PositFFT/PositFFT/TERMS_4_N_32_ES_2_SIZE_128_APP/float_fft_imag.txt
----------------SNR RESULTS FFT-------------------------
SNR (Posit Reconstruction): 87.7645 dB
SNR (Float Conversion): 59.6294 dB
Computing double IFFT...
0
Writing IFFT results to file...
Saved 128 values to c:/Users/Burak/Desktop/TAU/HLS/PositFFT/PositFFT/TERMS_4_N_32_ES_2_SIZE_128_APP/double_ifft_output.txt
Computing float IFFT...
0
Saved 128 values to c:/Users/Burak/Desktop/TAU/HLS/PositFFT/PositFFT/TERMS_4_N_32_ES_2_SIZE_128_APP/float_ifft_output.txt
Computing posit IFFT...
0
Saved 128 values to c:/Users/Burak/Desktop/TAU/HLS/PositFFT/PositFFT/TERMS_4_N_32_ES_2_SIZE_128_APP/posit_ifft_output.txt
----------------SNR RESULTS IFFT-------------------------
SNR (Posit Reconstruction): 44.0169 dB
SNR (Float Conversion): 41.3775 dB
----------------SNR RESULTS IFFT WRT ORIG-----------------
SNR (Posit Reconstruction): 17.1934 dB
SNR (Float Conversion): 17.2179 dB
SNR (Double Conversion): 17.1621 dB
Processing complete.
INFO: [SIM 211-1] CSim done with 0 errors.
INFO: [SIM 211-3] *************** CSIM finish ***************
INFO: [HLS 200-112] Total CPU user time: 2 seconds. Total CPU system time: 0 seconds. Total elapsed time: 11.147 seconds; peak allocated memory: 162.902 MB.
INFO: [vitis-run 60-791] Total elapsed time: 0h 0m 18s
