

================================================================
== Vitis HLS Report for 'dFFT'
================================================================
* Date:           Tue Apr  8 11:35:56 2025

* Version:        2024.2 (Build 5238294 on Nov  8 2024)
* Project:        PositFFT
* Solution:       hls (Vivado IP Flow Target)
* Product family: azynquplus
* Target device:  xazu7ev-fbvb900-1-i


================================================================
== Performance Estimates
================================================================
+ Timing: 
    * Summary: 
    +--------+----------+----------+------------+
    |  Clock |  Target  | Estimated| Uncertainty|
    +--------+----------+----------+------------+
    |ap_clk  |  10.00 ns|  7.101 ns|     2.70 ns|
    +--------+----------+----------+------------+

+ Latency: 
    * Summary: 
    +---------+---------+----------+-----------+--------+---------+---------+
    |  Latency (cycles) |  Latency (absolute)  |     Interval     | Pipeline|
    |   min   |   max   |    min   |    max    |   min  |   max   |   Type  |
    +---------+---------+----------+-----------+--------+---------+---------+
    |   201793|  8807489|  2.018 ms|  88.075 ms|  201794|  8807490|       no|
    +---------+---------+----------+-----------+--------+---------+---------+

    + Detail: 
        * Instance: 
        N/A

        * Loop: 
        +----------------------+---------+---------+---------------+-----------+-----------+------+----------+
        |                      |  Latency (cycles) |   Iteration   |  Initiation Interval  | Trip |          |
        |       Loop Name      |   min   |   max   |    Latency    |  achieved |   target  | Count| Pipelined|
        +----------------------+---------+---------+---------------+-----------+-----------+------+----------+
        |- VITIS_LOOP_1295_1   |   201792|  8807488|  3153 ~ 137617|          -|          -|    64|        no|
        | + VITIS_LOOP_1214_1  |     3136|   137600|      49 ~ 2150|          -|          -|    64|        no|
        +----------------------+---------+---------+---------------+-----------+-----------+------+----------+

============================================================
+ Verbose Summary: Synthesis Manager
============================================================
InlineROM: 1
ExposeGlobal: 0
============================================================
+ Verbose Summary: CDFG Model
============================================================
IsTopModel: 1
ResetActiveHigh: 1
IsCombinational: 0
IsDatapathOnly: 0
HasWiredReturn: 1
HasMFsm: 0
HasVarLatency: 1
IsPipeline: 0
IsRtlPipelined: 0
IsInstanceOverlapped: 0
IsDontTouch: 0
HasImplIP: 0
IsGatedGlobalClock: 0


============================================================
+ Verbose Summary: Schedule
============================================================
* Number of FSM states : 65
* Pipeline : 0
* Dataflow Pipeline: 0

* FSM state transitions: 
1 --> 2 
2 --> 3 
3 --> 4 
4 --> 5 
5 --> 6 
6 --> 7 
7 --> 8 
8 --> 9 
9 --> 10 
10 --> 11 
11 --> 12 
12 --> 13 
13 --> 14 
14 --> 15 
15 --> 16 
16 --> 17 
17 --> 18 
18 --> 19 2 
19 --> 20 
20 --> 21 
21 --> 22 
22 --> 23 
23 --> 24 
24 --> 25 
25 --> 26 
26 --> 27 
27 --> 28 
28 --> 29 
29 --> 30 
30 --> 31 
31 --> 32 
32 --> 33 
33 --> 34 
34 --> 35 
35 --> 36 
36 --> 37 
37 --> 38 
38 --> 39 
39 --> 40 
40 --> 41 
41 --> 42 
42 --> 43 
43 --> 44 
44 --> 45 
45 --> 46 
46 --> 47 
47 --> 48 
48 --> 49 
49 --> 50 
50 --> 51 
51 --> 52 
52 --> 53 
53 --> 54 
54 --> 55 
55 --> 56 
56 --> 57 
57 --> 58 
58 --> 59 
59 --> 60 
60 --> 61 
61 --> 62 
62 --> 63 
63 --> 64 
64 --> 65 
65 --> 18 

* FSM state operations: 

State 1 <SV = 0> <Delay = 0.48>
ST_1 : Operation 66 [1/1] (0.00ns)   --->   "%k = alloca i32 1" [posit_lib.cpp:1295]   --->   Operation 66 'alloca' 'k' <Predicate = true> <Delay = 0.00>
ST_1 : Operation 67 [1/1] (0.00ns)   --->   "%spectopmodule_ln1288 = spectopmodule void @_ssdm_op_SpecTopModule, void @empty_2" [posit_lib.cpp:1288]   --->   Operation 67 'spectopmodule' 'spectopmodule_ln1288' <Predicate = true> <Delay = 0.00>
ST_1 : Operation 68 [1/1] (0.00ns)   --->   "%specbitsmap_ln0 = specbitsmap void @_ssdm_op_SpecBitsMap, i64 %signal_r"   --->   Operation 68 'specbitsmap' 'specbitsmap_ln0' <Predicate = true> <Delay = 0.00>
ST_1 : Operation 69 [1/1] (0.00ns)   --->   "%specinterface_ln0 = specinterface void @_ssdm_op_SpecInterface, i64 %signal_r, void @empty, i32 0, i32 0, void @empty_0, i32 0, i32 0, void @empty_0, void @empty_0, void @empty_0, i32 0, i32 0, i32 0, i32 0, void @empty_0, void @empty_0, i32 4294967295, i32 0, i32 0"   --->   Operation 69 'specinterface' 'specinterface_ln0' <Predicate = true> <Delay = 0.00>
ST_1 : Operation 70 [1/1] (0.00ns)   --->   "%specinterface_ln0 = specinterface void @_ssdm_op_SpecInterface, i64 %result_real, void @empty_1, i32 0, i32 0, void @empty_0, i32 4294967295, i32 0, void @empty_0, void @empty_0, void @empty_0, i32 0, i32 0, i32 0, i32 0, void @empty_0, void @empty_0, i32 4294967295, i32 0, i32 0"   --->   Operation 70 'specinterface' 'specinterface_ln0' <Predicate = true> <Delay = 0.00>
ST_1 : Operation 71 [1/1] (0.00ns)   --->   "%specbitsmap_ln0 = specbitsmap void @_ssdm_op_SpecBitsMap, i64 %result_real"   --->   Operation 71 'specbitsmap' 'specbitsmap_ln0' <Predicate = true> <Delay = 0.00>
ST_1 : Operation 72 [1/1] (0.00ns)   --->   "%specinterface_ln0 = specinterface void @_ssdm_op_SpecInterface, i64 %result_imag, void @empty_1, i32 0, i32 0, void @empty_0, i32 4294967295, i32 0, void @empty_0, void @empty_0, void @empty_0, i32 0, i32 0, i32 0, i32 0, void @empty_0, void @empty_0, i32 4294967295, i32 0, i32 0"   --->   Operation 72 'specinterface' 'specinterface_ln0' <Predicate = true> <Delay = 0.00>
ST_1 : Operation 73 [1/1] (0.00ns)   --->   "%specbitsmap_ln0 = specbitsmap void @_ssdm_op_SpecBitsMap, i64 %result_imag"   --->   Operation 73 'specbitsmap' 'specbitsmap_ln0' <Predicate = true> <Delay = 0.00>
ST_1 : Operation 74 [1/1] (0.00ns)   --->   "%signal_r_read = read i64 @_ssdm_op_Read.ap_auto.i64P0A, i64 %signal_r"   --->   Operation 74 'read' 'signal_r_read' <Predicate = true> <Delay = 0.00>
ST_1 : Operation 75 [1/1] (0.00ns)   --->   "%empty = bitcast i64 %signal_r_read"   --->   Operation 75 'bitcast' 'empty' <Predicate = true> <Delay = 0.00>
ST_1 : Operation 76 [1/1] (0.48ns)   --->   "%store_ln1295 = store i7 0, i7 %k" [posit_lib.cpp:1295]   --->   Operation 76 'store' 'store_ln1295' <Predicate = true> <Delay = 0.48>
ST_1 : Operation 77 [1/1] (0.00ns)   --->   "%br_ln1295 = br void %for.body" [posit_lib.cpp:1295]   --->   Operation 77 'br' 'br_ln1295' <Predicate = true> <Delay = 0.00>

State 2 <SV = 1> <Delay = 7.09>
ST_2 : Operation 78 [1/1] (0.00ns)   --->   "%k_1 = load i7 %k" [posit_lib.cpp:1302]   --->   Operation 78 'load' 'k_1' <Predicate = true> <Delay = 0.00>
ST_2 : Operation 79 [1/1] (0.89ns)   --->   "%icmp_ln1295 = icmp_eq  i7 %k_1, i7 64" [posit_lib.cpp:1295]   --->   Operation 79 'icmp' 'icmp_ln1295' <Predicate = true> <Delay = 0.89> <CoreInst = "Cmp">   --->   Core 9 'Cmp' <Latency = 0> <II = 1> <Delay = 0.89> <FuncUnit> <Opcode : 'seteq' 'setne' 'setle' 'setge' 'setlt' 'setgt'> <InPorts = 2> <OutPorts = 1>
ST_2 : Operation 80 [1/1] (0.89ns)   --->   "%add_ln1295 = add i7 %k_1, i7 1" [posit_lib.cpp:1295]   --->   Operation 80 'add' 'add_ln1295' <Predicate = true> <Delay = 0.89> <CoreInst = "Adder">   --->   Core 1 'Adder' <Latency = 0> <II = 1> <Delay = 0.89> <FuncUnit> <Opcode : 'add' 'sub'> <InPorts = 2> <OutPorts = 1>
ST_2 : Operation 81 [1/1] (0.00ns)   --->   "%br_ln1295 = br i1 %icmp_ln1295, void %for.body.split, void %for.end" [posit_lib.cpp:1295]   --->   Operation 81 'br' 'br_ln1295' <Predicate = true> <Delay = 0.00>
ST_2 : Operation 82 [1/1] (0.00ns)   --->   "%trunc_ln1302 = trunc i7 %k_1" [posit_lib.cpp:1302]   --->   Operation 82 'trunc' 'trunc_ln1302' <Predicate = (!icmp_ln1295)> <Delay = 0.00>
ST_2 : Operation 83 [1/1] (0.00ns)   --->   "%zext_ln1302 = zext i6 %trunc_ln1302" [posit_lib.cpp:1302]   --->   Operation 83 'zext' 'zext_ln1302' <Predicate = (!icmp_ln1295)> <Delay = 0.00>
ST_2 : Operation 84 [4/4] (7.09ns)   --->   "%conv_i = sitodp i32 %zext_ln1302" [posit_lib.cpp:1207->posit_lib.cpp:1302]   --->   Operation 84 'sitodp' 'conv_i' <Predicate = (!icmp_ln1295)> <Delay = 7.09> <CoreInst = "Int2Double">   --->   Core 66 'Int2Double' <Latency = 3> <II = 1> <Delay = 7.09> <FuncUnit> <Opcode : 'uitodp' 'sitodp'> <InPorts = 1> <OutPorts = 1>
ST_2 : Operation 85 [1/1] (0.00ns)   --->   "%ret_ln1307 = ret" [posit_lib.cpp:1307]   --->   Operation 85 'ret' 'ret_ln1307' <Predicate = (icmp_ln1295)> <Delay = 0.00>

State 3 <SV = 2> <Delay = 7.09>
ST_3 : Operation 86 [3/4] (7.09ns)   --->   "%conv_i = sitodp i32 %zext_ln1302" [posit_lib.cpp:1207->posit_lib.cpp:1302]   --->   Operation 86 'sitodp' 'conv_i' <Predicate = true> <Delay = 7.09> <CoreInst = "Int2Double">   --->   Core 66 'Int2Double' <Latency = 3> <II = 1> <Delay = 7.09> <FuncUnit> <Opcode : 'uitodp' 'sitodp'> <InPorts = 1> <OutPorts = 1>

State 4 <SV = 3> <Delay = 7.09>
ST_4 : Operation 87 [2/4] (7.09ns)   --->   "%conv_i = sitodp i32 %zext_ln1302" [posit_lib.cpp:1207->posit_lib.cpp:1302]   --->   Operation 87 'sitodp' 'conv_i' <Predicate = true> <Delay = 7.09> <CoreInst = "Int2Double">   --->   Core 66 'Int2Double' <Latency = 3> <II = 1> <Delay = 7.09> <FuncUnit> <Opcode : 'uitodp' 'sitodp'> <InPorts = 1> <OutPorts = 1>

State 5 <SV = 4> <Delay = 7.09>
ST_5 : Operation 88 [1/4] (7.09ns)   --->   "%conv_i = sitodp i32 %zext_ln1302" [posit_lib.cpp:1207->posit_lib.cpp:1302]   --->   Operation 88 'sitodp' 'conv_i' <Predicate = true> <Delay = 7.09> <CoreInst = "Int2Double">   --->   Core 66 'Int2Double' <Latency = 3> <II = 1> <Delay = 7.09> <FuncUnit> <Opcode : 'uitodp' 'sitodp'> <InPorts = 1> <OutPorts = 1>

State 6 <SV = 5> <Delay = 6.60>
ST_6 : Operation 89 [6/6] (6.60ns)   --->   "%mul_i = dmul i64 %conv_i, i64 -6.28319" [posit_lib.cpp:1207->posit_lib.cpp:1302]   --->   Operation 89 'dmul' 'mul_i' <Predicate = true> <Delay = 6.60> <CoreInst = "DMul_maxdsp">   --->   Core 49 'DMul_maxdsp' <Latency = 5> <II = 1> <Delay = 6.60> <FuncUnit> <Opcode : 'dmul'> <InPorts = 2> <OutPorts = 1>

State 7 <SV = 6> <Delay = 6.60>
ST_7 : Operation 90 [5/6] (6.60ns)   --->   "%mul_i = dmul i64 %conv_i, i64 -6.28319" [posit_lib.cpp:1207->posit_lib.cpp:1302]   --->   Operation 90 'dmul' 'mul_i' <Predicate = true> <Delay = 6.60> <CoreInst = "DMul_maxdsp">   --->   Core 49 'DMul_maxdsp' <Latency = 5> <II = 1> <Delay = 6.60> <FuncUnit> <Opcode : 'dmul'> <InPorts = 2> <OutPorts = 1>

State 8 <SV = 7> <Delay = 6.60>
ST_8 : Operation 91 [4/6] (6.60ns)   --->   "%mul_i = dmul i64 %conv_i, i64 -6.28319" [posit_lib.cpp:1207->posit_lib.cpp:1302]   --->   Operation 91 'dmul' 'mul_i' <Predicate = true> <Delay = 6.60> <CoreInst = "DMul_maxdsp">   --->   Core 49 'DMul_maxdsp' <Latency = 5> <II = 1> <Delay = 6.60> <FuncUnit> <Opcode : 'dmul'> <InPorts = 2> <OutPorts = 1>

State 9 <SV = 8> <Delay = 6.60>
ST_9 : Operation 92 [3/6] (6.60ns)   --->   "%mul_i = dmul i64 %conv_i, i64 -6.28319" [posit_lib.cpp:1207->posit_lib.cpp:1302]   --->   Operation 92 'dmul' 'mul_i' <Predicate = true> <Delay = 6.60> <CoreInst = "DMul_maxdsp">   --->   Core 49 'DMul_maxdsp' <Latency = 5> <II = 1> <Delay = 6.60> <FuncUnit> <Opcode : 'dmul'> <InPorts = 2> <OutPorts = 1>

State 10 <SV = 9> <Delay = 6.60>
ST_10 : Operation 93 [2/6] (6.60ns)   --->   "%mul_i = dmul i64 %conv_i, i64 -6.28319" [posit_lib.cpp:1207->posit_lib.cpp:1302]   --->   Operation 93 'dmul' 'mul_i' <Predicate = true> <Delay = 6.60> <CoreInst = "DMul_maxdsp">   --->   Core 49 'DMul_maxdsp' <Latency = 5> <II = 1> <Delay = 6.60> <FuncUnit> <Opcode : 'dmul'> <InPorts = 2> <OutPorts = 1>

State 11 <SV = 10> <Delay = 6.60>
ST_11 : Operation 94 [1/6] (6.60ns)   --->   "%mul_i = dmul i64 %conv_i, i64 -6.28319" [posit_lib.cpp:1207->posit_lib.cpp:1302]   --->   Operation 94 'dmul' 'mul_i' <Predicate = true> <Delay = 6.60> <CoreInst = "DMul_maxdsp">   --->   Core 49 'DMul_maxdsp' <Latency = 5> <II = 1> <Delay = 6.60> <FuncUnit> <Opcode : 'dmul'> <InPorts = 2> <OutPorts = 1>

State 12 <SV = 11> <Delay = 6.60>
ST_12 : Operation 95 [6/6] (6.60ns)   --->   "%deltaTheta = dmul i64 %mul_i, i64 0.015625" [posit_lib.cpp:1207->posit_lib.cpp:1302]   --->   Operation 95 'dmul' 'deltaTheta' <Predicate = true> <Delay = 6.60> <CoreInst = "DMul_maxdsp">   --->   Core 49 'DMul_maxdsp' <Latency = 5> <II = 1> <Delay = 6.60> <FuncUnit> <Opcode : 'dmul'> <InPorts = 2> <OutPorts = 1>

State 13 <SV = 12> <Delay = 6.60>
ST_13 : Operation 96 [5/6] (6.60ns)   --->   "%deltaTheta = dmul i64 %mul_i, i64 0.015625" [posit_lib.cpp:1207->posit_lib.cpp:1302]   --->   Operation 96 'dmul' 'deltaTheta' <Predicate = true> <Delay = 6.60> <CoreInst = "DMul_maxdsp">   --->   Core 49 'DMul_maxdsp' <Latency = 5> <II = 1> <Delay = 6.60> <FuncUnit> <Opcode : 'dmul'> <InPorts = 2> <OutPorts = 1>

State 14 <SV = 13> <Delay = 6.60>
ST_14 : Operation 97 [4/6] (6.60ns)   --->   "%deltaTheta = dmul i64 %mul_i, i64 0.015625" [posit_lib.cpp:1207->posit_lib.cpp:1302]   --->   Operation 97 'dmul' 'deltaTheta' <Predicate = true> <Delay = 6.60> <CoreInst = "DMul_maxdsp">   --->   Core 49 'DMul_maxdsp' <Latency = 5> <II = 1> <Delay = 6.60> <FuncUnit> <Opcode : 'dmul'> <InPorts = 2> <OutPorts = 1>

State 15 <SV = 14> <Delay = 6.60>
ST_15 : Operation 98 [3/6] (6.60ns)   --->   "%deltaTheta = dmul i64 %mul_i, i64 0.015625" [posit_lib.cpp:1207->posit_lib.cpp:1302]   --->   Operation 98 'dmul' 'deltaTheta' <Predicate = true> <Delay = 6.60> <CoreInst = "DMul_maxdsp">   --->   Core 49 'DMul_maxdsp' <Latency = 5> <II = 1> <Delay = 6.60> <FuncUnit> <Opcode : 'dmul'> <InPorts = 2> <OutPorts = 1>

State 16 <SV = 15> <Delay = 6.60>
ST_16 : Operation 99 [2/6] (6.60ns)   --->   "%deltaTheta = dmul i64 %mul_i, i64 0.015625" [posit_lib.cpp:1207->posit_lib.cpp:1302]   --->   Operation 99 'dmul' 'deltaTheta' <Predicate = true> <Delay = 6.60> <CoreInst = "DMul_maxdsp">   --->   Core 49 'DMul_maxdsp' <Latency = 5> <II = 1> <Delay = 6.60> <FuncUnit> <Opcode : 'dmul'> <InPorts = 2> <OutPorts = 1>

State 17 <SV = 16> <Delay = 6.60>
ST_17 : Operation 100 [1/1] (0.00ns)   --->   "%zext_ln1295 = zext i7 %k_1" [posit_lib.cpp:1295]   --->   Operation 100 'zext' 'zext_ln1295' <Predicate = true> <Delay = 0.00>
ST_17 : Operation 101 [1/1] (0.00ns)   --->   "%speclooptripcount_ln1295 = speclooptripcount void @_ssdm_op_SpecLoopTripCount, i64 64, i64 64, i64 64" [posit_lib.cpp:1295]   --->   Operation 101 'speclooptripcount' 'speclooptripcount_ln1295' <Predicate = true> <Delay = 0.00>
ST_17 : Operation 102 [1/1] (0.00ns)   --->   "%specloopname_ln1295 = specloopname void @_ssdm_op_SpecLoopName, void @empty_4" [posit_lib.cpp:1295]   --->   Operation 102 'specloopname' 'specloopname_ln1295' <Predicate = true> <Delay = 0.00>
ST_17 : Operation 103 [1/6] (6.60ns)   --->   "%deltaTheta = dmul i64 %mul_i, i64 0.015625" [posit_lib.cpp:1207->posit_lib.cpp:1302]   --->   Operation 103 'dmul' 'deltaTheta' <Predicate = true> <Delay = 6.60> <CoreInst = "DMul_maxdsp">   --->   Core 49 'DMul_maxdsp' <Latency = 5> <II = 1> <Delay = 6.60> <FuncUnit> <Opcode : 'dmul'> <InPorts = 2> <OutPorts = 1>
ST_17 : Operation 104 [1/1] (0.48ns)   --->   "%br_ln1214 = br void %for.inc.i" [posit_lib.cpp:1214->posit_lib.cpp:1302]   --->   Operation 104 'br' 'br_ln1214' <Predicate = true> <Delay = 0.48>

State 18 <SV = 17> <Delay = 6.91>
ST_18 : Operation 105 [1/1] (0.00ns)   --->   "%n = phi i7 0, void %for.body.split, i7 %add_ln1214, void %for.inc.i.split_ifconv" [posit_lib.cpp:1214->posit_lib.cpp:1302]   --->   Operation 105 'phi' 'n' <Predicate = true> <Delay = 0.00>
ST_18 : Operation 106 [1/1] (0.00ns)   --->   "%empty_13 = phi i64 0, void %for.body.split, i64 %imagSum, void %for.inc.i.split_ifconv"   --->   Operation 106 'phi' 'empty_13' <Predicate = true> <Delay = 0.00>
ST_18 : Operation 107 [1/1] (0.00ns)   --->   "%empty_14 = phi i64 0, void %for.body.split, i64 %realSum, void %for.inc.i.split_ifconv"   --->   Operation 107 'phi' 'empty_14' <Predicate = true> <Delay = 0.00>
ST_18 : Operation 108 [1/1] (0.00ns)   --->   "%angle_1 = phi i64 0, void %for.body.split, i64 %angle, void %for.inc.i.split_ifconv"   --->   Operation 108 'phi' 'angle_1' <Predicate = true> <Delay = 0.00>
ST_18 : Operation 109 [1/1] (0.89ns)   --->   "%icmp_ln1214 = icmp_eq  i7 %n, i7 64" [posit_lib.cpp:1214->posit_lib.cpp:1302]   --->   Operation 109 'icmp' 'icmp_ln1214' <Predicate = true> <Delay = 0.89> <CoreInst = "Cmp">   --->   Core 9 'Cmp' <Latency = 0> <II = 1> <Delay = 0.89> <FuncUnit> <Opcode : 'seteq' 'setne' 'setle' 'setge' 'setlt' 'setgt'> <InPorts = 2> <OutPorts = 1>
ST_18 : Operation 110 [1/1] (0.89ns)   --->   "%add_ln1214 = add i7 %n, i7 1" [posit_lib.cpp:1214->posit_lib.cpp:1302]   --->   Operation 110 'add' 'add_ln1214' <Predicate = true> <Delay = 0.89> <CoreInst = "Adder">   --->   Core 1 'Adder' <Latency = 0> <II = 1> <Delay = 0.89> <FuncUnit> <Opcode : 'add' 'sub'> <InPorts = 2> <OutPorts = 1>
ST_18 : Operation 111 [1/1] (0.00ns)   --->   "%br_ln1214 = br i1 %icmp_ln1214, void %for.inc.i.split_ifconv, void %_Z13dAccumulateFCiiPKdRdS1_.exit" [posit_lib.cpp:1214->posit_lib.cpp:1302]   --->   Operation 111 'br' 'br_ln1214' <Predicate = true> <Delay = 0.00>
ST_18 : Operation 112 [2/2] (2.12ns)   --->   "%angle_assign = call i64 @generic_fmod<double>, i64 %angle_1" [C:\scratch\2024.2\hls_product\495\2024.2\src\shared\hls\clib\hlsmath\src\c\fmoddouble.cpp:7->posit_lib.cpp:808->posit_lib.cpp:833->posit_lib.cpp:1182->posit_lib.cpp:1215->posit_lib.cpp:1302]   --->   Operation 112 'call' 'angle_assign' <Predicate = (!icmp_ln1214)> <Delay = 2.12> <CoreType = "Generic">   --->   Generic Core
ST_18 : Operation 113 [5/5] (6.91ns)   --->   "%angle = dadd i64 %angle_1, i64 %deltaTheta" [posit_lib.cpp:1220->posit_lib.cpp:1302]   --->   Operation 113 'dadd' 'angle' <Predicate = (!icmp_ln1214)> <Delay = 6.91> <CoreInst = "DAddSub_fulldsp">   --->   Core 37 'DAddSub_fulldsp' <Latency = 4> <II = 1> <Delay = 6.91> <FuncUnit> <Opcode : 'dadd' 'dsub'> <InPorts = 2> <OutPorts = 1>
ST_18 : Operation 114 [1/1] (0.00ns)   --->   "%bitcast_ln1304 = bitcast i64 %empty_14" [posit_lib.cpp:1304]   --->   Operation 114 'bitcast' 'bitcast_ln1304' <Predicate = (icmp_ln1214)> <Delay = 0.00>
ST_18 : Operation 115 [1/1] (0.00ns)   --->   "%result_real_addr = getelementptr i64 %result_real, i64 0, i64 %zext_ln1295" [posit_lib.cpp:1304]   --->   Operation 115 'getelementptr' 'result_real_addr' <Predicate = (icmp_ln1214)> <Delay = 0.00>
ST_18 : Operation 116 [1/1] ( I:1.35ns O:1.35ns )   --->   "%store_ln1304 = store i64 %bitcast_ln1304, i6 %result_real_addr" [posit_lib.cpp:1304]   --->   Operation 116 'store' 'store_ln1304' <Predicate = (icmp_ln1214)> <Delay = 1.35> <CoreInst = "RAM">   --->   Core 82 'RAM' <Latency = 1> <II = 1> <Delay = 1.35> <Storage> <Opcode : 'load' 'store'> <Ports = 2> <Width = 64> <Depth = 64> <RAM>
ST_18 : Operation 117 [1/1] (0.00ns)   --->   "%bitcast_ln1305 = bitcast i64 %empty_13" [posit_lib.cpp:1305]   --->   Operation 117 'bitcast' 'bitcast_ln1305' <Predicate = (icmp_ln1214)> <Delay = 0.00>
ST_18 : Operation 118 [1/1] (0.00ns)   --->   "%result_imag_addr = getelementptr i64 %result_imag, i64 0, i64 %zext_ln1295" [posit_lib.cpp:1305]   --->   Operation 118 'getelementptr' 'result_imag_addr' <Predicate = (icmp_ln1214)> <Delay = 0.00>
ST_18 : Operation 119 [1/1] ( I:1.35ns O:1.35ns )   --->   "%store_ln1305 = store i64 %bitcast_ln1305, i6 %result_imag_addr" [posit_lib.cpp:1305]   --->   Operation 119 'store' 'store_ln1305' <Predicate = (icmp_ln1214)> <Delay = 1.35> <CoreInst = "RAM">   --->   Core 82 'RAM' <Latency = 1> <II = 1> <Delay = 1.35> <Storage> <Opcode : 'load' 'store'> <Ports = 2> <Width = 64> <Depth = 64> <RAM>
ST_18 : Operation 120 [1/1] (0.48ns)   --->   "%store_ln1295 = store i7 %add_ln1295, i7 %k" [posit_lib.cpp:1295]   --->   Operation 120 'store' 'store_ln1295' <Predicate = (icmp_ln1214)> <Delay = 0.48>
ST_18 : Operation 121 [1/1] (0.00ns)   --->   "%br_ln1295 = br void %for.body" [posit_lib.cpp:1295]   --->   Operation 121 'br' 'br_ln1295' <Predicate = (icmp_ln1214)> <Delay = 0.00>

State 19 <SV = 18> <Delay = 6.91>
ST_19 : Operation 122 [1/2] (4.76ns)   --->   "%angle_assign = call i64 @generic_fmod<double>, i64 %angle_1" [C:\scratch\2024.2\hls_product\495\2024.2\src\shared\hls\clib\hlsmath\src\c\fmoddouble.cpp:7->posit_lib.cpp:808->posit_lib.cpp:833->posit_lib.cpp:1182->posit_lib.cpp:1215->posit_lib.cpp:1302]   --->   Operation 122 'call' 'angle_assign' <Predicate = true> <Delay = 4.76> <CoreType = "Generic">   --->   Generic Core
ST_19 : Operation 123 [4/5] (6.91ns)   --->   "%angle = dadd i64 %angle_1, i64 %deltaTheta" [posit_lib.cpp:1220->posit_lib.cpp:1302]   --->   Operation 123 'dadd' 'angle' <Predicate = true> <Delay = 6.91> <CoreInst = "DAddSub_fulldsp">   --->   Core 37 'DAddSub_fulldsp' <Latency = 4> <II = 1> <Delay = 6.91> <FuncUnit> <Opcode : 'dadd' 'dsub'> <InPorts = 2> <OutPorts = 1>

State 20 <SV = 19> <Delay = 6.91>
ST_20 : Operation 124 [5/5] (6.91ns)   --->   "%angle_assign_1 = dadd i64 %angle_assign, i64 -6.28" [posit_lib.cpp:810->posit_lib.cpp:833->posit_lib.cpp:1182->posit_lib.cpp:1215->posit_lib.cpp:1302]   --->   Operation 124 'dadd' 'angle_assign_1' <Predicate = true> <Delay = 6.91> <CoreInst = "DAddSub_fulldsp">   --->   Core 37 'DAddSub_fulldsp' <Latency = 4> <II = 1> <Delay = 6.91> <FuncUnit> <Opcode : 'dadd' 'dsub'> <InPorts = 2> <OutPorts = 1>
ST_20 : Operation 125 [5/5] (6.91ns)   --->   "%angle_assign_2 = dadd i64 %angle_assign, i64 6.28" [posit_lib.cpp:812->posit_lib.cpp:833->posit_lib.cpp:1182->posit_lib.cpp:1215->posit_lib.cpp:1302]   --->   Operation 125 'dadd' 'angle_assign_2' <Predicate = true> <Delay = 6.91> <CoreInst = "DAddSub_fulldsp">   --->   Core 37 'DAddSub_fulldsp' <Latency = 4> <II = 1> <Delay = 6.91> <FuncUnit> <Opcode : 'dadd' 'dsub'> <InPorts = 2> <OutPorts = 1>
ST_20 : Operation 126 [3/5] (6.91ns)   --->   "%angle = dadd i64 %angle_1, i64 %deltaTheta" [posit_lib.cpp:1220->posit_lib.cpp:1302]   --->   Operation 126 'dadd' 'angle' <Predicate = true> <Delay = 6.91> <CoreInst = "DAddSub_fulldsp">   --->   Core 37 'DAddSub_fulldsp' <Latency = 4> <II = 1> <Delay = 6.91> <FuncUnit> <Opcode : 'dadd' 'dsub'> <InPorts = 2> <OutPorts = 1>

State 21 <SV = 20> <Delay = 6.91>
ST_21 : Operation 127 [4/5] (6.91ns)   --->   "%angle_assign_1 = dadd i64 %angle_assign, i64 -6.28" [posit_lib.cpp:810->posit_lib.cpp:833->posit_lib.cpp:1182->posit_lib.cpp:1215->posit_lib.cpp:1302]   --->   Operation 127 'dadd' 'angle_assign_1' <Predicate = true> <Delay = 6.91> <CoreInst = "DAddSub_fulldsp">   --->   Core 37 'DAddSub_fulldsp' <Latency = 4> <II = 1> <Delay = 6.91> <FuncUnit> <Opcode : 'dadd' 'dsub'> <InPorts = 2> <OutPorts = 1>
ST_21 : Operation 128 [4/5] (6.91ns)   --->   "%angle_assign_2 = dadd i64 %angle_assign, i64 6.28" [posit_lib.cpp:812->posit_lib.cpp:833->posit_lib.cpp:1182->posit_lib.cpp:1215->posit_lib.cpp:1302]   --->   Operation 128 'dadd' 'angle_assign_2' <Predicate = true> <Delay = 6.91> <CoreInst = "DAddSub_fulldsp">   --->   Core 37 'DAddSub_fulldsp' <Latency = 4> <II = 1> <Delay = 6.91> <FuncUnit> <Opcode : 'dadd' 'dsub'> <InPorts = 2> <OutPorts = 1>
ST_21 : Operation 129 [2/5] (6.91ns)   --->   "%angle = dadd i64 %angle_1, i64 %deltaTheta" [posit_lib.cpp:1220->posit_lib.cpp:1302]   --->   Operation 129 'dadd' 'angle' <Predicate = true> <Delay = 6.91> <CoreInst = "DAddSub_fulldsp">   --->   Core 37 'DAddSub_fulldsp' <Latency = 4> <II = 1> <Delay = 6.91> <FuncUnit> <Opcode : 'dadd' 'dsub'> <InPorts = 2> <OutPorts = 1>

State 22 <SV = 21> <Delay = 6.91>
ST_22 : Operation 130 [3/5] (6.91ns)   --->   "%angle_assign_1 = dadd i64 %angle_assign, i64 -6.28" [posit_lib.cpp:810->posit_lib.cpp:833->posit_lib.cpp:1182->posit_lib.cpp:1215->posit_lib.cpp:1302]   --->   Operation 130 'dadd' 'angle_assign_1' <Predicate = true> <Delay = 6.91> <CoreInst = "DAddSub_fulldsp">   --->   Core 37 'DAddSub_fulldsp' <Latency = 4> <II = 1> <Delay = 6.91> <FuncUnit> <Opcode : 'dadd' 'dsub'> <InPorts = 2> <OutPorts = 1>
ST_22 : Operation 131 [3/5] (6.91ns)   --->   "%angle_assign_2 = dadd i64 %angle_assign, i64 6.28" [posit_lib.cpp:812->posit_lib.cpp:833->posit_lib.cpp:1182->posit_lib.cpp:1215->posit_lib.cpp:1302]   --->   Operation 131 'dadd' 'angle_assign_2' <Predicate = true> <Delay = 6.91> <CoreInst = "DAddSub_fulldsp">   --->   Core 37 'DAddSub_fulldsp' <Latency = 4> <II = 1> <Delay = 6.91> <FuncUnit> <Opcode : 'dadd' 'dsub'> <InPorts = 2> <OutPorts = 1>
ST_22 : Operation 132 [1/5] (6.91ns)   --->   "%angle = dadd i64 %angle_1, i64 %deltaTheta" [posit_lib.cpp:1220->posit_lib.cpp:1302]   --->   Operation 132 'dadd' 'angle' <Predicate = true> <Delay = 6.91> <CoreInst = "DAddSub_fulldsp">   --->   Core 37 'DAddSub_fulldsp' <Latency = 4> <II = 1> <Delay = 6.91> <FuncUnit> <Opcode : 'dadd' 'dsub'> <InPorts = 2> <OutPorts = 1>

State 23 <SV = 22> <Delay = 6.91>
ST_23 : Operation 133 [2/2] (3.61ns)   --->   "%tmp_1 = fcmp_ogt  i64 %angle_assign, i64 3.14" [posit_lib.cpp:809->posit_lib.cpp:833->posit_lib.cpp:1182->posit_lib.cpp:1215->posit_lib.cpp:1302]   --->   Operation 133 'dcmp' 'tmp_1' <Predicate = true> <Delay = 3.61> <CoreInst = "DCompare">   --->   Core 38 'DCompare' <Latency = 1> <II = 1> <Delay = 3.61> <FuncUnit> <Opcode : 'dcmp'> <InPorts = 2> <OutPorts = 1>
ST_23 : Operation 134 [2/5] (6.91ns)   --->   "%angle_assign_1 = dadd i64 %angle_assign, i64 -6.28" [posit_lib.cpp:810->posit_lib.cpp:833->posit_lib.cpp:1182->posit_lib.cpp:1215->posit_lib.cpp:1302]   --->   Operation 134 'dadd' 'angle_assign_1' <Predicate = true> <Delay = 6.91> <CoreInst = "DAddSub_fulldsp">   --->   Core 37 'DAddSub_fulldsp' <Latency = 4> <II = 1> <Delay = 6.91> <FuncUnit> <Opcode : 'dadd' 'dsub'> <InPorts = 2> <OutPorts = 1>
ST_23 : Operation 135 [2/2] (3.61ns)   --->   "%tmp_3 = fcmp_olt  i64 %angle_assign, i64 -3.14" [posit_lib.cpp:811->posit_lib.cpp:833->posit_lib.cpp:1182->posit_lib.cpp:1215->posit_lib.cpp:1302]   --->   Operation 135 'dcmp' 'tmp_3' <Predicate = true> <Delay = 3.61> <CoreInst = "DCompare">   --->   Core 38 'DCompare' <Latency = 1> <II = 1> <Delay = 3.61> <FuncUnit> <Opcode : 'dcmp'> <InPorts = 2> <OutPorts = 1>
ST_23 : Operation 136 [2/5] (6.91ns)   --->   "%angle_assign_2 = dadd i64 %angle_assign, i64 6.28" [posit_lib.cpp:812->posit_lib.cpp:833->posit_lib.cpp:1182->posit_lib.cpp:1215->posit_lib.cpp:1302]   --->   Operation 136 'dadd' 'angle_assign_2' <Predicate = true> <Delay = 6.91> <CoreInst = "DAddSub_fulldsp">   --->   Core 37 'DAddSub_fulldsp' <Latency = 4> <II = 1> <Delay = 6.91> <FuncUnit> <Opcode : 'dadd' 'dsub'> <InPorts = 2> <OutPorts = 1>

State 24 <SV = 23> <Delay = 6.91>
ST_24 : Operation 137 [1/2] (3.61ns)   --->   "%tmp_1 = fcmp_ogt  i64 %angle_assign, i64 3.14" [posit_lib.cpp:809->posit_lib.cpp:833->posit_lib.cpp:1182->posit_lib.cpp:1215->posit_lib.cpp:1302]   --->   Operation 137 'dcmp' 'tmp_1' <Predicate = true> <Delay = 3.61> <CoreInst = "DCompare">   --->   Core 38 'DCompare' <Latency = 1> <II = 1> <Delay = 3.61> <FuncUnit> <Opcode : 'dcmp'> <InPorts = 2> <OutPorts = 1>
ST_24 : Operation 138 [1/5] (6.91ns)   --->   "%angle_assign_1 = dadd i64 %angle_assign, i64 -6.28" [posit_lib.cpp:810->posit_lib.cpp:833->posit_lib.cpp:1182->posit_lib.cpp:1215->posit_lib.cpp:1302]   --->   Operation 138 'dadd' 'angle_assign_1' <Predicate = true> <Delay = 6.91> <CoreInst = "DAddSub_fulldsp">   --->   Core 37 'DAddSub_fulldsp' <Latency = 4> <II = 1> <Delay = 6.91> <FuncUnit> <Opcode : 'dadd' 'dsub'> <InPorts = 2> <OutPorts = 1>
ST_24 : Operation 139 [1/2] (3.61ns)   --->   "%tmp_3 = fcmp_olt  i64 %angle_assign, i64 -3.14" [posit_lib.cpp:811->posit_lib.cpp:833->posit_lib.cpp:1182->posit_lib.cpp:1215->posit_lib.cpp:1302]   --->   Operation 139 'dcmp' 'tmp_3' <Predicate = true> <Delay = 3.61> <CoreInst = "DCompare">   --->   Core 38 'DCompare' <Latency = 1> <II = 1> <Delay = 3.61> <FuncUnit> <Opcode : 'dcmp'> <InPorts = 2> <OutPorts = 1>
ST_24 : Operation 140 [1/5] (6.91ns)   --->   "%angle_assign_2 = dadd i64 %angle_assign, i64 6.28" [posit_lib.cpp:812->posit_lib.cpp:833->posit_lib.cpp:1182->posit_lib.cpp:1215->posit_lib.cpp:1302]   --->   Operation 140 'dadd' 'angle_assign_2' <Predicate = true> <Delay = 6.91> <CoreInst = "DAddSub_fulldsp">   --->   Core 37 'DAddSub_fulldsp' <Latency = 4> <II = 1> <Delay = 6.91> <FuncUnit> <Opcode : 'dadd' 'dsub'> <InPorts = 2> <OutPorts = 1>

State 25 <SV = 24> <Delay = 6.24>
ST_25 : Operation 141 [1/1] (0.00ns)   --->   "%bitcast_ln809 = bitcast i64 %angle_assign" [posit_lib.cpp:809->posit_lib.cpp:833->posit_lib.cpp:1182->posit_lib.cpp:1215->posit_lib.cpp:1302]   --->   Operation 141 'bitcast' 'bitcast_ln809' <Predicate = true> <Delay = 0.00>
ST_25 : Operation 142 [1/1] (0.00ns)   --->   "%tmp = partselect i11 @_ssdm_op_PartSelect.i11.i64.i32.i32, i64 %bitcast_ln809, i32 52, i32 62" [posit_lib.cpp:809->posit_lib.cpp:833->posit_lib.cpp:1182->posit_lib.cpp:1215->posit_lib.cpp:1302]   --->   Operation 142 'partselect' 'tmp' <Predicate = true> <Delay = 0.00>
ST_25 : Operation 143 [1/1] (0.00ns)   --->   "%trunc_ln809 = trunc i64 %bitcast_ln809" [posit_lib.cpp:809->posit_lib.cpp:833->posit_lib.cpp:1182->posit_lib.cpp:1215->posit_lib.cpp:1302]   --->   Operation 143 'trunc' 'trunc_ln809' <Predicate = true> <Delay = 0.00>
ST_25 : Operation 144 [1/1] (0.94ns)   --->   "%icmp_ln809 = icmp_ne  i11 %tmp, i11 2047" [posit_lib.cpp:809->posit_lib.cpp:833->posit_lib.cpp:1182->posit_lib.cpp:1215->posit_lib.cpp:1302]   --->   Operation 144 'icmp' 'icmp_ln809' <Predicate = true> <Delay = 0.94> <CoreInst = "Cmp">   --->   Core 9 'Cmp' <Latency = 0> <II = 1> <Delay = 0.94> <FuncUnit> <Opcode : 'seteq' 'setne' 'setle' 'setge' 'setlt' 'setgt'> <InPorts = 2> <OutPorts = 1>
ST_25 : Operation 145 [1/1] (1.30ns)   --->   "%icmp_ln809_1 = icmp_eq  i52 %trunc_ln809, i52 0" [posit_lib.cpp:809->posit_lib.cpp:833->posit_lib.cpp:1182->posit_lib.cpp:1215->posit_lib.cpp:1302]   --->   Operation 145 'icmp' 'icmp_ln809_1' <Predicate = true> <Delay = 1.30> <CoreInst = "Cmp">   --->   Core 9 'Cmp' <Latency = 0> <II = 1> <Delay = 1.30> <FuncUnit> <Opcode : 'seteq' 'setne' 'setle' 'setge' 'setlt' 'setgt'> <InPorts = 2> <OutPorts = 1>
ST_25 : Operation 146 [1/1] (0.33ns)   --->   "%or_ln809 = or i1 %icmp_ln809_1, i1 %icmp_ln809" [posit_lib.cpp:809->posit_lib.cpp:833->posit_lib.cpp:1182->posit_lib.cpp:1215->posit_lib.cpp:1302]   --->   Operation 146 'or' 'or_ln809' <Predicate = true> <Delay = 0.33> <CoreInst = "LogicGate">   --->   Core 74 'LogicGate' <Latency = 0> <II = 1> <Delay = 0.33> <FuncUnit> <Opcode : 'and' 'or' 'xor'> <InPorts = 2> <OutPorts = 1>
ST_25 : Operation 147 [1/1] (0.00ns) (grouped into LUT with out node angle_assign_9)   --->   "%and_ln809 = and i1 %or_ln809, i1 %tmp_1" [posit_lib.cpp:809->posit_lib.cpp:833->posit_lib.cpp:1182->posit_lib.cpp:1215->posit_lib.cpp:1302]   --->   Operation 147 'and' 'and_ln809' <Predicate = true> <Delay = 0.00> <CoreInst = "LogicGate">   --->   Core 74 'LogicGate' <Latency = 0> <II = 1> <Delay = 0.33> <FuncUnit> <Opcode : 'and' 'or' 'xor'> <InPorts = 2> <OutPorts = 1>
ST_25 : Operation 148 [1/1] (0.00ns) (grouped into LUT with out node select_ln811)   --->   "%and_ln811 = and i1 %or_ln809, i1 %tmp_3" [posit_lib.cpp:811->posit_lib.cpp:833->posit_lib.cpp:1182->posit_lib.cpp:1215->posit_lib.cpp:1302]   --->   Operation 148 'and' 'and_ln811' <Predicate = true> <Delay = 0.00> <CoreInst = "LogicGate">   --->   Core 74 'LogicGate' <Latency = 0> <II = 1> <Delay = 0.33> <FuncUnit> <Opcode : 'and' 'or' 'xor'> <InPorts = 2> <OutPorts = 1>
ST_25 : Operation 149 [1/1] (0.49ns) (out node of the LUT)   --->   "%select_ln811 = select i1 %and_ln811, i64 %angle_assign_2, i64 %angle_assign" [posit_lib.cpp:811->posit_lib.cpp:833->posit_lib.cpp:1182->posit_lib.cpp:1215->posit_lib.cpp:1302]   --->   Operation 149 'select' 'select_ln811' <Predicate = true> <Delay = 0.49> <CoreInst = "Sel">   --->   Core 73 'Sel' <Latency = 0> <II = 1> <Delay = 0.49> <FuncUnit> <Opcode : 'select'> <InPorts = 3> <OutPorts = 1>
ST_25 : Operation 150 [1/1] (0.49ns) (out node of the LUT)   --->   "%angle_assign_9 = select i1 %and_ln809, i64 %angle_assign_1, i64 %select_ln811" [posit_lib.cpp:809->posit_lib.cpp:833->posit_lib.cpp:1182->posit_lib.cpp:1215->posit_lib.cpp:1302]   --->   Operation 150 'select' 'angle_assign_9' <Predicate = true> <Delay = 0.49> <CoreInst = "Sel">   --->   Core 73 'Sel' <Latency = 0> <II = 1> <Delay = 0.49> <FuncUnit> <Opcode : 'select'> <InPorts = 3> <OutPorts = 1>
ST_25 : Operation 151 [2/2] (3.61ns)   --->   "%tmp_5 = fcmp_ogt  i64 %angle_assign_9, i64 1.57" [posit_lib.cpp:816->posit_lib.cpp:833->posit_lib.cpp:1182->posit_lib.cpp:1215->posit_lib.cpp:1302]   --->   Operation 151 'dcmp' 'tmp_5' <Predicate = true> <Delay = 3.61> <CoreInst = "DCompare">   --->   Core 38 'DCompare' <Latency = 1> <II = 1> <Delay = 3.61> <FuncUnit> <Opcode : 'dcmp'> <InPorts = 2> <OutPorts = 1>
ST_25 : Operation 152 [2/2] (3.61ns)   --->   "%tmp_7 = fcmp_olt  i64 %angle_assign_9, i64 -1.57" [posit_lib.cpp:819->posit_lib.cpp:833->posit_lib.cpp:1182->posit_lib.cpp:1215->posit_lib.cpp:1302]   --->   Operation 152 'dcmp' 'tmp_7' <Predicate = true> <Delay = 3.61> <CoreInst = "DCompare">   --->   Core 38 'DCompare' <Latency = 1> <II = 1> <Delay = 3.61> <FuncUnit> <Opcode : 'dcmp'> <InPorts = 2> <OutPorts = 1>

State 26 <SV = 25> <Delay = 4.44>
ST_26 : Operation 153 [1/1] (0.00ns)   --->   "%bitcast_ln816 = bitcast i64 %angle_assign_9" [posit_lib.cpp:816->posit_lib.cpp:833->posit_lib.cpp:1182->posit_lib.cpp:1215->posit_lib.cpp:1302]   --->   Operation 153 'bitcast' 'bitcast_ln816' <Predicate = true> <Delay = 0.00>
ST_26 : Operation 154 [1/1] (0.00ns)   --->   "%tmp_4 = partselect i11 @_ssdm_op_PartSelect.i11.i64.i32.i32, i64 %bitcast_ln816, i32 52, i32 62" [posit_lib.cpp:816->posit_lib.cpp:833->posit_lib.cpp:1182->posit_lib.cpp:1215->posit_lib.cpp:1302]   --->   Operation 154 'partselect' 'tmp_4' <Predicate = true> <Delay = 0.00>
ST_26 : Operation 155 [1/1] (0.00ns)   --->   "%trunc_ln816 = trunc i64 %bitcast_ln816" [posit_lib.cpp:816->posit_lib.cpp:833->posit_lib.cpp:1182->posit_lib.cpp:1215->posit_lib.cpp:1302]   --->   Operation 155 'trunc' 'trunc_ln816' <Predicate = true> <Delay = 0.00>
ST_26 : Operation 156 [1/1] (0.94ns)   --->   "%icmp_ln816 = icmp_ne  i11 %tmp_4, i11 2047" [posit_lib.cpp:816->posit_lib.cpp:833->posit_lib.cpp:1182->posit_lib.cpp:1215->posit_lib.cpp:1302]   --->   Operation 156 'icmp' 'icmp_ln816' <Predicate = true> <Delay = 0.94> <CoreInst = "Cmp">   --->   Core 9 'Cmp' <Latency = 0> <II = 1> <Delay = 0.94> <FuncUnit> <Opcode : 'seteq' 'setne' 'setle' 'setge' 'setlt' 'setgt'> <InPorts = 2> <OutPorts = 1>
ST_26 : Operation 157 [1/1] (1.30ns)   --->   "%icmp_ln816_1 = icmp_eq  i52 %trunc_ln816, i52 0" [posit_lib.cpp:816->posit_lib.cpp:833->posit_lib.cpp:1182->posit_lib.cpp:1215->posit_lib.cpp:1302]   --->   Operation 157 'icmp' 'icmp_ln816_1' <Predicate = true> <Delay = 1.30> <CoreInst = "Cmp">   --->   Core 9 'Cmp' <Latency = 0> <II = 1> <Delay = 1.30> <FuncUnit> <Opcode : 'seteq' 'setne' 'setle' 'setge' 'setlt' 'setgt'> <InPorts = 2> <OutPorts = 1>
ST_26 : Operation 158 [1/1] (0.33ns)   --->   "%or_ln816 = or i1 %icmp_ln816_1, i1 %icmp_ln816" [posit_lib.cpp:816->posit_lib.cpp:833->posit_lib.cpp:1182->posit_lib.cpp:1215->posit_lib.cpp:1302]   --->   Operation 158 'or' 'or_ln816' <Predicate = true> <Delay = 0.33> <CoreInst = "LogicGate">   --->   Core 74 'LogicGate' <Latency = 0> <II = 1> <Delay = 0.33> <FuncUnit> <Opcode : 'and' 'or' 'xor'> <InPorts = 2> <OutPorts = 1>
ST_26 : Operation 159 [1/2] (3.61ns)   --->   "%tmp_5 = fcmp_ogt  i64 %angle_assign_9, i64 1.57" [posit_lib.cpp:816->posit_lib.cpp:833->posit_lib.cpp:1182->posit_lib.cpp:1215->posit_lib.cpp:1302]   --->   Operation 159 'dcmp' 'tmp_5' <Predicate = true> <Delay = 3.61> <CoreInst = "DCompare">   --->   Core 38 'DCompare' <Latency = 1> <II = 1> <Delay = 3.61> <FuncUnit> <Opcode : 'dcmp'> <InPorts = 2> <OutPorts = 1>
ST_26 : Operation 160 [1/1] (0.33ns)   --->   "%and_ln816 = and i1 %or_ln816, i1 %tmp_5" [posit_lib.cpp:816->posit_lib.cpp:833->posit_lib.cpp:1182->posit_lib.cpp:1215->posit_lib.cpp:1302]   --->   Operation 160 'and' 'and_ln816' <Predicate = true> <Delay = 0.33> <CoreInst = "LogicGate">   --->   Core 74 'LogicGate' <Latency = 0> <II = 1> <Delay = 0.33> <FuncUnit> <Opcode : 'and' 'or' 'xor'> <InPorts = 2> <OutPorts = 1>
ST_26 : Operation 161 [1/2] (3.61ns)   --->   "%tmp_7 = fcmp_olt  i64 %angle_assign_9, i64 -1.57" [posit_lib.cpp:819->posit_lib.cpp:833->posit_lib.cpp:1182->posit_lib.cpp:1215->posit_lib.cpp:1302]   --->   Operation 161 'dcmp' 'tmp_7' <Predicate = true> <Delay = 3.61> <CoreInst = "DCompare">   --->   Core 38 'DCompare' <Latency = 1> <II = 1> <Delay = 3.61> <FuncUnit> <Opcode : 'dcmp'> <InPorts = 2> <OutPorts = 1>
ST_26 : Operation 162 [1/1] (0.33ns)   --->   "%and_ln819 = and i1 %or_ln816, i1 %tmp_7" [posit_lib.cpp:819->posit_lib.cpp:833->posit_lib.cpp:1182->posit_lib.cpp:1215->posit_lib.cpp:1302]   --->   Operation 162 'and' 'and_ln819' <Predicate = true> <Delay = 0.33> <CoreInst = "LogicGate">   --->   Core 74 'LogicGate' <Latency = 0> <II = 1> <Delay = 0.33> <FuncUnit> <Opcode : 'and' 'or' 'xor'> <InPorts = 2> <OutPorts = 1>
ST_26 : Operation 163 [1/1] (0.49ns)   --->   "%empty_15 = select i1 %and_ln816, i64 3.14, i64 -3.14" [posit_lib.cpp:816->posit_lib.cpp:833->posit_lib.cpp:1182->posit_lib.cpp:1215->posit_lib.cpp:1302]   --->   Operation 163 'select' 'empty_15' <Predicate = true> <Delay = 0.49> <CoreInst = "Sel">   --->   Core 73 'Sel' <Latency = 0> <II = 1> <Delay = 0.49> <FuncUnit> <Opcode : 'select'> <InPorts = 3> <OutPorts = 1>

State 27 <SV = 26> <Delay = 6.91>
ST_27 : Operation 164 [5/5] (6.91ns)   --->   "%angle_assign_5 = dsub i64 %empty_15, i64 %angle_assign_9" [posit_lib.cpp:806->posit_lib.cpp:833->posit_lib.cpp:1182->posit_lib.cpp:1215->posit_lib.cpp:1302]   --->   Operation 164 'dsub' 'angle_assign_5' <Predicate = true> <Delay = 6.91> <CoreInst = "DAddSub_fulldsp">   --->   Core 37 'DAddSub_fulldsp' <Latency = 4> <II = 1> <Delay = 6.91> <FuncUnit> <Opcode : 'dadd' 'dsub'> <InPorts = 2> <OutPorts = 1>
ST_27 : Operation 165 [5/5] (6.91ns)   --->   "%angle_assign_s = dsub i64 3.14, i64 %angle_assign_9" [posit_lib.cpp:1024->posit_lib.cpp:1033->posit_lib.cpp:1183->posit_lib.cpp:1215->posit_lib.cpp:1302]   --->   Operation 165 'dsub' 'angle_assign_s' <Predicate = (and_ln816)> <Delay = 6.91> <CoreInst = "DAddSub_fulldsp">   --->   Core 37 'DAddSub_fulldsp' <Latency = 4> <II = 1> <Delay = 6.91> <FuncUnit> <Opcode : 'dadd' 'dsub'> <InPorts = 2> <OutPorts = 1>
ST_27 : Operation 166 [5/5] (6.91ns)   --->   "%angle_assign_3 = dsub i64 -3.14, i64 %angle_assign_9" [posit_lib.cpp:1026->posit_lib.cpp:1033->posit_lib.cpp:1183->posit_lib.cpp:1215->posit_lib.cpp:1302]   --->   Operation 166 'dsub' 'angle_assign_3' <Predicate = (and_ln819 & !and_ln816)> <Delay = 6.91> <CoreInst = "DAddSub_fulldsp">   --->   Core 37 'DAddSub_fulldsp' <Latency = 4> <II = 1> <Delay = 6.91> <FuncUnit> <Opcode : 'dadd' 'dsub'> <InPorts = 2> <OutPorts = 1>

State 28 <SV = 27> <Delay = 6.91>
ST_28 : Operation 167 [4/5] (6.91ns)   --->   "%angle_assign_5 = dsub i64 %empty_15, i64 %angle_assign_9" [posit_lib.cpp:806->posit_lib.cpp:833->posit_lib.cpp:1182->posit_lib.cpp:1215->posit_lib.cpp:1302]   --->   Operation 167 'dsub' 'angle_assign_5' <Predicate = true> <Delay = 6.91> <CoreInst = "DAddSub_fulldsp">   --->   Core 37 'DAddSub_fulldsp' <Latency = 4> <II = 1> <Delay = 6.91> <FuncUnit> <Opcode : 'dadd' 'dsub'> <InPorts = 2> <OutPorts = 1>
ST_28 : Operation 168 [4/5] (6.91ns)   --->   "%angle_assign_s = dsub i64 3.14, i64 %angle_assign_9" [posit_lib.cpp:1024->posit_lib.cpp:1033->posit_lib.cpp:1183->posit_lib.cpp:1215->posit_lib.cpp:1302]   --->   Operation 168 'dsub' 'angle_assign_s' <Predicate = (and_ln816)> <Delay = 6.91> <CoreInst = "DAddSub_fulldsp">   --->   Core 37 'DAddSub_fulldsp' <Latency = 4> <II = 1> <Delay = 6.91> <FuncUnit> <Opcode : 'dadd' 'dsub'> <InPorts = 2> <OutPorts = 1>
ST_28 : Operation 169 [4/5] (6.91ns)   --->   "%angle_assign_3 = dsub i64 -3.14, i64 %angle_assign_9" [posit_lib.cpp:1026->posit_lib.cpp:1033->posit_lib.cpp:1183->posit_lib.cpp:1215->posit_lib.cpp:1302]   --->   Operation 169 'dsub' 'angle_assign_3' <Predicate = (and_ln819 & !and_ln816)> <Delay = 6.91> <CoreInst = "DAddSub_fulldsp">   --->   Core 37 'DAddSub_fulldsp' <Latency = 4> <II = 1> <Delay = 6.91> <FuncUnit> <Opcode : 'dadd' 'dsub'> <InPorts = 2> <OutPorts = 1>

State 29 <SV = 28> <Delay = 6.91>
ST_29 : Operation 170 [3/5] (6.91ns)   --->   "%angle_assign_5 = dsub i64 %empty_15, i64 %angle_assign_9" [posit_lib.cpp:806->posit_lib.cpp:833->posit_lib.cpp:1182->posit_lib.cpp:1215->posit_lib.cpp:1302]   --->   Operation 170 'dsub' 'angle_assign_5' <Predicate = true> <Delay = 6.91> <CoreInst = "DAddSub_fulldsp">   --->   Core 37 'DAddSub_fulldsp' <Latency = 4> <II = 1> <Delay = 6.91> <FuncUnit> <Opcode : 'dadd' 'dsub'> <InPorts = 2> <OutPorts = 1>
ST_29 : Operation 171 [3/5] (6.91ns)   --->   "%angle_assign_s = dsub i64 3.14, i64 %angle_assign_9" [posit_lib.cpp:1024->posit_lib.cpp:1033->posit_lib.cpp:1183->posit_lib.cpp:1215->posit_lib.cpp:1302]   --->   Operation 171 'dsub' 'angle_assign_s' <Predicate = (and_ln816)> <Delay = 6.91> <CoreInst = "DAddSub_fulldsp">   --->   Core 37 'DAddSub_fulldsp' <Latency = 4> <II = 1> <Delay = 6.91> <FuncUnit> <Opcode : 'dadd' 'dsub'> <InPorts = 2> <OutPorts = 1>
ST_29 : Operation 172 [3/5] (6.91ns)   --->   "%angle_assign_3 = dsub i64 -3.14, i64 %angle_assign_9" [posit_lib.cpp:1026->posit_lib.cpp:1033->posit_lib.cpp:1183->posit_lib.cpp:1215->posit_lib.cpp:1302]   --->   Operation 172 'dsub' 'angle_assign_3' <Predicate = (and_ln819 & !and_ln816)> <Delay = 6.91> <CoreInst = "DAddSub_fulldsp">   --->   Core 37 'DAddSub_fulldsp' <Latency = 4> <II = 1> <Delay = 6.91> <FuncUnit> <Opcode : 'dadd' 'dsub'> <InPorts = 2> <OutPorts = 1>

State 30 <SV = 29> <Delay = 6.91>
ST_30 : Operation 173 [2/5] (6.91ns)   --->   "%angle_assign_5 = dsub i64 %empty_15, i64 %angle_assign_9" [posit_lib.cpp:806->posit_lib.cpp:833->posit_lib.cpp:1182->posit_lib.cpp:1215->posit_lib.cpp:1302]   --->   Operation 173 'dsub' 'angle_assign_5' <Predicate = true> <Delay = 6.91> <CoreInst = "DAddSub_fulldsp">   --->   Core 37 'DAddSub_fulldsp' <Latency = 4> <II = 1> <Delay = 6.91> <FuncUnit> <Opcode : 'dadd' 'dsub'> <InPorts = 2> <OutPorts = 1>
ST_30 : Operation 174 [2/5] (6.91ns)   --->   "%angle_assign_s = dsub i64 3.14, i64 %angle_assign_9" [posit_lib.cpp:1024->posit_lib.cpp:1033->posit_lib.cpp:1183->posit_lib.cpp:1215->posit_lib.cpp:1302]   --->   Operation 174 'dsub' 'angle_assign_s' <Predicate = (and_ln816)> <Delay = 6.91> <CoreInst = "DAddSub_fulldsp">   --->   Core 37 'DAddSub_fulldsp' <Latency = 4> <II = 1> <Delay = 6.91> <FuncUnit> <Opcode : 'dadd' 'dsub'> <InPorts = 2> <OutPorts = 1>
ST_30 : Operation 175 [2/5] (6.91ns)   --->   "%angle_assign_3 = dsub i64 -3.14, i64 %angle_assign_9" [posit_lib.cpp:1026->posit_lib.cpp:1033->posit_lib.cpp:1183->posit_lib.cpp:1215->posit_lib.cpp:1302]   --->   Operation 175 'dsub' 'angle_assign_3' <Predicate = (and_ln819 & !and_ln816)> <Delay = 6.91> <CoreInst = "DAddSub_fulldsp">   --->   Core 37 'DAddSub_fulldsp' <Latency = 4> <II = 1> <Delay = 6.91> <FuncUnit> <Opcode : 'dadd' 'dsub'> <InPorts = 2> <OutPorts = 1>

State 31 <SV = 30> <Delay = 6.91>
ST_31 : Operation 176 [1/5] (6.91ns)   --->   "%angle_assign_5 = dsub i64 %empty_15, i64 %angle_assign_9" [posit_lib.cpp:806->posit_lib.cpp:833->posit_lib.cpp:1182->posit_lib.cpp:1215->posit_lib.cpp:1302]   --->   Operation 176 'dsub' 'angle_assign_5' <Predicate = true> <Delay = 6.91> <CoreInst = "DAddSub_fulldsp">   --->   Core 37 'DAddSub_fulldsp' <Latency = 4> <II = 1> <Delay = 6.91> <FuncUnit> <Opcode : 'dadd' 'dsub'> <InPorts = 2> <OutPorts = 1>
ST_31 : Operation 177 [1/5] (6.91ns)   --->   "%angle_assign_s = dsub i64 3.14, i64 %angle_assign_9" [posit_lib.cpp:1024->posit_lib.cpp:1033->posit_lib.cpp:1183->posit_lib.cpp:1215->posit_lib.cpp:1302]   --->   Operation 177 'dsub' 'angle_assign_s' <Predicate = (and_ln816)> <Delay = 6.91> <CoreInst = "DAddSub_fulldsp">   --->   Core 37 'DAddSub_fulldsp' <Latency = 4> <II = 1> <Delay = 6.91> <FuncUnit> <Opcode : 'dadd' 'dsub'> <InPorts = 2> <OutPorts = 1>
ST_31 : Operation 178 [1/5] (6.91ns)   --->   "%angle_assign_3 = dsub i64 -3.14, i64 %angle_assign_9" [posit_lib.cpp:1026->posit_lib.cpp:1033->posit_lib.cpp:1183->posit_lib.cpp:1215->posit_lib.cpp:1302]   --->   Operation 178 'dsub' 'angle_assign_3' <Predicate = (and_ln819 & !and_ln816)> <Delay = 6.91> <CoreInst = "DAddSub_fulldsp">   --->   Core 37 'DAddSub_fulldsp' <Latency = 4> <II = 1> <Delay = 6.91> <FuncUnit> <Opcode : 'dadd' 'dsub'> <InPorts = 2> <OutPorts = 1>

State 32 <SV = 31> <Delay = 7.10>
ST_32 : Operation 179 [6/6] (6.60ns)   --->   "%mul_i_i_i2 = dmul i64 %angle_assign_5, i64 %angle_assign_5" [posit_lib.cpp:835->posit_lib.cpp:1182->posit_lib.cpp:1215->posit_lib.cpp:1302]   --->   Operation 179 'dmul' 'mul_i_i_i2' <Predicate = true> <Delay = 6.60> <CoreInst = "DMul_maxdsp">   --->   Core 49 'DMul_maxdsp' <Latency = 5> <II = 1> <Delay = 6.60> <FuncUnit> <Opcode : 'dmul'> <InPorts = 2> <OutPorts = 1>
ST_32 : Operation 180 [6/6] (6.60ns)   --->   "%x2 = dmul i64 %angle_assign_9, i64 %angle_assign_9" [posit_lib.cpp:835->posit_lib.cpp:1182->posit_lib.cpp:1215->posit_lib.cpp:1302]   --->   Operation 180 'dmul' 'x2' <Predicate = true> <Delay = 6.60> <CoreInst = "DMul_maxdsp">   --->   Core 49 'DMul_maxdsp' <Latency = 5> <II = 1> <Delay = 6.60> <FuncUnit> <Opcode : 'dmul'> <InPorts = 2> <OutPorts = 1>
ST_32 : Operation 181 [1/1] (0.00ns) (grouped into LUT with out node term1)   --->   "%select_ln1025 = select i1 %and_ln819, i64 %angle_assign_3, i64 %angle_assign_9" [posit_lib.cpp:1025->posit_lib.cpp:1033->posit_lib.cpp:1183->posit_lib.cpp:1215->posit_lib.cpp:1302]   --->   Operation 181 'select' 'select_ln1025' <Predicate = (!and_ln816)> <Delay = 0.00> <CoreInst = "Sel">   --->   Core 73 'Sel' <Latency = 0> <II = 1> <Delay = 0.49> <FuncUnit> <Opcode : 'select'> <InPorts = 3> <OutPorts = 1>
ST_32 : Operation 182 [1/1] (0.49ns) (out node of the LUT)   --->   "%term1 = select i1 %and_ln816, i64 %angle_assign_s, i64 %select_ln1025" [posit_lib.cpp:816->posit_lib.cpp:833->posit_lib.cpp:1182->posit_lib.cpp:1215->posit_lib.cpp:1302]   --->   Operation 182 'select' 'term1' <Predicate = true> <Delay = 0.49> <CoreInst = "Sel">   --->   Core 73 'Sel' <Latency = 0> <II = 1> <Delay = 0.49> <FuncUnit> <Opcode : 'select'> <InPorts = 3> <OutPorts = 1>
ST_32 : Operation 183 [6/6] (6.60ns)   --->   "%mul_i18_i_i = dmul i64 %term1, i64 %term1" [posit_lib.cpp:1039->posit_lib.cpp:1183->posit_lib.cpp:1215->posit_lib.cpp:1302]   --->   Operation 183 'dmul' 'mul_i18_i_i' <Predicate = true> <Delay = 6.60> <CoreInst = "DMul_maxdsp">   --->   Core 49 'DMul_maxdsp' <Latency = 5> <II = 1> <Delay = 6.60> <FuncUnit> <Opcode : 'dmul'> <InPorts = 2> <OutPorts = 1>

State 33 <SV = 32> <Delay = 6.60>
ST_33 : Operation 184 [5/6] (6.60ns)   --->   "%mul_i_i_i2 = dmul i64 %angle_assign_5, i64 %angle_assign_5" [posit_lib.cpp:835->posit_lib.cpp:1182->posit_lib.cpp:1215->posit_lib.cpp:1302]   --->   Operation 184 'dmul' 'mul_i_i_i2' <Predicate = true> <Delay = 6.60> <CoreInst = "DMul_maxdsp">   --->   Core 49 'DMul_maxdsp' <Latency = 5> <II = 1> <Delay = 6.60> <FuncUnit> <Opcode : 'dmul'> <InPorts = 2> <OutPorts = 1>
ST_33 : Operation 185 [5/6] (6.60ns)   --->   "%x2 = dmul i64 %angle_assign_9, i64 %angle_assign_9" [posit_lib.cpp:835->posit_lib.cpp:1182->posit_lib.cpp:1215->posit_lib.cpp:1302]   --->   Operation 185 'dmul' 'x2' <Predicate = true> <Delay = 6.60> <CoreInst = "DMul_maxdsp">   --->   Core 49 'DMul_maxdsp' <Latency = 5> <II = 1> <Delay = 6.60> <FuncUnit> <Opcode : 'dmul'> <InPorts = 2> <OutPorts = 1>
ST_33 : Operation 186 [5/6] (6.60ns)   --->   "%mul_i18_i_i = dmul i64 %term1, i64 %term1" [posit_lib.cpp:1039->posit_lib.cpp:1183->posit_lib.cpp:1215->posit_lib.cpp:1302]   --->   Operation 186 'dmul' 'mul_i18_i_i' <Predicate = true> <Delay = 6.60> <CoreInst = "DMul_maxdsp">   --->   Core 49 'DMul_maxdsp' <Latency = 5> <II = 1> <Delay = 6.60> <FuncUnit> <Opcode : 'dmul'> <InPorts = 2> <OutPorts = 1>

State 34 <SV = 33> <Delay = 6.60>
ST_34 : Operation 187 [4/6] (6.60ns)   --->   "%mul_i_i_i2 = dmul i64 %angle_assign_5, i64 %angle_assign_5" [posit_lib.cpp:835->posit_lib.cpp:1182->posit_lib.cpp:1215->posit_lib.cpp:1302]   --->   Operation 187 'dmul' 'mul_i_i_i2' <Predicate = true> <Delay = 6.60> <CoreInst = "DMul_maxdsp">   --->   Core 49 'DMul_maxdsp' <Latency = 5> <II = 1> <Delay = 6.60> <FuncUnit> <Opcode : 'dmul'> <InPorts = 2> <OutPorts = 1>
ST_34 : Operation 188 [4/6] (6.60ns)   --->   "%x2 = dmul i64 %angle_assign_9, i64 %angle_assign_9" [posit_lib.cpp:835->posit_lib.cpp:1182->posit_lib.cpp:1215->posit_lib.cpp:1302]   --->   Operation 188 'dmul' 'x2' <Predicate = true> <Delay = 6.60> <CoreInst = "DMul_maxdsp">   --->   Core 49 'DMul_maxdsp' <Latency = 5> <II = 1> <Delay = 6.60> <FuncUnit> <Opcode : 'dmul'> <InPorts = 2> <OutPorts = 1>
ST_34 : Operation 189 [4/6] (6.60ns)   --->   "%mul_i18_i_i = dmul i64 %term1, i64 %term1" [posit_lib.cpp:1039->posit_lib.cpp:1183->posit_lib.cpp:1215->posit_lib.cpp:1302]   --->   Operation 189 'dmul' 'mul_i18_i_i' <Predicate = true> <Delay = 6.60> <CoreInst = "DMul_maxdsp">   --->   Core 49 'DMul_maxdsp' <Latency = 5> <II = 1> <Delay = 6.60> <FuncUnit> <Opcode : 'dmul'> <InPorts = 2> <OutPorts = 1>

State 35 <SV = 34> <Delay = 6.60>
ST_35 : Operation 190 [3/6] (6.60ns)   --->   "%mul_i_i_i2 = dmul i64 %angle_assign_5, i64 %angle_assign_5" [posit_lib.cpp:835->posit_lib.cpp:1182->posit_lib.cpp:1215->posit_lib.cpp:1302]   --->   Operation 190 'dmul' 'mul_i_i_i2' <Predicate = true> <Delay = 6.60> <CoreInst = "DMul_maxdsp">   --->   Core 49 'DMul_maxdsp' <Latency = 5> <II = 1> <Delay = 6.60> <FuncUnit> <Opcode : 'dmul'> <InPorts = 2> <OutPorts = 1>
ST_35 : Operation 191 [3/6] (6.60ns)   --->   "%x2 = dmul i64 %angle_assign_9, i64 %angle_assign_9" [posit_lib.cpp:835->posit_lib.cpp:1182->posit_lib.cpp:1215->posit_lib.cpp:1302]   --->   Operation 191 'dmul' 'x2' <Predicate = true> <Delay = 6.60> <CoreInst = "DMul_maxdsp">   --->   Core 49 'DMul_maxdsp' <Latency = 5> <II = 1> <Delay = 6.60> <FuncUnit> <Opcode : 'dmul'> <InPorts = 2> <OutPorts = 1>
ST_35 : Operation 192 [3/6] (6.60ns)   --->   "%mul_i18_i_i = dmul i64 %term1, i64 %term1" [posit_lib.cpp:1039->posit_lib.cpp:1183->posit_lib.cpp:1215->posit_lib.cpp:1302]   --->   Operation 192 'dmul' 'mul_i18_i_i' <Predicate = true> <Delay = 6.60> <CoreInst = "DMul_maxdsp">   --->   Core 49 'DMul_maxdsp' <Latency = 5> <II = 1> <Delay = 6.60> <FuncUnit> <Opcode : 'dmul'> <InPorts = 2> <OutPorts = 1>

State 36 <SV = 35> <Delay = 6.60>
ST_36 : Operation 193 [2/6] (6.60ns)   --->   "%mul_i_i_i2 = dmul i64 %angle_assign_5, i64 %angle_assign_5" [posit_lib.cpp:835->posit_lib.cpp:1182->posit_lib.cpp:1215->posit_lib.cpp:1302]   --->   Operation 193 'dmul' 'mul_i_i_i2' <Predicate = true> <Delay = 6.60> <CoreInst = "DMul_maxdsp">   --->   Core 49 'DMul_maxdsp' <Latency = 5> <II = 1> <Delay = 6.60> <FuncUnit> <Opcode : 'dmul'> <InPorts = 2> <OutPorts = 1>
ST_36 : Operation 194 [2/6] (6.60ns)   --->   "%x2 = dmul i64 %angle_assign_9, i64 %angle_assign_9" [posit_lib.cpp:835->posit_lib.cpp:1182->posit_lib.cpp:1215->posit_lib.cpp:1302]   --->   Operation 194 'dmul' 'x2' <Predicate = true> <Delay = 6.60> <CoreInst = "DMul_maxdsp">   --->   Core 49 'DMul_maxdsp' <Latency = 5> <II = 1> <Delay = 6.60> <FuncUnit> <Opcode : 'dmul'> <InPorts = 2> <OutPorts = 1>
ST_36 : Operation 195 [2/6] (6.60ns)   --->   "%mul_i18_i_i = dmul i64 %term1, i64 %term1" [posit_lib.cpp:1039->posit_lib.cpp:1183->posit_lib.cpp:1215->posit_lib.cpp:1302]   --->   Operation 195 'dmul' 'mul_i18_i_i' <Predicate = true> <Delay = 6.60> <CoreInst = "DMul_maxdsp">   --->   Core 49 'DMul_maxdsp' <Latency = 5> <II = 1> <Delay = 6.60> <FuncUnit> <Opcode : 'dmul'> <InPorts = 2> <OutPorts = 1>

State 37 <SV = 36> <Delay = 6.60>
ST_37 : Operation 196 [1/6] (6.60ns)   --->   "%mul_i_i_i2 = dmul i64 %angle_assign_5, i64 %angle_assign_5" [posit_lib.cpp:835->posit_lib.cpp:1182->posit_lib.cpp:1215->posit_lib.cpp:1302]   --->   Operation 196 'dmul' 'mul_i_i_i2' <Predicate = true> <Delay = 6.60> <CoreInst = "DMul_maxdsp">   --->   Core 49 'DMul_maxdsp' <Latency = 5> <II = 1> <Delay = 6.60> <FuncUnit> <Opcode : 'dmul'> <InPorts = 2> <OutPorts = 1>
ST_37 : Operation 197 [1/6] (6.60ns)   --->   "%x2 = dmul i64 %angle_assign_9, i64 %angle_assign_9" [posit_lib.cpp:835->posit_lib.cpp:1182->posit_lib.cpp:1215->posit_lib.cpp:1302]   --->   Operation 197 'dmul' 'x2' <Predicate = true> <Delay = 6.60> <CoreInst = "DMul_maxdsp">   --->   Core 49 'DMul_maxdsp' <Latency = 5> <II = 1> <Delay = 6.60> <FuncUnit> <Opcode : 'dmul'> <InPorts = 2> <OutPorts = 1>
ST_37 : Operation 198 [1/6] (6.60ns)   --->   "%mul_i18_i_i = dmul i64 %term1, i64 %term1" [posit_lib.cpp:1039->posit_lib.cpp:1183->posit_lib.cpp:1215->posit_lib.cpp:1302]   --->   Operation 198 'dmul' 'mul_i18_i_i' <Predicate = true> <Delay = 6.60> <CoreInst = "DMul_maxdsp">   --->   Core 49 'DMul_maxdsp' <Latency = 5> <II = 1> <Delay = 6.60> <FuncUnit> <Opcode : 'dmul'> <InPorts = 2> <OutPorts = 1>

State 38 <SV = 37> <Delay = 6.60>
ST_38 : Operation 199 [6/6] (6.60ns)   --->   "%div_i_i_i3 = dmul i64 %mul_i_i_i2, i64 0.5" [posit_lib.cpp:837->posit_lib.cpp:1182->posit_lib.cpp:1215->posit_lib.cpp:1302]   --->   Operation 199 'dmul' 'div_i_i_i3' <Predicate = true> <Delay = 6.60> <CoreInst = "DMul_maxdsp">   --->   Core 49 'DMul_maxdsp' <Latency = 5> <II = 1> <Delay = 6.60> <FuncUnit> <Opcode : 'dmul'> <InPorts = 2> <OutPorts = 1>
ST_38 : Operation 200 [6/6] (6.60ns)   --->   "%term2 = dmul i64 %x2, i64 0.5" [posit_lib.cpp:837->posit_lib.cpp:1182->posit_lib.cpp:1215->posit_lib.cpp:1302]   --->   Operation 200 'dmul' 'term2' <Predicate = true> <Delay = 6.60> <CoreInst = "DMul_maxdsp">   --->   Core 49 'DMul_maxdsp' <Latency = 5> <II = 1> <Delay = 6.60> <FuncUnit> <Opcode : 'dmul'> <InPorts = 2> <OutPorts = 1>
ST_38 : Operation 201 [6/6] (6.60ns)   --->   "%mul1_i_i_i = dmul i64 %mul_i18_i_i, i64 %term1" [posit_lib.cpp:1039->posit_lib.cpp:1183->posit_lib.cpp:1215->posit_lib.cpp:1302]   --->   Operation 201 'dmul' 'mul1_i_i_i' <Predicate = true> <Delay = 6.60> <CoreInst = "DMul_maxdsp">   --->   Core 49 'DMul_maxdsp' <Latency = 5> <II = 1> <Delay = 6.60> <FuncUnit> <Opcode : 'dmul'> <InPorts = 2> <OutPorts = 1>

State 39 <SV = 38> <Delay = 6.60>
ST_39 : Operation 202 [5/6] (6.60ns)   --->   "%div_i_i_i3 = dmul i64 %mul_i_i_i2, i64 0.5" [posit_lib.cpp:837->posit_lib.cpp:1182->posit_lib.cpp:1215->posit_lib.cpp:1302]   --->   Operation 202 'dmul' 'div_i_i_i3' <Predicate = true> <Delay = 6.60> <CoreInst = "DMul_maxdsp">   --->   Core 49 'DMul_maxdsp' <Latency = 5> <II = 1> <Delay = 6.60> <FuncUnit> <Opcode : 'dmul'> <InPorts = 2> <OutPorts = 1>
ST_39 : Operation 203 [5/6] (6.60ns)   --->   "%term2 = dmul i64 %x2, i64 0.5" [posit_lib.cpp:837->posit_lib.cpp:1182->posit_lib.cpp:1215->posit_lib.cpp:1302]   --->   Operation 203 'dmul' 'term2' <Predicate = true> <Delay = 6.60> <CoreInst = "DMul_maxdsp">   --->   Core 49 'DMul_maxdsp' <Latency = 5> <II = 1> <Delay = 6.60> <FuncUnit> <Opcode : 'dmul'> <InPorts = 2> <OutPorts = 1>
ST_39 : Operation 204 [5/6] (6.60ns)   --->   "%mul1_i_i_i = dmul i64 %mul_i18_i_i, i64 %term1" [posit_lib.cpp:1039->posit_lib.cpp:1183->posit_lib.cpp:1215->posit_lib.cpp:1302]   --->   Operation 204 'dmul' 'mul1_i_i_i' <Predicate = true> <Delay = 6.60> <CoreInst = "DMul_maxdsp">   --->   Core 49 'DMul_maxdsp' <Latency = 5> <II = 1> <Delay = 6.60> <FuncUnit> <Opcode : 'dmul'> <InPorts = 2> <OutPorts = 1>

State 40 <SV = 39> <Delay = 6.60>
ST_40 : Operation 205 [4/6] (6.60ns)   --->   "%div_i_i_i3 = dmul i64 %mul_i_i_i2, i64 0.5" [posit_lib.cpp:837->posit_lib.cpp:1182->posit_lib.cpp:1215->posit_lib.cpp:1302]   --->   Operation 205 'dmul' 'div_i_i_i3' <Predicate = true> <Delay = 6.60> <CoreInst = "DMul_maxdsp">   --->   Core 49 'DMul_maxdsp' <Latency = 5> <II = 1> <Delay = 6.60> <FuncUnit> <Opcode : 'dmul'> <InPorts = 2> <OutPorts = 1>
ST_40 : Operation 206 [4/6] (6.60ns)   --->   "%term2 = dmul i64 %x2, i64 0.5" [posit_lib.cpp:837->posit_lib.cpp:1182->posit_lib.cpp:1215->posit_lib.cpp:1302]   --->   Operation 206 'dmul' 'term2' <Predicate = true> <Delay = 6.60> <CoreInst = "DMul_maxdsp">   --->   Core 49 'DMul_maxdsp' <Latency = 5> <II = 1> <Delay = 6.60> <FuncUnit> <Opcode : 'dmul'> <InPorts = 2> <OutPorts = 1>
ST_40 : Operation 207 [4/6] (6.60ns)   --->   "%mul1_i_i_i = dmul i64 %mul_i18_i_i, i64 %term1" [posit_lib.cpp:1039->posit_lib.cpp:1183->posit_lib.cpp:1215->posit_lib.cpp:1302]   --->   Operation 207 'dmul' 'mul1_i_i_i' <Predicate = true> <Delay = 6.60> <CoreInst = "DMul_maxdsp">   --->   Core 49 'DMul_maxdsp' <Latency = 5> <II = 1> <Delay = 6.60> <FuncUnit> <Opcode : 'dmul'> <InPorts = 2> <OutPorts = 1>

State 41 <SV = 40> <Delay = 6.60>
ST_41 : Operation 208 [3/6] (6.60ns)   --->   "%div_i_i_i3 = dmul i64 %mul_i_i_i2, i64 0.5" [posit_lib.cpp:837->posit_lib.cpp:1182->posit_lib.cpp:1215->posit_lib.cpp:1302]   --->   Operation 208 'dmul' 'div_i_i_i3' <Predicate = true> <Delay = 6.60> <CoreInst = "DMul_maxdsp">   --->   Core 49 'DMul_maxdsp' <Latency = 5> <II = 1> <Delay = 6.60> <FuncUnit> <Opcode : 'dmul'> <InPorts = 2> <OutPorts = 1>
ST_41 : Operation 209 [3/6] (6.60ns)   --->   "%term2 = dmul i64 %x2, i64 0.5" [posit_lib.cpp:837->posit_lib.cpp:1182->posit_lib.cpp:1215->posit_lib.cpp:1302]   --->   Operation 209 'dmul' 'term2' <Predicate = true> <Delay = 6.60> <CoreInst = "DMul_maxdsp">   --->   Core 49 'DMul_maxdsp' <Latency = 5> <II = 1> <Delay = 6.60> <FuncUnit> <Opcode : 'dmul'> <InPorts = 2> <OutPorts = 1>
ST_41 : Operation 210 [3/6] (6.60ns)   --->   "%mul1_i_i_i = dmul i64 %mul_i18_i_i, i64 %term1" [posit_lib.cpp:1039->posit_lib.cpp:1183->posit_lib.cpp:1215->posit_lib.cpp:1302]   --->   Operation 210 'dmul' 'mul1_i_i_i' <Predicate = true> <Delay = 6.60> <CoreInst = "DMul_maxdsp">   --->   Core 49 'DMul_maxdsp' <Latency = 5> <II = 1> <Delay = 6.60> <FuncUnit> <Opcode : 'dmul'> <InPorts = 2> <OutPorts = 1>

State 42 <SV = 41> <Delay = 6.60>
ST_42 : Operation 211 [2/6] (6.60ns)   --->   "%div_i_i_i3 = dmul i64 %mul_i_i_i2, i64 0.5" [posit_lib.cpp:837->posit_lib.cpp:1182->posit_lib.cpp:1215->posit_lib.cpp:1302]   --->   Operation 211 'dmul' 'div_i_i_i3' <Predicate = true> <Delay = 6.60> <CoreInst = "DMul_maxdsp">   --->   Core 49 'DMul_maxdsp' <Latency = 5> <II = 1> <Delay = 6.60> <FuncUnit> <Opcode : 'dmul'> <InPorts = 2> <OutPorts = 1>
ST_42 : Operation 212 [2/6] (6.60ns)   --->   "%term2 = dmul i64 %x2, i64 0.5" [posit_lib.cpp:837->posit_lib.cpp:1182->posit_lib.cpp:1215->posit_lib.cpp:1302]   --->   Operation 212 'dmul' 'term2' <Predicate = true> <Delay = 6.60> <CoreInst = "DMul_maxdsp">   --->   Core 49 'DMul_maxdsp' <Latency = 5> <II = 1> <Delay = 6.60> <FuncUnit> <Opcode : 'dmul'> <InPorts = 2> <OutPorts = 1>
ST_42 : Operation 213 [2/6] (6.60ns)   --->   "%mul1_i_i_i = dmul i64 %mul_i18_i_i, i64 %term1" [posit_lib.cpp:1039->posit_lib.cpp:1183->posit_lib.cpp:1215->posit_lib.cpp:1302]   --->   Operation 213 'dmul' 'mul1_i_i_i' <Predicate = true> <Delay = 6.60> <CoreInst = "DMul_maxdsp">   --->   Core 49 'DMul_maxdsp' <Latency = 5> <II = 1> <Delay = 6.60> <FuncUnit> <Opcode : 'dmul'> <InPorts = 2> <OutPorts = 1>

State 43 <SV = 42> <Delay = 6.60>
ST_43 : Operation 214 [1/6] (6.60ns)   --->   "%div_i_i_i3 = dmul i64 %mul_i_i_i2, i64 0.5" [posit_lib.cpp:837->posit_lib.cpp:1182->posit_lib.cpp:1215->posit_lib.cpp:1302]   --->   Operation 214 'dmul' 'div_i_i_i3' <Predicate = true> <Delay = 6.60> <CoreInst = "DMul_maxdsp">   --->   Core 49 'DMul_maxdsp' <Latency = 5> <II = 1> <Delay = 6.60> <FuncUnit> <Opcode : 'dmul'> <InPorts = 2> <OutPorts = 1>
ST_43 : Operation 215 [1/6] (6.60ns)   --->   "%term2 = dmul i64 %x2, i64 0.5" [posit_lib.cpp:837->posit_lib.cpp:1182->posit_lib.cpp:1215->posit_lib.cpp:1302]   --->   Operation 215 'dmul' 'term2' <Predicate = true> <Delay = 6.60> <CoreInst = "DMul_maxdsp">   --->   Core 49 'DMul_maxdsp' <Latency = 5> <II = 1> <Delay = 6.60> <FuncUnit> <Opcode : 'dmul'> <InPorts = 2> <OutPorts = 1>
ST_43 : Operation 216 [1/6] (6.60ns)   --->   "%mul1_i_i_i = dmul i64 %mul_i18_i_i, i64 %term1" [posit_lib.cpp:1039->posit_lib.cpp:1183->posit_lib.cpp:1215->posit_lib.cpp:1302]   --->   Operation 216 'dmul' 'mul1_i_i_i' <Predicate = true> <Delay = 6.60> <CoreInst = "DMul_maxdsp">   --->   Core 49 'DMul_maxdsp' <Latency = 5> <II = 1> <Delay = 6.60> <FuncUnit> <Opcode : 'dmul'> <InPorts = 2> <OutPorts = 1>

State 44 <SV = 43> <Delay = 6.91>
ST_44 : Operation 217 [5/5] (6.91ns)   --->   "%sub_i_i_i4 = dsub i64 1, i64 %div_i_i_i3" [posit_lib.cpp:856->posit_lib.cpp:1182->posit_lib.cpp:1215->posit_lib.cpp:1302]   --->   Operation 217 'dsub' 'sub_i_i_i4' <Predicate = true> <Delay = 6.91> <CoreInst = "DAddSub_fulldsp">   --->   Core 37 'DAddSub_fulldsp' <Latency = 4> <II = 1> <Delay = 6.91> <FuncUnit> <Opcode : 'dadd' 'dsub'> <InPorts = 2> <OutPorts = 1>
ST_44 : Operation 218 [5/5] (6.91ns)   --->   "%sub_i_i_i = dsub i64 1, i64 %term2" [posit_lib.cpp:856->posit_lib.cpp:1182->posit_lib.cpp:1215->posit_lib.cpp:1302]   --->   Operation 218 'dsub' 'sub_i_i_i' <Predicate = true> <Delay = 6.91> <CoreInst = "DAddSub_fulldsp">   --->   Core 37 'DAddSub_fulldsp' <Latency = 4> <II = 1> <Delay = 6.91> <FuncUnit> <Opcode : 'dadd' 'dsub'> <InPorts = 2> <OutPorts = 1>
ST_44 : Operation 219 [6/6] (6.60ns)   --->   "%term2_1 = dmul i64 %mul1_i_i_i, i64 0.125" [posit_lib.cpp:1039->posit_lib.cpp:1183->posit_lib.cpp:1215->posit_lib.cpp:1302]   --->   Operation 219 'dmul' 'term2_1' <Predicate = true> <Delay = 6.60> <CoreInst = "DMul_maxdsp">   --->   Core 49 'DMul_maxdsp' <Latency = 5> <II = 1> <Delay = 6.60> <FuncUnit> <Opcode : 'dmul'> <InPorts = 2> <OutPorts = 1>

State 45 <SV = 44> <Delay = 6.91>
ST_45 : Operation 220 [4/5] (6.91ns)   --->   "%sub_i_i_i4 = dsub i64 1, i64 %div_i_i_i3" [posit_lib.cpp:856->posit_lib.cpp:1182->posit_lib.cpp:1215->posit_lib.cpp:1302]   --->   Operation 220 'dsub' 'sub_i_i_i4' <Predicate = true> <Delay = 6.91> <CoreInst = "DAddSub_fulldsp">   --->   Core 37 'DAddSub_fulldsp' <Latency = 4> <II = 1> <Delay = 6.91> <FuncUnit> <Opcode : 'dadd' 'dsub'> <InPorts = 2> <OutPorts = 1>
ST_45 : Operation 221 [4/5] (6.91ns)   --->   "%sub_i_i_i = dsub i64 1, i64 %term2" [posit_lib.cpp:856->posit_lib.cpp:1182->posit_lib.cpp:1215->posit_lib.cpp:1302]   --->   Operation 221 'dsub' 'sub_i_i_i' <Predicate = true> <Delay = 6.91> <CoreInst = "DAddSub_fulldsp">   --->   Core 37 'DAddSub_fulldsp' <Latency = 4> <II = 1> <Delay = 6.91> <FuncUnit> <Opcode : 'dadd' 'dsub'> <InPorts = 2> <OutPorts = 1>
ST_45 : Operation 222 [5/6] (6.60ns)   --->   "%term2_1 = dmul i64 %mul1_i_i_i, i64 0.125" [posit_lib.cpp:1039->posit_lib.cpp:1183->posit_lib.cpp:1215->posit_lib.cpp:1302]   --->   Operation 222 'dmul' 'term2_1' <Predicate = true> <Delay = 6.60> <CoreInst = "DMul_maxdsp">   --->   Core 49 'DMul_maxdsp' <Latency = 5> <II = 1> <Delay = 6.60> <FuncUnit> <Opcode : 'dmul'> <InPorts = 2> <OutPorts = 1>

State 46 <SV = 45> <Delay = 6.91>
ST_46 : Operation 223 [3/5] (6.91ns)   --->   "%sub_i_i_i4 = dsub i64 1, i64 %div_i_i_i3" [posit_lib.cpp:856->posit_lib.cpp:1182->posit_lib.cpp:1215->posit_lib.cpp:1302]   --->   Operation 223 'dsub' 'sub_i_i_i4' <Predicate = true> <Delay = 6.91> <CoreInst = "DAddSub_fulldsp">   --->   Core 37 'DAddSub_fulldsp' <Latency = 4> <II = 1> <Delay = 6.91> <FuncUnit> <Opcode : 'dadd' 'dsub'> <InPorts = 2> <OutPorts = 1>
ST_46 : Operation 224 [3/5] (6.91ns)   --->   "%sub_i_i_i = dsub i64 1, i64 %term2" [posit_lib.cpp:856->posit_lib.cpp:1182->posit_lib.cpp:1215->posit_lib.cpp:1302]   --->   Operation 224 'dsub' 'sub_i_i_i' <Predicate = true> <Delay = 6.91> <CoreInst = "DAddSub_fulldsp">   --->   Core 37 'DAddSub_fulldsp' <Latency = 4> <II = 1> <Delay = 6.91> <FuncUnit> <Opcode : 'dadd' 'dsub'> <InPorts = 2> <OutPorts = 1>
ST_46 : Operation 225 [4/6] (6.60ns)   --->   "%term2_1 = dmul i64 %mul1_i_i_i, i64 0.125" [posit_lib.cpp:1039->posit_lib.cpp:1183->posit_lib.cpp:1215->posit_lib.cpp:1302]   --->   Operation 225 'dmul' 'term2_1' <Predicate = true> <Delay = 6.60> <CoreInst = "DMul_maxdsp">   --->   Core 49 'DMul_maxdsp' <Latency = 5> <II = 1> <Delay = 6.60> <FuncUnit> <Opcode : 'dmul'> <InPorts = 2> <OutPorts = 1>

State 47 <SV = 46> <Delay = 6.91>
ST_47 : Operation 226 [2/5] (6.91ns)   --->   "%sub_i_i_i4 = dsub i64 1, i64 %div_i_i_i3" [posit_lib.cpp:856->posit_lib.cpp:1182->posit_lib.cpp:1215->posit_lib.cpp:1302]   --->   Operation 226 'dsub' 'sub_i_i_i4' <Predicate = true> <Delay = 6.91> <CoreInst = "DAddSub_fulldsp">   --->   Core 37 'DAddSub_fulldsp' <Latency = 4> <II = 1> <Delay = 6.91> <FuncUnit> <Opcode : 'dadd' 'dsub'> <InPorts = 2> <OutPorts = 1>
ST_47 : Operation 227 [2/5] (6.91ns)   --->   "%sub_i_i_i = dsub i64 1, i64 %term2" [posit_lib.cpp:856->posit_lib.cpp:1182->posit_lib.cpp:1215->posit_lib.cpp:1302]   --->   Operation 227 'dsub' 'sub_i_i_i' <Predicate = true> <Delay = 6.91> <CoreInst = "DAddSub_fulldsp">   --->   Core 37 'DAddSub_fulldsp' <Latency = 4> <II = 1> <Delay = 6.91> <FuncUnit> <Opcode : 'dadd' 'dsub'> <InPorts = 2> <OutPorts = 1>
ST_47 : Operation 228 [3/6] (6.60ns)   --->   "%term2_1 = dmul i64 %mul1_i_i_i, i64 0.125" [posit_lib.cpp:1039->posit_lib.cpp:1183->posit_lib.cpp:1215->posit_lib.cpp:1302]   --->   Operation 228 'dmul' 'term2_1' <Predicate = true> <Delay = 6.60> <CoreInst = "DMul_maxdsp">   --->   Core 49 'DMul_maxdsp' <Latency = 5> <II = 1> <Delay = 6.60> <FuncUnit> <Opcode : 'dmul'> <InPorts = 2> <OutPorts = 1>

State 48 <SV = 47> <Delay = 6.91>
ST_48 : Operation 229 [1/5] (6.91ns)   --->   "%sub_i_i_i4 = dsub i64 1, i64 %div_i_i_i3" [posit_lib.cpp:856->posit_lib.cpp:1182->posit_lib.cpp:1215->posit_lib.cpp:1302]   --->   Operation 229 'dsub' 'sub_i_i_i4' <Predicate = true> <Delay = 6.91> <CoreInst = "DAddSub_fulldsp">   --->   Core 37 'DAddSub_fulldsp' <Latency = 4> <II = 1> <Delay = 6.91> <FuncUnit> <Opcode : 'dadd' 'dsub'> <InPorts = 2> <OutPorts = 1>
ST_48 : Operation 230 [1/5] (6.91ns)   --->   "%sub_i_i_i = dsub i64 1, i64 %term2" [posit_lib.cpp:856->posit_lib.cpp:1182->posit_lib.cpp:1215->posit_lib.cpp:1302]   --->   Operation 230 'dsub' 'sub_i_i_i' <Predicate = true> <Delay = 6.91> <CoreInst = "DAddSub_fulldsp">   --->   Core 37 'DAddSub_fulldsp' <Latency = 4> <II = 1> <Delay = 6.91> <FuncUnit> <Opcode : 'dadd' 'dsub'> <InPorts = 2> <OutPorts = 1>
ST_48 : Operation 231 [2/6] (6.60ns)   --->   "%term2_1 = dmul i64 %mul1_i_i_i, i64 0.125" [posit_lib.cpp:1039->posit_lib.cpp:1183->posit_lib.cpp:1215->posit_lib.cpp:1302]   --->   Operation 231 'dmul' 'term2_1' <Predicate = true> <Delay = 6.60> <CoreInst = "DMul_maxdsp">   --->   Core 49 'DMul_maxdsp' <Latency = 5> <II = 1> <Delay = 6.60> <FuncUnit> <Opcode : 'dmul'> <InPorts = 2> <OutPorts = 1>

State 49 <SV = 48> <Delay = 7.10>
ST_49 : Operation 232 [1/1] (0.00ns)   --->   "%bitcast_ln856 = bitcast i64 %sub_i_i_i4" [posit_lib.cpp:856->posit_lib.cpp:1182->posit_lib.cpp:1215->posit_lib.cpp:1302]   --->   Operation 232 'bitcast' 'bitcast_ln856' <Predicate = true> <Delay = 0.00>
ST_49 : Operation 233 [1/1] (0.00ns) (grouped into LUT with out node realPart)   --->   "%bit_sel = bitselect i1 @_ssdm_op_BitSelect.i1.i64.i64, i64 %bitcast_ln856, i64 63" [posit_lib.cpp:856->posit_lib.cpp:1182->posit_lib.cpp:1215->posit_lib.cpp:1302]   --->   Operation 233 'bitselect' 'bit_sel' <Predicate = true> <Delay = 0.00>
ST_49 : Operation 234 [1/1] (0.00ns) (grouped into LUT with out node realPart)   --->   "%xor_ln856 = xor i1 %bit_sel, i1 1" [posit_lib.cpp:856->posit_lib.cpp:1182->posit_lib.cpp:1215->posit_lib.cpp:1302]   --->   Operation 234 'xor' 'xor_ln856' <Predicate = true> <Delay = 0.00> <CoreInst = "LogicGate">   --->   Core 74 'LogicGate' <Latency = 0> <II = 1> <Delay = 0.33> <FuncUnit> <Opcode : 'and' 'or' 'xor'> <InPorts = 2> <OutPorts = 1>
ST_49 : Operation 235 [1/1] (0.00ns) (grouped into LUT with out node realPart)   --->   "%trunc_ln856 = trunc i64 %bitcast_ln856" [posit_lib.cpp:856->posit_lib.cpp:1182->posit_lib.cpp:1215->posit_lib.cpp:1302]   --->   Operation 235 'trunc' 'trunc_ln856' <Predicate = true> <Delay = 0.00>
ST_49 : Operation 236 [1/1] (0.00ns) (grouped into LUT with out node realPart)   --->   "%xor_ln = bitconcatenate i64 @_ssdm_op_BitConcatenate.i64.i1.i63, i1 %xor_ln856, i63 %trunc_ln856" [posit_lib.cpp:856->posit_lib.cpp:1182->posit_lib.cpp:1215->posit_lib.cpp:1302]   --->   Operation 236 'bitconcatenate' 'xor_ln' <Predicate = true> <Delay = 0.00>
ST_49 : Operation 237 [1/1] (0.00ns) (grouped into LUT with out node realPart)   --->   "%bitcast_ln856_1 = bitcast i64 %xor_ln" [posit_lib.cpp:856->posit_lib.cpp:1182->posit_lib.cpp:1215->posit_lib.cpp:1302]   --->   Operation 237 'bitcast' 'bitcast_ln856_1' <Predicate = true> <Delay = 0.00>
ST_49 : Operation 238 [1/1] (0.00ns) (grouped into LUT with out node realPart)   --->   "%or_ln819 = or i1 %and_ln816, i1 %and_ln819" [posit_lib.cpp:819->posit_lib.cpp:833->posit_lib.cpp:1182->posit_lib.cpp:1215->posit_lib.cpp:1302]   --->   Operation 238 'or' 'or_ln819' <Predicate = true> <Delay = 0.00> <CoreInst = "LogicGate">   --->   Core 74 'LogicGate' <Latency = 0> <II = 1> <Delay = 0.33> <FuncUnit> <Opcode : 'and' 'or' 'xor'> <InPorts = 2> <OutPorts = 1>
ST_49 : Operation 239 [1/1] (0.49ns) (out node of the LUT)   --->   "%realPart = select i1 %or_ln819, i64 %bitcast_ln856_1, i64 %sub_i_i_i" [posit_lib.cpp:819->posit_lib.cpp:833->posit_lib.cpp:1182->posit_lib.cpp:1215->posit_lib.cpp:1302]   --->   Operation 239 'select' 'realPart' <Predicate = true> <Delay = 0.49> <CoreInst = "Sel">   --->   Core 73 'Sel' <Latency = 0> <II = 1> <Delay = 0.49> <FuncUnit> <Opcode : 'select'> <InPorts = 3> <OutPorts = 1>
ST_49 : Operation 240 [1/6] (6.60ns)   --->   "%term2_1 = dmul i64 %mul1_i_i_i, i64 0.125" [posit_lib.cpp:1039->posit_lib.cpp:1183->posit_lib.cpp:1215->posit_lib.cpp:1302]   --->   Operation 240 'dmul' 'term2_1' <Predicate = true> <Delay = 6.60> <CoreInst = "DMul_maxdsp">   --->   Core 49 'DMul_maxdsp' <Latency = 5> <II = 1> <Delay = 6.60> <FuncUnit> <Opcode : 'dmul'> <InPorts = 2> <OutPorts = 1>
ST_49 : Operation 241 [6/6] (6.60ns)   --->   "%mul2_i = dmul i64 %empty, i64 %realPart" [posit_lib.cpp:1217->posit_lib.cpp:1302]   --->   Operation 241 'dmul' 'mul2_i' <Predicate = true> <Delay = 6.60> <CoreInst = "DMul_maxdsp">   --->   Core 49 'DMul_maxdsp' <Latency = 5> <II = 1> <Delay = 6.60> <FuncUnit> <Opcode : 'dmul'> <InPorts = 2> <OutPorts = 1>

State 50 <SV = 49> <Delay = 6.91>
ST_50 : Operation 242 [5/5] (6.91ns)   --->   "%imagPart = dsub i64 %term1, i64 %term2_1" [posit_lib.cpp:1057->posit_lib.cpp:1183->posit_lib.cpp:1215->posit_lib.cpp:1302]   --->   Operation 242 'dsub' 'imagPart' <Predicate = true> <Delay = 6.91> <CoreInst = "DAddSub_fulldsp">   --->   Core 37 'DAddSub_fulldsp' <Latency = 4> <II = 1> <Delay = 6.91> <FuncUnit> <Opcode : 'dadd' 'dsub'> <InPorts = 2> <OutPorts = 1>
ST_50 : Operation 243 [5/6] (6.60ns)   --->   "%mul2_i = dmul i64 %empty, i64 %realPart" [posit_lib.cpp:1217->posit_lib.cpp:1302]   --->   Operation 243 'dmul' 'mul2_i' <Predicate = true> <Delay = 6.60> <CoreInst = "DMul_maxdsp">   --->   Core 49 'DMul_maxdsp' <Latency = 5> <II = 1> <Delay = 6.60> <FuncUnit> <Opcode : 'dmul'> <InPorts = 2> <OutPorts = 1>

State 51 <SV = 50> <Delay = 6.91>
ST_51 : Operation 244 [4/5] (6.91ns)   --->   "%imagPart = dsub i64 %term1, i64 %term2_1" [posit_lib.cpp:1057->posit_lib.cpp:1183->posit_lib.cpp:1215->posit_lib.cpp:1302]   --->   Operation 244 'dsub' 'imagPart' <Predicate = true> <Delay = 6.91> <CoreInst = "DAddSub_fulldsp">   --->   Core 37 'DAddSub_fulldsp' <Latency = 4> <II = 1> <Delay = 6.91> <FuncUnit> <Opcode : 'dadd' 'dsub'> <InPorts = 2> <OutPorts = 1>
ST_51 : Operation 245 [4/6] (6.60ns)   --->   "%mul2_i = dmul i64 %empty, i64 %realPart" [posit_lib.cpp:1217->posit_lib.cpp:1302]   --->   Operation 245 'dmul' 'mul2_i' <Predicate = true> <Delay = 6.60> <CoreInst = "DMul_maxdsp">   --->   Core 49 'DMul_maxdsp' <Latency = 5> <II = 1> <Delay = 6.60> <FuncUnit> <Opcode : 'dmul'> <InPorts = 2> <OutPorts = 1>

State 52 <SV = 51> <Delay = 6.91>
ST_52 : Operation 246 [3/5] (6.91ns)   --->   "%imagPart = dsub i64 %term1, i64 %term2_1" [posit_lib.cpp:1057->posit_lib.cpp:1183->posit_lib.cpp:1215->posit_lib.cpp:1302]   --->   Operation 246 'dsub' 'imagPart' <Predicate = true> <Delay = 6.91> <CoreInst = "DAddSub_fulldsp">   --->   Core 37 'DAddSub_fulldsp' <Latency = 4> <II = 1> <Delay = 6.91> <FuncUnit> <Opcode : 'dadd' 'dsub'> <InPorts = 2> <OutPorts = 1>
ST_52 : Operation 247 [3/6] (6.60ns)   --->   "%mul2_i = dmul i64 %empty, i64 %realPart" [posit_lib.cpp:1217->posit_lib.cpp:1302]   --->   Operation 247 'dmul' 'mul2_i' <Predicate = true> <Delay = 6.60> <CoreInst = "DMul_maxdsp">   --->   Core 49 'DMul_maxdsp' <Latency = 5> <II = 1> <Delay = 6.60> <FuncUnit> <Opcode : 'dmul'> <InPorts = 2> <OutPorts = 1>

State 53 <SV = 52> <Delay = 6.91>
ST_53 : Operation 248 [2/5] (6.91ns)   --->   "%imagPart = dsub i64 %term1, i64 %term2_1" [posit_lib.cpp:1057->posit_lib.cpp:1183->posit_lib.cpp:1215->posit_lib.cpp:1302]   --->   Operation 248 'dsub' 'imagPart' <Predicate = true> <Delay = 6.91> <CoreInst = "DAddSub_fulldsp">   --->   Core 37 'DAddSub_fulldsp' <Latency = 4> <II = 1> <Delay = 6.91> <FuncUnit> <Opcode : 'dadd' 'dsub'> <InPorts = 2> <OutPorts = 1>
ST_53 : Operation 249 [2/6] (6.60ns)   --->   "%mul2_i = dmul i64 %empty, i64 %realPart" [posit_lib.cpp:1217->posit_lib.cpp:1302]   --->   Operation 249 'dmul' 'mul2_i' <Predicate = true> <Delay = 6.60> <CoreInst = "DMul_maxdsp">   --->   Core 49 'DMul_maxdsp' <Latency = 5> <II = 1> <Delay = 6.60> <FuncUnit> <Opcode : 'dmul'> <InPorts = 2> <OutPorts = 1>

State 54 <SV = 53> <Delay = 6.91>
ST_54 : Operation 250 [1/5] (6.91ns)   --->   "%imagPart = dsub i64 %term1, i64 %term2_1" [posit_lib.cpp:1057->posit_lib.cpp:1183->posit_lib.cpp:1215->posit_lib.cpp:1302]   --->   Operation 250 'dsub' 'imagPart' <Predicate = true> <Delay = 6.91> <CoreInst = "DAddSub_fulldsp">   --->   Core 37 'DAddSub_fulldsp' <Latency = 4> <II = 1> <Delay = 6.91> <FuncUnit> <Opcode : 'dadd' 'dsub'> <InPorts = 2> <OutPorts = 1>
ST_54 : Operation 251 [1/6] (6.60ns)   --->   "%mul2_i = dmul i64 %empty, i64 %realPart" [posit_lib.cpp:1217->posit_lib.cpp:1302]   --->   Operation 251 'dmul' 'mul2_i' <Predicate = true> <Delay = 6.60> <CoreInst = "DMul_maxdsp">   --->   Core 49 'DMul_maxdsp' <Latency = 5> <II = 1> <Delay = 6.60> <FuncUnit> <Opcode : 'dmul'> <InPorts = 2> <OutPorts = 1>

State 55 <SV = 54> <Delay = 6.91>
ST_55 : Operation 252 [5/5] (6.91ns)   --->   "%realSum = dadd i64 %empty_14, i64 %mul2_i" [posit_lib.cpp:1217->posit_lib.cpp:1302]   --->   Operation 252 'dadd' 'realSum' <Predicate = true> <Delay = 6.91> <CoreInst = "DAddSub_fulldsp">   --->   Core 37 'DAddSub_fulldsp' <Latency = 4> <II = 1> <Delay = 6.91> <FuncUnit> <Opcode : 'dadd' 'dsub'> <InPorts = 2> <OutPorts = 1>
ST_55 : Operation 253 [6/6] (6.60ns)   --->   "%mul5_i = dmul i64 %empty, i64 %imagPart" [posit_lib.cpp:1218->posit_lib.cpp:1302]   --->   Operation 253 'dmul' 'mul5_i' <Predicate = true> <Delay = 6.60> <CoreInst = "DMul_maxdsp">   --->   Core 49 'DMul_maxdsp' <Latency = 5> <II = 1> <Delay = 6.60> <FuncUnit> <Opcode : 'dmul'> <InPorts = 2> <OutPorts = 1>

State 56 <SV = 55> <Delay = 6.91>
ST_56 : Operation 254 [4/5] (6.91ns)   --->   "%realSum = dadd i64 %empty_14, i64 %mul2_i" [posit_lib.cpp:1217->posit_lib.cpp:1302]   --->   Operation 254 'dadd' 'realSum' <Predicate = true> <Delay = 6.91> <CoreInst = "DAddSub_fulldsp">   --->   Core 37 'DAddSub_fulldsp' <Latency = 4> <II = 1> <Delay = 6.91> <FuncUnit> <Opcode : 'dadd' 'dsub'> <InPorts = 2> <OutPorts = 1>
ST_56 : Operation 255 [5/6] (6.60ns)   --->   "%mul5_i = dmul i64 %empty, i64 %imagPart" [posit_lib.cpp:1218->posit_lib.cpp:1302]   --->   Operation 255 'dmul' 'mul5_i' <Predicate = true> <Delay = 6.60> <CoreInst = "DMul_maxdsp">   --->   Core 49 'DMul_maxdsp' <Latency = 5> <II = 1> <Delay = 6.60> <FuncUnit> <Opcode : 'dmul'> <InPorts = 2> <OutPorts = 1>

State 57 <SV = 56> <Delay = 6.91>
ST_57 : Operation 256 [3/5] (6.91ns)   --->   "%realSum = dadd i64 %empty_14, i64 %mul2_i" [posit_lib.cpp:1217->posit_lib.cpp:1302]   --->   Operation 256 'dadd' 'realSum' <Predicate = true> <Delay = 6.91> <CoreInst = "DAddSub_fulldsp">   --->   Core 37 'DAddSub_fulldsp' <Latency = 4> <II = 1> <Delay = 6.91> <FuncUnit> <Opcode : 'dadd' 'dsub'> <InPorts = 2> <OutPorts = 1>
ST_57 : Operation 257 [4/6] (6.60ns)   --->   "%mul5_i = dmul i64 %empty, i64 %imagPart" [posit_lib.cpp:1218->posit_lib.cpp:1302]   --->   Operation 257 'dmul' 'mul5_i' <Predicate = true> <Delay = 6.60> <CoreInst = "DMul_maxdsp">   --->   Core 49 'DMul_maxdsp' <Latency = 5> <II = 1> <Delay = 6.60> <FuncUnit> <Opcode : 'dmul'> <InPorts = 2> <OutPorts = 1>

State 58 <SV = 57> <Delay = 6.91>
ST_58 : Operation 258 [2/5] (6.91ns)   --->   "%realSum = dadd i64 %empty_14, i64 %mul2_i" [posit_lib.cpp:1217->posit_lib.cpp:1302]   --->   Operation 258 'dadd' 'realSum' <Predicate = true> <Delay = 6.91> <CoreInst = "DAddSub_fulldsp">   --->   Core 37 'DAddSub_fulldsp' <Latency = 4> <II = 1> <Delay = 6.91> <FuncUnit> <Opcode : 'dadd' 'dsub'> <InPorts = 2> <OutPorts = 1>
ST_58 : Operation 259 [3/6] (6.60ns)   --->   "%mul5_i = dmul i64 %empty, i64 %imagPart" [posit_lib.cpp:1218->posit_lib.cpp:1302]   --->   Operation 259 'dmul' 'mul5_i' <Predicate = true> <Delay = 6.60> <CoreInst = "DMul_maxdsp">   --->   Core 49 'DMul_maxdsp' <Latency = 5> <II = 1> <Delay = 6.60> <FuncUnit> <Opcode : 'dmul'> <InPorts = 2> <OutPorts = 1>

State 59 <SV = 58> <Delay = 6.91>
ST_59 : Operation 260 [1/5] (6.91ns)   --->   "%realSum = dadd i64 %empty_14, i64 %mul2_i" [posit_lib.cpp:1217->posit_lib.cpp:1302]   --->   Operation 260 'dadd' 'realSum' <Predicate = true> <Delay = 6.91> <CoreInst = "DAddSub_fulldsp">   --->   Core 37 'DAddSub_fulldsp' <Latency = 4> <II = 1> <Delay = 6.91> <FuncUnit> <Opcode : 'dadd' 'dsub'> <InPorts = 2> <OutPorts = 1>
ST_59 : Operation 261 [2/6] (6.60ns)   --->   "%mul5_i = dmul i64 %empty, i64 %imagPart" [posit_lib.cpp:1218->posit_lib.cpp:1302]   --->   Operation 261 'dmul' 'mul5_i' <Predicate = true> <Delay = 6.60> <CoreInst = "DMul_maxdsp">   --->   Core 49 'DMul_maxdsp' <Latency = 5> <II = 1> <Delay = 6.60> <FuncUnit> <Opcode : 'dmul'> <InPorts = 2> <OutPorts = 1>

State 60 <SV = 59> <Delay = 6.60>
ST_60 : Operation 262 [1/6] (6.60ns)   --->   "%mul5_i = dmul i64 %empty, i64 %imagPart" [posit_lib.cpp:1218->posit_lib.cpp:1302]   --->   Operation 262 'dmul' 'mul5_i' <Predicate = true> <Delay = 6.60> <CoreInst = "DMul_maxdsp">   --->   Core 49 'DMul_maxdsp' <Latency = 5> <II = 1> <Delay = 6.60> <FuncUnit> <Opcode : 'dmul'> <InPorts = 2> <OutPorts = 1>

State 61 <SV = 60> <Delay = 6.91>
ST_61 : Operation 263 [5/5] (6.91ns)   --->   "%imagSum = dadd i64 %empty_13, i64 %mul5_i" [posit_lib.cpp:1218->posit_lib.cpp:1302]   --->   Operation 263 'dadd' 'imagSum' <Predicate = true> <Delay = 6.91> <CoreInst = "DAddSub_fulldsp">   --->   Core 37 'DAddSub_fulldsp' <Latency = 4> <II = 1> <Delay = 6.91> <FuncUnit> <Opcode : 'dadd' 'dsub'> <InPorts = 2> <OutPorts = 1>

State 62 <SV = 61> <Delay = 6.91>
ST_62 : Operation 264 [4/5] (6.91ns)   --->   "%imagSum = dadd i64 %empty_13, i64 %mul5_i" [posit_lib.cpp:1218->posit_lib.cpp:1302]   --->   Operation 264 'dadd' 'imagSum' <Predicate = true> <Delay = 6.91> <CoreInst = "DAddSub_fulldsp">   --->   Core 37 'DAddSub_fulldsp' <Latency = 4> <II = 1> <Delay = 6.91> <FuncUnit> <Opcode : 'dadd' 'dsub'> <InPorts = 2> <OutPorts = 1>

State 63 <SV = 62> <Delay = 6.91>
ST_63 : Operation 265 [3/5] (6.91ns)   --->   "%imagSum = dadd i64 %empty_13, i64 %mul5_i" [posit_lib.cpp:1218->posit_lib.cpp:1302]   --->   Operation 265 'dadd' 'imagSum' <Predicate = true> <Delay = 6.91> <CoreInst = "DAddSub_fulldsp">   --->   Core 37 'DAddSub_fulldsp' <Latency = 4> <II = 1> <Delay = 6.91> <FuncUnit> <Opcode : 'dadd' 'dsub'> <InPorts = 2> <OutPorts = 1>

State 64 <SV = 63> <Delay = 6.91>
ST_64 : Operation 266 [2/5] (6.91ns)   --->   "%imagSum = dadd i64 %empty_13, i64 %mul5_i" [posit_lib.cpp:1218->posit_lib.cpp:1302]   --->   Operation 266 'dadd' 'imagSum' <Predicate = true> <Delay = 6.91> <CoreInst = "DAddSub_fulldsp">   --->   Core 37 'DAddSub_fulldsp' <Latency = 4> <II = 1> <Delay = 6.91> <FuncUnit> <Opcode : 'dadd' 'dsub'> <InPorts = 2> <OutPorts = 1>

State 65 <SV = 64> <Delay = 6.91>
ST_65 : Operation 267 [1/1] (0.00ns)   --->   "%speclooptripcount_ln1206 = speclooptripcount void @_ssdm_op_SpecLoopTripCount, i64 64, i64 64, i64 64" [posit_lib.cpp:1206->posit_lib.cpp:1302]   --->   Operation 267 'speclooptripcount' 'speclooptripcount_ln1206' <Predicate = true> <Delay = 0.00>
ST_65 : Operation 268 [1/1] (0.00ns)   --->   "%specloopname_ln1214 = specloopname void @_ssdm_op_SpecLoopName, void @empty_3" [posit_lib.cpp:1214->posit_lib.cpp:1302]   --->   Operation 268 'specloopname' 'specloopname_ln1214' <Predicate = true> <Delay = 0.00>
ST_65 : Operation 269 [1/5] (6.91ns)   --->   "%imagSum = dadd i64 %empty_13, i64 %mul5_i" [posit_lib.cpp:1218->posit_lib.cpp:1302]   --->   Operation 269 'dadd' 'imagSum' <Predicate = true> <Delay = 6.91> <CoreInst = "DAddSub_fulldsp">   --->   Core 37 'DAddSub_fulldsp' <Latency = 4> <II = 1> <Delay = 6.91> <FuncUnit> <Opcode : 'dadd' 'dsub'> <InPorts = 2> <OutPorts = 1>
ST_65 : Operation 270 [1/1] (0.00ns)   --->   "%br_ln1214 = br void %for.inc.i" [posit_lib.cpp:1214->posit_lib.cpp:1302]   --->   Operation 270 'br' 'br_ln1214' <Predicate = true> <Delay = 0.00>


============================================================
+ Verbose Summary: Timing violations
============================================================
Target clock period: 10.000ns, clock uncertainty: 2.700ns.

 <State 1>: 0.489ns
The critical path consists of the following:
	'alloca' operation 7 bit ('k', posit_lib.cpp:1295) [4]  (0.000 ns)
	'store' operation 0 bit ('store_ln1295', posit_lib.cpp:1295) of constant 0 on local variable 'k', posit_lib.cpp:1295 [14]  (0.489 ns)

 <State 2>: 7.098ns
The critical path consists of the following:
	'load' operation 7 bit ('k', posit_lib.cpp:1302) on local variable 'k', posit_lib.cpp:1295 [17]  (0.000 ns)
	'sitodp' operation 64 bit ('conv_i', posit_lib.cpp:1207->posit_lib.cpp:1302) [27]  (7.098 ns)

 <State 3>: 7.098ns
The critical path consists of the following:
	'sitodp' operation 64 bit ('conv_i', posit_lib.cpp:1207->posit_lib.cpp:1302) [27]  (7.098 ns)

 <State 4>: 7.098ns
The critical path consists of the following:
	'sitodp' operation 64 bit ('conv_i', posit_lib.cpp:1207->posit_lib.cpp:1302) [27]  (7.098 ns)

 <State 5>: 7.098ns
The critical path consists of the following:
	'sitodp' operation 64 bit ('conv_i', posit_lib.cpp:1207->posit_lib.cpp:1302) [27]  (7.098 ns)

 <State 6>: 6.602ns
The critical path consists of the following:
	'dmul' operation 64 bit ('mul_i', posit_lib.cpp:1207->posit_lib.cpp:1302) [28]  (6.602 ns)

 <State 7>: 6.602ns
The critical path consists of the following:
	'dmul' operation 64 bit ('mul_i', posit_lib.cpp:1207->posit_lib.cpp:1302) [28]  (6.602 ns)

 <State 8>: 6.602ns
The critical path consists of the following:
	'dmul' operation 64 bit ('mul_i', posit_lib.cpp:1207->posit_lib.cpp:1302) [28]  (6.602 ns)

 <State 9>: 6.602ns
The critical path consists of the following:
	'dmul' operation 64 bit ('mul_i', posit_lib.cpp:1207->posit_lib.cpp:1302) [28]  (6.602 ns)

 <State 10>: 6.602ns
The critical path consists of the following:
	'dmul' operation 64 bit ('mul_i', posit_lib.cpp:1207->posit_lib.cpp:1302) [28]  (6.602 ns)

 <State 11>: 6.602ns
The critical path consists of the following:
	'dmul' operation 64 bit ('mul_i', posit_lib.cpp:1207->posit_lib.cpp:1302) [28]  (6.602 ns)

 <State 12>: 6.602ns
The critical path consists of the following:
	'dmul' operation 64 bit ('deltaTheta', posit_lib.cpp:1207->posit_lib.cpp:1302) [29]  (6.602 ns)

 <State 13>: 6.602ns
The critical path consists of the following:
	'dmul' operation 64 bit ('deltaTheta', posit_lib.cpp:1207->posit_lib.cpp:1302) [29]  (6.602 ns)

 <State 14>: 6.602ns
The critical path consists of the following:
	'dmul' operation 64 bit ('deltaTheta', posit_lib.cpp:1207->posit_lib.cpp:1302) [29]  (6.602 ns)

 <State 15>: 6.602ns
The critical path consists of the following:
	'dmul' operation 64 bit ('deltaTheta', posit_lib.cpp:1207->posit_lib.cpp:1302) [29]  (6.602 ns)

 <State 16>: 6.602ns
The critical path consists of the following:
	'dmul' operation 64 bit ('deltaTheta', posit_lib.cpp:1207->posit_lib.cpp:1302) [29]  (6.602 ns)

 <State 17>: 6.602ns
The critical path consists of the following:
	'dmul' operation 64 bit ('deltaTheta', posit_lib.cpp:1207->posit_lib.cpp:1302) [29]  (6.602 ns)

 <State 18>: 6.919ns
The critical path consists of the following:
	'phi' operation 64 bit ('angle') with incoming values : ('angle', posit_lib.cpp:1220->posit_lib.cpp:1302) [35]  (0.000 ns)
	'dadd' operation 64 bit ('angle', posit_lib.cpp:1220->posit_lib.cpp:1302) [95]  (6.919 ns)

 <State 19>: 6.919ns
The critical path consists of the following:
	'dadd' operation 64 bit ('angle', posit_lib.cpp:1220->posit_lib.cpp:1302) [95]  (6.919 ns)

 <State 20>: 6.919ns
The critical path consists of the following:
	'dadd' operation 64 bit ('angle', posit_lib.cpp:810->posit_lib.cpp:833->posit_lib.cpp:1182->posit_lib.cpp:1215->posit_lib.cpp:1302) [51]  (6.919 ns)

 <State 21>: 6.919ns
The critical path consists of the following:
	'dadd' operation 64 bit ('angle', posit_lib.cpp:810->posit_lib.cpp:833->posit_lib.cpp:1182->posit_lib.cpp:1215->posit_lib.cpp:1302) [51]  (6.919 ns)

 <State 22>: 6.919ns
The critical path consists of the following:
	'dadd' operation 64 bit ('angle', posit_lib.cpp:810->posit_lib.cpp:833->posit_lib.cpp:1182->posit_lib.cpp:1215->posit_lib.cpp:1302) [51]  (6.919 ns)

 <State 23>: 6.919ns
The critical path consists of the following:
	'dadd' operation 64 bit ('angle', posit_lib.cpp:810->posit_lib.cpp:833->posit_lib.cpp:1182->posit_lib.cpp:1215->posit_lib.cpp:1302) [51]  (6.919 ns)

 <State 24>: 6.919ns
The critical path consists of the following:
	'dadd' operation 64 bit ('angle', posit_lib.cpp:810->posit_lib.cpp:833->posit_lib.cpp:1182->posit_lib.cpp:1215->posit_lib.cpp:1302) [51]  (6.919 ns)

 <State 25>: 6.248ns
The critical path consists of the following:
	'icmp' operation 1 bit ('icmp_ln809_1', posit_lib.cpp:809->posit_lib.cpp:833->posit_lib.cpp:1182->posit_lib.cpp:1215->posit_lib.cpp:1302) [47]  (1.306 ns)
	'or' operation 1 bit ('or_ln809', posit_lib.cpp:809->posit_lib.cpp:833->posit_lib.cpp:1182->posit_lib.cpp:1215->posit_lib.cpp:1302) [48]  (0.331 ns)
	'and' operation 1 bit ('and_ln811', posit_lib.cpp:811->posit_lib.cpp:833->posit_lib.cpp:1182->posit_lib.cpp:1215->posit_lib.cpp:1302) [53]  (0.000 ns)
	'select' operation 64 bit ('angle', posit_lib.cpp:811->posit_lib.cpp:833->posit_lib.cpp:1182->posit_lib.cpp:1215->posit_lib.cpp:1302) [55]  (0.499 ns)
	'select' operation 64 bit ('angle', posit_lib.cpp:809->posit_lib.cpp:833->posit_lib.cpp:1182->posit_lib.cpp:1215->posit_lib.cpp:1302) [56]  (0.499 ns)
	'dcmp' operation 1 bit ('tmp_5', posit_lib.cpp:816->posit_lib.cpp:833->posit_lib.cpp:1182->posit_lib.cpp:1215->posit_lib.cpp:1302) [63]  (3.613 ns)

 <State 26>: 4.443ns
The critical path consists of the following:
	'dcmp' operation 1 bit ('tmp_5', posit_lib.cpp:816->posit_lib.cpp:833->posit_lib.cpp:1182->posit_lib.cpp:1215->posit_lib.cpp:1302) [63]  (3.613 ns)
	'and' operation 1 bit ('and_ln816', posit_lib.cpp:816->posit_lib.cpp:833->posit_lib.cpp:1182->posit_lib.cpp:1215->posit_lib.cpp:1302) [64]  (0.331 ns)
	'select' operation 64 bit ('empty_15', posit_lib.cpp:816->posit_lib.cpp:833->posit_lib.cpp:1182->posit_lib.cpp:1215->posit_lib.cpp:1302) [67]  (0.499 ns)

 <State 27>: 6.919ns
The critical path consists of the following:
	'dsub' operation 64 bit ('angle', posit_lib.cpp:806->posit_lib.cpp:833->posit_lib.cpp:1182->posit_lib.cpp:1215->posit_lib.cpp:1302) [68]  (6.919 ns)

 <State 28>: 6.919ns
The critical path consists of the following:
	'dsub' operation 64 bit ('angle', posit_lib.cpp:806->posit_lib.cpp:833->posit_lib.cpp:1182->posit_lib.cpp:1215->posit_lib.cpp:1302) [68]  (6.919 ns)

 <State 29>: 6.919ns
The critical path consists of the following:
	'dsub' operation 64 bit ('angle', posit_lib.cpp:806->posit_lib.cpp:833->posit_lib.cpp:1182->posit_lib.cpp:1215->posit_lib.cpp:1302) [68]  (6.919 ns)

 <State 30>: 6.919ns
The critical path consists of the following:
	'dsub' operation 64 bit ('angle', posit_lib.cpp:806->posit_lib.cpp:833->posit_lib.cpp:1182->posit_lib.cpp:1215->posit_lib.cpp:1302) [68]  (6.919 ns)

 <State 31>: 6.919ns
The critical path consists of the following:
	'dsub' operation 64 bit ('angle', posit_lib.cpp:806->posit_lib.cpp:833->posit_lib.cpp:1182->posit_lib.cpp:1215->posit_lib.cpp:1302) [68]  (6.919 ns)

 <State 32>: 7.101ns
The critical path consists of the following:
	'select' operation 64 bit ('angle', posit_lib.cpp:1025->posit_lib.cpp:1033->posit_lib.cpp:1183->posit_lib.cpp:1215->posit_lib.cpp:1302) [85]  (0.000 ns)
	'select' operation 64 bit ('angle', posit_lib.cpp:816->posit_lib.cpp:833->posit_lib.cpp:1182->posit_lib.cpp:1215->posit_lib.cpp:1302) [86]  (0.499 ns)
	'dmul' operation 64 bit ('mul_i18_i_i', posit_lib.cpp:1039->posit_lib.cpp:1183->posit_lib.cpp:1215->posit_lib.cpp:1302) [87]  (6.602 ns)

 <State 33>: 6.602ns
The critical path consists of the following:
	'dmul' operation 64 bit ('mul_i_i_i2', posit_lib.cpp:835->posit_lib.cpp:1182->posit_lib.cpp:1215->posit_lib.cpp:1302) [69]  (6.602 ns)

 <State 34>: 6.602ns
The critical path consists of the following:
	'dmul' operation 64 bit ('mul_i_i_i2', posit_lib.cpp:835->posit_lib.cpp:1182->posit_lib.cpp:1215->posit_lib.cpp:1302) [69]  (6.602 ns)

 <State 35>: 6.602ns
The critical path consists of the following:
	'dmul' operation 64 bit ('mul_i_i_i2', posit_lib.cpp:835->posit_lib.cpp:1182->posit_lib.cpp:1215->posit_lib.cpp:1302) [69]  (6.602 ns)

 <State 36>: 6.602ns
The critical path consists of the following:
	'dmul' operation 64 bit ('mul_i_i_i2', posit_lib.cpp:835->posit_lib.cpp:1182->posit_lib.cpp:1215->posit_lib.cpp:1302) [69]  (6.602 ns)

 <State 37>: 6.602ns
The critical path consists of the following:
	'dmul' operation 64 bit ('mul_i_i_i2', posit_lib.cpp:835->posit_lib.cpp:1182->posit_lib.cpp:1215->posit_lib.cpp:1302) [69]  (6.602 ns)

 <State 38>: 6.602ns
The critical path consists of the following:
	'dmul' operation 64 bit ('div_i_i_i3', posit_lib.cpp:837->posit_lib.cpp:1182->posit_lib.cpp:1215->posit_lib.cpp:1302) [70]  (6.602 ns)

 <State 39>: 6.602ns
The critical path consists of the following:
	'dmul' operation 64 bit ('div_i_i_i3', posit_lib.cpp:837->posit_lib.cpp:1182->posit_lib.cpp:1215->posit_lib.cpp:1302) [70]  (6.602 ns)

 <State 40>: 6.602ns
The critical path consists of the following:
	'dmul' operation 64 bit ('div_i_i_i3', posit_lib.cpp:837->posit_lib.cpp:1182->posit_lib.cpp:1215->posit_lib.cpp:1302) [70]  (6.602 ns)

 <State 41>: 6.602ns
The critical path consists of the following:
	'dmul' operation 64 bit ('div_i_i_i3', posit_lib.cpp:837->posit_lib.cpp:1182->posit_lib.cpp:1215->posit_lib.cpp:1302) [70]  (6.602 ns)

 <State 42>: 6.602ns
The critical path consists of the following:
	'dmul' operation 64 bit ('div_i_i_i3', posit_lib.cpp:837->posit_lib.cpp:1182->posit_lib.cpp:1215->posit_lib.cpp:1302) [70]  (6.602 ns)

 <State 43>: 6.602ns
The critical path consists of the following:
	'dmul' operation 64 bit ('div_i_i_i3', posit_lib.cpp:837->posit_lib.cpp:1182->posit_lib.cpp:1215->posit_lib.cpp:1302) [70]  (6.602 ns)

 <State 44>: 6.919ns
The critical path consists of the following:
	'dsub' operation 64 bit ('sub_i_i_i4', posit_lib.cpp:856->posit_lib.cpp:1182->posit_lib.cpp:1215->posit_lib.cpp:1302) [71]  (6.919 ns)

 <State 45>: 6.919ns
The critical path consists of the following:
	'dsub' operation 64 bit ('sub_i_i_i4', posit_lib.cpp:856->posit_lib.cpp:1182->posit_lib.cpp:1215->posit_lib.cpp:1302) [71]  (6.919 ns)

 <State 46>: 6.919ns
The critical path consists of the following:
	'dsub' operation 64 bit ('sub_i_i_i4', posit_lib.cpp:856->posit_lib.cpp:1182->posit_lib.cpp:1215->posit_lib.cpp:1302) [71]  (6.919 ns)

 <State 47>: 6.919ns
The critical path consists of the following:
	'dsub' operation 64 bit ('sub_i_i_i4', posit_lib.cpp:856->posit_lib.cpp:1182->posit_lib.cpp:1215->posit_lib.cpp:1302) [71]  (6.919 ns)

 <State 48>: 6.919ns
The critical path consists of the following:
	'dsub' operation 64 bit ('sub_i_i_i4', posit_lib.cpp:856->posit_lib.cpp:1182->posit_lib.cpp:1215->posit_lib.cpp:1302) [71]  (6.919 ns)

 <State 49>: 7.101ns
The critical path consists of the following:
	'select' operation 64 bit ('realPart', posit_lib.cpp:819->posit_lib.cpp:833->posit_lib.cpp:1182->posit_lib.cpp:1215->posit_lib.cpp:1302) [82]  (0.499 ns)
	'dmul' operation 64 bit ('mul2_i', posit_lib.cpp:1217->posit_lib.cpp:1302) [91]  (6.602 ns)

 <State 50>: 6.919ns
The critical path consists of the following:
	'dsub' operation 64 bit ('imagPart', posit_lib.cpp:1057->posit_lib.cpp:1183->posit_lib.cpp:1215->posit_lib.cpp:1302) [90]  (6.919 ns)

 <State 51>: 6.919ns
The critical path consists of the following:
	'dsub' operation 64 bit ('imagPart', posit_lib.cpp:1057->posit_lib.cpp:1183->posit_lib.cpp:1215->posit_lib.cpp:1302) [90]  (6.919 ns)

 <State 52>: 6.919ns
The critical path consists of the following:
	'dsub' operation 64 bit ('imagPart', posit_lib.cpp:1057->posit_lib.cpp:1183->posit_lib.cpp:1215->posit_lib.cpp:1302) [90]  (6.919 ns)

 <State 53>: 6.919ns
The critical path consists of the following:
	'dsub' operation 64 bit ('imagPart', posit_lib.cpp:1057->posit_lib.cpp:1183->posit_lib.cpp:1215->posit_lib.cpp:1302) [90]  (6.919 ns)

 <State 54>: 6.919ns
The critical path consists of the following:
	'dsub' operation 64 bit ('imagPart', posit_lib.cpp:1057->posit_lib.cpp:1183->posit_lib.cpp:1215->posit_lib.cpp:1302) [90]  (6.919 ns)

 <State 55>: 6.919ns
The critical path consists of the following:
	'dadd' operation 64 bit ('realSum', posit_lib.cpp:1217->posit_lib.cpp:1302) [92]  (6.919 ns)

 <State 56>: 6.919ns
The critical path consists of the following:
	'dadd' operation 64 bit ('realSum', posit_lib.cpp:1217->posit_lib.cpp:1302) [92]  (6.919 ns)

 <State 57>: 6.919ns
The critical path consists of the following:
	'dadd' operation 64 bit ('realSum', posit_lib.cpp:1217->posit_lib.cpp:1302) [92]  (6.919 ns)

 <State 58>: 6.919ns
The critical path consists of the following:
	'dadd' operation 64 bit ('realSum', posit_lib.cpp:1217->posit_lib.cpp:1302) [92]  (6.919 ns)

 <State 59>: 6.919ns
The critical path consists of the following:
	'dadd' operation 64 bit ('realSum', posit_lib.cpp:1217->posit_lib.cpp:1302) [92]  (6.919 ns)

 <State 60>: 6.602ns
The critical path consists of the following:
	'dmul' operation 64 bit ('mul5_i', posit_lib.cpp:1218->posit_lib.cpp:1302) [93]  (6.602 ns)

 <State 61>: 6.919ns
The critical path consists of the following:
	'dadd' operation 64 bit ('imagSum', posit_lib.cpp:1218->posit_lib.cpp:1302) [94]  (6.919 ns)

 <State 62>: 6.919ns
The critical path consists of the following:
	'dadd' operation 64 bit ('imagSum', posit_lib.cpp:1218->posit_lib.cpp:1302) [94]  (6.919 ns)

 <State 63>: 6.919ns
The critical path consists of the following:
	'dadd' operation 64 bit ('imagSum', posit_lib.cpp:1218->posit_lib.cpp:1302) [94]  (6.919 ns)

 <State 64>: 6.919ns
The critical path consists of the following:
	'dadd' operation 64 bit ('imagSum', posit_lib.cpp:1218->posit_lib.cpp:1302) [94]  (6.919 ns)

 <State 65>: 6.919ns
The critical path consists of the following:
	'dadd' operation 64 bit ('imagSum', posit_lib.cpp:1218->posit_lib.cpp:1302) [94]  (6.919 ns)


============================================================
+ Verbose Summary: Binding
============================================================
N/A
* FSMD analyzer results:
  - Output states:
 - Input state : 
  - Chain level:
	State 1
	State 2
	State 3
	State 4
	State 5
	State 6
	State 7
	State 8
	State 9
	State 10
	State 11
	State 12
	State 13
	State 14
	State 15
	State 16
	State 17
	State 18
	State 19
	State 20
	State 21
	State 22
	State 23
	State 24
	State 25
	State 26
	State 27
	State 28
	State 29
	State 30
	State 31
	State 32
	State 33
	State 34
	State 35
	State 36
	State 37
	State 38
	State 39
	State 40
	State 41
	State 42
	State 43
	State 44
	State 45
	State 46
	State 47
	State 48
	State 49
	State 50
	State 51
	State 52
	State 53
	State 54
	State 55
	State 56
	State 57
	State 58
	State 59
	State 60
	State 61
	State 62
	State 63
	State 64
	State 65


============================================================
+ Verbose Summary: Datapath Resource usage 
============================================================
N/A
