C:\Users\Burak\Desktop\TAU\HLS\PositFFT\PositFFT\PositFFT\hls\.autopilot\db\posit_lib.pp.0.cpp:2257:5: warning: Added loop label VITIS_LOOP_676_1:   [xilinx-label-all-loops]
    for (unsigned i = low; i != high+1; ++i) {
    ^~~
    VITIS_LOOP_676_1: 
C:\Users\Burak\Desktop\TAU\HLS\PositFFT\PositFFT\PositFFT\hls\.autopilot\db\posit_lib.pp.0.cpp:2257:5: note: FIX-IT applied suggested code changes
C:\Users\Burak\Desktop\TAU\HLS\PositFFT\PositFFT\PositFFT\hls\.autopilot\db\posit_lib.pp.0.cpp:2271:5: warning: Added loop label VITIS_LOOP_690_1:   [xilinx-label-all-loops]
    for (unsigned i = low; i != high+1; ++i) {
    ^~~
    VITIS_LOOP_690_1: 
C:\Users\Burak\Desktop\TAU\HLS\PositFFT\PositFFT\PositFFT\hls\.autopilot\db\posit_lib.pp.0.cpp:2271:5: note: FIX-IT applied suggested code changes
C:\Users\Burak\Desktop\TAU\HLS\PositFFT\PositFFT\PositFFT\hls\.autopilot\db\posit_lib.pp.0.cpp:2285:5: warning: Added loop label VITIS_LOOP_704_1:   [xilinx-label-all-loops]
    for (unsigned i = low; i != high+1; ++i) {
    ^~~
    VITIS_LOOP_704_1: 
C:\Users\Burak\Desktop\TAU\HLS\PositFFT\PositFFT\PositFFT\hls\.autopilot\db\posit_lib.pp.0.cpp:2285:5: note: FIX-IT applied suggested code changes
C:\Users\Burak\Desktop\TAU\HLS\PositFFT\PositFFT\PositFFT\hls\.autopilot\db\posit_lib.pp.0.cpp:3919:7: warning: Added loop label VITIS_LOOP_1248_1:   [xilinx-label-all-loops]
      for (i = 0; i < __N - 1; ++i) {
      ^~~
      VITIS_LOOP_1248_1: 
C:\Users\Burak\Desktop\TAU\HLS\PositFFT\PositFFT\PositFFT\hls\.autopilot\db\posit_lib.pp.0.cpp:3919:7: note: FIX-IT applied suggested code changes
C:\Users\Burak\Desktop\TAU\HLS\PositFFT\PositFFT\PositFFT\hls\.autopilot\db\posit_lib.pp.0.cpp:38986:72: error: Invalid Directive: for current device, ROM_1P + LUTRAM is invalid combination for BIND_STORAGE's option 'type + impl' [clang-diagnostic-error]
#pragma HLS BIND_STORAGE variable=fourth_order_double::sin_cos_K0 type=ROM_1P impl=LUTRAM
                                                                       ^
C:\Users\Burak\Desktop\TAU\HLS\PositFFT\PositFFT\PositFFT\hls\.autopilot\db\posit_lib.pp.0.cpp:38987:72: error: Invalid Directive: for current device, ROM_1P + LUTRAM is invalid combination for BIND_STORAGE's option 'type + impl' [clang-diagnostic-error]
#pragma HLS BIND_STORAGE variable=fourth_order_double::sin_cos_K1 type=ROM_1P impl=LUTRAM
                                                                       ^
C:\Users\Burak\Desktop\TAU\HLS\PositFFT\PositFFT\PositFFT\hls\.autopilot\db\posit_lib.pp.0.cpp:38988:72: error: Invalid Directive: for current device, ROM_1P + LUTRAM is invalid combination for BIND_STORAGE's option 'type + impl' [clang-diagnostic-error]
#pragma HLS BIND_STORAGE variable=fourth_order_double::sin_cos_K2 type=ROM_1P impl=LUTRAM
                                                                       ^
C:\Users\Burak\Desktop\TAU\HLS\PositFFT\PositFFT\PositFFT\hls\.autopilot\db\posit_lib.pp.0.cpp:38989:72: error: Invalid Directive: for current device, ROM_1P + LUTRAM is invalid combination for BIND_STORAGE's option 'type + impl' [clang-diagnostic-error]
#pragma HLS BIND_STORAGE variable=fourth_order_double::sin_cos_K3 type=ROM_1P impl=LUTRAM
                                                                       ^
C:\Users\Burak\Desktop\TAU\HLS\PositFFT\PositFFT\PositFFT\hls\.autopilot\db\posit_lib.pp.0.cpp:38990:72: error: Invalid Directive: for current device, ROM_1P + LUTRAM is invalid combination for BIND_STORAGE's option 'type + impl' [clang-diagnostic-error]
#pragma HLS BIND_STORAGE variable=fourth_order_double::sin_cos_K4 type=ROM_1P impl=LUTRAM
                                                                       ^
C:\Users\Burak\Desktop\TAU\HLS\PositFFT\PositFFT\PositFFT\hls\.autopilot\db\posit_lib.pp.0.cpp:39020:68: error: Invalid Directive: for current device, ROM_1P + LUTRAM is invalid combination for BIND_STORAGE's option 'type + impl' [clang-diagnostic-error]
#pragma HLS BIND_STORAGE variable=fourth_order_double::cos_K0 type=ROM_1P impl=LUTRAM
                                                                   ^
C:\Users\Burak\Desktop\TAU\HLS\PositFFT\PositFFT\PositFFT\hls\.autopilot\db\posit_lib.pp.0.cpp:39021:68: error: Invalid Directive: for current device, ROM_1P + LUTRAM is invalid combination for BIND_STORAGE's option 'type + impl' [clang-diagnostic-error]
#pragma HLS BIND_STORAGE variable=fourth_order_double::cos_K1 type=ROM_1P impl=LUTRAM
                                                                   ^
C:\Users\Burak\Desktop\TAU\HLS\PositFFT\PositFFT\PositFFT\hls\.autopilot\db\posit_lib.pp.0.cpp:39022:68: error: Invalid Directive: for current device, ROM_1P + LUTRAM is invalid combination for BIND_STORAGE's option 'type + impl' [clang-diagnostic-error]
#pragma HLS BIND_STORAGE variable=fourth_order_double::cos_K2 type=ROM_1P impl=LUTRAM
                                                                   ^
C:\Users\Burak\Desktop\TAU\HLS\PositFFT\PositFFT\PositFFT\hls\.autopilot\db\posit_lib.pp.0.cpp:39023:68: error: Invalid Directive: for current device, ROM_1P + LUTRAM is invalid combination for BIND_STORAGE's option 'type + impl' [clang-diagnostic-error]
#pragma HLS BIND_STORAGE variable=fourth_order_double::cos_K3 type=ROM_1P impl=LUTRAM
                                                                   ^
C:\Users\Burak\Desktop\TAU\HLS\PositFFT\PositFFT\PositFFT\hls\.autopilot\db\posit_lib.pp.0.cpp:39024:68: error: Invalid Directive: for current device, ROM_1P + LUTRAM is invalid combination for BIND_STORAGE's option 'type + impl' [clang-diagnostic-error]
#pragma HLS BIND_STORAGE variable=fourth_order_double::cos_K4 type=ROM_1P impl=LUTRAM
                                                                   ^
C:\Users\Burak\Desktop\TAU\HLS\PositFFT\PositFFT\PositFFT\hls\.autopilot\db\posit_lib.pp.0.cpp:39025:68: error: Invalid Directive: for current device, ROM_1P + LUTRAM is invalid combination for BIND_STORAGE's option 'type + impl' [clang-diagnostic-error]
#pragma HLS BIND_STORAGE variable=fourth_order_double::sin_K0 type=ROM_1P impl=LUTRAM
                                                                   ^
C:\Users\Burak\Desktop\TAU\HLS\PositFFT\PositFFT\PositFFT\hls\.autopilot\db\posit_lib.pp.0.cpp:39026:68: error: Invalid Directive: for current device, ROM_1P + LUTRAM is invalid combination for BIND_STORAGE's option 'type + impl' [clang-diagnostic-error]
#pragma HLS BIND_STORAGE variable=fourth_order_double::sin_K1 type=ROM_1P impl=LUTRAM
                                                                   ^
C:\Users\Burak\Desktop\TAU\HLS\PositFFT\PositFFT\PositFFT\hls\.autopilot\db\posit_lib.pp.0.cpp:39027:68: error: Invalid Directive: for current device, ROM_1P + LUTRAM is invalid combination for BIND_STORAGE's option 'type + impl' [clang-diagnostic-error]
#pragma HLS BIND_STORAGE variable=fourth_order_double::sin_K2 type=ROM_1P impl=LUTRAM
                                                                   ^
C:\Users\Burak\Desktop\TAU\HLS\PositFFT\PositFFT\PositFFT\hls\.autopilot\db\posit_lib.pp.0.cpp:39028:68: error: Invalid Directive: for current device, ROM_1P + LUTRAM is invalid combination for BIND_STORAGE's option 'type + impl' [clang-diagnostic-error]
#pragma HLS BIND_STORAGE variable=fourth_order_double::sin_K3 type=ROM_1P impl=LUTRAM
                                                                   ^
C:\Users\Burak\Desktop\TAU\HLS\PositFFT\PositFFT\PositFFT\hls\.autopilot\db\posit_lib.pp.0.cpp:39029:68: error: Invalid Directive: for current device, ROM_1P + LUTRAM is invalid combination for BIND_STORAGE's option 'type + impl' [clang-diagnostic-error]
#pragma HLS BIND_STORAGE variable=fourth_order_double::sin_K4 type=ROM_1P impl=LUTRAM
                                                                   ^
C:\Users\Burak\Desktop\TAU\HLS\PositFFT\PositFFT\PositFFT\hls\.autopilot\db\posit_lib.pp.0.cpp:39079:71: error: Invalid Directive: for current device, ROM_1P + LUTRAM is invalid combination for BIND_STORAGE's option 'type + impl' [clang-diagnostic-error]
#pragma HLS BIND_STORAGE variable=second_order_float::sin_cos_K0 type=ROM_1P impl=LUTRAM
                                                                      ^
C:\Users\Burak\Desktop\TAU\HLS\PositFFT\PositFFT\PositFFT\hls\.autopilot\db\posit_lib.pp.0.cpp:39080:71: error: Invalid Directive: for current device, ROM_1P + LUTRAM is invalid combination for BIND_STORAGE's option 'type + impl' [clang-diagnostic-error]
#pragma HLS BIND_STORAGE variable=second_order_float::sin_cos_K1 type=ROM_1P impl=LUTRAM
                                                                      ^
C:\Users\Burak\Desktop\TAU\HLS\PositFFT\PositFFT\PositFFT\hls\.autopilot\db\posit_lib.pp.0.cpp:39081:71: error: Invalid Directive: for current device, ROM_1P + LUTRAM is invalid combination for BIND_STORAGE's option 'type + impl' [clang-diagnostic-error]
#pragma HLS BIND_STORAGE variable=second_order_float::sin_cos_K2 type=ROM_1P impl=LUTRAM
                                                                      ^
C:\Users\Burak\Desktop\TAU\HLS\PositFFT\PositFFT\PositFFT\hls\.autopilot\db\posit_lib.pp.0.cpp:39108:67: error: Invalid Directive: for current device, ROM_1P + LUTRAM is invalid combination for BIND_STORAGE's option 'type + impl' [clang-diagnostic-error]
#pragma HLS BIND_STORAGE variable=second_order_float::cos_K0 type=ROM_1P impl=LUTRAM
                                                                  ^
C:\Users\Burak\Desktop\TAU\HLS\PositFFT\PositFFT\PositFFT\hls\.autopilot\db\posit_lib.pp.0.cpp:39109:67: error: Invalid Directive: for current device, ROM_1P + LUTRAM is invalid combination for BIND_STORAGE's option 'type + impl' [clang-diagnostic-error]
#pragma HLS BIND_STORAGE variable=second_order_float::cos_K1 type=ROM_1P impl=LUTRAM
                                                                  ^
C:\Users\Burak\Desktop\TAU\HLS\PositFFT\PositFFT\PositFFT\hls\.autopilot\db\posit_lib.pp.0.cpp:39110:67: error: Invalid Directive: for current device, ROM_1P + LUTRAM is invalid combination for BIND_STORAGE's option 'type + impl' [clang-diagnostic-error]
#pragma HLS BIND_STORAGE variable=second_order_float::cos_K2 type=ROM_1P impl=LUTRAM
                                                                  ^
C:\Users\Burak\Desktop\TAU\HLS\PositFFT\PositFFT\PositFFT\hls\.autopilot\db\posit_lib.pp.0.cpp:39111:67: error: Invalid Directive: for current device, ROM_1P + LUTRAM is invalid combination for BIND_STORAGE's option 'type + impl' [clang-diagnostic-error]
#pragma HLS BIND_STORAGE variable=second_order_float::sin_K0 type=ROM_1P impl=LUTRAM
                                                                  ^
C:\Users\Burak\Desktop\TAU\HLS\PositFFT\PositFFT\PositFFT\hls\.autopilot\db\posit_lib.pp.0.cpp:39112:67: error: Invalid Directive: for current device, ROM_1P + LUTRAM is invalid combination for BIND_STORAGE's option 'type + impl' [clang-diagnostic-error]
#pragma HLS BIND_STORAGE variable=second_order_float::sin_K1 type=ROM_1P impl=LUTRAM
                                                                  ^
C:\Users\Burak\Desktop\TAU\HLS\PositFFT\PositFFT\PositFFT\hls\.autopilot\db\posit_lib.pp.0.cpp:39113:67: error: Invalid Directive: for current device, ROM_1P + LUTRAM is invalid combination for BIND_STORAGE's option 'type + impl' [clang-diagnostic-error]
#pragma HLS BIND_STORAGE variable=second_order_float::sin_K2 type=ROM_1P impl=LUTRAM
                                                                  ^
C:\Users\Burak\Desktop\TAU\HLS\PositFFT\PositFFT\PositFFT\hls\.autopilot\db\posit_lib.pp.0.cpp:39149:73: error: Invalid Directive: for current device, ROM_1P + LUTRAM is invalid combination for BIND_STORAGE's option 'type + impl' [clang-diagnostic-error]
#pragma HLS BIND_STORAGE variable=first_order_fixed_16::sin_cos_K0 type=ROM_1P impl=LUTRAM
                                                                        ^
C:\Users\Burak\Desktop\TAU\HLS\PositFFT\PositFFT\PositFFT\hls\.autopilot\db\posit_lib.pp.0.cpp:39150:73: error: Invalid Directive: for current device, ROM_1P + LUTRAM is invalid combination for BIND_STORAGE's option 'type + impl' [clang-diagnostic-error]
#pragma HLS BIND_STORAGE variable=first_order_fixed_16::sin_cos_K1 type=ROM_1P impl=LUTRAM
                                                                        ^
C:\Users\Burak\Desktop\TAU\HLS\PositFFT\PositFFT\PositFFT\hls\.autopilot\db\posit_lib.pp.0.cpp:39424:5: warning: Added loop label VITIS_LOOP_61_1:   [xilinx-label-all-loops]
    for (int n=0; n<Nmax; n++){
    ^~~
    VITIS_LOOP_61_1: 
C:\Users\Burak\Desktop\TAU\HLS\PositFFT\PositFFT\PositFFT\hls\.autopilot\db\posit_lib.pp.0.cpp:39424:5: note: FIX-IT applied suggested code changes
C:\Users\Burak\Desktop\TAU\HLS\PositFFT\PositFFT\PositFFT\hls\.autopilot\db\posit_lib.pp.0.cpp:39470:5: warning: Added loop label VITIS_LOOP_117_1:   [xilinx-label-all-loops]
    for (int n=0; n<Nmax; n++){
    ^~~
    VITIS_LOOP_117_1: 
C:\Users\Burak\Desktop\TAU\HLS\PositFFT\PositFFT\PositFFT\hls\.autopilot\db\posit_lib.pp.0.cpp:39470:5: note: FIX-IT applied suggested code changes
C:\Users\Burak\Desktop\TAU\HLS\PositFFT\PositFFT\PositFFT\hls\.autopilot\db\posit_lib.pp.0.cpp:39633:9: warning: Added loop label VITIS_LOOP_289_1:   [xilinx-label-all-loops]
        for(int i=0;i<W-1;i++){
        ^~~
        VITIS_LOOP_289_1: 
C:\Users\Burak\Desktop\TAU\HLS\PositFFT\PositFFT\PositFFT\hls\.autopilot\db\posit_lib.pp.0.cpp:39633:9: note: FIX-IT applied suggested code changes
C:\Users\Burak\Desktop\TAU\HLS\PositFFT\PositFFT\PositFFT\hls\.autopilot\db\posit_lib.pp.0.cpp:39785:9: warning: Added loop label VITIS_LOOP_449_1:   [xilinx-label-all-loops]
        for(int i=0;i<W-1;i++){
        ^~~
        VITIS_LOOP_449_1: 
C:\Users\Burak\Desktop\TAU\HLS\PositFFT\PositFFT\PositFFT\hls\.autopilot\db\posit_lib.pp.0.cpp:39785:9: note: FIX-IT applied suggested code changes
C:\Users\Burak\Desktop\TAU\HLS\PositFFT\PositFFT\PositFFT\hls\.autopilot\db\posit_lib.pp.0.cpp:39965:5: warning: Added loop label VITIS_LOOP_629_1:   [xilinx-label-all-loops]
    for(int i=0;i<W+1;i++){
    ^~~
    VITIS_LOOP_629_1: 
C:\Users\Burak\Desktop\TAU\HLS\PositFFT\PositFFT\PositFFT\hls\.autopilot\db\posit_lib.pp.0.cpp:39965:5: note: FIX-IT applied suggested code changes
C:\Users\Burak\Desktop\TAU\HLS\PositFFT\PositFFT\PositFFT\hls\.autopilot\db\posit_lib.pp.0.cpp:39969:5: warning: Added loop label VITIS_LOOP_633_2:   [xilinx-label-all-loops]
    for(int i=0;i<W+1;i++){
    ^~~
    VITIS_LOOP_633_2: 
C:\Users\Burak\Desktop\TAU\HLS\PositFFT\PositFFT\PositFFT\hls\.autopilot\db\posit_lib.pp.0.cpp:39969:5: note: FIX-IT applied suggested code changes
C:\Users\Burak\Desktop\TAU\HLS\PositFFT\PositFFT\PositFFT\hls\.autopilot\db\posit_lib.pp.0.cpp:40079:5: warning: Added loop label VITIS_LOOP_743_1:   [xilinx-label-all-loops]
    for (int n=0; n<Nmax; n++){
    ^~~
    VITIS_LOOP_743_1: 
C:\Users\Burak\Desktop\TAU\HLS\PositFFT\PositFFT\PositFFT\hls\.autopilot\db\posit_lib.pp.0.cpp:40079:5: note: FIX-IT applied suggested code changes
C:\Users\Burak\Desktop\TAU\HLS\PositFFT\PositFFT\PositFFT\hls\.autopilot\db\posit_lib.pp.0.cpp:40169:7: warning: Added loop label VITIS_LOOP_840_1:   [xilinx-label-all-loops]
      for(int i=0;i<W-1;i++){
      ^~~
      VITIS_LOOP_840_1: 
C:\Users\Burak\Desktop\TAU\HLS\PositFFT\PositFFT\PositFFT\hls\.autopilot\db\posit_lib.pp.0.cpp:40169:7: note: FIX-IT applied suggested code changes
C:\Users\Burak\Desktop\TAU\HLS\PositFFT\PositFFT\PositFFT\hls\.autopilot\db\posit_lib.pp.0.cpp:40188:7: warning: Added loop label VITIS_LOOP_859_2:   [xilinx-label-all-loops]
      for(int i=0;i<W-1;i++){
      ^~~
      VITIS_LOOP_859_2: 
C:\Users\Burak\Desktop\TAU\HLS\PositFFT\PositFFT\PositFFT\hls\.autopilot\db\posit_lib.pp.0.cpp:40188:7: note: FIX-IT applied suggested code changes
C:\Users\Burak\Desktop\TAU\HLS\PositFFT\PositFFT\PositFFT\hls\.autopilot\db\posit_lib.pp.0.cpp:40478:5: warning: Added loop label VITIS_LOOP_1173_1:   [xilinx-label-all-loops]
    for(int i=0; i<Nmax; i++) {
    ^~~
    VITIS_LOOP_1173_1: 
C:\Users\Burak\Desktop\TAU\HLS\PositFFT\PositFFT\PositFFT\hls\.autopilot\db\posit_lib.pp.0.cpp:40478:5: note: FIX-IT applied suggested code changes
C:\Users\Burak\Desktop\TAU\HLS\PositFFT\PositFFT\PositFFT\hls\.autopilot\db\posit_lib.pp.0.cpp:40561:5: warning: Added loop label VITIS_LOOP_1256_1:   [xilinx-label-all-loops]
    for(int i=0; i<Nmax; i++) {
    ^~~
    VITIS_LOOP_1256_1: 
C:\Users\Burak\Desktop\TAU\HLS\PositFFT\PositFFT\PositFFT\hls\.autopilot\db\posit_lib.pp.0.cpp:40561:5: note: FIX-IT applied suggested code changes
C:\Users\Burak\Desktop\TAU\HLS\PositFFT\PositFFT\PositFFT\hls\.autopilot\db\posit_lib.pp.0.cpp:40967:13: warning: Added loop label VITIS_LOOP_68_1:   [xilinx-label-all-loops]
            for (int j = 3; j >= I_+1; j--) {
            ^~~
            VITIS_LOOP_68_1: 
C:\Users\Burak\Desktop\TAU\HLS\PositFFT\PositFFT\PositFFT\hls\.autopilot\db\posit_lib.pp.0.cpp:40967:13: note: FIX-IT applied suggested code changes
C:\Users\Burak\Desktop\TAU\HLS\PositFFT\PositFFT\PositFFT\hls\.autopilot\db\posit_lib.pp.0.cpp:40973:17: warning: Added loop label VITIS_LOOP_74_2:   [xilinx-label-all-loops]
                for (int j = 3; j >= I_+1; j--){
                ^~~
                VITIS_LOOP_74_2: 
C:\Users\Burak\Desktop\TAU\HLS\PositFFT\PositFFT\PositFFT\hls\.autopilot\db\posit_lib.pp.0.cpp:40973:17: note: FIX-IT applied suggested code changes
C:\Users\Burak\Desktop\TAU\HLS\PositFFT\PositFFT\PositFFT\hls\.autopilot\db\posit_lib.pp.0.cpp:40977:17: warning: Added loop label VITIS_LOOP_78_3:   [xilinx-label-all-loops]
                for (int j = I_; j >= 0; j--){
                ^~~
                VITIS_LOOP_78_3: 
C:\Users\Burak\Desktop\TAU\HLS\PositFFT\PositFFT\PositFFT\hls\.autopilot\db\posit_lib.pp.0.cpp:40977:17: note: FIX-IT applied suggested code changes
C:\Users\Burak\Desktop\TAU\HLS\PositFFT\PositFFT\PositFFT\hls\.autopilot\db\posit_lib.pp.0.cpp:41025:13: warning: Added loop label VITIS_LOOP_145_4:   [xilinx-label-all-loops]
            for (int j = 9; j >= I_+4; j--) {
            ^~~
            VITIS_LOOP_145_4: 
C:\Users\Burak\Desktop\TAU\HLS\PositFFT\PositFFT\PositFFT\hls\.autopilot\db\posit_lib.pp.0.cpp:41025:13: note: FIX-IT applied suggested code changes
C:\Users\Burak\Desktop\TAU\HLS\PositFFT\PositFFT\PositFFT\hls\.autopilot\db\posit_lib.pp.0.cpp:41031:17: warning: Added loop label VITIS_LOOP_151_5:   [xilinx-label-all-loops]
                for (int j = 9; j >= I_+4; j--){
                ^~~
                VITIS_LOOP_151_5: 
C:\Users\Burak\Desktop\TAU\HLS\PositFFT\PositFFT\PositFFT\hls\.autopilot\db\posit_lib.pp.0.cpp:41031:17: note: FIX-IT applied suggested code changes
C:\Users\Burak\Desktop\TAU\HLS\PositFFT\PositFFT\PositFFT\hls\.autopilot\db\posit_lib.pp.0.cpp:41035:17: warning: Added loop label VITIS_LOOP_155_6:   [xilinx-label-all-loops]
                for (int j = I_+3; j >= 0; j--){
                ^~~
                VITIS_LOOP_155_6: 
C:\Users\Burak\Desktop\TAU\HLS\PositFFT\PositFFT\PositFFT\hls\.autopilot\db\posit_lib.pp.0.cpp:41035:17: note: FIX-IT applied suggested code changes
C:\Users\Burak\Desktop\TAU\HLS\PositFFT\PositFFT\PositFFT\hls\.autopilot\db\posit_lib.pp.0.cpp:41050:9: warning: Added loop label VITIS_LOOP_170_7:   [xilinx-label-all-loops]
        for (int j = 14; j < 22; j++){
        ^~~
        VITIS_LOOP_170_7: 
C:\Users\Burak\Desktop\TAU\HLS\PositFFT\PositFFT\PositFFT\hls\.autopilot\db\posit_lib.pp.0.cpp:41050:9: note: FIX-IT applied suggested code changes
C:\Users\Burak\Desktop\TAU\HLS\PositFFT\PositFFT\PositFFT\hls\.autopilot\db\posit_lib.pp.0.cpp:41058:17: warning: Added loop label VITIS_LOOP_178_8:   [xilinx-label-all-loops]
                for (int j = 0; j < 22; j++){
                ^~~
                VITIS_LOOP_178_8: 
C:\Users\Burak\Desktop\TAU\HLS\PositFFT\PositFFT\PositFFT\hls\.autopilot\db\posit_lib.pp.0.cpp:41058:17: note: FIX-IT applied suggested code changes
C:\Users\Burak\Desktop\TAU\HLS\PositFFT\PositFFT\PositFFT\hls\.autopilot\db\posit_lib.pp.0.cpp:41123:13: warning: Added loop label VITIS_LOOP_243_9:   [xilinx-label-all-loops]
            for (int j = 21; j >= I_+10; j--) {
            ^~~
            VITIS_LOOP_243_9: 
C:\Users\Burak\Desktop\TAU\HLS\PositFFT\PositFFT\PositFFT\hls\.autopilot\db\posit_lib.pp.0.cpp:41123:13: note: FIX-IT applied suggested code changes
C:\Users\Burak\Desktop\TAU\HLS\PositFFT\PositFFT\PositFFT\hls\.autopilot\db\posit_lib.pp.0.cpp:41129:17: warning: Added loop label VITIS_LOOP_249_10:   [xilinx-label-all-loops]
                for (int j = 21; j >= I_+10; j--) {
                ^~~
                VITIS_LOOP_249_10: 
C:\Users\Burak\Desktop\TAU\HLS\PositFFT\PositFFT\PositFFT\hls\.autopilot\db\posit_lib.pp.0.cpp:41129:17: note: FIX-IT applied suggested code changes
C:\Users\Burak\Desktop\TAU\HLS\PositFFT\PositFFT\PositFFT\hls\.autopilot\db\posit_lib.pp.0.cpp:41133:17: warning: Added loop label VITIS_LOOP_253_11:   [xilinx-label-all-loops]
                for (int j = I_+9; j >= 0; j--) {
                ^~~
                VITIS_LOOP_253_11: 
C:\Users\Burak\Desktop\TAU\HLS\PositFFT\PositFFT\PositFFT\hls\.autopilot\db\posit_lib.pp.0.cpp:41133:17: note: FIX-IT applied suggested code changes
C:\Users\Burak\Desktop\TAU\HLS\PositFFT\PositFFT\PositFFT\hls\.autopilot\db\posit_lib.pp.0.cpp:41148:9: warning: Added loop label VITIS_LOOP_268_12:   [xilinx-label-all-loops]
        for (int j = 27; j < 46; j++){
        ^~~
        VITIS_LOOP_268_12: 
C:\Users\Burak\Desktop\TAU\HLS\PositFFT\PositFFT\PositFFT\hls\.autopilot\db\posit_lib.pp.0.cpp:41148:9: note: FIX-IT applied suggested code changes
C:\Users\Burak\Desktop\TAU\HLS\PositFFT\PositFFT\PositFFT\hls\.autopilot\db\posit_lib.pp.0.cpp:41156:17: warning: Added loop label VITIS_LOOP_276_13:   [xilinx-label-all-loops]
                for (int j = 0; j < 46; j++) {
                ^~~
                VITIS_LOOP_276_13: 
C:\Users\Burak\Desktop\TAU\HLS\PositFFT\PositFFT\PositFFT\hls\.autopilot\db\posit_lib.pp.0.cpp:41156:17: note: FIX-IT applied suggested code changes
C:\Users\Burak\Desktop\TAU\HLS\PositFFT\PositFFT\PositFFT\hls\.autopilot\db\posit_lib.pp.0.cpp:41385:13: warning: Added loop label VITIS_LOOP_505_14:   [xilinx-label-all-loops]
            for (int j = 45; j >= I_+22; j--) {
            ^~~
            VITIS_LOOP_505_14: 
C:\Users\Burak\Desktop\TAU\HLS\PositFFT\PositFFT\PositFFT\hls\.autopilot\db\posit_lib.pp.0.cpp:41385:13: note: FIX-IT applied suggested code changes
C:\Users\Burak\Desktop\TAU\HLS\PositFFT\PositFFT\PositFFT\hls\.autopilot\db\posit_lib.pp.0.cpp:41391:17: warning: Added loop label VITIS_LOOP_511_15:   [xilinx-label-all-loops]
                for (int j = 45; j >= I_+22; j--){
                ^~~
                VITIS_LOOP_511_15: 
C:\Users\Burak\Desktop\TAU\HLS\PositFFT\PositFFT\PositFFT\hls\.autopilot\db\posit_lib.pp.0.cpp:41391:17: note: FIX-IT applied suggested code changes
C:\Users\Burak\Desktop\TAU\HLS\PositFFT\PositFFT\PositFFT\hls\.autopilot\db\posit_lib.pp.0.cpp:41395:17: warning: Added loop label VITIS_LOOP_515_16:   [xilinx-label-all-loops]
                for (int j = I_+21; j >= 0; j--) {
                ^~~
                VITIS_LOOP_515_16: 
C:\Users\Burak\Desktop\TAU\HLS\PositFFT\PositFFT\PositFFT\hls\.autopilot\db\posit_lib.pp.0.cpp:41395:17: note: FIX-IT applied suggested code changes
C:\Users\Burak\Desktop\TAU\HLS\PositFFT\PositFFT\PositFFT\hls\.autopilot\db\posit_lib.pp.0.cpp:41405:9: warning: Added loop label VITIS_LOOP_525_17:   [xilinx-label-all-loops]
        for (int j = 32-F_; j < 32+I_; j++){
        ^~~
        VITIS_LOOP_525_17: 
C:\Users\Burak\Desktop\TAU\HLS\PositFFT\PositFFT\PositFFT\hls\.autopilot\db\posit_lib.pp.0.cpp:41405:9: note: FIX-IT applied suggested code changes
C:\Users\Burak\Desktop\TAU\HLS\PositFFT\PositFFT\PositFFT\hls\.autopilot\db\posit_lib.pp.0.cpp:41409:9: warning: Added loop label VITIS_LOOP_529_18:   [xilinx-label-all-loops]
        for (int j = 32+I_; j <= 64; j++){
        ^~~
        VITIS_LOOP_529_18: 
C:\Users\Burak\Desktop\TAU\HLS\PositFFT\PositFFT\PositFFT\hls\.autopilot\db\posit_lib.pp.0.cpp:41409:9: note: FIX-IT applied suggested code changes
C:\Users\Burak\Desktop\TAU\HLS\PositFFT\PositFFT\PositFFT\hls\.autopilot\db\posit_lib.pp.0.cpp:41419:9: warning: Added loop label VITIS_LOOP_539_19:   [xilinx-label-all-loops]
        for (int j = 37; j < 64; j++) {
        ^~~
        VITIS_LOOP_539_19: 
C:\Users\Burak\Desktop\TAU\HLS\PositFFT\PositFFT\PositFFT\hls\.autopilot\db\posit_lib.pp.0.cpp:41419:9: note: FIX-IT applied suggested code changes
C:\Users\Burak\Desktop\TAU\HLS\PositFFT\PositFFT\PositFFT\hls\.autopilot\db\posit_lib.pp.0.cpp:41427:17: warning: Added loop label VITIS_LOOP_547_20:   [xilinx-label-all-loops]
                for (int j = 0; j < 64; j++){
                ^~~
                VITIS_LOOP_547_20: 
C:\Users\Burak\Desktop\TAU\HLS\PositFFT\PositFFT\PositFFT\hls\.autopilot\db\posit_lib.pp.0.cpp:41427:17: note: FIX-IT applied suggested code changes
C:\Users\Burak\Desktop\TAU\HLS\PositFFT\PositFFT\PositFFT\hls\.autopilot\db\posit_lib.pp.0.cpp:41788:13: warning: Added loop label VITIS_LOOP_908_21:   [xilinx-label-all-loops]
            for (int j = 63; j >= I_+31; j--) {
            ^~~
            VITIS_LOOP_908_21: 
C:\Users\Burak\Desktop\TAU\HLS\PositFFT\PositFFT\PositFFT\hls\.autopilot\db\posit_lib.pp.0.cpp:41788:13: note: FIX-IT applied suggested code changes
C:\Users\Burak\Desktop\TAU\HLS\PositFFT\PositFFT\PositFFT\hls\.autopilot\db\posit_lib.pp.0.cpp:41794:17: warning: Added loop label VITIS_LOOP_914_22:   [xilinx-label-all-loops]
                for (int j = 63; j >= I_+31; j--) {
                ^~~
                VITIS_LOOP_914_22: 
C:\Users\Burak\Desktop\TAU\HLS\PositFFT\PositFFT\PositFFT\hls\.autopilot\db\posit_lib.pp.0.cpp:41794:17: note: FIX-IT applied suggested code changes
C:\Users\Burak\Desktop\TAU\HLS\PositFFT\PositFFT\PositFFT\hls\.autopilot\db\posit_lib.pp.0.cpp:41798:17: warning: Added loop label VITIS_LOOP_918_23:   [xilinx-label-all-loops]
                for (int j = I_+30; j >= 0; j--) {
                ^~~
                VITIS_LOOP_918_23: 
C:\Users\Burak\Desktop\TAU\HLS\PositFFT\PositFFT\PositFFT\hls\.autopilot\db\posit_lib.pp.0.cpp:41798:17: note: FIX-IT applied suggested code changes
C:\Users\Burak\Desktop\TAU\HLS\PositFFT\PositFFT\PositFFT\hls\.autopilot\db\posit_lib.pp.0.cpp:41914:13: warning: Added loop label VITIS_LOOP_1034_1:   [xilinx-label-all-loops]
            for (int j = 4; j >= I_+1; j--) {
            ^~~
            VITIS_LOOP_1034_1: 
C:\Users\Burak\Desktop\TAU\HLS\PositFFT\PositFFT\PositFFT\hls\.autopilot\db\posit_lib.pp.0.cpp:41914:13: note: FIX-IT applied suggested code changes
C:\Users\Burak\Desktop\TAU\HLS\PositFFT\PositFFT\PositFFT\hls\.autopilot\db\posit_lib.pp.0.cpp:41920:17: warning: Added loop label VITIS_LOOP_1040_2:   [xilinx-label-all-loops]
                for (int j = 4; j >= I_+1; j--) {
                ^~~
                VITIS_LOOP_1040_2: 
C:\Users\Burak\Desktop\TAU\HLS\PositFFT\PositFFT\PositFFT\hls\.autopilot\db\posit_lib.pp.0.cpp:41920:17: note: FIX-IT applied suggested code changes
C:\Users\Burak\Desktop\TAU\HLS\PositFFT\PositFFT\PositFFT\hls\.autopilot\db\posit_lib.pp.0.cpp:41924:17: warning: Added loop label VITIS_LOOP_1044_3:   [xilinx-label-all-loops]
                for (int j = I_; j >= 0; j--) {
                ^~~
                VITIS_LOOP_1044_3: 
C:\Users\Burak\Desktop\TAU\HLS\PositFFT\PositFFT\PositFFT\hls\.autopilot\db\posit_lib.pp.0.cpp:41924:17: note: FIX-IT applied suggested code changes
C:\Users\Burak\Desktop\TAU\HLS\PositFFT\PositFFT\PositFFT\hls\.autopilot\db\posit_lib.pp.0.cpp:42011:13: warning: Added loop label VITIS_LOOP_1131_4:   [xilinx-label-all-loops]
            for (int j = 10; j >= I_+4; j--) {
            ^~~
            VITIS_LOOP_1131_4: 
C:\Users\Burak\Desktop\TAU\HLS\PositFFT\PositFFT\PositFFT\hls\.autopilot\db\posit_lib.pp.0.cpp:42011:13: note: FIX-IT applied suggested code changes
C:\Users\Burak\Desktop\TAU\HLS\PositFFT\PositFFT\PositFFT\hls\.autopilot\db\posit_lib.pp.0.cpp:42017:17: warning: Added loop label VITIS_LOOP_1137_5:   [xilinx-label-all-loops]
                for (int j = 10; j >= I_+4; j--) {
                ^~~
                VITIS_LOOP_1137_5: 
C:\Users\Burak\Desktop\TAU\HLS\PositFFT\PositFFT\PositFFT\hls\.autopilot\db\posit_lib.pp.0.cpp:42017:17: note: FIX-IT applied suggested code changes
C:\Users\Burak\Desktop\TAU\HLS\PositFFT\PositFFT\PositFFT\hls\.autopilot\db\posit_lib.pp.0.cpp:42021:17: warning: Added loop label VITIS_LOOP_1141_6:   [xilinx-label-all-loops]
                for (int j = I_+3; j >= 0; j--) {
                ^~~
                VITIS_LOOP_1141_6: 
C:\Users\Burak\Desktop\TAU\HLS\PositFFT\PositFFT\PositFFT\hls\.autopilot\db\posit_lib.pp.0.cpp:42021:17: note: FIX-IT applied suggested code changes
C:\Users\Burak\Desktop\TAU\HLS\PositFFT\PositFFT\PositFFT\hls\.autopilot\db\posit_lib.pp.0.cpp:42040:9: warning: Added loop label VITIS_LOOP_1160_7:   [xilinx-label-all-loops]
        for (int j = wf+3; j < w-1; j++) {
        ^~~
        VITIS_LOOP_1160_7: 
C:\Users\Burak\Desktop\TAU\HLS\PositFFT\PositFFT\PositFFT\hls\.autopilot\db\posit_lib.pp.0.cpp:42040:9: note: FIX-IT applied suggested code changes
C:\Users\Burak\Desktop\TAU\HLS\PositFFT\PositFFT\PositFFT\hls\.autopilot\db\posit_lib.pp.0.cpp:42047:17: warning: Added loop label VITIS_LOOP_1167_8:   [xilinx-label-all-loops]
                for (int j = 0; j < 22; j++) {
                ^~~
                VITIS_LOOP_1167_8: 
C:\Users\Burak\Desktop\TAU\HLS\PositFFT\PositFFT\PositFFT\hls\.autopilot\db\posit_lib.pp.0.cpp:42047:17: note: FIX-IT applied suggested code changes
C:\Users\Burak\Desktop\TAU\HLS\PositFFT\PositFFT\PositFFT\hls\.autopilot\db\posit_lib.pp.0.cpp:42163:13: warning: Added loop label VITIS_LOOP_1283_9:   [xilinx-label-all-loops]
            for (int j = 22; j >= I_+10; j--) {
            ^~~
            VITIS_LOOP_1283_9: 
C:\Users\Burak\Desktop\TAU\HLS\PositFFT\PositFFT\PositFFT\hls\.autopilot\db\posit_lib.pp.0.cpp:42163:13: note: FIX-IT applied suggested code changes
C:\Users\Burak\Desktop\TAU\HLS\PositFFT\PositFFT\PositFFT\hls\.autopilot\db\posit_lib.pp.0.cpp:42169:17: warning: Added loop label VITIS_LOOP_1289_10:   [xilinx-label-all-loops]
                for (int j = 22; j >= I_+10; j--){
                ^~~
                VITIS_LOOP_1289_10: 
C:\Users\Burak\Desktop\TAU\HLS\PositFFT\PositFFT\PositFFT\hls\.autopilot\db\posit_lib.pp.0.cpp:42169:17: note: FIX-IT applied suggested code changes
C:\Users\Burak\Desktop\TAU\HLS\PositFFT\PositFFT\PositFFT\hls\.autopilot\db\posit_lib.pp.0.cpp:42173:17: warning: Added loop label VITIS_LOOP_1293_11:   [xilinx-label-all-loops]
                for (int j = I_+9; j >= 0; j--) {
                ^~~
                VITIS_LOOP_1293_11: 
C:\Users\Burak\Desktop\TAU\HLS\PositFFT\PositFFT\PositFFT\hls\.autopilot\db\posit_lib.pp.0.cpp:42173:17: note: FIX-IT applied suggested code changes
C:\Users\Burak\Desktop\TAU\HLS\PositFFT\PositFFT\PositFFT\hls\.autopilot\db\posit_lib.pp.0.cpp:42193:9: warning: Added loop label VITIS_LOOP_1313_12:   [xilinx-label-all-loops]
        for (int j = wf+4; j < w-1; j++){
        ^~~
        VITIS_LOOP_1313_12: 
C:\Users\Burak\Desktop\TAU\HLS\PositFFT\PositFFT\PositFFT\hls\.autopilot\db\posit_lib.pp.0.cpp:42193:9: note: FIX-IT applied suggested code changes
C:\Users\Burak\Desktop\TAU\HLS\PositFFT\PositFFT\PositFFT\hls\.autopilot\db\posit_lib.pp.0.cpp:42200:17: warning: Added loop label VITIS_LOOP_1320_13:   [xilinx-label-all-loops]
                for (int j = 0; j < 46; j++) {
                ^~~
                VITIS_LOOP_1320_13: 
C:\Users\Burak\Desktop\TAU\HLS\PositFFT\PositFFT\PositFFT\hls\.autopilot\db\posit_lib.pp.0.cpp:42200:17: note: FIX-IT applied suggested code changes
C:\Users\Burak\Desktop\TAU\HLS\PositFFT\PositFFT\PositFFT\hls\.autopilot\db\posit_lib.pp.0.cpp:42462:13: warning: Added loop label VITIS_LOOP_1582_14:   [xilinx-label-all-loops]
            for (int j = 46; j >= I_+22; j--) {
            ^~~
            VITIS_LOOP_1582_14: 
C:\Users\Burak\Desktop\TAU\HLS\PositFFT\PositFFT\PositFFT\hls\.autopilot\db\posit_lib.pp.0.cpp:42462:13: note: FIX-IT applied suggested code changes
C:\Users\Burak\Desktop\TAU\HLS\PositFFT\PositFFT\PositFFT\hls\.autopilot\db\posit_lib.pp.0.cpp:42468:17: warning: Added loop label VITIS_LOOP_1588_15:   [xilinx-label-all-loops]
                for (int j = 46; j >= I_+22; j--) {
                ^~~
                VITIS_LOOP_1588_15: 
C:\Users\Burak\Desktop\TAU\HLS\PositFFT\PositFFT\PositFFT\hls\.autopilot\db\posit_lib.pp.0.cpp:42468:17: note: FIX-IT applied suggested code changes
C:\Users\Burak\Desktop\TAU\HLS\PositFFT\PositFFT\PositFFT\hls\.autopilot\db\posit_lib.pp.0.cpp:42472:17: warning: Added loop label VITIS_LOOP_1592_16:   [xilinx-label-all-loops]
                for (int j = I_+21; j >= 0; j--) {
                ^~~
                VITIS_LOOP_1592_16: 
C:\Users\Burak\Desktop\TAU\HLS\PositFFT\PositFFT\PositFFT\hls\.autopilot\db\posit_lib.pp.0.cpp:42472:17: note: FIX-IT applied suggested code changes
C:\Users\Burak\Desktop\TAU\HLS\PositFFT\PositFFT\PositFFT\hls\.autopilot\db\posit_lib.pp.0.cpp:42496:9: warning: Added loop label VITIS_LOOP_1616_17:   [xilinx-label-all-loops]
        for (int j = wf+5; j < w-1; j++){
        ^~~
        VITIS_LOOP_1616_17: 
C:\Users\Burak\Desktop\TAU\HLS\PositFFT\PositFFT\PositFFT\hls\.autopilot\db\posit_lib.pp.0.cpp:42496:9: note: FIX-IT applied suggested code changes
C:\Users\Burak\Desktop\TAU\HLS\PositFFT\PositFFT\PositFFT\hls\.autopilot\db\posit_lib.pp.0.cpp:42503:17: warning: Added loop label VITIS_LOOP_1623_18:   [xilinx-label-all-loops]
                for (int j = 0; j < 64; j++) {
                ^~~
                VITIS_LOOP_1623_18: 
C:\Users\Burak\Desktop\TAU\HLS\PositFFT\PositFFT\PositFFT\hls\.autopilot\db\posit_lib.pp.0.cpp:42503:17: note: FIX-IT applied suggested code changes
C:\Users\Burak\Desktop\TAU\HLS\PositFFT\PositFFT\PositFFT\hls\.autopilot\db\posit_lib.pp.0.cpp:42933:13: warning: Added loop label VITIS_LOOP_2053_19:   [xilinx-label-all-loops]
            for (int j = 64; j >= I_+31; j--) {
            ^~~
            VITIS_LOOP_2053_19: 
C:\Users\Burak\Desktop\TAU\HLS\PositFFT\PositFFT\PositFFT\hls\.autopilot\db\posit_lib.pp.0.cpp:42933:13: note: FIX-IT applied suggested code changes
C:\Users\Burak\Desktop\TAU\HLS\PositFFT\PositFFT\PositFFT\hls\.autopilot\db\posit_lib.pp.0.cpp:42939:17: warning: Added loop label VITIS_LOOP_2059_20:   [xilinx-label-all-loops]
                for (int j = 64; j >= I_+31; j--) {
                ^~~
                VITIS_LOOP_2059_20: 
C:\Users\Burak\Desktop\TAU\HLS\PositFFT\PositFFT\PositFFT\hls\.autopilot\db\posit_lib.pp.0.cpp:42939:17: note: FIX-IT applied suggested code changes
C:\Users\Burak\Desktop\TAU\HLS\PositFFT\PositFFT\PositFFT\hls\.autopilot\db\posit_lib.pp.0.cpp:42943:17: warning: Added loop label VITIS_LOOP_2063_21:   [xilinx-label-all-loops]
                for (int j = I_+30; j >= 0; j--) {
                ^~~
                VITIS_LOOP_2063_21: 
C:\Users\Burak\Desktop\TAU\HLS\PositFFT\PositFFT\PositFFT\hls\.autopilot\db\posit_lib.pp.0.cpp:42943:17: note: FIX-IT applied suggested code changes
C:\Users\Burak\Desktop\TAU\HLS\PositFFT\PositFFT\PositFFT\hls\.autopilot\db\posit_lib.pp.0.cpp:43073:13: warning: Added loop label VITIS_LOOP_2193_1:   [xilinx-label-all-loops]
            for(int j=3; j>=I+1; j--) {
            ^~~
            VITIS_LOOP_2193_1: 
C:\Users\Burak\Desktop\TAU\HLS\PositFFT\PositFFT\PositFFT\hls\.autopilot\db\posit_lib.pp.0.cpp:43073:13: note: FIX-IT applied suggested code changes
C:\Users\Burak\Desktop\TAU\HLS\PositFFT\PositFFT\PositFFT\hls\.autopilot\db\posit_lib.pp.0.cpp:43080:17: warning: Added loop label VITIS_LOOP_2200_2:   [xilinx-label-all-loops]
                for(int j=3; j>=I+1; j--) {
                ^~~
                VITIS_LOOP_2200_2: 
C:\Users\Burak\Desktop\TAU\HLS\PositFFT\PositFFT\PositFFT\hls\.autopilot\db\posit_lib.pp.0.cpp:43080:17: note: FIX-IT applied suggested code changes
C:\Users\Burak\Desktop\TAU\HLS\PositFFT\PositFFT\PositFFT\hls\.autopilot\db\posit_lib.pp.0.cpp:43084:17: warning: Added loop label VITIS_LOOP_2204_3:   [xilinx-label-all-loops]
                for(int j=I; j>=0; j--) {
                ^~~
                VITIS_LOOP_2204_3: 
C:\Users\Burak\Desktop\TAU\HLS\PositFFT\PositFFT\PositFFT\hls\.autopilot\db\posit_lib.pp.0.cpp:43084:17: note: FIX-IT applied suggested code changes
C:\Users\Burak\Desktop\TAU\HLS\PositFFT\PositFFT\PositFFT\hls\.autopilot\db\posit_lib.pp.0.cpp:43131:13: warning: Added loop label VITIS_LOOP_2251_4:   [xilinx-label-all-loops]
            for(int j=7; j>=3+I; j--) {
            ^~~
            VITIS_LOOP_2251_4: 
C:\Users\Burak\Desktop\TAU\HLS\PositFFT\PositFFT\PositFFT\hls\.autopilot\db\posit_lib.pp.0.cpp:43131:13: note: FIX-IT applied suggested code changes
C:\Users\Burak\Desktop\TAU\HLS\PositFFT\PositFFT\PositFFT\hls\.autopilot\db\posit_lib.pp.0.cpp:43138:17: warning: Added loop label VITIS_LOOP_2258_5:   [xilinx-label-all-loops]
                for(int j=7; j>=3+I; j--) {
                ^~~
                VITIS_LOOP_2258_5: 
C:\Users\Burak\Desktop\TAU\HLS\PositFFT\PositFFT\PositFFT\hls\.autopilot\db\posit_lib.pp.0.cpp:43138:17: note: FIX-IT applied suggested code changes
C:\Users\Burak\Desktop\TAU\HLS\PositFFT\PositFFT\PositFFT\hls\.autopilot\db\posit_lib.pp.0.cpp:43142:17: warning: Added loop label VITIS_LOOP_2262_6:   [xilinx-label-all-loops]
                for(int j=I+2; j>=0; j--) {
                ^~~
                VITIS_LOOP_2262_6: 
C:\Users\Burak\Desktop\TAU\HLS\PositFFT\PositFFT\PositFFT\hls\.autopilot\db\posit_lib.pp.0.cpp:43142:17: note: FIX-IT applied suggested code changes
C:\Users\Burak\Desktop\TAU\HLS\PositFFT\PositFFT\PositFFT\hls\.autopilot\db\posit_lib.pp.0.cpp:43160:9: warning: Added loop label VITIS_LOOP_2280_7:   [xilinx-label-all-loops]
        for(int j=11; j<16; j++) {
        ^~~
        VITIS_LOOP_2280_7: 
C:\Users\Burak\Desktop\TAU\HLS\PositFFT\PositFFT\PositFFT\hls\.autopilot\db\posit_lib.pp.0.cpp:43160:9: note: FIX-IT applied suggested code changes
C:\Users\Burak\Desktop\TAU\HLS\PositFFT\PositFFT\PositFFT\hls\.autopilot\db\posit_lib.pp.0.cpp:43215:13: warning: Added loop label VITIS_LOOP_2335_8:   [xilinx-label-all-loops]
            for(int j=15; j>=7+I; j--) {
            ^~~
            VITIS_LOOP_2335_8: 
C:\Users\Burak\Desktop\TAU\HLS\PositFFT\PositFFT\PositFFT\hls\.autopilot\db\posit_lib.pp.0.cpp:43215:13: note: FIX-IT applied suggested code changes
C:\Users\Burak\Desktop\TAU\HLS\PositFFT\PositFFT\PositFFT\hls\.autopilot\db\posit_lib.pp.0.cpp:43222:17: warning: Added loop label VITIS_LOOP_2342_9:   [xilinx-label-all-loops]
                for(int j=15; j>=7+I; j--) {
                ^~~
                VITIS_LOOP_2342_9: 
C:\Users\Burak\Desktop\TAU\HLS\PositFFT\PositFFT\PositFFT\hls\.autopilot\db\posit_lib.pp.0.cpp:43222:17: note: FIX-IT applied suggested code changes
C:\Users\Burak\Desktop\TAU\HLS\PositFFT\PositFFT\PositFFT\hls\.autopilot\db\posit_lib.pp.0.cpp:43226:17: warning: Added loop label VITIS_LOOP_2346_10:   [xilinx-label-all-loops]
                for(int j=6+I; j>=0; j--) {
                ^~~
                VITIS_LOOP_2346_10: 
C:\Users\Burak\Desktop\TAU\HLS\PositFFT\PositFFT\PositFFT\hls\.autopilot\db\posit_lib.pp.0.cpp:43226:17: note: FIX-IT applied suggested code changes
C:\Users\Burak\Desktop\TAU\HLS\PositFFT\PositFFT\PositFFT\hls\.autopilot\db\posit_lib.pp.0.cpp:43244:9: warning: Added loop label VITIS_LOOP_2364_11:   [xilinx-label-all-loops]
        for(int j=20; j<32; j++) {
        ^~~
        VITIS_LOOP_2364_11: 
C:\Users\Burak\Desktop\TAU\HLS\PositFFT\PositFFT\PositFFT\hls\.autopilot\db\posit_lib.pp.0.cpp:43244:9: note: FIX-IT applied suggested code changes
C:\Users\Burak\Desktop\TAU\HLS\PositFFT\PositFFT\PositFFT\hls\.autopilot\db\posit_lib.pp.0.cpp:43333:13: warning: Added loop label VITIS_LOOP_2453_12:   [xilinx-label-all-loops]
            for(int j=31; j>=I+15; j--) {
            ^~~
            VITIS_LOOP_2453_12: 
C:\Users\Burak\Desktop\TAU\HLS\PositFFT\PositFFT\PositFFT\hls\.autopilot\db\posit_lib.pp.0.cpp:43333:13: note: FIX-IT applied suggested code changes
C:\Users\Burak\Desktop\TAU\HLS\PositFFT\PositFFT\PositFFT\hls\.autopilot\db\posit_lib.pp.0.cpp:43340:17: warning: Added loop label VITIS_LOOP_2460_13:   [xilinx-label-all-loops]
                for(int j=31; j>=I+15; j--) {
                ^~~
                VITIS_LOOP_2460_13: 
C:\Users\Burak\Desktop\TAU\HLS\PositFFT\PositFFT\PositFFT\hls\.autopilot\db\posit_lib.pp.0.cpp:43340:17: note: FIX-IT applied suggested code changes
C:\Users\Burak\Desktop\TAU\HLS\PositFFT\PositFFT\PositFFT\hls\.autopilot\db\posit_lib.pp.0.cpp:43344:17: warning: Added loop label VITIS_LOOP_2464_14:   [xilinx-label-all-loops]
                for(int j=I+14; j>=0; j--) {
                ^~~
                VITIS_LOOP_2464_14: 
C:\Users\Burak\Desktop\TAU\HLS\PositFFT\PositFFT\PositFFT\hls\.autopilot\db\posit_lib.pp.0.cpp:43344:17: note: FIX-IT applied suggested code changes
C:\Users\Burak\Desktop\TAU\HLS\PositFFT\PositFFT\PositFFT\hls\.autopilot\db\posit_lib.pp.0.cpp:43354:9: warning: Added loop label VITIS_LOOP_2474_15:   [xilinx-label-all-loops]
        for(int j=32-F; j<32+I; j++) {
        ^~~
        VITIS_LOOP_2474_15: 
C:\Users\Burak\Desktop\TAU\HLS\PositFFT\PositFFT\PositFFT\hls\.autopilot\db\posit_lib.pp.0.cpp:43354:9: note: FIX-IT applied suggested code changes
C:\Users\Burak\Desktop\TAU\HLS\PositFFT\PositFFT\PositFFT\hls\.autopilot\db\posit_lib.pp.0.cpp:43358:9: warning: Added loop label VITIS_LOOP_2478_16:   [xilinx-label-all-loops]
        for(int j=32+I; j<=64; j++) {
        ^~~
        VITIS_LOOP_2478_16: 
C:\Users\Burak\Desktop\TAU\HLS\PositFFT\PositFFT\PositFFT\hls\.autopilot\db\posit_lib.pp.0.cpp:43358:9: note: FIX-IT applied suggested code changes
C:\Users\Burak\Desktop\TAU\HLS\PositFFT\PositFFT\PositFFT\hls\.autopilot\db\posit_lib.pp.0.cpp:43369:9: warning: Added loop label VITIS_LOOP_2489_17:   [xilinx-label-all-loops]
        for(int j=37; j<64; j++) {
        ^~~
        VITIS_LOOP_2489_17: 
C:\Users\Burak\Desktop\TAU\HLS\PositFFT\PositFFT\PositFFT\hls\.autopilot\db\posit_lib.pp.0.cpp:43369:9: note: FIX-IT applied suggested code changes
C:\Users\Burak\Desktop\TAU\HLS\PositFFT\PositFFT\PositFFT\hls\.autopilot\db\posit_lib.pp.0.cpp:43377:17: warning: Added loop label VITIS_LOOP_2497_18:   [xilinx-label-all-loops]
                for(int j=0; j<64; j++) {
                ^~~
                VITIS_LOOP_2497_18: 
C:\Users\Burak\Desktop\TAU\HLS\PositFFT\PositFFT\PositFFT\hls\.autopilot\db\posit_lib.pp.0.cpp:43377:17: note: FIX-IT applied suggested code changes
C:\Users\Burak\Desktop\TAU\HLS\PositFFT\PositFFT\PositFFT\hls\.autopilot\db\posit_lib.pp.0.cpp:43702:13: warning: Added loop label VITIS_LOOP_2822_19:   [xilinx-label-all-loops]
            for(int j=63; j>=I+31; j--) {
            ^~~
            VITIS_LOOP_2822_19: 
C:\Users\Burak\Desktop\TAU\HLS\PositFFT\PositFFT\PositFFT\hls\.autopilot\db\posit_lib.pp.0.cpp:43702:13: note: FIX-IT applied suggested code changes
C:\Users\Burak\Desktop\TAU\HLS\PositFFT\PositFFT\PositFFT\hls\.autopilot\db\posit_lib.pp.0.cpp:43709:17: warning: Added loop label VITIS_LOOP_2829_20:   [xilinx-label-all-loops]
                for(int j=63; j>=I+31; j--) {
                ^~~
                VITIS_LOOP_2829_20: 
C:\Users\Burak\Desktop\TAU\HLS\PositFFT\PositFFT\PositFFT\hls\.autopilot\db\posit_lib.pp.0.cpp:43709:17: note: FIX-IT applied suggested code changes
C:\Users\Burak\Desktop\TAU\HLS\PositFFT\PositFFT\PositFFT\hls\.autopilot\db\posit_lib.pp.0.cpp:43713:17: warning: Added loop label VITIS_LOOP_2833_21:   [xilinx-label-all-loops]
                for(int j=I+30; j>=0; j--) {
                ^~~
                VITIS_LOOP_2833_21: 
C:\Users\Burak\Desktop\TAU\HLS\PositFFT\PositFFT\PositFFT\hls\.autopilot\db\posit_lib.pp.0.cpp:43713:17: note: FIX-IT applied suggested code changes
C:\Users\Burak\Desktop\TAU\HLS\PositFFT\PositFFT\PositFFT\hls\.autopilot\db\posit_lib.pp.0.cpp:43801:4: warning: Added loop label VITIS_LOOP_2921_1:   [xilinx-label-all-loops]
   for(int j = 5; j>=I_+2; j--) {
   ^~~
   VITIS_LOOP_2921_1: 
C:\Users\Burak\Desktop\TAU\HLS\PositFFT\PositFFT\PositFFT\hls\.autopilot\db\posit_lib.pp.0.cpp:43801:4: note: FIX-IT applied suggested code changes
C:\Users\Burak\Desktop\TAU\HLS\PositFFT\PositFFT\PositFFT\hls\.autopilot\db\posit_lib.pp.0.cpp:43808:5: warning: Added loop label VITIS_LOOP_2928_2:   [xilinx-label-all-loops]
    for(int j = 5; j>=I_+2; j--) {
    ^~~
    VITIS_LOOP_2928_2: 
C:\Users\Burak\Desktop\TAU\HLS\PositFFT\PositFFT\PositFFT\hls\.autopilot\db\posit_lib.pp.0.cpp:43808:5: note: FIX-IT applied suggested code changes
C:\Users\Burak\Desktop\TAU\HLS\PositFFT\PositFFT\PositFFT\hls\.autopilot\db\posit_lib.pp.0.cpp:43812:5: warning: Added loop label VITIS_LOOP_2932_3:   [xilinx-label-all-loops]
    for(int j = I_+1; j>=0; j--) {
    ^~~
    VITIS_LOOP_2932_3: 
C:\Users\Burak\Desktop\TAU\HLS\PositFFT\PositFFT\PositFFT\hls\.autopilot\db\posit_lib.pp.0.cpp:43812:5: note: FIX-IT applied suggested code changes
C:\Users\Burak\Desktop\TAU\HLS\PositFFT\PositFFT\PositFFT\hls\.autopilot\db\posit_lib.pp.0.cpp:43827:3: warning: Added loop label VITIS_LOOP_2947_4:   [xilinx-label-all-loops]
  for(int j = 11; j >=7; j--) {
  ^~~
  VITIS_LOOP_2947_4: 
C:\Users\Burak\Desktop\TAU\HLS\PositFFT\PositFFT\PositFFT\hls\.autopilot\db\posit_lib.pp.0.cpp:43827:3: note: FIX-IT applied suggested code changes
C:\Users\Burak\Desktop\TAU\HLS\PositFFT\PositFFT\PositFFT\hls\.autopilot\db\posit_lib.pp.0.cpp:43859:4: warning: Added loop label VITIS_LOOP_2979_5:   [xilinx-label-all-loops]
   for(int j = 11; j >= I_+5; j--) {
   ^~~
   VITIS_LOOP_2979_5: 
C:\Users\Burak\Desktop\TAU\HLS\PositFFT\PositFFT\PositFFT\hls\.autopilot\db\posit_lib.pp.0.cpp:43859:4: note: FIX-IT applied suggested code changes
C:\Users\Burak\Desktop\TAU\HLS\PositFFT\PositFFT\PositFFT\hls\.autopilot\db\posit_lib.pp.0.cpp:43866:5: warning: Added loop label VITIS_LOOP_2986_6:   [xilinx-label-all-loops]
    for(int j = 11; j>= I_+5; j--) {
    ^~~
    VITIS_LOOP_2986_6: 
C:\Users\Burak\Desktop\TAU\HLS\PositFFT\PositFFT\PositFFT\hls\.autopilot\db\posit_lib.pp.0.cpp:43866:5: note: FIX-IT applied suggested code changes
C:\Users\Burak\Desktop\TAU\HLS\PositFFT\PositFFT\PositFFT\hls\.autopilot\db\posit_lib.pp.0.cpp:43870:5: warning: Added loop label VITIS_LOOP_2990_7:   [xilinx-label-all-loops]
    for(int j = I_+4; j>=0; j--) {
    ^~~
    VITIS_LOOP_2990_7: 
C:\Users\Burak\Desktop\TAU\HLS\PositFFT\PositFFT\PositFFT\hls\.autopilot\db\posit_lib.pp.0.cpp:43870:5: note: FIX-IT applied suggested code changes
C:\Users\Burak\Desktop\TAU\HLS\PositFFT\PositFFT\PositFFT\hls\.autopilot\db\posit_lib.pp.0.cpp:43885:3: warning: Added loop label VITIS_LOOP_3005_8:   [xilinx-label-all-loops]
  for(int j = 25; j>=15; j--) {
  ^~~
  VITIS_LOOP_3005_8: 
C:\Users\Burak\Desktop\TAU\HLS\PositFFT\PositFFT\PositFFT\hls\.autopilot\db\posit_lib.pp.0.cpp:43885:3: note: FIX-IT applied suggested code changes
C:\Users\Burak\Desktop\TAU\HLS\PositFFT\PositFFT\PositFFT\hls\.autopilot\db\posit_lib.pp.0.cpp:43935:4: warning: Added loop label VITIS_LOOP_3055_9:   [xilinx-label-all-loops]
   for(int j = 25; j>= I_+12; j--) {
   ^~~
   VITIS_LOOP_3055_9: 
C:\Users\Burak\Desktop\TAU\HLS\PositFFT\PositFFT\PositFFT\hls\.autopilot\db\posit_lib.pp.0.cpp:43935:4: note: FIX-IT applied suggested code changes
C:\Users\Burak\Desktop\TAU\HLS\PositFFT\PositFFT\PositFFT\hls\.autopilot\db\posit_lib.pp.0.cpp:43942:5: warning: Added loop label VITIS_LOOP_3062_10:   [xilinx-label-all-loops]
    for(int j = 25; j>=I_+12; j--) {
    ^~~
    VITIS_LOOP_3062_10: 
C:\Users\Burak\Desktop\TAU\HLS\PositFFT\PositFFT\PositFFT\hls\.autopilot\db\posit_lib.pp.0.cpp:43942:5: note: FIX-IT applied suggested code changes
C:\Users\Burak\Desktop\TAU\HLS\PositFFT\PositFFT\PositFFT\hls\.autopilot\db\posit_lib.pp.0.cpp:43946:5: warning: Added loop label VITIS_LOOP_3066_11:   [xilinx-label-all-loops]
    for(int j = I_+11; j>=0; j--) {
    ^~~
    VITIS_LOOP_3066_11: 
C:\Users\Burak\Desktop\TAU\HLS\PositFFT\PositFFT\PositFFT\hls\.autopilot\db\posit_lib.pp.0.cpp:43946:5: note: FIX-IT applied suggested code changes
C:\Users\Burak\Desktop\TAU\HLS\PositFFT\PositFFT\PositFFT\hls\.autopilot\db\posit_lib.pp.0.cpp:43961:3: warning: Added loop label VITIS_LOOP_3081_12:   [xilinx-label-all-loops]
  for(int j = 51; j >= 29; j--) {
  ^~~
  VITIS_LOOP_3081_12: 
C:\Users\Burak\Desktop\TAU\HLS\PositFFT\PositFFT\PositFFT\hls\.autopilot\db\posit_lib.pp.0.cpp:43961:3: note: FIX-IT applied suggested code changes
C:\Users\Burak\Desktop\TAU\HLS\PositFFT\PositFFT\PositFFT\hls\.autopilot\db\posit_lib.pp.0.cpp:44098:4: warning: Added loop label VITIS_LOOP_3218_13:   [xilinx-label-all-loops]
   for(int j = 51; j >= 25 + I_; j--) {
   ^~~
   VITIS_LOOP_3218_13: 
C:\Users\Burak\Desktop\TAU\HLS\PositFFT\PositFFT\PositFFT\hls\.autopilot\db\posit_lib.pp.0.cpp:44098:4: note: FIX-IT applied suggested code changes
C:\Users\Burak\Desktop\TAU\HLS\PositFFT\PositFFT\PositFFT\hls\.autopilot\db\posit_lib.pp.0.cpp:44105:5: warning: Added loop label VITIS_LOOP_3225_14:   [xilinx-label-all-loops]
    for(int j = 51; j>=25 + I_; j--) {
    ^~~
    VITIS_LOOP_3225_14: 
C:\Users\Burak\Desktop\TAU\HLS\PositFFT\PositFFT\PositFFT\hls\.autopilot\db\posit_lib.pp.0.cpp:44105:5: note: FIX-IT applied suggested code changes
C:\Users\Burak\Desktop\TAU\HLS\PositFFT\PositFFT\PositFFT\hls\.autopilot\db\posit_lib.pp.0.cpp:44109:5: warning: Added loop label VITIS_LOOP_3229_15:   [xilinx-label-all-loops]
    for(int j = 24 + I_; j >= 0; j--) {
    ^~~
    VITIS_LOOP_3229_15: 
C:\Users\Burak\Desktop\TAU\HLS\PositFFT\PositFFT\PositFFT\hls\.autopilot\db\posit_lib.pp.0.cpp:44109:5: note: FIX-IT applied suggested code changes
C:\Users\Burak\Desktop\TAU\HLS\PositFFT\PositFFT\PositFFT\hls\.autopilot\db\posit_lib.pp.0.cpp:44124:3: warning: Added loop label VITIS_LOOP_3244_16:   [xilinx-label-all-loops]
  for(int j = 63; j >= 36; j--) {
  ^~~
  VITIS_LOOP_3244_16: 
C:\Users\Burak\Desktop\TAU\HLS\PositFFT\PositFFT\PositFFT\hls\.autopilot\db\posit_lib.pp.0.cpp:44124:3: note: FIX-IT applied suggested code changes
C:\Users\Burak\Desktop\TAU\HLS\PositFFT\PositFFT\PositFFT\hls\.autopilot\db\posit_lib.pp.0.cpp:44284:4: warning: Added loop label VITIS_LOOP_3404_17:   [xilinx-label-all-loops]
   for(int j = 63; j >= 31 + I_; j--) {
   ^~~
   VITIS_LOOP_3404_17: 
C:\Users\Burak\Desktop\TAU\HLS\PositFFT\PositFFT\PositFFT\hls\.autopilot\db\posit_lib.pp.0.cpp:44284:4: note: FIX-IT applied suggested code changes
C:\Users\Burak\Desktop\TAU\HLS\PositFFT\PositFFT\PositFFT\hls\.autopilot\db\posit_lib.pp.0.cpp:44291:5: warning: Added loop label VITIS_LOOP_3411_18:   [xilinx-label-all-loops]
    for(int j = 63; j >= 31 + I_; j--) {
    ^~~
    VITIS_LOOP_3411_18: 
C:\Users\Burak\Desktop\TAU\HLS\PositFFT\PositFFT\PositFFT\hls\.autopilot\db\posit_lib.pp.0.cpp:44291:5: note: FIX-IT applied suggested code changes
C:\Users\Burak\Desktop\TAU\HLS\PositFFT\PositFFT\PositFFT\hls\.autopilot\db\posit_lib.pp.0.cpp:44295:5: warning: Added loop label VITIS_LOOP_3415_19:   [xilinx-label-all-loops]
    for(int j = 30 + I_; j >= 0; j--) {
    ^~~
    VITIS_LOOP_3415_19: 
C:\Users\Burak\Desktop\TAU\HLS\PositFFT\PositFFT\PositFFT\hls\.autopilot\db\posit_lib.pp.0.cpp:44295:5: note: FIX-IT applied suggested code changes
C:\Users\Burak\Desktop\TAU\HLS\PositFFT\PositFFT\PositFFT\hls\.autopilot\db\posit_lib.pp.0.cpp:45010:13: warning: Added loop label VITIS_LOOP_703_1:   [xilinx-label-all-loops]
            for (b_exp = I_-1; b_exp >= -F_; b_exp--) {
            ^~~
            VITIS_LOOP_703_1: 
C:\Users\Burak\Desktop\TAU\HLS\PositFFT\PositFFT\PositFFT\hls\.autopilot\db\posit_lib.pp.0.cpp:45010:13: note: FIX-IT applied suggested code changes
C:\Users\Burak\Desktop\TAU\HLS\PositFFT\PositFFT\PositFFT\hls\.autopilot\db\posit_lib.pp.0.cpp:45228:13: warning: Added loop label VITIS_LOOP_921_1:   [xilinx-label-all-loops]
            for (b_exp = I_-1; b_exp >= -F_; b_exp--) {
            ^~~
            VITIS_LOOP_921_1: 
C:\Users\Burak\Desktop\TAU\HLS\PositFFT\PositFFT\PositFFT\hls\.autopilot\db\posit_lib.pp.0.cpp:45228:13: note: FIX-IT applied suggested code changes
C:\Users\Burak\Desktop\TAU\HLS\PositFFT\PositFFT\PositFFT\hls\.autopilot\db\posit_lib.pp.0.cpp:45645:13: warning: Added loop label VITIS_LOOP_1345_1:   [xilinx-label-all-loops]
            for (b_exp = I_-1; b_exp >= -F_; b_exp--) {
            ^~~
            VITIS_LOOP_1345_1: 
C:\Users\Burak\Desktop\TAU\HLS\PositFFT\PositFFT\PositFFT\hls\.autopilot\db\posit_lib.pp.0.cpp:45645:13: note: FIX-IT applied suggested code changes
C:\Users\Burak\Desktop\TAU\HLS\PositFFT\PositFFT\PositFFT\hls\.autopilot\db\posit_lib.pp.0.cpp:45965:9: warning: Added loop label VITIS_LOOP_240_1:   [xilinx-label-all-loops]
        for ( int pos = msbr-1; pos >= 0; pos-- ) {
        ^~~
        VITIS_LOOP_240_1: 
C:\Users\Burak\Desktop\TAU\HLS\PositFFT\PositFFT\PositFFT\hls\.autopilot\db\posit_lib.pp.0.cpp:45965:9: note: FIX-IT applied suggested code changes
C:\Users\Burak\Desktop\TAU\HLS\PositFFT\PositFFT\PositFFT\hls\.autopilot\db\posit_lib.pp.0.cpp:45993:9: warning: Added loop label VITIS_LOOP_268_2:   [xilinx-label-all-loops]
        for ( int pos = -1; pos >= -F_-1; pos-- ) {
        ^~~
        VITIS_LOOP_268_2: 
C:\Users\Burak\Desktop\TAU\HLS\PositFFT\PositFFT\PositFFT\hls\.autopilot\db\posit_lib.pp.0.cpp:45993:9: note: FIX-IT applied suggested code changes
C:\Users\Burak\Desktop\TAU\HLS\PositFFT\PositFFT\PositFFT\hls\.autopilot\db\posit_lib.pp.0.cpp:46695:13: warning: Added loop label VITIS_LOOP_48_1:   [xilinx-label-all-loops]
            for (int j = 0; j < W_-1; j++){
            ^~~
            VITIS_LOOP_48_1: 
C:\Users\Burak\Desktop\TAU\HLS\PositFFT\PositFFT\PositFFT\hls\.autopilot\db\posit_lib.pp.0.cpp:46695:13: note: FIX-IT applied suggested code changes
C:\Users\Burak\Desktop\TAU\HLS\PositFFT\PositFFT\PositFFT\hls\.autopilot\db\posit_lib.pp.0.cpp:46748:5: warning: Added loop label VITIS_LOOP_109_2:   [xilinx-label-all-loops]
    for (int j = F_l+F_+I_m-1; j < F_l+W_+5; j++){
    ^~~
    VITIS_LOOP_109_2: 
C:\Users\Burak\Desktop\TAU\HLS\PositFFT\PositFFT\PositFFT\hls\.autopilot\db\posit_lib.pp.0.cpp:46748:5: note: FIX-IT applied suggested code changes
C:\Users\Burak\Desktop\TAU\HLS\PositFFT\PositFFT\PositFFT\hls\.autopilot\db\posit_lib.pp.0.cpp:46762:13: warning: Added loop label VITIS_LOOP_123_3:   [xilinx-label-all-loops]
            for (int j = WO_m-1; j >= W_-1; j--) {
            ^~~
            VITIS_LOOP_123_3: 
C:\Users\Burak\Desktop\TAU\HLS\PositFFT\PositFFT\PositFFT\hls\.autopilot\db\posit_lib.pp.0.cpp:46762:13: note: FIX-IT applied suggested code changes
C:\Users\Burak\Desktop\TAU\HLS\PositFFT\PositFFT\PositFFT\hls\.autopilot\db\posit_lib.pp.0.cpp:46792:13: warning: Added loop label VITIS_LOOP_153_4:   [xilinx-label-all-loops]
            for (int j = W_-2; j >= 0; j--){
            ^~~
            VITIS_LOOP_153_4: 
C:\Users\Burak\Desktop\TAU\HLS\PositFFT\PositFFT\PositFFT\hls\.autopilot\db\posit_lib.pp.0.cpp:46792:13: note: FIX-IT applied suggested code changes
C:\Users\Burak\Desktop\TAU\HLS\PositFFT\PositFFT\PositFFT\hls\.autopilot\db\posit_lib.pp.0.cpp:46877:12: warning: Added loop label VITIS_LOOP_281_1:   [xilinx-label-all-loops]
           for(int i = wf_log+we_log-2; i > WI_e - 2; --i) {
           ^~~
           VITIS_LOOP_281_1: 
C:\Users\Burak\Desktop\TAU\HLS\PositFFT\PositFFT\PositFFT\hls\.autopilot\db\posit_lib.pp.0.cpp:46877:12: note: FIX-IT applied suggested code changes
C:\Users\Burak\Desktop\TAU\HLS\PositFFT\PositFFT\PositFFT\hls\.autopilot\db\posit_lib.pp.0.cpp:46897:16: warning: Added loop label VITIS_LOOP_301_2:   [xilinx-label-all-loops]
               for (int j = WO_e-1; j >= W_-1; j--) {
               ^~~
               VITIS_LOOP_301_2: 
C:\Users\Burak\Desktop\TAU\HLS\PositFFT\PositFFT\PositFFT\hls\.autopilot\db\posit_lib.pp.0.cpp:46897:16: note: FIX-IT applied suggested code changes
C:\Users\Burak\Desktop\TAU\HLS\PositFFT\PositFFT\PositFFT\hls\.autopilot\db\posit_lib.pp.0.cpp:46911:20: warning: Added loop label VITIS_LOOP_315_3:   [xilinx-label-all-loops]
                   for(int i = 0; i < W_-1; ++i) {
                   ^~~
                   VITIS_LOOP_315_3: 
C:\Users\Burak\Desktop\TAU\HLS\PositFFT\PositFFT\PositFFT\hls\.autopilot\db\posit_lib.pp.0.cpp:46911:20: note: FIX-IT applied suggested code changes
C:\Users\Burak\Desktop\TAU\HLS\PositFFT\PositFFT\PositFFT\hls\.autopilot\db\posit_lib.pp.0.cpp:47004:12: warning: Added loop label VITIS_LOOP_433_1:   [xilinx-label-all-loops]
           for (int j =WO_d-1; j >= W_-1; j--) {
           ^~~
           VITIS_LOOP_433_1: 
C:\Users\Burak\Desktop\TAU\HLS\PositFFT\PositFFT\PositFFT\hls\.autopilot\db\posit_lib.pp.0.cpp:47004:12: note: FIX-IT applied suggested code changes
C:\Users\Burak\Desktop\TAU\HLS\PositFFT\PositFFT\PositFFT\hls\.autopilot\db\posit_lib.pp.0.cpp:47018:15: warning: Added loop label VITIS_LOOP_447_2:   [xilinx-label-all-loops]
              for(int i = 0; i < W_-1; ++i) {
              ^~~
              VITIS_LOOP_447_2: 
C:\Users\Burak\Desktop\TAU\HLS\PositFFT\PositFFT\PositFFT\hls\.autopilot\db\posit_lib.pp.0.cpp:47018:15: note: FIX-IT applied suggested code changes
C:\Users\Burak\Desktop\TAU\HLS\PositFFT\PositFFT\PositFFT\hls\.autopilot\db\posit_lib.pp.0.cpp:47138:13: warning: Added loop label VITIS_LOOP_33_1:   [xilinx-label-all-loops]
            for (int i = 0; i < W_-1; i++){
            ^~~
            VITIS_LOOP_33_1: 
C:\Users\Burak\Desktop\TAU\HLS\PositFFT\PositFFT\PositFFT\hls\.autopilot\db\posit_lib.pp.0.cpp:47138:13: note: FIX-IT applied suggested code changes
C:\Users\Burak\Desktop\TAU\HLS\PositFFT\PositFFT\PositFFT\hls\.autopilot\db\posit_lib.pp.0.cpp:47262:13: warning: Added loop label VITIS_LOOP_183_1:   [xilinx-label-all-loops]
            for (int i = 0; i < W_-1; i++){
            ^~~
            VITIS_LOOP_183_1: 
C:\Users\Burak\Desktop\TAU\HLS\PositFFT\PositFFT\PositFFT\hls\.autopilot\db\posit_lib.pp.0.cpp:47262:13: note: FIX-IT applied suggested code changes
C:\Users\Burak\Desktop\TAU\HLS\PositFFT\PositFFT\PositFFT\hls\.autopilot\db\posit_lib.pp.0.cpp:47317:13: warning: Added loop label VITIS_LOOP_248_1:   [xilinx-label-all-loops]
            for (int i = 0; i < W_-1; i++){
            ^~~
            VITIS_LOOP_248_1: 
C:\Users\Burak\Desktop\TAU\HLS\PositFFT\PositFFT\PositFFT\hls\.autopilot\db\posit_lib.pp.0.cpp:47317:13: note: FIX-IT applied suggested code changes
C:\Users\Burak\Desktop\TAU\HLS\PositFFT\PositFFT\PositFFT\hls\.autopilot\db\posit_lib.pp.0.cpp:47836:2: warning: Added loop label VITIS_LOOP_16_1:   [xilinx-label-all-loops]
 for (int i=0; i<W_;i++)
 ^~~
 VITIS_LOOP_16_1: 
C:\Users\Burak\Desktop\TAU\HLS\PositFFT\PositFFT\PositFFT\hls\.autopilot\db\posit_lib.pp.0.cpp:47836:2: note: FIX-IT applied suggested code changes
C:\Users\Burak\Desktop\TAU\HLS\PositFFT\PositFFT\PositFFT\hls\.autopilot\db\posit_lib.pp.0.cpp:47847:2: warning: Added loop label VITIS_LOOP_27_1:   [xilinx-label-all-loops]
 for (int i=0; i<W_;i++)
 ^~~
 VITIS_LOOP_27_1: 
C:\Users\Burak\Desktop\TAU\HLS\PositFFT\PositFFT\PositFFT\hls\.autopilot\db\posit_lib.pp.0.cpp:47847:2: note: FIX-IT applied suggested code changes
C:\Users\Burak\Desktop\TAU\HLS\PositFFT\PositFFT\PositFFT\hls\.autopilot\db\posit_lib.pp.0.cpp:47858:2: warning: Added loop label VITIS_LOOP_38_1:   [xilinx-label-all-loops]
 for (int i=0; i<I_;i++)
 ^~~
 VITIS_LOOP_38_1: 
C:\Users\Burak\Desktop\TAU\HLS\PositFFT\PositFFT\PositFFT\hls\.autopilot\db\posit_lib.pp.0.cpp:47858:2: note: FIX-IT applied suggested code changes
C:\Users\Burak\Desktop\TAU\HLS\PositFFT\PositFFT\PositFFT\hls\.autopilot\db\posit_lib.pp.0.cpp:47869:2: warning: Added loop label VITIS_LOOP_49_1:   [xilinx-label-all-loops]
 for (int i=0; i<I_;i++)
 ^~~
 VITIS_LOOP_49_1: 
C:\Users\Burak\Desktop\TAU\HLS\PositFFT\PositFFT\PositFFT\hls\.autopilot\db\posit_lib.pp.0.cpp:47869:2: note: FIX-IT applied suggested code changes
C:\Users\Burak\Desktop\TAU\HLS\PositFFT\PositFFT\PositFFT\hls\.autopilot\db\posit_lib.pp.0.cpp:47880:2: warning: Added loop label VITIS_LOOP_60_1:   [xilinx-label-all-loops]
 for (int i=0; i<W_;i++)
 ^~~
 VITIS_LOOP_60_1: 
C:\Users\Burak\Desktop\TAU\HLS\PositFFT\PositFFT\PositFFT\hls\.autopilot\db\posit_lib.pp.0.cpp:47880:2: note: FIX-IT applied suggested code changes
C:\Users\Burak\Desktop\TAU\HLS\PositFFT\PositFFT\PositFFT\hls\.autopilot\db\posit_lib.pp.0.cpp:47891:2: warning: Added loop label VITIS_LOOP_71_1:   [xilinx-label-all-loops]
 for (int i=0; i<W_;i++)
 ^~~
 VITIS_LOOP_71_1: 
C:\Users\Burak\Desktop\TAU\HLS\PositFFT\PositFFT\PositFFT\hls\.autopilot\db\posit_lib.pp.0.cpp:47891:2: note: FIX-IT applied suggested code changes
C:\Users\Burak\Desktop\TAU\HLS\PositFFT\PositFFT\PositFFT\hls\.autopilot\db\posit_lib.pp.0.cpp:47902:2: warning: Added loop label VITIS_LOOP_82_1:   [xilinx-label-all-loops]
 for (int i=0; i<I_;i++)
 ^~~
 VITIS_LOOP_82_1: 
C:\Users\Burak\Desktop\TAU\HLS\PositFFT\PositFFT\PositFFT\hls\.autopilot\db\posit_lib.pp.0.cpp:47902:2: note: FIX-IT applied suggested code changes
C:\Users\Burak\Desktop\TAU\HLS\PositFFT\PositFFT\PositFFT\hls\.autopilot\db\posit_lib.pp.0.cpp:47913:2: warning: Added loop label VITIS_LOOP_93_1:   [xilinx-label-all-loops]
 for (int i=0; i<I_;i++)
 ^~~
 VITIS_LOOP_93_1: 
C:\Users\Burak\Desktop\TAU\HLS\PositFFT\PositFFT\PositFFT\hls\.autopilot\db\posit_lib.pp.0.cpp:47913:2: note: FIX-IT applied suggested code changes
C:\Users\Burak\Desktop\TAU\HLS\PositFFT\PositFFT\PositFFT\hls\.autopilot\db\posit_lib.pp.0.cpp:50273:12: warning: Added loop label VITIS_LOOP_26_1:   [xilinx-label-all-loops]
           for(int i = 0; i < W_-1; ++i) {
           ^~~
           VITIS_LOOP_26_1: 
C:\Users\Burak\Desktop\TAU\HLS\PositFFT\PositFFT\PositFFT\hls\.autopilot\db\posit_lib.pp.0.cpp:50273:12: note: FIX-IT applied suggested code changes
C:\Users\Burak\Desktop\TAU\HLS\PositFFT\PositFFT\PositFFT\hls\.autopilot\db\posit_lib.pp.0.cpp:50337:7: warning: Added loop label VITIS_LOOP_40_1:   [xilinx-label-all-loops]
      for(int pos = msbr - 1 ; pos >= -F-1; pos--) {
      ^~~
      VITIS_LOOP_40_1: 
C:\Users\Burak\Desktop\TAU\HLS\PositFFT\PositFFT\PositFFT\hls\.autopilot\db\posit_lib.pp.0.cpp:50337:7: note: FIX-IT applied suggested code changes
C:\Users\Burak\Desktop\TAU\HLS\PositFFT\PositFFT\PositFFT\hls\.autopilot\db\posit_lib.pp.0.cpp:50454:9: warning: Added loop label VITIS_LOOP_49_1:   [xilinx-label-all-loops]
        for(int pos = msbr - 1; pos >= 0; pos--) {
        ^~~
        VITIS_LOOP_49_1: 
C:\Users\Burak\Desktop\TAU\HLS\PositFFT\PositFFT\PositFFT\hls\.autopilot\db\posit_lib.pp.0.cpp:50454:9: note: FIX-IT applied suggested code changes
C:\Users\Burak\Desktop\TAU\HLS\PositFFT\PositFFT\PositFFT\hls\.autopilot\db\posit_lib.pp.0.cpp:50479:5: warning: Added loop label VITIS_LOOP_81_2:   [xilinx-label-all-loops]
    for(int pos = -1; pos >= -F-1; pos--) {
    ^~~
    VITIS_LOOP_81_2: 
C:\Users\Burak\Desktop\TAU\HLS\PositFFT\PositFFT\PositFFT\hls\.autopilot\db\posit_lib.pp.0.cpp:50479:5: note: FIX-IT applied suggested code changes
C:\Users\Burak\Desktop\TAU\HLS\PositFFT\PositFFT\PositFFT\hls\.autopilot\db\posit_lib.pp.0.cpp:50549:8: warning: Added loop label VITIS_LOOP_169_3:   [xilinx-label-all-loops]
       for(int i = 0; i < W - 1; ++i) {
       ^~~
       VITIS_LOOP_169_3: 
C:\Users\Burak\Desktop\TAU\HLS\PositFFT\PositFFT\PositFFT\hls\.autopilot\db\posit_lib.pp.0.cpp:50549:8: note: FIX-IT applied suggested code changes
C:\Users\Burak\Desktop\TAU\HLS\PositFFT\PositFFT\PositFFT\hls\.autopilot\db\posit_lib.pp.0.cpp:57041:5: warning: Added loop label VITIS_LOOP_48_1:   [xilinx-label-all-loops]
    for(int i=in.width-1;i>=0;i-- ){
    ^~~
    VITIS_LOOP_48_1: 
C:\Users\Burak\Desktop\TAU\HLS\PositFFT\PositFFT\PositFFT\hls\.autopilot\db\posit_lib.pp.0.cpp:57041:5: note: FIX-IT applied suggested code changes
C:\Users\Burak\Desktop\TAU\HLS\PositFFT\PositFFT\PositFFT\hls\.autopilot\db\posit_lib.pp.0.cpp:57052:5: warning: Added loop label VITIS_LOOP_59_1:   [xilinx-label-all-loops]
    for(int i=in.width-1;i>=0;i-- ){
    ^~~
    VITIS_LOOP_59_1: 
C:\Users\Burak\Desktop\TAU\HLS\PositFFT\PositFFT\PositFFT\hls\.autopilot\db\posit_lib.pp.0.cpp:57052:5: note: FIX-IT applied suggested code changes
C:\Users\Burak\Desktop\TAU\HLS\PositFFT\PositFFT\PositFFT\hls\.autopilot\db\posit_lib.pp.0.cpp:57063:5: warning: Added loop label VITIS_LOOP_70_1:   [xilinx-label-all-loops]
    for(int i=in.width-1;i>=0;i-- ){
    ^~~
    VITIS_LOOP_70_1: 
C:\Users\Burak\Desktop\TAU\HLS\PositFFT\PositFFT\PositFFT\hls\.autopilot\db\posit_lib.pp.0.cpp:57063:5: note: FIX-IT applied suggested code changes
C:\Users\Burak\Desktop\TAU\HLS\PositFFT\PositFFT\PositFFT\hls\.autopilot\db\posit_lib.pp.0.cpp:57992:5: warning: Added loop label VITIS_LOOP_1214_1:   [xilinx-label-all-loops]
    for (int n = 0; n < sampleCount; n++) {
    ^~~
    VITIS_LOOP_1214_1: 
C:\Users\Burak\Desktop\TAU\HLS\PositFFT\PositFFT\PositFFT\hls\.autopilot\db\posit_lib.pp.0.cpp:57992:5: note: FIX-IT applied suggested code changes
C:\Users\Burak\Desktop\TAU\HLS\PositFFT\PositFFT\PositFFT\hls\.autopilot\db\posit_lib.pp.0.cpp:58011:5: warning: Added loop label VITIS_LOOP_1233_1:   [xilinx-label-all-loops]
    for (int n = 0; n < sampleCount; n++) {
    ^~~
    VITIS_LOOP_1233_1: 
C:\Users\Burak\Desktop\TAU\HLS\PositFFT\PositFFT\PositFFT\hls\.autopilot\db\posit_lib.pp.0.cpp:58011:5: note: FIX-IT applied suggested code changes
C:\Users\Burak\Desktop\TAU\HLS\PositFFT\PositFFT\PositFFT\hls\.autopilot\db\posit_lib.pp.0.cpp:58030:5: warning: Added loop label VITIS_LOOP_1252_1:   [xilinx-label-all-loops]
    for (int n = 0; n < sampleCount; n++) {
    ^~~
    VITIS_LOOP_1252_1: 
C:\Users\Burak\Desktop\TAU\HLS\PositFFT\PositFFT\PositFFT\hls\.autopilot\db\posit_lib.pp.0.cpp:58030:5: note: FIX-IT applied suggested code changes
C:\Users\Burak\Desktop\TAU\HLS\PositFFT\PositFFT\PositFFT\hls\.autopilot\db\posit_lib.pp.0.cpp:58051:5: warning: Added loop label VITIS_LOOP_1273_1:   [xilinx-label-all-loops]
    for (int k = 0; k < sampleCount; k++) {
    ^~~
    VITIS_LOOP_1273_1: 
C:\Users\Burak\Desktop\TAU\HLS\PositFFT\PositFFT\PositFFT\hls\.autopilot\db\posit_lib.pp.0.cpp:58051:5: note: FIX-IT applied suggested code changes
C:\Users\Burak\Desktop\TAU\HLS\PositFFT\PositFFT\PositFFT\hls\.autopilot\db\posit_lib.pp.0.cpp:58077:5: warning: Added loop label VITIS_LOOP_1295_1:   [xilinx-label-all-loops]
    for (int k = 0; k < sampleCount; k++) {
    ^~~
    VITIS_LOOP_1295_1: 
C:\Users\Burak\Desktop\TAU\HLS\PositFFT\PositFFT\PositFFT\hls\.autopilot\db\posit_lib.pp.0.cpp:58077:5: note: FIX-IT applied suggested code changes
C:\Users\Burak\Desktop\TAU\HLS\PositFFT\PositFFT\PositFFT\hls\.autopilot\db\posit_lib.pp.0.cpp:58095:5: warning: Added loop label VITIS_LOOP_1313_1:   [xilinx-label-all-loops]
    for (int k = 0; k < sampleCount; k++) {
    ^~~
    VITIS_LOOP_1313_1: 
C:\Users\Burak\Desktop\TAU\HLS\PositFFT\PositFFT\PositFFT\hls\.autopilot\db\posit_lib.pp.0.cpp:58095:5: note: FIX-IT applied suggested code changes
C:\Users\Burak\Desktop\TAU\HLS\PositFFT\PositFFT\PositFFT\hls\.autopilot\db\posit_lib.pp.0.cpp:58116:5: warning: Added loop label VITIS_LOOP_1334_1:   [xilinx-label-all-loops]
    for (int n = 0; n < sampleCount; n++) {
    ^~~
    VITIS_LOOP_1334_1: 
C:\Users\Burak\Desktop\TAU\HLS\PositFFT\PositFFT\PositFFT\hls\.autopilot\db\posit_lib.pp.0.cpp:58116:5: note: FIX-IT applied suggested code changes
C:\Users\Burak\Desktop\TAU\HLS\PositFFT\PositFFT\PositFFT\hls\.autopilot\db\posit_lib.pp.0.cpp:58130:5: warning: Added loop label VITIS_LOOP_1348_1:   [xilinx-label-all-loops]
    for (int k = 0; k < sampleCount; k++) {
    ^~~
    VITIS_LOOP_1348_1: 
C:\Users\Burak\Desktop\TAU\HLS\PositFFT\PositFFT\PositFFT\hls\.autopilot\db\posit_lib.pp.0.cpp:58130:5: note: FIX-IT applied suggested code changes
C:\Users\Burak\Desktop\TAU\HLS\PositFFT\PositFFT\PositFFT\hls\.autopilot\db\posit_lib.pp.0.cpp:58148:5: warning: Added loop label VITIS_LOOP_1366_1:   [xilinx-label-all-loops]
    for (int n = 0; n < sampleCount; n++) {
    ^~~
    VITIS_LOOP_1366_1: 
C:\Users\Burak\Desktop\TAU\HLS\PositFFT\PositFFT\PositFFT\hls\.autopilot\db\posit_lib.pp.0.cpp:58148:5: note: FIX-IT applied suggested code changes
C:\Users\Burak\Desktop\TAU\HLS\PositFFT\PositFFT\PositFFT\hls\.autopilot\db\posit_lib.pp.0.cpp:58162:5: warning: Added loop label VITIS_LOOP_1380_1:   [xilinx-label-all-loops]
    for (int k = 0; k < sampleCount; k++) {
    ^~~
    VITIS_LOOP_1380_1: 
C:\Users\Burak\Desktop\TAU\HLS\PositFFT\PositFFT\PositFFT\hls\.autopilot\db\posit_lib.pp.0.cpp:58162:5: note: FIX-IT applied suggested code changes
C:\Users\Burak\Desktop\TAU\HLS\PositFFT\PositFFT\PositFFT\hls\.autopilot\db\posit_lib.pp.0.cpp:58179:5: warning: Added loop label VITIS_LOOP_1397_1:   [xilinx-label-all-loops]
    for (int n = 0; n < sampleCount; n++) {
    ^~~
    VITIS_LOOP_1397_1: 
C:\Users\Burak\Desktop\TAU\HLS\PositFFT\PositFFT\PositFFT\hls\.autopilot\db\posit_lib.pp.0.cpp:58179:5: note: FIX-IT applied suggested code changes
C:\Users\Burak\Desktop\TAU\HLS\PositFFT\PositFFT\PositFFT\hls\.autopilot\db\posit_lib.pp.0.cpp:58194:5: warning: Added loop label VITIS_LOOP_1412_1:   [xilinx-label-all-loops]
    for (int k = 0; k < sampleCount; k++) {
    ^~~
    VITIS_LOOP_1412_1: 
C:\Users\Burak\Desktop\TAU\HLS\PositFFT\PositFFT\PositFFT\hls\.autopilot\db\posit_lib.pp.0.cpp:58194:5: note: FIX-IT applied suggested code changes
