

================================================================
== Vitis HLS Report for 'pAccumulateFC'
================================================================
* Date:           Tue Apr  8 14:33:15 2025

* Version:        2024.2 (Build 5238294 on Nov  8 2024)
* Project:        PositFFT
* Solution:       hls (Vivado IP Flow Target)
* Product family: azynquplus
* Target device:  xazu7ev-fbvb900-1-i


================================================================
== Performance Estimates
================================================================
+ Timing: 
    * Summary: 
    +--------+----------+----------+------------+
    |  Clock |  Target  | Estimated| Uncertainty|
    +--------+----------+----------+------------+
    |ap_clk  |  10.00 ns|  7.723 ns|     2.70 ns|
    +--------+----------+----------+------------+

+ Latency: 
    * Summary: 
    +---------+---------+----------+----------+-----+-----+---------+
    |  Latency (cycles) |  Latency (absolute) |  Interval | Pipeline|
    |   min   |   max   |    min   |    max   | min | max |   Type  |
    +---------+---------+----------+----------+-----+-----+---------+
    |      590|      649|  5.900 us|  6.490 us|  590|  649|       no|
    +---------+---------+----------+----------+-----+-----+---------+

    + Detail: 
        * Instance: 
        +-----------------------------------------------------+------------------------------------------+---------+---------+-----------+----------+-----+-----+------------------------------------------------+
        |                                                     |                                          |  Latency (cycles) |  Latency (absolute)  |  Interval |                    Pipeline                    |
        |                       Instance                      |                  Module                  |   min   |   max   |    min    |    max   | min | max |                      Type                      |
        +-----------------------------------------------------+------------------------------------------+---------+---------+-----------+----------+-----+-----+------------------------------------------------+
        |grp_double2posit_fu_120                              |double2posit                              |        2|       61|  20.000 ns|  0.610 us|    2|   61|                                              no|
        |grp_pAccumulateFC_Pipeline_VITIS_LOOP_1345_1_fu_155  |pAccumulateFC_Pipeline_VITIS_LOOP_1345_1  |      569|      569|   5.690 us|  5.690 us|  520|  520|  loop auto-rewind stp (delay=0 clock cycles(s))|
        +-----------------------------------------------------+------------------------------------------+---------+---------+-----------+----------+-----+-----+------------------------------------------------+

        * Loop: 
        N/A



================================================================
== Utilization Estimates
================================================================
* Summary: 
+-----------------+---------+------+--------+--------+-----+
|       Name      | BRAM_18K|  DSP |   FF   |   LUT  | URAM|
+-----------------+---------+------+--------+--------+-----+
|DSP              |        -|     -|       -|       -|    -|
|Expression       |        -|     -|       0|      14|    -|
|FIFO             |        -|     -|       -|       -|    -|
|Instance         |       32|   123|   34038|   45010|    -|
|Memory           |        -|     -|       -|       -|    -|
|Multiplexer      |        -|     -|       0|     155|    -|
|Register         |        -|     -|     227|       -|    -|
+-----------------+---------+------+--------+--------+-----+
|Total            |       32|   123|   34265|   45179|    0|
+-----------------+---------+------+--------+--------+-----+
|Available        |      624|  1728|  460800|  230400|   96|
+-----------------+---------+------+--------+--------+-----+
|Utilization (%)  |        5|     7|       7|      19|    0|
+-----------------+---------+------+--------+--------+-----+

+ Detail: 
    * Instance: 
    +-----------------------------------------------------+------------------------------------------+---------+----+-------+-------+-----+
    |                       Instance                      |                  Module                  | BRAM_18K| DSP|   FF  |  LUT  | URAM|
    +-----------------------------------------------------+------------------------------------------+---------+----+-------+-------+-----+
    |dmul_64ns_64ns_64_6_max_dsp_1_U135                   |dmul_64ns_64ns_64_6_max_dsp_1             |        0|  11|    317|    208|    0|
    |grp_double2posit_fu_120                              |double2posit                              |       32|  72|   5937|  16041|    0|
    |grp_pAccumulateFC_Pipeline_VITIS_LOOP_1345_1_fu_155  |pAccumulateFC_Pipeline_VITIS_LOOP_1345_1  |        0|  40|  27784|  28761|    0|
    |sitodp_32ns_64_4_no_dsp_1_U136                       |sitodp_32ns_64_4_no_dsp_1                 |        0|   0|      0|      0|    0|
    +-----------------------------------------------------+------------------------------------------+---------+----+-------+-------+-----+
    |Total                                                |                                          |       32| 123|  34038|  45010|    0|
    +-----------------------------------------------------+------------------------------------------+---------+----+-------+-------+-----+

    * DSP: 
    N/A

    * Memory: 
    N/A

    * FIFO: 
    N/A

    * Expression: 
    +----------------------+----------+----+---+----+------------+------------+
    |     Variable Name    | Operation| DSP| FF| LUT| Bitwidth P0| Bitwidth P1|
    +----------------------+----------+----+---+----+------------+------------+
    |add_i321_i_fu_268_p2  |         +|   0|  0|  14|           7|           7|
    +----------------------+----------+----+---+----+------------+------------+
    |Total                 |          |   0|  0|  14|           7|           7|
    +----------------------+----------+----+---+----+------------+------------+

    * Multiplexer: 
    +---------------+-----+-----------+-----+-----------+
    |      Name     | LUT | Input Size| Bits| Total Bits|
    +---------------+-----+-----------+-----+-----------+
    |ap_NS_fsm      |  106|         21|    1|         21|
    |grp_fu_177_ce  |    9|          2|    1|          2|
    |grp_fu_177_p0  |   20|          4|   64|        256|
    |grp_fu_177_p1  |   20|          4|   64|        256|
    +---------------+-----+-----------+-----+-----------+
    |Total          |  155|         31|  130|        535|
    +---------------+-----+-----------+-----+-----------+

    * Register: 
    +------------------------------------------------------------------+----+----+-----+-----------+
    |                               Name                               | FF | LUT| Bits| Const Bits|
    +------------------------------------------------------------------+----+----+-----+-----------+
    |add_i321_i_reg_470                                                |   7|   0|    7|          0|
    |ap_CS_fsm                                                         |  20|   0|   20|          0|
    |conv_reg_430                                                      |  64|   0|   64|          0|
    |deltaTheta_isZero_reg_440                                         |   1|   0|    1|          0|
    |deltaTheta_mantissa_reg_450                                       |  30|   0|   30|          0|
    |deltaTheta_regime_reg_445                                         |   6|   0|    6|          0|
    |deltaTheta_sign_reg_435                                           |   1|   0|    1|          0|
    |empty_reg_455                                                     |   1|   0|    1|          0|
    |grp_double2posit_fu_120_ap_start_reg                              |   1|   0|    1|          0|
    |grp_pAccumulateFC_Pipeline_VITIS_LOOP_1345_1_fu_155_ap_start_reg  |   1|   0|    1|          0|
    |reg_186                                                           |  64|   0|   64|          0|
    |tmp_reg_460                                                       |   1|   0|    1|          0|
    |x_mantissa_6_reg_465                                              |  30|   0|   30|          0|
    +------------------------------------------------------------------+----+----+-----+-----------+
    |Total                                                             | 227|   0|  227|          0|
    +------------------------------------------------------------------+----+----+-----+-----------+



================================================================
== Interface
================================================================
* Summary: 
+-------------+-----+-----+------------+---------------+--------------+
|  RTL Ports  | Dir | Bits|  Protocol  | Source Object |    C Type    |
+-------------+-----+-----+------------+---------------+--------------+
|ap_clk       |   in|    1|  ap_ctrl_hs|  pAccumulateFC|  return value|
|ap_rst       |   in|    1|  ap_ctrl_hs|  pAccumulateFC|  return value|
|ap_start     |   in|    1|  ap_ctrl_hs|  pAccumulateFC|  return value|
|ap_done      |  out|    1|  ap_ctrl_hs|  pAccumulateFC|  return value|
|ap_idle      |  out|    1|  ap_ctrl_hs|  pAccumulateFC|  return value|
|ap_ready     |  out|    1|  ap_ctrl_hs|  pAccumulateFC|  return value|
|ap_return_0  |  out|    1|  ap_ctrl_hs|  pAccumulateFC|  return value|
|ap_return_1  |  out|    1|  ap_ctrl_hs|  pAccumulateFC|  return value|
|ap_return_2  |  out|    6|  ap_ctrl_hs|  pAccumulateFC|  return value|
|ap_return_3  |  out|    1|  ap_ctrl_hs|  pAccumulateFC|  return value|
|ap_return_4  |  out|   30|  ap_ctrl_hs|  pAccumulateFC|  return value|
|ap_return_5  |  out|    1|  ap_ctrl_hs|  pAccumulateFC|  return value|
|ap_return_6  |  out|    1|  ap_ctrl_hs|  pAccumulateFC|  return value|
|ap_return_7  |  out|    6|  ap_ctrl_hs|  pAccumulateFC|  return value|
|ap_return_8  |  out|    1|  ap_ctrl_hs|  pAccumulateFC|  return value|
|ap_return_9  |  out|   30|  ap_ctrl_hs|  pAccumulateFC|  return value|
|k            |   in|    6|     ap_none|              k|        scalar|
|p_read       |   in|   40|     ap_none|         p_read|        scalar|
+-------------+-----+-----+------------+---------------+--------------+

