

================================================================
== Vitis HLS Report for 'positMul'
================================================================
* Date:           Tue Apr  8 14:33:13 2025

* Version:        2024.2 (Build 5238294 on Nov  8 2024)
* Project:        PositFFT
* Solution:       hls (Vivado IP Flow Target)
* Product family: azynquplus
* Target device:  xazu7ev-fbvb900-1-i


================================================================
== Performance Estimates
================================================================
+ Timing: 
    * Summary: 
    +--------+----------+----------+------------+
    |  Clock |  Target  | Estimated| Uncertainty|
    +--------+----------+----------+------------+
    |ap_clk  |  10.00 ns|  5.528 ns|     2.70 ns|
    +--------+----------+----------+------------+

+ Latency: 
    * Summary: 
    +---------+---------+----------+----------+-----+-----+---------+
    |  Latency (cycles) |  Latency (absolute) |  Interval | Pipeline|
    |   min   |   max   |    min   |    max   | min | max |   Type  |
    +---------+---------+----------+----------+-----+-----+---------+
    |        0|        0|      0 ns|      0 ns|    1|    1|      yes|
    +---------+---------+----------+----------+-----+-----+---------+

    + Detail: 
        * Instance: 
        N/A

        * Loop: 
        N/A



================================================================
== Utilization Estimates
================================================================
* Summary: 
+-----------------+---------+------+--------+--------+-----+
|       Name      | BRAM_18K|  DSP |   FF   |   LUT  | URAM|
+-----------------+---------+------+--------+--------+-----+
|DSP              |        -|     -|       -|       -|    -|
|Expression       |        -|     -|       0|     219|    -|
|FIFO             |        -|     -|       -|       -|    -|
|Instance         |        -|     4|       0|      24|    -|
|Memory           |        -|     -|       -|       -|    -|
|Multiplexer      |        -|     -|       -|       -|    -|
|Register         |        -|     -|       -|       -|    -|
+-----------------+---------+------+--------+--------+-----+
|Total            |        0|     4|       0|     243|    0|
+-----------------+---------+------+--------+--------+-----+
|Available        |      624|  1728|  460800|  230400|   96|
+-----------------+---------+------+--------+--------+-----+
|Utilization (%)  |        0|    ~0|       0|      ~0|    0|
+-----------------+---------+------+--------+--------+-----+

+ Detail: 
    * Instance: 
    +---------------------------+----------------------+---------+----+---+----+-----+
    |          Instance         |        Module        | BRAM_18K| DSP| FF| LUT| URAM|
    +---------------------------+----------------------+---------+----+---+----+-----+
    |mul_30ns_30ns_60_1_1_U105  |mul_30ns_30ns_60_1_1  |        0|   4|  0|  24|    0|
    +---------------------------+----------------------+---------+----+---+----+-----+
    |Total                      |                      |        0|   4|  0|  24|    0|
    +---------------------------+----------------------+---------+----+---+----+-----+

    * DSP: 
    N/A

    * Memory: 
    N/A

    * FIFO: 
    N/A

    * Expression: 
    +--------------------------+----------+----+---+----+------------+------------+
    |       Variable Name      | Operation| DSP| FF| LUT| Bitwidth P0| Bitwidth P1|
    +--------------------------+----------+----+---+----+------------+------------+
    |add_ln757_1_fu_168_p2     |         +|   0|  0|   9|           2|           2|
    |add_ln757_fu_162_p2       |         +|   0|  0|  16|           7|           7|
    |sf_r_1_fu_210_p2          |         +|   0|  0|  13|           6|           1|
    |sf_r_fu_178_p2            |         +|   0|  0|  16|           7|           7|
    |sign_2_fu_326_p2          |       and|   0|  0|   2|           1|           1|
    |icmp_ln771_fu_196_p2      |      icmp|   0|  0|  10|           2|           3|
    |icmp_ln803_fu_256_p2      |      icmp|   0|  0|  13|           6|           5|
    |icmp_ln804_fu_262_p2      |      icmp|   0|  0|  13|           6|           6|
    |isZero_fu_140_p2          |        or|   0|  0|   2|           1|           1|
    |or_ln820_1_fu_306_p2      |        or|   0|  0|   2|           1|           1|
    |or_ln820_fu_284_p2        |        or|   0|  0|   2|           1|           1|
    |mantissa_2_fu_240_p3      |    select|   0|  0|  29|           1|          30|
    |mantissa_4_fu_312_p3      |    select|   0|  0|  29|           1|          30|
    |regime_1_fu_248_p3        |    select|   0|  0|   6|           1|           6|
    |regime_fu_290_p3          |    select|   0|  0|   6|           1|           6|
    |select_ln804_fu_268_p3    |    select|   0|  0|   6|           1|           6|
    |select_ln820_2_fu_298_p3  |    select|   0|  0|  30|           1|           1|
    |select_ln820_fu_276_p3    |    select|   0|  0|   5|           1|           1|
    |sf_r_3_fu_232_p3          |    select|   0|  0|   6|           1|           6|
    |sign_fu_134_p2            |       xor|   0|  0|   2|           1|           1|
    |xor_ln820_fu_320_p2       |       xor|   0|  0|   2|           1|           2|
    +--------------------------+----------+----+---+----+------------+------------+
    |Total                     |          |   0|  0| 219|          50|         124|
    +--------------------------+----------+----+---+----+------------+------------+

    * Multiplexer: 
    N/A

    * Register: 
    N/A



================================================================
== Interface
================================================================
* Summary: 
+-------------+-----+-----+------------+--------------+--------------+
|  RTL Ports  | Dir | Bits|  Protocol  | Source Object|    C Type    |
+-------------+-----+-----+------------+--------------+--------------+
|ap_ready     |  out|    1|  ap_ctrl_hs|      positMul|  return value|
|ap_return_0  |  out|    1|  ap_ctrl_hs|      positMul|  return value|
|ap_return_1  |  out|    1|  ap_ctrl_hs|      positMul|  return value|
|ap_return_2  |  out|    6|  ap_ctrl_hs|      positMul|  return value|
|ap_return_3  |  out|   30|  ap_ctrl_hs|      positMul|  return value|
|ap_rst       |   in|    1|  ap_ctrl_hs|      positMul|  return value|
|x_sign       |   in|    1|     ap_none|        x_sign|        scalar|
|x_isZero     |   in|    1|     ap_none|      x_isZero|        scalar|
|x_regime1    |   in|    6|     ap_none|     x_regime1|        scalar|
|x_exponent2  |   in|    1|     ap_none|   x_exponent2|        scalar|
|x_mantissa   |   in|   30|     ap_none|    x_mantissa|        scalar|
|y_sign       |   in|    1|     ap_none|        y_sign|        scalar|
|y_isZero     |   in|    1|     ap_none|      y_isZero|        scalar|
|y_regime1    |   in|    6|     ap_none|     y_regime1|        scalar|
|y_exponent2  |   in|    1|     ap_none|   y_exponent2|        scalar|
|y_mantissa3  |   in|   30|     ap_none|   y_mantissa3|        scalar|
+-------------+-----+-----+------------+--------------+--------------+

