INFO: [SIM 2] *************** CSIM start ***************
INFO: [SIM 4] CSIM will launch CLANG as the compiler.
   Compiling ../../../../posit_fft_test.cpp in debug mode
   Compiling ../../../../posit_lib.cpp in debug mode
   Generating csim.exe
double PI: 3.14062
ONE: 1
mONE: -1
POSIT_PI_OVER2: 1.57031
PI: 3.14062
2PI: 6.28125
POSIT_M_PI_OVER2: -1.57031
POSIT_M_PI: -3.14062
POSIT_M_2PI: -6.28125
ZERO+mONE: -1
(ZERO+mONE)+mONE: -2
------------------------
positMod: -1.63513
doubleMod: -1.63513
------------------------
positCos: -0.0159082
doubleCos: -0.0159082
floatCos: -0.0159081
Before Load
Loaded 512 values into arrays
After Load
----------SIN--------------
----------COS--------------
----------FFT--------------
Calculating double results...
0
200
400
Calculating float results...
0
200
400
Calculating posit results...
Writing results in files...
Computing double IFFT...
Writing IFFT results to file...
Computing float IFFT...
Computing posit IFFT...
----------------SNR RESULTS K Factor-------------------------
SNR k factor Calculation: inf dB
----------------SNR RESULTS MOD-------------------------
SNR Before Calculation: 182.718 dB
SNR Mod Calculation: 150.343 dB
----------------SNR RESULTS INPUT-------------------------
SNR (Posit Reconstruction): 174.959 dB
SNR (Float Conversion): 152.724 dB
----------------SNR RESULTS SIN-------------------------
SNR (Posit Reconstruction): inf dB
SNR (Float Conversion): inf dB
----------------SNR RESULTS COS-------------------------
SNR (Posit Reconstruction): inf dB
SNR (Float Conversion): inf dB
----------------SNR RESULTS FFT-------------------------
SNR (Posit Reconstruction): 156.243 dB
SNR (Float Conversion): 22.318 dB
----------------SNR RESULTS IFFT-------------------------
SNR (Posit Reconstruction): 156.772 dB
SNR (Float Conversion): 41.6781 dB
----------------SNR RESULTS IFFT WRT ORIG-----------------
SNR (Posit Reconstruction): 16.6094 dB
SNR (Float Conversion): 16.5571 dB
SNR (Double Conversion): 16.6094 dB
----------------SNR RESULTS ANG-------------------------
SNR Before Calculation: inf dB
SNR Before Calculation Float: 108.217 dB
----------------SNR RESULTS RP-------------------------
SNR Before Calculation: 185.449 dB
SNR Before Calculation Float: 24.6757 dB
----------------SNR RESULTS IMG-------------------------
SNR Before Calculation: 177.402 dB
SNR Before Calculation Float: 47.5313 dB
----------------SNR RESULTS DTH-------------------------
SNR Before Calculation: inf dB
SNR Before Calculation Float: inf dB
----------------SNR RESULTS MOD-------------------------
SNR Before Calculation: 182.718 dB
SNR Mod Calculation: 150.343 dB
Processing complete.
INFO: [SIM 1] CSim done with 0 errors.
INFO: [SIM 3] *************** CSIM finish ***************
